<?xml version="1.0" encoding="UTF-8"?>
<testsuite name="webAppProject.webAppProjectTests" tests="0" skipped="0" failures="0" errors="0" timestamp="1970-01-01T00:00:00" hostname="spc43" time="0.0">
  <properties/>
  <system-out><![CDATA[Feature: Assess change request
  In order to either approve or reject change requests
  As a project manager
  I want to revise change requests
15:57:34.743 [Test worker] DEBUG o.s.t.w.s.TestDispatcherServlet - DispatcherServlet with name '' processing POST request for [/evalRequest]
15:57:34.745 [Test worker] DEBUG o.s.w.s.m.m.a.RequestMappingHandlerMapping - Looking up handler method for path /evalRequest
15:57:34.747 [Test worker] DEBUG o.s.w.s.m.m.a.RequestMappingHandlerMapping - Returning handler method [public java.lang.String webAppProject.controller.RequestController.evaluateRequest(java.lang.String,java.lang.String,java.lang.String,java.lang.String,java.lang.String,java.lang.String)]
15:57:34.747 [Test worker] DEBUG o.s.b.f.s.DefaultListableBeanFactory - Returning cached instance of singleton bean 'requestController'
15:57:34.748 [Test worker] DEBUG o.s.o.j.s.OpenEntityManagerInViewInterceptor - Opening JPA EntityManager in OpenEntityManagerInViewInterceptor
15:57:34.760 [Test worker] DEBUG o.h.jpa.criteria.CriteriaQueryImpl - Rendered criteria query -> select generatedAlias0 from Request as generatedAlias0 where generatedAlias0.problem=:param0
15:57:34.760 [Test worker] DEBUG o.h.h.i.ast.QueryTranslatorImpl - parse() - HQL: select generatedAlias0 from webAppProject.domain.Request as generatedAlias0 where generatedAlias0.problem=:param0
15:57:34.762 [Test worker] DEBUG o.h.h.i.ast.QueryTranslatorImpl - --- HQL AST ---
 \-[QUERY] Node: 'query'
    +-[SELECT_FROM] Node: 'SELECT_FROM'
    |  +-[FROM] Node: 'from'
    |  |  \-[RANGE] Node: 'RANGE'
    |  |     +-[DOT] Node: '.'
    |  |     |  +-[DOT] Node: '.'
    |  |     |  |  +-[IDENT] Node: 'webAppProject'
    |  |     |  |  \-[IDENT] Node: 'domain'
    |  |     |  \-[IDENT] Node: 'Request'
    |  |     \-[ALIAS] Node: 'generatedAlias0'
    |  \-[SELECT] Node: 'select'
    |     \-[IDENT] Node: 'generatedAlias0'
    \-[WHERE] Node: 'where'
       \-[EQ] Node: '='
          +-[DOT] Node: '.'
          |  +-[IDENT] Node: 'generatedAlias0'
          |  \-[IDENT] Node: 'problem'
          \-[COLON] Node: ':'
             \-[IDENT] Node: 'param0'

15:57:34.762 [Test worker] DEBUG o.h.hql.internal.ast.ErrorCounter - throwQueryException() : no errors
15:57:34.762 [Test worker] DEBUG o.h.h.i.antlr.HqlSqlBaseWalker - select << begin [level=1, statement=select]
15:57:34.762 [Test worker] DEBUG o.h.h.internal.ast.tree.FromElement - FromClause{level=1} : webAppProject.domain.Request (generatedAlias0) -> request0_
15:57:34.762 [Test worker] DEBUG o.h.h.i.ast.tree.FromReferenceNode - Resolved : generatedAlias0 -> request0_.id
15:57:34.762 [Test worker] DEBUG o.h.h.i.ast.tree.FromReferenceNode - Resolved : generatedAlias0 -> request0_.id
15:57:34.762 [Test worker] DEBUG o.h.hql.internal.ast.tree.DotNode - getDataType() : problem -> org.hibernate.type.StringType@22374f13
15:57:34.762 [Test worker] DEBUG o.h.h.i.ast.tree.FromReferenceNode - Resolved : generatedAlias0.problem -> request0_.problem
15:57:34.763 [Test worker] DEBUG o.h.h.i.antlr.HqlSqlBaseWalker - select : finishing up [level=1, statement=select]
15:57:34.763 [Test worker] DEBUG o.h.hql.internal.ast.HqlSqlWalker - processQuery() :  ( SELECT ( {select clause} request0_.id ) ( FromClause{level=1} requests request0_ ) ( where ( = ( request0_.problem request0_.id problem ) ? ) ) )
15:57:34.763 [Test worker] DEBUG o.h.h.i.ast.util.JoinProcessor - Using FROM fragment [requests request0_]
15:57:34.763 [Test worker] DEBUG o.h.h.i.antlr.HqlSqlBaseWalker - select >> end [level=1, statement=select]
15:57:34.763 [Test worker] DEBUG o.h.h.i.ast.QueryTranslatorImpl - --- SQL AST ---
 \-[SELECT] QueryNode: 'SELECT'  querySpaces (requests)
    +-[SELECT_CLAUSE] SelectClause: '{select clause}'
    |  +-[ALIAS_REF] IdentNode: 'request0_.id as id1_0_' {alias=generatedAlias0, className=webAppProject.domain.Request, tableAlias=request0_}
    |  \-[SQL_TOKEN] SqlFragment: 'request0_.assessment as assessme2_0_, request0_.completion as completi3_0_, request0_.deadline as deadline4_0_, request0_.developer as develope5_0_, request0_.priority as priority6_0_, request0_.problem as problem7_0_, request0_.req_type as req_type8_0_, request0_.solution as solution9_0_, request0_.status as status10_0_, request0_.versionid as version11_0_'
    +-[FROM] FromClause: 'from' FromClause{level=1, fromElementCounter=1, fromElements=1, fromElementByClassAlias=[generatedAlias0], fromElementByTableAlias=[request0_], fromElementsByPath=[], collectionJoinFromElementsByPath=[], impliedElements=[]}
    |  \-[FROM_FRAGMENT] FromElement: 'requests request0_' FromElement{explicit,not a collection join,not a fetch join,fetch non-lazy properties,classAlias=generatedAlias0,role=null,tableName=requests,tableAlias=request0_,origin=null,columns={,className=webAppProject.domain.Request}}
    \-[WHERE] SqlNode: 'where'
       \-[EQ] BinaryLogicOperatorNode: '='
          +-[DOT] DotNode: 'request0_.problem' {propertyName=problem,dereferenceType=PRIMITIVE,getPropertyPath=problem,path=generatedAlias0.problem,tableAlias=request0_,className=webAppProject.domain.Request,classAlias=generatedAlias0}
          |  +-[ALIAS_REF] IdentNode: 'request0_.id' {alias=generatedAlias0, className=webAppProject.domain.Request, tableAlias=request0_}
          |  \-[IDENT] IdentNode: 'problem' {originalText=problem}
          \-[NAMED_PARAM] ParameterNode: '?' {name=param0, expectedType=org.hibernate.type.StringType@22374f13}

15:57:34.763 [Test worker] DEBUG o.h.hql.internal.ast.ErrorCounter - throwQueryException() : no errors
15:57:34.763 [Test worker] DEBUG o.h.h.i.ast.QueryTranslatorImpl - HQL: select generatedAlias0 from webAppProject.domain.Request as generatedAlias0 where generatedAlias0.problem=:param0
15:57:34.763 [Test worker] DEBUG o.h.h.i.ast.QueryTranslatorImpl - SQL: select request0_.id as id1_0_, request0_.assessment as assessme2_0_, request0_.completion as completi3_0_, request0_.deadline as deadline4_0_, request0_.developer as develope5_0_, request0_.priority as priority6_0_, request0_.problem as problem7_0_, request0_.req_type as req_type8_0_, request0_.solution as solution9_0_, request0_.status as status10_0_, request0_.versionid as version11_0_ from requests request0_ where request0_.problem=?
15:57:34.763 [Test worker] DEBUG o.h.hql.internal.ast.ErrorCounter - throwQueryException() : no errors
15:57:34.764 [Test worker] DEBUG org.hibernate.SQL - select request0_.id as id1_0_, request0_.assessment as assessme2_0_, request0_.completion as completi3_0_, request0_.deadline as deadline4_0_, request0_.developer as develope5_0_, request0_.priority as priority6_0_, request0_.problem as problem7_0_, request0_.req_type as req_type8_0_, request0_.solution as solution9_0_, request0_.status as status10_0_, request0_.versionid as version11_0_ from requests request0_ where request0_.problem=?
15:57:34.764 [Test worker] DEBUG o.h.e.j.i.LogicalConnectionImpl - Obtaining JDBC connection
15:57:34.764 [Test worker] DEBUG o.s.j.d.DriverManagerDataSource - Creating new JDBC DriverManager Connection to [jdbc:mysql://mysql.mcscw3.le.ac.uk:3306/mic7]
15:57:34.776 [Test worker] DEBUG o.h.e.j.i.LogicalConnectionImpl - Obtained JDBC connection
15:57:34.777 [Test worker] DEBUG org.hibernate.loader.Loader - Result set row: 0
15:57:34.777 [Test worker] DEBUG org.hibernate.loader.Loader - Result row: EntityKey[webAppProject.domain.Request#1]
15:57:34.778 [Test worker] DEBUG o.h.engine.internal.TwoPhaseLoad - Resolving associations for [webAppProject.domain.Request#1]
15:57:34.778 [Test worker] DEBUG o.h.engine.internal.TwoPhaseLoad - Done materializing entity [webAppProject.domain.Request#1]
15:57:34.779 [Test worker] DEBUG o.s.orm.jpa.JpaTransactionManager - Found thread-bound EntityManager [org.hibernate.jpa.internal.EntityManagerImpl@19806a83] for JPA transaction
15:57:34.779 [Test worker] DEBUG o.s.orm.jpa.JpaTransactionManager - Creating new transaction with name [org.springframework.data.jpa.repository.support.SimpleJpaRepository.save]: PROPAGATION_REQUIRED,ISOLATION_DEFAULT; ''
15:57:34.779 [Test worker] DEBUG o.h.e.t.spi.AbstractTransactionImpl - begin
15:57:34.779 [Test worker] DEBUG o.h.e.t.i.jdbc.JdbcTransaction - initial autocommit status: true
15:57:34.779 [Test worker] DEBUG o.h.e.t.i.jdbc.JdbcTransaction - disabling autocommit
15:57:34.780 [Test worker] DEBUG o.s.orm.jpa.JpaTransactionManager - Exposing JPA transaction as JDBC transaction [org.springframework.orm.jpa.vendor.HibernateJpaDialect$HibernateConnectionHandle@a7c7bfe]
15:57:34.781 [Test worker] DEBUG o.h.e.i.DefaultMergeEventListener - EntityCopyObserver strategy: disallow
15:57:34.783 [Test worker] DEBUG o.s.orm.jpa.JpaTransactionManager - Initiating transaction commit
15:57:34.783 [Test worker] DEBUG o.s.orm.jpa.JpaTransactionManager - Committing JPA transaction on EntityManager [org.hibernate.jpa.internal.EntityManagerImpl@19806a83]
15:57:34.784 [Test worker] DEBUG o.h.e.t.spi.AbstractTransactionImpl - committing
15:57:34.784 [Test worker] DEBUG o.h.e.i.AbstractFlushingEventListener - Processing flush-time cascades
15:57:34.784 [Test worker] DEBUG o.h.e.i.AbstractFlushingEventListener - Dirty checking collections
15:57:34.786 [Test worker] DEBUG o.h.e.i.AbstractFlushingEventListener - Flushed: 0 insertions, 1 updates, 0 deletions to 1 objects
15:57:34.786 [Test worker] DEBUG o.h.e.i.AbstractFlushingEventListener - Flushed: 0 (re)creations, 0 updates, 0 removals to 0 collections
15:57:34.786 [Test worker] DEBUG o.h.internal.util.EntityPrinter - Listing entities:
15:57:34.786 [Test worker] DEBUG o.h.internal.util.EntityPrinter - webAppProject.domain.Request{assessment=, completion=null, problem=Fault, solution=solution, reqType=Fault, developer=A, id=1, deadline=17-11-2015, priority=high, version=null, status=accepted}
15:57:34.793 [Test worker] DEBUG org.hibernate.SQL - update requests set assessment=?, completion=?, deadline=?, developer=?, priority=?, problem=?, req_type=?, solution=?, status=?, versionid=? where id=?
15:57:34.799 [Test worker] DEBUG o.h.e.t.i.jdbc.JdbcTransaction - committed JDBC Connection
15:57:34.799 [Test worker] DEBUG o.h.e.t.i.jdbc.JdbcTransaction - re-enabling autocommit
15:57:34.800 [Test worker] DEBUG o.s.orm.jpa.JpaTransactionManager - Not closing pre-bound JPA EntityManager after transaction
15:57:34.804 [Test worker] DEBUG o.s.b.f.s.DefaultListableBeanFactory - Invoking afterPropertiesSet() on bean with name 'redirect:/evaluate-request'
15:57:34.804 [Test worker] DEBUG o.s.b.f.s.DefaultListableBeanFactory - Returning cached instance of singleton bean 'org.springframework.transaction.config.internalTransactionAdvisor'
15:57:34.804 [Test worker] DEBUG o.s.b.f.s.DefaultListableBeanFactory - Returning cached instance of singleton bean 'org.springframework.transaction.config.internalTransactionAdvisor'
15:57:34.807 [Test worker] DEBUG o.s.t.w.s.TestDispatcherServlet - Rendering view [org.springframework.web.servlet.view.RedirectView: name 'redirect:/evaluate-request'; URL [/evaluate-request]] in DispatcherServlet with name ''
15:57:34.809 [Test worker] DEBUG o.s.b.f.s.DefaultListableBeanFactory - Returning cached instance of singleton bean 'requestDataValueProcessor'
15:57:34.810 [Test worker] DEBUG o.s.o.j.s.OpenEntityManagerInViewInterceptor - Closing JPA EntityManager in OpenEntityManagerInViewInterceptor
15:57:34.810 [Test worker] DEBUG o.s.o.jpa.EntityManagerFactoryUtils - Closing JPA EntityManager
15:57:34.810 [Test worker] DEBUG o.h.e.j.internal.JdbcCoordinatorImpl - HHH000420: Closing un-released batch
15:57:34.810 [Test worker] DEBUG o.h.e.j.i.LogicalConnectionImpl - Releasing JDBC connection
15:57:34.810 [Test worker] DEBUG o.h.e.j.i.LogicalConnectionImpl - Released JDBC connection
15:57:34.810 [Test worker] DEBUG o.s.t.w.s.TestDispatcherServlet - Successfully completed request
15:57:34.811 [Test worker] DEBUG o.s.b.f.s.DefaultListableBeanFactory - Returning cached instance of singleton bean 'delegatingApplicationListener'
15:57:34.813 [Test worker] DEBUG o.s.o.j.SharedEntityManagerCreator$SharedEntityManagerInvocationHandler - Creating new EntityManager for shared EntityManager invocation
15:57:34.814 [Test worker] DEBUG o.h.jpa.criteria.CriteriaQueryImpl - Rendered criteria query -> select generatedAlias0 from Request as generatedAlias0 where generatedAlias0.problem=:param0
15:57:34.816 [Test worker] DEBUG org.hibernate.SQL - select request0_.id as id1_0_, request0_.assessment as assessme2_0_, request0_.completion as completi3_0_, request0_.deadline as deadline4_0_, request0_.developer as develope5_0_, request0_.priority as priority6_0_, request0_.problem as problem7_0_, request0_.req_type as req_type8_0_, request0_.solution as solution9_0_, request0_.status as status10_0_, request0_.versionid as version11_0_ from requests request0_ where request0_.problem=?
15:57:34.816 [Test worker] DEBUG o.h.e.j.i.LogicalConnectionImpl - Obtaining JDBC connection
15:57:34.816 [Test worker] DEBUG o.s.j.d.DriverManagerDataSource - Creating new JDBC DriverManager Connection to [jdbc:mysql://mysql.mcscw3.le.ac.uk:3306/mic7]
15:57:34.828 [Test worker] DEBUG o.h.e.j.i.LogicalConnectionImpl - Obtained JDBC connection
15:57:34.830 [Test worker] DEBUG org.hibernate.loader.Loader - Result set row: 0
15:57:34.830 [Test worker] DEBUG org.hibernate.loader.Loader - Result row: EntityKey[webAppProject.domain.Request#1]
15:57:34.831 [Test worker] DEBUG o.h.engine.internal.TwoPhaseLoad - Resolving associations for [webAppProject.domain.Request#1]
15:57:34.831 [Test worker] DEBUG o.h.engine.internal.TwoPhaseLoad - Done materializing entity [webAppProject.domain.Request#1]
15:57:34.832 [Test worker] DEBUG o.s.o.jpa.EntityManagerFactoryUtils - Closing JPA EntityManager
15:57:34.832 [Test worker] DEBUG o.h.e.j.i.LogicalConnectionImpl - Releasing JDBC connection
15:57:34.832 [Test worker] DEBUG o.h.e.j.i.LogicalConnectionImpl - Released JDBC connection
15:57:34.835 [Test worker] DEBUG o.s.d.r.c.s.TransactionalRepositoryProxyPostProcessor$CustomAnnotationTransactionAttributeSource - Adding transactional method 'deleteAll' with attribute: PROPAGATION_REQUIRED,ISOLATION_DEFAULT; ''
15:57:34.835 [Test worker] DEBUG o.s.orm.jpa.JpaTransactionManager - Creating new transaction with name [org.springframework.data.jpa.repository.support.SimpleJpaRepository.deleteAll]: PROPAGATION_REQUIRED,ISOLATION_DEFAULT; ''
15:57:34.835 [Test worker] DEBUG o.s.orm.jpa.JpaTransactionManager - Opened new EntityManager [org.hibernate.jpa.internal.EntityManagerImpl@4fffc016] for JPA transaction
15:57:34.835 [Test worker] DEBUG o.h.e.t.spi.AbstractTransactionImpl - begin
15:57:34.835 [Test worker] DEBUG o.h.e.j.i.LogicalConnectionImpl - Obtaining JDBC connection
15:57:34.836 [Test worker] DEBUG o.s.j.d.DriverManagerDataSource - Creating new JDBC DriverManager Connection to [jdbc:mysql://mysql.mcscw3.le.ac.uk:3306/mic7]
15:57:34.847 [Test worker] DEBUG o.h.e.j.i.LogicalConnectionImpl - Obtained JDBC connection
15:57:34.847 [Test worker] DEBUG o.h.e.t.i.jdbc.JdbcTransaction - initial autocommit status: true
15:57:34.847 [Test worker] DEBUG o.h.e.t.i.jdbc.JdbcTransaction - disabling autocommit
15:57:34.847 [Test worker] DEBUG o.s.orm.jpa.JpaTransactionManager - Exposing JPA transaction as JDBC transaction [org.springframework.orm.jpa.vendor.HibernateJpaDialect$HibernateConnectionHandle@784de187]
15:57:34.847 [Test worker] DEBUG o.h.jpa.criteria.CriteriaQueryImpl - Rendered criteria query -> select generatedAlias0 from Request as generatedAlias0
15:57:34.848 [Test worker] DEBUG o.h.h.i.ast.QueryTranslatorImpl - parse() - HQL: select generatedAlias0 from webAppProject.domain.Request as generatedAlias0
15:57:34.849 [Test worker] DEBUG o.h.h.i.ast.QueryTranslatorImpl - --- HQL AST ---
 \-[QUERY] Node: 'query'
    \-[SELECT_FROM] Node: 'SELECT_FROM'
       +-[FROM] Node: 'from'
       |  \-[RANGE] Node: 'RANGE'
       |     +-[DOT] Node: '.'
       |     |  +-[DOT] Node: '.'
       |     |  |  +-[IDENT] Node: 'webAppProject'
       |     |  |  \-[IDENT] Node: 'domain'
       |     |  \-[IDENT] Node: 'Request'
       |     \-[ALIAS] Node: 'generatedAlias0'
       \-[SELECT] Node: 'select'
          \-[IDENT] Node: 'generatedAlias0'

15:57:34.849 [Test worker] DEBUG o.h.hql.internal.ast.ErrorCounter - throwQueryException() : no errors
15:57:34.849 [Test worker] DEBUG o.h.h.i.antlr.HqlSqlBaseWalker - select << begin [level=1, statement=select]
15:57:34.849 [Test worker] DEBUG o.h.h.internal.ast.tree.FromElement - FromClause{level=1} : webAppProject.domain.Request (generatedAlias0) -> request0_
15:57:34.849 [Test worker] DEBUG o.h.h.i.ast.tree.FromReferenceNode - Resolved : generatedAlias0 -> request0_.id
15:57:34.849 [Test worker] DEBUG o.h.h.i.antlr.HqlSqlBaseWalker - select : finishing up [level=1, statement=select]
15:57:34.849 [Test worker] DEBUG o.h.hql.internal.ast.HqlSqlWalker - processQuery() :  ( SELECT ( {select clause} request0_.id ) ( FromClause{level=1} requests request0_ ) )
15:57:34.849 [Test worker] DEBUG o.h.h.i.ast.util.JoinProcessor - Using FROM fragment [requests request0_]
15:57:34.850 [Test worker] DEBUG o.h.h.i.antlr.HqlSqlBaseWalker - select >> end [level=1, statement=select]
15:57:34.850 [Test worker] DEBUG o.h.h.i.ast.QueryTranslatorImpl - --- SQL AST ---
 \-[SELECT] QueryNode: 'SELECT'  querySpaces (requests)
    +-[SELECT_CLAUSE] SelectClause: '{select clause}'
    |  +-[ALIAS_REF] IdentNode: 'request0_.id as id1_0_' {alias=generatedAlias0, className=webAppProject.domain.Request, tableAlias=request0_}
    |  \-[SQL_TOKEN] SqlFragment: 'request0_.assessment as assessme2_0_, request0_.completion as completi3_0_, request0_.deadline as deadline4_0_, request0_.developer as develope5_0_, request0_.priority as priority6_0_, request0_.problem as problem7_0_, request0_.req_type as req_type8_0_, request0_.solution as solution9_0_, request0_.status as status10_0_, request0_.versionid as version11_0_'
    \-[FROM] FromClause: 'from' FromClause{level=1, fromElementCounter=1, fromElements=1, fromElementByClassAlias=[generatedAlias0], fromElementByTableAlias=[request0_], fromElementsByPath=[], collectionJoinFromElementsByPath=[], impliedElements=[]}
       \-[FROM_FRAGMENT] FromElement: 'requests request0_' FromElement{explicit,not a collection join,not a fetch join,fetch non-lazy properties,classAlias=generatedAlias0,role=null,tableName=requests,tableAlias=request0_,origin=null,columns={,className=webAppProject.domain.Request}}

15:57:34.850 [Test worker] DEBUG o.h.hql.internal.ast.ErrorCounter - throwQueryException() : no errors
15:57:34.854 [Test worker] DEBUG o.h.h.i.ast.QueryTranslatorImpl - HQL: select generatedAlias0 from webAppProject.domain.Request as generatedAlias0
15:57:34.854 [Test worker] DEBUG o.h.h.i.ast.QueryTranslatorImpl - SQL: select request0_.id as id1_0_, request0_.assessment as assessme2_0_, request0_.completion as completi3_0_, request0_.deadline as deadline4_0_, request0_.developer as develope5_0_, request0_.priority as priority6_0_, request0_.problem as problem7_0_, request0_.req_type as req_type8_0_, request0_.solution as solution9_0_, request0_.status as status10_0_, request0_.versionid as version11_0_ from requests request0_
15:57:34.854 [Test worker] DEBUG o.h.hql.internal.ast.ErrorCounter - throwQueryException() : no errors
15:57:34.855 [Test worker] DEBUG o.s.d.j.r.s.CrudMethodMetadataPostProcessor$ThreadBoundTargetSource - Initializing lazy target object
15:57:34.855 [Test worker] DEBUG org.hibernate.SQL - select request0_.id as id1_0_, request0_.assessment as assessme2_0_, request0_.completion as completi3_0_, request0_.deadline as deadline4_0_, request0_.developer as develope5_0_, request0_.priority as priority6_0_, request0_.problem as problem7_0_, request0_.req_type as req_type8_0_, request0_.solution as solution9_0_, request0_.status as status10_0_, request0_.versionid as version11_0_ from requests request0_
15:57:34.856 [Test worker] DEBUG org.hibernate.loader.Loader - Result set row: 0
15:57:34.857 [Test worker] DEBUG org.hibernate.loader.Loader - Result row: EntityKey[webAppProject.domain.Request#1]
15:57:34.857 [Test worker] DEBUG o.h.engine.internal.TwoPhaseLoad - Resolving associations for [webAppProject.domain.Request#1]
15:57:34.857 [Test worker] DEBUG o.h.engine.internal.TwoPhaseLoad - Done materializing entity [webAppProject.domain.Request#1]
15:57:34.860 [Test worker] DEBUG o.s.orm.jpa.JpaTransactionManager - Initiating transaction commit
15:57:34.860 [Test worker] DEBUG o.s.orm.jpa.JpaTransactionManager - Committing JPA transaction on EntityManager [org.hibernate.jpa.internal.EntityManagerImpl@4fffc016]
15:57:34.860 [Test worker] DEBUG o.h.e.t.spi.AbstractTransactionImpl - committing
15:57:34.860 [Test worker] DEBUG o.h.e.i.AbstractFlushingEventListener - Processing flush-time cascades
15:57:34.860 [Test worker] DEBUG o.h.e.i.AbstractFlushingEventListener - Dirty checking collections
15:57:34.860 [Test worker] DEBUG o.h.e.i.AbstractFlushingEventListener - Flushed: 0 insertions, 0 updates, 1 deletions to 1 objects
15:57:34.860 [Test worker] DEBUG o.h.e.i.AbstractFlushingEventListener - Flushed: 0 (re)creations, 0 updates, 0 removals to 0 collections
15:57:34.860 [Test worker] DEBUG o.h.internal.util.EntityPrinter - Listing entities:
15:57:34.860 [Test worker] DEBUG o.h.internal.util.EntityPrinter - webAppProject.domain.Request{assessment=, completion=null, problem=Fault, solution=solution, reqType=Fault, developer=A, id=1, deadline=17-11-2015, priority=high, version=null, status=accepted}
15:57:34.861 [Test worker] DEBUG org.hibernate.SQL - delete from requests where id=?
15:57:34.866 [Test worker] DEBUG o.h.e.t.i.jdbc.JdbcTransaction - committed JDBC Connection
15:57:34.866 [Test worker] DEBUG o.h.e.t.i.jdbc.JdbcTransaction - re-enabling autocommit
15:57:34.867 [Test worker] DEBUG o.s.orm.jpa.JpaTransactionManager - Closing JPA EntityManager [org.hibernate.jpa.internal.EntityManagerImpl@4fffc016] after transaction
15:57:34.867 [Test worker] DEBUG o.s.o.jpa.EntityManagerFactoryUtils - Closing JPA EntityManager
15:57:34.867 [Test worker] DEBUG o.h.e.j.internal.JdbcCoordinatorImpl - HHH000420: Closing un-released batch
15:57:34.867 [Test worker] DEBUG o.h.e.j.i.LogicalConnectionImpl - Releasing JDBC connection
15:57:34.867 [Test worker] DEBUG o.h.e.j.i.LogicalConnectionImpl - Released JDBC connection
15:57:34.867 [Test worker] DEBUG o.s.d.r.c.s.TransactionalRepositoryProxyPostProcessor$CustomAnnotationTransactionAttributeSource - Adding transactional method 'deleteAll' with attribute: PROPAGATION_REQUIRED,ISOLATION_DEFAULT; ''
15:57:34.867 [Test worker] DEBUG o.s.b.f.s.DefaultListableBeanFactory - Returning cached instance of singleton bean 'transactionManager'
15:57:34.867 [Test worker] DEBUG o.s.orm.jpa.JpaTransactionManager - Creating new transaction with name [org.springframework.data.jpa.repository.support.SimpleJpaRepository.deleteAll]: PROPAGATION_REQUIRED,ISOLATION_DEFAULT; ''
15:57:34.868 [Test worker] DEBUG o.s.orm.jpa.JpaTransactionManager - Opened new EntityManager [org.hibernate.jpa.internal.EntityManagerImpl@2df37c51] for JPA transaction
15:57:34.868 [Test worker] DEBUG o.h.e.t.spi.AbstractTransactionImpl - begin
15:57:34.868 [Test worker] DEBUG o.h.e.j.i.LogicalConnectionImpl - Obtaining JDBC connection
15:57:34.868 [Test worker] DEBUG o.s.j.d.DriverManagerDataSource - Creating new JDBC DriverManager Connection to [jdbc:mysql://mysql.mcscw3.le.ac.uk:3306/mic7]
15:57:34.878 [Test worker] DEBUG o.h.e.j.i.LogicalConnectionImpl - Obtained JDBC connection
15:57:34.878 [Test worker] DEBUG o.h.e.t.i.jdbc.JdbcTransaction - initial autocommit status: true
15:57:34.878 [Test worker] DEBUG o.h.e.t.i.jdbc.JdbcTransaction - disabling autocommit
15:57:34.879 [Test worker] DEBUG o.s.orm.jpa.JpaTransactionManager - Exposing JPA transaction as JDBC transaction [org.springframework.orm.jpa.vendor.HibernateJpaDialect$HibernateConnectionHandle@6fd29a98]
15:57:34.879 [Test worker] DEBUG o.h.jpa.criteria.CriteriaQueryImpl - Rendered criteria query -> select generatedAlias0 from User as generatedAlias0
15:57:34.879 [Test worker] DEBUG o.h.h.i.ast.QueryTranslatorImpl - parse() - HQL: select generatedAlias0 from webAppProject.domain.User as generatedAlias0
15:57:34.880 [Test worker] DEBUG o.h.h.i.ast.QueryTranslatorImpl - --- HQL AST ---
 \-[QUERY] Node: 'query'
    \-[SELECT_FROM] Node: 'SELECT_FROM'
       +-[FROM] Node: 'from'
       |  \-[RANGE] Node: 'RANGE'
       |     +-[DOT] Node: '.'
       |     |  +-[DOT] Node: '.'
       |     |  |  +-[IDENT] Node: 'webAppProject'
       |     |  |  \-[IDENT] Node: 'domain'
       |     |  \-[IDENT] Node: 'User'
       |     \-[ALIAS] Node: 'generatedAlias0'
       \-[SELECT] Node: 'select'
          \-[IDENT] Node: 'generatedAlias0'

15:57:34.880 [Test worker] DEBUG o.h.hql.internal.ast.ErrorCounter - throwQueryException() : no errors
15:57:34.880 [Test worker] DEBUG o.h.h.i.antlr.HqlSqlBaseWalker - select << begin [level=1, statement=select]
15:57:34.881 [Test worker] DEBUG o.h.h.internal.ast.tree.FromElement - FromClause{level=1} : webAppProject.domain.User (generatedAlias0) -> user0_
15:57:34.881 [Test worker] DEBUG o.h.h.i.ast.tree.FromReferenceNode - Resolved : generatedAlias0 -> user0_.id
15:57:34.881 [Test worker] DEBUG o.h.h.i.antlr.HqlSqlBaseWalker - select : finishing up [level=1, statement=select]
15:57:34.881 [Test worker] DEBUG o.h.hql.internal.ast.HqlSqlWalker - processQuery() :  ( SELECT ( {select clause} user0_.id ) ( FromClause{level=1} users user0_ ) )
15:57:34.881 [Test worker] DEBUG o.h.h.i.ast.util.JoinProcessor - Using FROM fragment [users user0_ left outer join user_roles user0_1_ on user0_.id=user0_1_.user_id]
15:57:34.882 [Test worker] DEBUG o.h.h.i.antlr.HqlSqlBaseWalker - select >> end [level=1, statement=select]
15:57:34.882 [Test worker] DEBUG o.h.h.i.ast.QueryTranslatorImpl - --- SQL AST ---
 \-[SELECT] QueryNode: 'SELECT'  querySpaces (user_roles,users)
    +-[SELECT_CLAUSE] SelectClause: '{select clause}'
    |  +-[ALIAS_REF] IdentNode: 'user0_.id as id1_4_' {alias=generatedAlias0, className=webAppProject.domain.User, tableAlias=user0_}
    |  \-[SQL_TOKEN] SqlFragment: 'user0_.enabled as enabled2_4_, user0_.login as login3_4_, user0_.password as password4_4_, user0_1_.role_id as role_id1_3_'
    \-[FROM] FromClause: 'from' FromClause{level=1, fromElementCounter=1, fromElements=1, fromElementByClassAlias=[generatedAlias0], fromElementByTableAlias=[user0_], fromElementsByPath=[], collectionJoinFromElementsByPath=[], impliedElements=[]}
       \-[FROM_FRAGMENT] FromElement: 'users user0_ left outer join user_roles user0_1_ on user0_.id=user0_1_.user_id' FromElement{explicit,not a collection join,not a fetch join,fetch non-lazy properties,classAlias=generatedAlias0,role=null,tableName=users,tableAlias=user0_,origin=null,columns={,className=webAppProject.domain.User}}

15:57:34.882 [Test worker] DEBUG o.h.hql.internal.ast.ErrorCounter - throwQueryException() : no errors
15:57:34.882 [Test worker] DEBUG o.h.h.i.ast.QueryTranslatorImpl - HQL: select generatedAlias0 from webAppProject.domain.User as generatedAlias0
15:57:34.882 [Test worker] DEBUG o.h.h.i.ast.QueryTranslatorImpl - SQL: select user0_.id as id1_4_, user0_.enabled as enabled2_4_, user0_.login as login3_4_, user0_.password as password4_4_, user0_1_.role_id as role_id1_3_ from users user0_ left outer join user_roles user0_1_ on user0_.id=user0_1_.user_id
15:57:34.882 [Test worker] DEBUG o.h.hql.internal.ast.ErrorCounter - throwQueryException() : no errors
15:57:34.882 [Test worker] DEBUG o.s.d.j.r.s.CrudMethodMetadataPostProcessor$ThreadBoundTargetSource - Initializing lazy target object
15:57:34.882 [Test worker] DEBUG org.hibernate.SQL - select user0_.id as id1_4_, user0_.enabled as enabled2_4_, user0_.login as login3_4_, user0_.password as password4_4_, user0_1_.role_id as role_id1_3_ from users user0_ left outer join user_roles user0_1_ on user0_.id=user0_1_.user_id
15:57:34.883 [Test worker] DEBUG org.hibernate.loader.Loader - Result set row: 0
15:57:34.884 [Test worker] DEBUG org.hibernate.loader.Loader - Result row: EntityKey[webAppProject.domain.User#1]
15:57:34.884 [Test worker] DEBUG org.hibernate.loader.Loader - Result set row: 1
15:57:34.884 [Test worker] DEBUG org.hibernate.loader.Loader - Result row: EntityKey[webAppProject.domain.User#2]
15:57:34.885 [Test worker] DEBUG o.h.engine.internal.TwoPhaseLoad - Resolving associations for [webAppProject.domain.User#1]
15:57:34.886 [Test worker] DEBUG org.hibernate.SQL - select role0_.id as id1_1_0_, role0_.role as role2_1_0_ from roles role0_ where role0_.id=?
15:57:34.888 [Test worker] DEBUG o.h.l.p.e.p.i.ResultSetProcessorImpl - Starting ResultSet row #0
15:57:34.889 [Test worker] DEBUG o.h.l.p.e.p.i.EntityReferenceInitializerImpl - On call to EntityIdentifierReaderImpl#resolve, EntityKey was already known; should only happen on root returns with an optional identifier specified
15:57:34.890 [Test worker] DEBUG o.h.engine.internal.TwoPhaseLoad - Resolving associations for [webAppProject.domain.Role#2]
15:57:34.895 [Test worker] DEBUG o.h.engine.internal.TwoPhaseLoad - Done materializing entity [webAppProject.domain.Role#2]
15:57:34.896 [Test worker] DEBUG o.h.l.e.p.AbstractLoadPlanBasedEntityLoader - Done entity load : webAppProject.domain.Role#2
15:57:34.896 [Test worker] DEBUG o.h.engine.internal.TwoPhaseLoad - Done materializing entity [webAppProject.domain.User#1]
15:57:34.896 [Test worker] DEBUG o.h.engine.internal.TwoPhaseLoad - Resolving associations for [webAppProject.domain.User#2]
15:57:34.897 [Test worker] DEBUG org.hibernate.SQL - select role0_.id as id1_1_0_, role0_.role as role2_1_0_ from roles role0_ where role0_.id=?
15:57:34.897 [Test worker] DEBUG o.h.l.p.e.p.i.ResultSetProcessorImpl - Starting ResultSet row #0
15:57:34.898 [Test worker] DEBUG o.h.l.p.e.p.i.EntityReferenceInitializerImpl - On call to EntityIdentifierReaderImpl#resolve, EntityKey was already known; should only happen on root returns with an optional identifier specified
15:57:34.898 [Test worker] DEBUG o.h.engine.internal.TwoPhaseLoad - Resolving associations for [webAppProject.domain.Role#1]
15:57:34.898 [Test worker] DEBUG o.h.engine.internal.TwoPhaseLoad - Done materializing entity [webAppProject.domain.Role#1]
15:57:34.899 [Test worker] DEBUG o.h.l.e.p.AbstractLoadPlanBasedEntityLoader - Done entity load : webAppProject.domain.Role#1
15:57:34.899 [Test worker] DEBUG o.h.engine.internal.TwoPhaseLoad - Done materializing entity [webAppProject.domain.User#2]
15:57:34.901 [Test worker] DEBUG o.h.l.c.p.AbstractLoadPlanBasedCollectionInitializer - Loading collection: [webAppProject.domain.Role.userRoles#2]
15:57:34.901 [Test worker] DEBUG org.hibernate.SQL - select userroles0_.role_id as role_id1_1_0_, userroles0_.user_id as user_id2_3_0_, user1_.id as id1_4_1_, user1_.enabled as enabled2_4_1_, user1_.login as login3_4_1_, user1_.password as password4_4_1_, user1_1_.role_id as role_id1_3_1_ from user_roles userroles0_ inner join users user1_ on userroles0_.user_id=user1_.id left outer join user_roles user1_1_ on user1_.id=user1_1_.user_id where userroles0_.role_id=?
15:57:34.902 [Test worker] DEBUG o.h.l.p.e.p.i.ResultSetProcessorImpl - Preparing collection intializer : [webAppProject.domain.Role.userRoles#2]
15:57:34.904 [Test worker] DEBUG o.h.l.p.e.p.i.ResultSetProcessorImpl - Starting ResultSet row #0
15:57:34.905 [Test worker] DEBUG o.h.l.p.e.p.i.CollectionReferenceInitializerImpl - Found row of collection: [webAppProject.domain.Role.userRoles#2]
15:57:34.905 [Test worker] DEBUG o.h.e.l.i.CollectionLoadContext - 1 collections were found in result set for role: webAppProject.domain.Role.userRoles
15:57:34.905 [Test worker] DEBUG o.h.e.l.i.CollectionLoadContext - Collection fully initialized: [webAppProject.domain.Role.userRoles#2]
15:57:34.905 [Test worker] DEBUG o.h.e.l.i.CollectionLoadContext - 1 collections initialized for role: webAppProject.domain.Role.userRoles
15:57:34.906 [Test worker] DEBUG o.h.l.c.p.AbstractLoadPlanBasedCollectionInitializer - Done loading collection
15:57:34.907 [Test worker] DEBUG o.h.l.c.p.AbstractLoadPlanBasedCollectionInitializer - Loading collection: [webAppProject.domain.Role.userRoles#1]
15:57:34.907 [Test worker] DEBUG org.hibernate.SQL - select userroles0_.role_id as role_id1_1_0_, userroles0_.user_id as user_id2_3_0_, user1_.id as id1_4_1_, user1_.enabled as enabled2_4_1_, user1_.login as login3_4_1_, user1_.password as password4_4_1_, user1_1_.role_id as role_id1_3_1_ from user_roles userroles0_ inner join users user1_ on userroles0_.user_id=user1_.id left outer join user_roles user1_1_ on user1_.id=user1_1_.user_id where userroles0_.role_id=?
15:57:34.908 [Test worker] DEBUG o.h.l.p.e.p.i.ResultSetProcessorImpl - Preparing collection intializer : [webAppProject.domain.Role.userRoles#1]
15:57:34.908 [Test worker] DEBUG o.h.l.p.e.p.i.ResultSetProcessorImpl - Starting ResultSet row #0
15:57:34.909 [Test worker] DEBUG o.h.l.p.e.p.i.CollectionReferenceInitializerImpl - Found row of collection: [webAppProject.domain.Role.userRoles#1]
15:57:34.909 [Test worker] DEBUG o.h.e.l.i.CollectionLoadContext - 1 collections were found in result set for role: webAppProject.domain.Role.userRoles
15:57:34.909 [Test worker] DEBUG o.h.e.l.i.CollectionLoadContext - Collection fully initialized: [webAppProject.domain.Role.userRoles#1]
15:57:34.909 [Test worker] DEBUG o.h.e.l.i.CollectionLoadContext - 1 collections initialized for role: webAppProject.domain.Role.userRoles
15:57:34.909 [Test worker] DEBUG o.h.l.c.p.AbstractLoadPlanBasedCollectionInitializer - Done loading collection
15:57:34.910 [Test worker] DEBUG o.s.orm.jpa.JpaTransactionManager - Initiating transaction commit
15:57:34.910 [Test worker] DEBUG o.s.orm.jpa.JpaTransactionManager - Committing JPA transaction on EntityManager [org.hibernate.jpa.internal.EntityManagerImpl@2df37c51]
15:57:34.910 [Test worker] DEBUG o.h.e.t.spi.AbstractTransactionImpl - committing
15:57:34.910 [Test worker] DEBUG o.h.e.i.AbstractFlushingEventListener - Processing flush-time cascades
15:57:34.910 [Test worker] DEBUG o.h.e.i.AbstractFlushingEventListener - Dirty checking collections
15:57:34.912 [Test worker] DEBUG o.h.engine.internal.Collections - Collection dereferenced: [webAppProject.domain.Role.userRoles#2]
15:57:34.913 [Test worker] DEBUG o.h.engine.internal.Collections - Collection dereferenced: [webAppProject.domain.Role.userRoles#1]
15:57:34.914 [Test worker] DEBUG o.h.e.i.AbstractFlushingEventListener - Flushed: 0 insertions, 0 updates, 4 deletions to 4 objects
15:57:34.914 [Test worker] DEBUG o.h.e.i.AbstractFlushingEventListener - Flushed: 0 (re)creations, 0 updates, 2 removals to 2 collections
15:57:34.914 [Test worker] DEBUG o.h.internal.util.EntityPrinter - Listing entities:
15:57:34.914 [Test worker] DEBUG o.h.internal.util.EntityPrinter - webAppProject.domain.User{password=$2a$10$akd/Sd36xAWzxTxyUZuMK.f8IfdbxV50/cBTBzqxlEOAQvZu2wG3i, role=webAppProject.domain.Role#2, id=1, login=alice, enabled=false}
15:57:34.914 [Test worker] DEBUG o.h.internal.util.EntityPrinter - webAppProject.domain.Role{userRoles=[webAppProject.domain.User#2], role=PM, id=1}
15:57:34.914 [Test worker] DEBUG o.h.internal.util.EntityPrinter - webAppProject.domain.User{password=$2a$10$Tg8jCHmLBsa5YySgfyh.Su4MwJbtni4RUlBrGuLZcoVkRCA8bPa.y, role=webAppProject.domain.Role#1, id=2, login=bob, enabled=false}
15:57:34.914 [Test worker] DEBUG o.h.internal.util.EntityPrinter - webAppProject.domain.Role{userRoles=[webAppProject.domain.User#1], role=DEV, id=2}
15:57:34.914 [Test worker] DEBUG o.h.p.c.AbstractCollectionPersister - Deleting collection: [webAppProject.domain.Role.userRoles#2]
15:57:34.915 [Test worker] DEBUG org.hibernate.SQL - delete from user_roles where role_id=?
15:57:34.916 [Test worker] DEBUG o.h.p.c.AbstractCollectionPersister - Done deleting collection
15:57:34.916 [Test worker] DEBUG o.h.p.c.AbstractCollectionPersister - Deleting collection: [webAppProject.domain.Role.userRoles#1]
15:57:34.918 [Test worker] DEBUG org.hibernate.SQL - delete from user_roles where role_id=?
15:57:34.920 [Test worker] DEBUG o.h.p.c.AbstractCollectionPersister - Done deleting collection
15:57:34.920 [Test worker] DEBUG org.hibernate.SQL - delete from user_roles where user_id=?
15:57:34.925 [Test worker] DEBUG org.hibernate.SQL - delete from users where id=?
15:57:34.929 [Test worker] DEBUG org.hibernate.SQL - delete from roles where id=?
15:57:34.933 [Test worker] DEBUG org.hibernate.SQL - delete from user_roles where user_id=?
15:57:34.935 [Test worker] DEBUG org.hibernate.SQL - delete from users where id=?
15:57:34.936 [Test worker] DEBUG org.hibernate.SQL - delete from roles where id=?
15:57:34.940 [Test worker] DEBUG o.h.e.t.i.jdbc.JdbcTransaction - committed JDBC Connection
15:57:34.940 [Test worker] DEBUG o.h.e.t.i.jdbc.JdbcTransaction - re-enabling autocommit
15:57:34.940 [Test worker] DEBUG o.s.orm.jpa.JpaTransactionManager - Closing JPA EntityManager [org.hibernate.jpa.internal.EntityManagerImpl@2df37c51] after transaction
15:57:34.940 [Test worker] DEBUG o.s.o.jpa.EntityManagerFactoryUtils - Closing JPA EntityManager
15:57:34.940 [Test worker] DEBUG o.h.e.j.internal.JdbcCoordinatorImpl - HHH000420: Closing un-released batch
15:57:34.941 [Test worker] DEBUG o.h.e.j.i.LogicalConnectionImpl - Releasing JDBC connection
15:57:34.941 [Test worker] DEBUG o.h.e.j.i.LogicalConnectionImpl - Released JDBC connection
15:57:34.941 [Test worker] DEBUG o.s.orm.jpa.JpaTransactionManager - Creating new transaction with name [org.springframework.data.jpa.repository.support.SimpleJpaRepository.deleteAll]: PROPAGATION_REQUIRED,ISOLATION_DEFAULT; ''
15:57:34.941 [Test worker] DEBUG o.s.orm.jpa.JpaTransactionManager - Opened new EntityManager [org.hibernate.jpa.internal.EntityManagerImpl@28867d5] for JPA transaction
15:57:34.941 [Test worker] DEBUG o.h.e.t.spi.AbstractTransactionImpl - begin
15:57:34.941 [Test worker] DEBUG o.h.e.j.i.LogicalConnectionImpl - Obtaining JDBC connection
15:57:34.941 [Test worker] DEBUG o.s.j.d.DriverManagerDataSource - Creating new JDBC DriverManager Connection to [jdbc:mysql://mysql.mcscw3.le.ac.uk:3306/mic7]
15:57:34.951 [Test worker] DEBUG o.h.e.j.i.LogicalConnectionImpl - Obtained JDBC connection
15:57:34.951 [Test worker] DEBUG o.h.e.t.i.jdbc.JdbcTransaction - initial autocommit status: true
15:57:34.952 [Test worker] DEBUG o.h.e.t.i.jdbc.JdbcTransaction - disabling autocommit
15:57:34.952 [Test worker] DEBUG o.s.orm.jpa.JpaTransactionManager - Exposing JPA transaction as JDBC transaction [org.springframework.orm.jpa.vendor.HibernateJpaDialect$HibernateConnectionHandle@4f0c2953]
15:57:34.952 [Test worker] DEBUG o.h.jpa.criteria.CriteriaQueryImpl - Rendered criteria query -> select generatedAlias0 from Request as generatedAlias0
15:57:34.952 [Test worker] DEBUG org.hibernate.SQL - select request0_.id as id1_0_, request0_.assessment as assessme2_0_, request0_.completion as completi3_0_, request0_.deadline as deadline4_0_, request0_.developer as develope5_0_, request0_.priority as priority6_0_, request0_.problem as problem7_0_, request0_.req_type as req_type8_0_, request0_.solution as solution9_0_, request0_.status as status10_0_, request0_.versionid as version11_0_ from requests request0_
15:57:34.954 [Test worker] DEBUG o.s.orm.jpa.JpaTransactionManager - Initiating transaction commit
15:57:34.954 [Test worker] DEBUG o.s.orm.jpa.JpaTransactionManager - Committing JPA transaction on EntityManager [org.hibernate.jpa.internal.EntityManagerImpl@28867d5]
15:57:34.954 [Test worker] DEBUG o.h.e.t.spi.AbstractTransactionImpl - committing
15:57:34.954 [Test worker] DEBUG o.h.e.t.i.jdbc.JdbcTransaction - committed JDBC Connection
15:57:34.954 [Test worker] DEBUG o.h.e.t.i.jdbc.JdbcTransaction - re-enabling autocommit
15:57:34.955 [Test worker] DEBUG o.s.orm.jpa.JpaTransactionManager - Closing JPA EntityManager [org.hibernate.jpa.internal.EntityManagerImpl@28867d5] after transaction
15:57:34.955 [Test worker] DEBUG o.s.o.jpa.EntityManagerFactoryUtils - Closing JPA EntityManager
15:57:34.955 [Test worker] DEBUG o.h.e.j.i.LogicalConnectionImpl - Releasing JDBC connection
15:57:34.957 [Test worker] DEBUG o.h.e.j.i.LogicalConnectionImpl - Released JDBC connection
15:57:34.957 [Test worker] DEBUG o.s.orm.jpa.JpaTransactionManager - Creating new transaction with name [org.springframework.data.jpa.repository.support.SimpleJpaRepository.deleteAll]: PROPAGATION_REQUIRED,ISOLATION_DEFAULT; ''
15:57:34.960 [Test worker] DEBUG o.s.orm.jpa.JpaTransactionManager - Opened new EntityManager [org.hibernate.jpa.internal.EntityManagerImpl@4edde2e9] for JPA transaction
15:57:34.960 [Test worker] DEBUG o.h.e.t.spi.AbstractTransactionImpl - begin
15:57:34.960 [Test worker] DEBUG o.h.e.j.i.LogicalConnectionImpl - Obtaining JDBC connection
15:57:34.960 [Test worker] DEBUG o.s.j.d.DriverManagerDataSource - Creating new JDBC DriverManager Connection to [jdbc:mysql://mysql.mcscw3.le.ac.uk:3306/mic7]
15:57:34.974 [Test worker] DEBUG o.h.e.j.i.LogicalConnectionImpl - Obtained JDBC connection
15:57:34.974 [Test worker] DEBUG o.h.e.t.i.jdbc.JdbcTransaction - initial autocommit status: true
15:57:34.974 [Test worker] DEBUG o.h.e.t.i.jdbc.JdbcTransaction - disabling autocommit
15:57:34.975 [Test worker] DEBUG o.s.orm.jpa.JpaTransactionManager - Exposing JPA transaction as JDBC transaction [org.springframework.orm.jpa.vendor.HibernateJpaDialect$HibernateConnectionHandle@2c70a5e4]
15:57:34.975 [Test worker] DEBUG o.h.jpa.criteria.CriteriaQueryImpl - Rendered criteria query -> select generatedAlias0 from Request as generatedAlias0
15:57:34.975 [Test worker] DEBUG org.hibernate.SQL - select request0_.id as id1_0_, request0_.assessment as assessme2_0_, request0_.completion as completi3_0_, request0_.deadline as deadline4_0_, request0_.developer as develope5_0_, request0_.priority as priority6_0_, request0_.problem as problem7_0_, request0_.req_type as req_type8_0_, request0_.solution as solution9_0_, request0_.status as status10_0_, request0_.versionid as version11_0_ from requests request0_
15:57:34.977 [Test worker] DEBUG o.s.orm.jpa.JpaTransactionManager - Initiating transaction commit
15:57:34.977 [Test worker] DEBUG o.s.orm.jpa.JpaTransactionManager - Committing JPA transaction on EntityManager [org.hibernate.jpa.internal.EntityManagerImpl@4edde2e9]
15:57:34.977 [Test worker] DEBUG o.h.e.t.spi.AbstractTransactionImpl - committing
15:57:34.977 [Test worker] DEBUG o.h.e.t.i.jdbc.JdbcTransaction - committed JDBC Connection
15:57:34.977 [Test worker] DEBUG o.h.e.t.i.jdbc.JdbcTransaction - re-enabling autocommit
15:57:34.978 [Test worker] DEBUG o.s.orm.jpa.JpaTransactionManager - Closing JPA EntityManager [org.hibernate.jpa.internal.EntityManagerImpl@4edde2e9] after transaction
15:57:34.978 [Test worker] DEBUG o.s.o.jpa.EntityManagerFactoryUtils - Closing JPA EntityManager
15:57:34.978 [Test worker] DEBUG o.h.e.j.i.LogicalConnectionImpl - Releasing JDBC connection
15:57:34.978 [Test worker] DEBUG o.h.e.j.i.LogicalConnectionImpl - Released JDBC connection
15:57:34.978 [Test worker] DEBUG o.s.orm.jpa.JpaTransactionManager - Creating new transaction with name [org.springframework.data.jpa.repository.support.SimpleJpaRepository.deleteAll]: PROPAGATION_REQUIRED,ISOLATION_DEFAULT; ''
15:57:34.978 [Test worker] DEBUG o.s.orm.jpa.JpaTransactionManager - Opened new EntityManager [org.hibernate.jpa.internal.EntityManagerImpl@6c742ca5] for JPA transaction
15:57:34.978 [Test worker] DEBUG o.h.e.t.spi.AbstractTransactionImpl - begin
15:57:34.978 [Test worker] DEBUG o.h.e.j.i.LogicalConnectionImpl - Obtaining JDBC connection
15:57:34.978 [Test worker] DEBUG o.s.j.d.DriverManagerDataSource - Creating new JDBC DriverManager Connection to [jdbc:mysql://mysql.mcscw3.le.ac.uk:3306/mic7]
15:57:34.989 [Test worker] DEBUG o.h.e.j.i.LogicalConnectionImpl - Obtained JDBC connection
15:57:34.989 [Test worker] DEBUG o.h.e.t.i.jdbc.JdbcTransaction - initial autocommit status: true
15:57:34.989 [Test worker] DEBUG o.h.e.t.i.jdbc.JdbcTransaction - disabling autocommit
15:57:34.989 [Test worker] DEBUG o.s.orm.jpa.JpaTransactionManager - Exposing JPA transaction as JDBC transaction [org.springframework.orm.jpa.vendor.HibernateJpaDialect$HibernateConnectionHandle@524c1135]
15:57:34.989 [Test worker] DEBUG o.h.jpa.criteria.CriteriaQueryImpl - Rendered criteria query -> select generatedAlias0 from User as generatedAlias0
15:57:34.990 [Test worker] DEBUG org.hibernate.SQL - select user0_.id as id1_4_, user0_.enabled as enabled2_4_, user0_.login as login3_4_, user0_.password as password4_4_, user0_1_.role_id as role_id1_3_ from users user0_ left outer join user_roles user0_1_ on user0_.id=user0_1_.user_id
15:57:34.991 [Test worker] DEBUG o.s.orm.jpa.JpaTransactionManager - Initiating transaction commit
15:57:34.991 [Test worker] DEBUG o.s.orm.jpa.JpaTransactionManager - Committing JPA transaction on EntityManager [org.hibernate.jpa.internal.EntityManagerImpl@6c742ca5]
15:57:34.991 [Test worker] DEBUG o.h.e.t.spi.AbstractTransactionImpl - committing
15:57:34.992 [Test worker] DEBUG o.h.e.t.i.jdbc.JdbcTransaction - committed JDBC Connection
15:57:34.992 [Test worker] DEBUG o.h.e.t.i.jdbc.JdbcTransaction - re-enabling autocommit
15:57:34.992 [Test worker] DEBUG o.s.orm.jpa.JpaTransactionManager - Closing JPA EntityManager [org.hibernate.jpa.internal.EntityManagerImpl@6c742ca5] after transaction
15:57:34.992 [Test worker] DEBUG o.s.o.jpa.EntityManagerFactoryUtils - Closing JPA EntityManager
15:57:34.992 [Test worker] DEBUG o.h.e.j.i.LogicalConnectionImpl - Releasing JDBC connection
15:57:34.992 [Test worker] DEBUG o.h.e.j.i.LogicalConnectionImpl - Released JDBC connection
15:57:34.993 [Test worker] DEBUG o.s.orm.jpa.JpaTransactionManager - Creating new transaction with name [org.springframework.data.jpa.repository.support.SimpleJpaRepository.deleteAll]: PROPAGATION_REQUIRED,ISOLATION_DEFAULT; ''
15:57:34.993 [Test worker] DEBUG o.s.orm.jpa.JpaTransactionManager - Opened new EntityManager [org.hibernate.jpa.internal.EntityManagerImpl@4257ee02] for JPA transaction
15:57:34.993 [Test worker] DEBUG o.h.e.t.spi.AbstractTransactionImpl - begin
15:57:34.993 [Test worker] DEBUG o.h.e.j.i.LogicalConnectionImpl - Obtaining JDBC connection
15:57:34.993 [Test worker] DEBUG o.s.j.d.DriverManagerDataSource - Creating new JDBC DriverManager Connection to [jdbc:mysql://mysql.mcscw3.le.ac.uk:3306/mic7]
15:57:35.004 [Test worker] DEBUG o.h.e.j.i.LogicalConnectionImpl - Obtained JDBC connection
15:57:35.004 [Test worker] DEBUG o.h.e.t.i.jdbc.JdbcTransaction - initial autocommit status: true
15:57:35.004 [Test worker] DEBUG o.h.e.t.i.jdbc.JdbcTransaction - disabling autocommit
15:57:35.004 [Test worker] DEBUG o.s.orm.jpa.JpaTransactionManager - Exposing JPA transaction as JDBC transaction [org.springframework.orm.jpa.vendor.HibernateJpaDialect$HibernateConnectionHandle@787c6614]
15:57:35.005 [Test worker] DEBUG o.h.jpa.criteria.CriteriaQueryImpl - Rendered criteria query -> select generatedAlias0 from Request as generatedAlias0
15:57:35.005 [Test worker] DEBUG org.hibernate.SQL - select request0_.id as id1_0_, request0_.assessment as assessme2_0_, request0_.completion as completi3_0_, request0_.deadline as deadline4_0_, request0_.developer as develope5_0_, request0_.priority as priority6_0_, request0_.problem as problem7_0_, request0_.req_type as req_type8_0_, request0_.solution as solution9_0_, request0_.status as status10_0_, request0_.versionid as version11_0_ from requests request0_
15:57:35.006 [Test worker] DEBUG o.s.orm.jpa.JpaTransactionManager - Initiating transaction commit
15:57:35.006 [Test worker] DEBUG o.s.orm.jpa.JpaTransactionManager - Committing JPA transaction on EntityManager [org.hibernate.jpa.internal.EntityManagerImpl@4257ee02]
15:57:35.006 [Test worker] DEBUG o.h.e.t.spi.AbstractTransactionImpl - committing
15:57:35.007 [Test worker] DEBUG o.h.e.t.i.jdbc.JdbcTransaction - committed JDBC Connection
15:57:35.007 [Test worker] DEBUG o.h.e.t.i.jdbc.JdbcTransaction - re-enabling autocommit
15:57:35.007 [Test worker] DEBUG o.s.orm.jpa.JpaTransactionManager - Closing JPA EntityManager [org.hibernate.jpa.internal.EntityManagerImpl@4257ee02] after transaction
15:57:35.008 [Test worker] DEBUG o.s.o.jpa.EntityManagerFactoryUtils - Closing JPA EntityManager
15:57:35.008 [Test worker] DEBUG o.h.e.j.i.LogicalConnectionImpl - Releasing JDBC connection
15:57:35.008 [Test worker] DEBUG o.h.e.j.i.LogicalConnectionImpl - Released JDBC connection
15:57:35.008 [Test worker] DEBUG o.s.orm.jpa.JpaTransactionManager - Creating new transaction with name [org.springframework.data.jpa.repository.support.SimpleJpaRepository.deleteAll]: PROPAGATION_REQUIRED,ISOLATION_DEFAULT; ''
15:57:35.008 [Test worker] DEBUG o.s.orm.jpa.JpaTransactionManager - Opened new EntityManager [org.hibernate.jpa.internal.EntityManagerImpl@457eb1f6] for JPA transaction
15:57:35.008 [Test worker] DEBUG o.h.e.t.spi.AbstractTransactionImpl - begin
15:57:35.008 [Test worker] DEBUG o.h.e.j.i.LogicalConnectionImpl - Obtaining JDBC connection
15:57:35.008 [Test worker] DEBUG o.s.j.d.DriverManagerDataSource - Creating new JDBC DriverManager Connection to [jdbc:mysql://mysql.mcscw3.le.ac.uk:3306/mic7]
15:57:35.018 [Test worker] DEBUG o.h.e.j.i.LogicalConnectionImpl - Obtained JDBC connection
15:57:35.018 [Test worker] DEBUG o.h.e.t.i.jdbc.JdbcTransaction - initial autocommit status: true
15:57:35.018 [Test worker] DEBUG o.h.e.t.i.jdbc.JdbcTransaction - disabling autocommit
15:57:35.019 [Test worker] DEBUG o.s.orm.jpa.JpaTransactionManager - Exposing JPA transaction as JDBC transaction [org.springframework.orm.jpa.vendor.HibernateJpaDialect$HibernateConnectionHandle@794ef819]
15:57:35.019 [Test worker] DEBUG o.h.jpa.criteria.CriteriaQueryImpl - Rendered criteria query -> select generatedAlias0 from User as generatedAlias0
15:57:35.019 [Test worker] DEBUG org.hibernate.SQL - select user0_.id as id1_4_, user0_.enabled as enabled2_4_, user0_.login as login3_4_, user0_.password as password4_4_, user0_1_.role_id as role_id1_3_ from users user0_ left outer join user_roles user0_1_ on user0_.id=user0_1_.user_id
15:57:35.021 [Test worker] DEBUG o.s.orm.jpa.JpaTransactionManager - Initiating transaction commit
15:57:35.021 [Test worker] DEBUG o.s.orm.jpa.JpaTransactionManager - Committing JPA transaction on EntityManager [org.hibernate.jpa.internal.EntityManagerImpl@457eb1f6]
15:57:35.021 [Test worker] DEBUG o.h.e.t.spi.AbstractTransactionImpl - committing
15:57:35.022 [Test worker] DEBUG o.h.e.t.i.jdbc.JdbcTransaction - committed JDBC Connection
15:57:35.022 [Test worker] DEBUG o.h.e.t.i.jdbc.JdbcTransaction - re-enabling autocommit
15:57:35.022 [Test worker] DEBUG o.s.orm.jpa.JpaTransactionManager - Closing JPA EntityManager [org.hibernate.jpa.internal.EntityManagerImpl@457eb1f6] after transaction
15:57:35.022 [Test worker] DEBUG o.s.o.jpa.EntityManagerFactoryUtils - Closing JPA EntityManager
15:57:35.022 [Test worker] DEBUG o.h.e.j.i.LogicalConnectionImpl - Releasing JDBC connection
15:57:35.022 [Test worker] DEBUG o.h.e.j.i.LogicalConnectionImpl - Released JDBC connection
15:57:35.023 [Test worker] DEBUG o.s.d.r.c.s.TransactionalRepositoryProxyPostProcessor$CustomAnnotationTransactionAttributeSource - Adding transactional method 'deleteAll' with attribute: PROPAGATION_REQUIRED,ISOLATION_DEFAULT; ''
15:57:35.023 [Test worker] DEBUG o.s.b.f.s.DefaultListableBeanFactory - Returning cached instance of singleton bean 'transactionManager'
15:57:35.023 [Test worker] DEBUG o.s.orm.jpa.JpaTransactionManager - Creating new transaction with name [org.springframework.data.jpa.repository.support.SimpleJpaRepository.deleteAll]: PROPAGATION_REQUIRED,ISOLATION_DEFAULT; ''
15:57:35.023 [Test worker] DEBUG o.s.orm.jpa.JpaTransactionManager - Opened new EntityManager [org.hibernate.jpa.internal.EntityManagerImpl@7bec92e8] for JPA transaction
15:57:35.023 [Test worker] DEBUG o.h.e.t.spi.AbstractTransactionImpl - begin
15:57:35.023 [Test worker] DEBUG o.h.e.j.i.LogicalConnectionImpl - Obtaining JDBC connection
15:57:35.023 [Test worker] DEBUG o.s.j.d.DriverManagerDataSource - Creating new JDBC DriverManager Connection to [jdbc:mysql://mysql.mcscw3.le.ac.uk:3306/mic7]
15:57:35.034 [Test worker] DEBUG o.h.e.j.i.LogicalConnectionImpl - Obtained JDBC connection
15:57:35.034 [Test worker] DEBUG o.h.e.t.i.jdbc.JdbcTransaction - initial autocommit status: true
15:57:35.034 [Test worker] DEBUG o.h.e.t.i.jdbc.JdbcTransaction - disabling autocommit
15:57:35.034 [Test worker] DEBUG o.s.orm.jpa.JpaTransactionManager - Exposing JPA transaction as JDBC transaction [org.springframework.orm.jpa.vendor.HibernateJpaDialect$HibernateConnectionHandle@5e220d1d]
15:57:35.035 [Test worker] DEBUG o.h.jpa.criteria.CriteriaQueryImpl - Rendered criteria query -> select generatedAlias0 from Version as generatedAlias0
15:57:35.035 [Test worker] DEBUG o.h.h.i.ast.QueryTranslatorImpl - parse() - HQL: select generatedAlias0 from webAppProject.domain.Version as generatedAlias0
15:57:35.036 [Test worker] DEBUG o.h.h.i.ast.QueryTranslatorImpl - --- HQL AST ---
 \-[QUERY] Node: 'query'
    \-[SELECT_FROM] Node: 'SELECT_FROM'
       +-[FROM] Node: 'from'
       |  \-[RANGE] Node: 'RANGE'
       |     +-[DOT] Node: '.'
       |     |  +-[DOT] Node: '.'
       |     |  |  +-[IDENT] Node: 'webAppProject'
       |     |  |  \-[IDENT] Node: 'domain'
       |     |  \-[IDENT] Node: 'Version'
       |     \-[ALIAS] Node: 'generatedAlias0'
       \-[SELECT] Node: 'select'
          \-[IDENT] Node: 'generatedAlias0'

15:57:35.036 [Test worker] DEBUG o.h.hql.internal.ast.ErrorCounter - throwQueryException() : no errors
15:57:35.036 [Test worker] DEBUG o.h.h.i.antlr.HqlSqlBaseWalker - select << begin [level=1, statement=select]
15:57:35.036 [Test worker] DEBUG o.h.h.internal.ast.tree.FromElement - FromClause{level=1} : webAppProject.domain.Version (generatedAlias0) -> version0_
15:57:35.036 [Test worker] DEBUG o.h.h.i.ast.tree.FromReferenceNode - Resolved : generatedAlias0 -> version0_.id
15:57:35.036 [Test worker] DEBUG o.h.h.i.antlr.HqlSqlBaseWalker - select : finishing up [level=1, statement=select]
15:57:35.036 [Test worker] DEBUG o.h.hql.internal.ast.HqlSqlWalker - processQuery() :  ( SELECT ( {select clause} version0_.id ) ( FromClause{level=1} version version0_ ) )
15:57:35.036 [Test worker] DEBUG o.h.h.i.ast.util.JoinProcessor - Using FROM fragment [version version0_]
15:57:35.036 [Test worker] DEBUG o.h.h.i.antlr.HqlSqlBaseWalker - select >> end [level=1, statement=select]
15:57:35.036 [Test worker] DEBUG o.h.h.i.ast.QueryTranslatorImpl - --- SQL AST ---
 \-[SELECT] QueryNode: 'SELECT'  querySpaces (version)
    +-[SELECT_CLAUSE] SelectClause: '{select clause}'
    |  +-[ALIAS_REF] IdentNode: 'version0_.id as id1_5_' {alias=generatedAlias0, className=webAppProject.domain.Version, tableAlias=version0_}
    |  \-[SQL_TOKEN] SqlFragment: 'version0_.description as descript2_5_, version0_.sciid as sciid4_5_, version0_.version as version3_5_'
    \-[FROM] FromClause: 'from' FromClause{level=1, fromElementCounter=1, fromElements=1, fromElementByClassAlias=[generatedAlias0], fromElementByTableAlias=[version0_], fromElementsByPath=[], collectionJoinFromElementsByPath=[], impliedElements=[]}
       \-[FROM_FRAGMENT] FromElement: 'version version0_' FromElement{explicit,not a collection join,not a fetch join,fetch non-lazy properties,classAlias=generatedAlias0,role=null,tableName=version,tableAlias=version0_,origin=null,columns={,className=webAppProject.domain.Version}}

15:57:35.036 [Test worker] DEBUG o.h.hql.internal.ast.ErrorCounter - throwQueryException() : no errors
15:57:35.036 [Test worker] DEBUG o.h.h.i.ast.QueryTranslatorImpl - HQL: select generatedAlias0 from webAppProject.domain.Version as generatedAlias0
15:57:35.036 [Test worker] DEBUG o.h.h.i.ast.QueryTranslatorImpl - SQL: select version0_.id as id1_5_, version0_.description as descript2_5_, version0_.sciid as sciid4_5_, version0_.version as version3_5_ from version version0_
15:57:35.036 [Test worker] DEBUG o.h.hql.internal.ast.ErrorCounter - throwQueryException() : no errors
15:57:35.036 [Test worker] DEBUG o.s.d.j.r.s.CrudMethodMetadataPostProcessor$ThreadBoundTargetSource - Initializing lazy target object
15:57:35.037 [Test worker] DEBUG org.hibernate.SQL - select version0_.id as id1_5_, version0_.description as descript2_5_, version0_.sciid as sciid4_5_, version0_.version as version3_5_ from version version0_
15:57:35.037 [Test worker] DEBUG org.hibernate.loader.Loader - Result set row: 0
15:57:35.037 [Test worker] DEBUG org.hibernate.loader.Loader - Result row: EntityKey[webAppProject.domain.Version#1]
15:57:35.038 [Test worker] DEBUG o.h.engine.internal.TwoPhaseLoad - Resolving associations for [webAppProject.domain.Version#1]
15:57:35.038 [Test worker] DEBUG o.h.engine.internal.TwoPhaseLoad - Done materializing entity [webAppProject.domain.Version#1]
15:57:35.038 [Test worker] DEBUG o.s.orm.jpa.JpaTransactionManager - Initiating transaction commit
15:57:35.038 [Test worker] DEBUG o.s.orm.jpa.JpaTransactionManager - Committing JPA transaction on EntityManager [org.hibernate.jpa.internal.EntityManagerImpl@7bec92e8]
15:57:35.038 [Test worker] DEBUG o.h.e.t.spi.AbstractTransactionImpl - committing
15:57:35.038 [Test worker] DEBUG o.h.e.i.AbstractFlushingEventListener - Processing flush-time cascades
15:57:35.038 [Test worker] DEBUG o.h.e.i.AbstractFlushingEventListener - Dirty checking collections
15:57:35.038 [Test worker] DEBUG o.h.e.i.AbstractFlushingEventListener - Flushed: 0 insertions, 0 updates, 1 deletions to 1 objects
15:57:35.038 [Test worker] DEBUG o.h.e.i.AbstractFlushingEventListener - Flushed: 0 (re)creations, 0 updates, 0 removals to 0 collections
15:57:35.039 [Test worker] DEBUG o.h.internal.util.EntityPrinter - Listing entities:
15:57:35.039 [Test worker] DEBUG o.h.internal.util.EntityPrinter - webAppProject.domain.Version{sci=null, description=null, id=1, version=version_1}
15:57:35.039 [Test worker] DEBUG org.hibernate.SQL - delete from version where id=?
15:57:35.047 [Test worker] DEBUG o.h.e.t.i.jdbc.JdbcTransaction - committed JDBC Connection
15:57:35.047 [Test worker] DEBUG o.h.e.t.i.jdbc.JdbcTransaction - re-enabling autocommit
15:57:35.050 [Test worker] DEBUG o.s.orm.jpa.JpaTransactionManager - Closing JPA EntityManager [org.hibernate.jpa.internal.EntityManagerImpl@7bec92e8] after transaction
15:57:35.050 [Test worker] DEBUG o.s.o.jpa.EntityManagerFactoryUtils - Closing JPA EntityManager
15:57:35.050 [Test worker] DEBUG o.h.e.j.internal.JdbcCoordinatorImpl - HHH000420: Closing un-released batch
15:57:35.050 [Test worker] DEBUG o.h.e.j.i.LogicalConnectionImpl - Releasing JDBC connection
15:57:35.050 [Test worker] DEBUG o.h.e.j.i.LogicalConnectionImpl - Released JDBC connection
15:57:35.050 [Test worker] DEBUG o.s.d.r.c.s.TransactionalRepositoryProxyPostProcessor$CustomAnnotationTransactionAttributeSource - Adding transactional method 'deleteAll' with attribute: PROPAGATION_REQUIRED,ISOLATION_DEFAULT; ''
15:57:35.051 [Test worker] DEBUG o.s.b.f.s.DefaultListableBeanFactory - Returning cached instance of singleton bean 'transactionManager'
15:57:35.051 [Test worker] DEBUG o.s.orm.jpa.JpaTransactionManager - Creating new transaction with name [org.springframework.data.jpa.repository.support.SimpleJpaRepository.deleteAll]: PROPAGATION_REQUIRED,ISOLATION_DEFAULT; ''
15:57:35.051 [Test worker] DEBUG o.s.orm.jpa.JpaTransactionManager - Opened new EntityManager [org.hibernate.jpa.internal.EntityManagerImpl@ec7f46b] for JPA transaction
15:57:35.051 [Test worker] DEBUG o.h.e.t.spi.AbstractTransactionImpl - begin
15:57:35.051 [Test worker] DEBUG o.h.e.j.i.LogicalConnectionImpl - Obtaining JDBC connection
15:57:35.051 [Test worker] DEBUG o.s.j.d.DriverManagerDataSource - Creating new JDBC DriverManager Connection to [jdbc:mysql://mysql.mcscw3.le.ac.uk:3306/mic7]
15:57:35.061 [Test worker] DEBUG o.h.e.j.i.LogicalConnectionImpl - Obtained JDBC connection
15:57:35.061 [Test worker] DEBUG o.h.e.t.i.jdbc.JdbcTransaction - initial autocommit status: true
15:57:35.061 [Test worker] DEBUG o.h.e.t.i.jdbc.JdbcTransaction - disabling autocommit
15:57:35.062 [Test worker] DEBUG o.s.orm.jpa.JpaTransactionManager - Exposing JPA transaction as JDBC transaction [org.springframework.orm.jpa.vendor.HibernateJpaDialect$HibernateConnectionHandle@7d63af72]
15:57:35.062 [Test worker] DEBUG o.h.jpa.criteria.CriteriaQueryImpl - Rendered criteria query -> select generatedAlias0 from SCI as generatedAlias0
15:57:35.062 [Test worker] DEBUG o.h.h.i.ast.QueryTranslatorImpl - parse() - HQL: select generatedAlias0 from webAppProject.domain.SCI as generatedAlias0
15:57:35.063 [Test worker] DEBUG o.h.h.i.ast.QueryTranslatorImpl - --- HQL AST ---
 \-[QUERY] Node: 'query'
    \-[SELECT_FROM] Node: 'SELECT_FROM'
       +-[FROM] Node: 'from'
       |  \-[RANGE] Node: 'RANGE'
       |     +-[DOT] Node: '.'
       |     |  +-[DOT] Node: '.'
       |     |  |  +-[IDENT] Node: 'webAppProject'
       |     |  |  \-[IDENT] Node: 'domain'
       |     |  \-[IDENT] Node: 'SCI'
       |     \-[ALIAS] Node: 'generatedAlias0'
       \-[SELECT] Node: 'select'
          \-[IDENT] Node: 'generatedAlias0'

15:57:35.063 [Test worker] DEBUG o.h.hql.internal.ast.ErrorCounter - throwQueryException() : no errors
15:57:35.063 [Test worker] DEBUG o.h.h.i.antlr.HqlSqlBaseWalker - select << begin [level=1, statement=select]
15:57:35.064 [Test worker] DEBUG o.h.h.internal.ast.tree.FromElement - FromClause{level=1} : webAppProject.domain.SCI (generatedAlias0) -> sci0_
15:57:35.064 [Test worker] DEBUG o.h.h.i.ast.tree.FromReferenceNode - Resolved : generatedAlias0 -> sci0_.id
15:57:35.064 [Test worker] DEBUG o.h.h.i.antlr.HqlSqlBaseWalker - select : finishing up [level=1, statement=select]
15:57:35.064 [Test worker] DEBUG o.h.hql.internal.ast.HqlSqlWalker - processQuery() :  ( SELECT ( {select clause} sci0_.id ) ( FromClause{level=1} sci sci0_ ) )
15:57:35.064 [Test worker] DEBUG o.h.h.i.ast.util.JoinProcessor - Using FROM fragment [sci sci0_]
15:57:35.064 [Test worker] DEBUG o.h.h.i.antlr.HqlSqlBaseWalker - select >> end [level=1, statement=select]
15:57:35.064 [Test worker] DEBUG o.h.h.i.ast.QueryTranslatorImpl - --- SQL AST ---
 \-[SELECT] QueryNode: 'SELECT'  querySpaces (sci)
    +-[SELECT_CLAUSE] SelectClause: '{select clause}'
    |  +-[ALIAS_REF] IdentNode: 'sci0_.id as id1_2_' {alias=generatedAlias0, className=webAppProject.domain.SCI, tableAlias=sci0_}
    |  \-[SQL_TOKEN] SqlFragment: 'sci0_.name as name2_2_'
    \-[FROM] FromClause: 'from' FromClause{level=1, fromElementCounter=1, fromElements=1, fromElementByClassAlias=[generatedAlias0], fromElementByTableAlias=[sci0_], fromElementsByPath=[], collectionJoinFromElementsByPath=[], impliedElements=[]}
       \-[FROM_FRAGMENT] FromElement: 'sci sci0_' FromElement{explicit,not a collection join,not a fetch join,fetch non-lazy properties,classAlias=generatedAlias0,role=null,tableName=sci,tableAlias=sci0_,origin=null,columns={,className=webAppProject.domain.SCI}}

15:57:35.065 [Test worker] DEBUG o.h.hql.internal.ast.ErrorCounter - throwQueryException() : no errors
15:57:35.065 [Test worker] DEBUG o.h.h.i.ast.QueryTranslatorImpl - HQL: select generatedAlias0 from webAppProject.domain.SCI as generatedAlias0
15:57:35.065 [Test worker] DEBUG o.h.h.i.ast.QueryTranslatorImpl - SQL: select sci0_.id as id1_2_, sci0_.name as name2_2_ from sci sci0_
15:57:35.065 [Test worker] DEBUG o.h.hql.internal.ast.ErrorCounter - throwQueryException() : no errors
15:57:35.065 [Test worker] DEBUG o.s.d.j.r.s.CrudMethodMetadataPostProcessor$ThreadBoundTargetSource - Initializing lazy target object
15:57:35.065 [Test worker] DEBUG org.hibernate.SQL - select sci0_.id as id1_2_, sci0_.name as name2_2_ from sci sci0_
15:57:35.067 [Test worker] DEBUG o.s.orm.jpa.JpaTransactionManager - Initiating transaction commit
15:57:35.067 [Test worker] DEBUG o.s.orm.jpa.JpaTransactionManager - Committing JPA transaction on EntityManager [org.hibernate.jpa.internal.EntityManagerImpl@ec7f46b]
15:57:35.067 [Test worker] DEBUG o.h.e.t.spi.AbstractTransactionImpl - committing
15:57:35.067 [Test worker] DEBUG o.h.e.t.i.jdbc.JdbcTransaction - committed JDBC Connection
15:57:35.067 [Test worker] DEBUG o.h.e.t.i.jdbc.JdbcTransaction - re-enabling autocommit
15:57:35.068 [Test worker] DEBUG o.s.orm.jpa.JpaTransactionManager - Closing JPA EntityManager [org.hibernate.jpa.internal.EntityManagerImpl@ec7f46b] after transaction
15:57:35.068 [Test worker] DEBUG o.s.o.jpa.EntityManagerFactoryUtils - Closing JPA EntityManager
15:57:35.068 [Test worker] DEBUG o.h.e.j.i.LogicalConnectionImpl - Releasing JDBC connection
15:57:35.068 [Test worker] DEBUG o.h.e.j.i.LogicalConnectionImpl - Released JDBC connection
15:57:35.082 [Test worker] DEBUG o.s.t.c.s.DirtiesContextTestExecutionListener - After test class: context [DefaultTestContext@6f6037fc testClass = CompleteRequestSteps, testInstance = [null], testMethod = [null], testException = [null], mergedContextConfiguration = [WebMergedContextConfiguration@12f95c20 testClass = CompleteRequestSteps, locations = '{}', classes = '{class webAppProject.webAppProjectApplication, class webAppProject.SecurityConfig, class webAppProject.WebConfig}', contextInitializerClasses = '[]', activeProfiles = '{}', propertySourceLocations = '{}', propertySourceProperties = '{}', resourceBasePath = 'src/main/webapp', contextLoader = 'org.springframework.test.context.web.WebDelegatingSmartContextLoader', parent = [null]]], class annotated with @DirtiesContext [false] with mode [null].
15:57:35.149 [Test worker] DEBUG o.s.t.w.s.TestDispatcherServlet - DispatcherServlet with name '' processing POST request for [/evalRequest]
15:57:35.149 [Test worker] DEBUG o.s.w.s.m.m.a.RequestMappingHandlerMapping - Looking up handler method for path /evalRequest
15:57:35.149 [Test worker] DEBUG o.s.w.s.m.m.a.RequestMappingHandlerMapping - Returning handler method [public java.lang.String webAppProject.controller.RequestController.evaluateRequest(java.lang.String,java.lang.String,java.lang.String,java.lang.String,java.lang.String,java.lang.String)]
15:57:35.149 [Test worker] DEBUG o.s.b.f.s.DefaultListableBeanFactory - Returning cached instance of singleton bean 'requestController'
15:57:35.149 [Test worker] DEBUG o.s.o.j.s.OpenEntityManagerInViewInterceptor - Opening JPA EntityManager in OpenEntityManagerInViewInterceptor
15:57:35.150 [Test worker] DEBUG o.h.jpa.criteria.CriteriaQueryImpl - Rendered criteria query -> select generatedAlias0 from Request as generatedAlias0 where generatedAlias0.problem=:param0
15:57:35.150 [Test worker] DEBUG org.hibernate.SQL - select request0_.id as id1_0_, request0_.assessment as assessme2_0_, request0_.completion as completi3_0_, request0_.deadline as deadline4_0_, request0_.developer as develope5_0_, request0_.priority as priority6_0_, request0_.problem as problem7_0_, request0_.req_type as req_type8_0_, request0_.solution as solution9_0_, request0_.status as status10_0_, request0_.versionid as version11_0_ from requests request0_ where request0_.problem=?
15:57:35.150 [Test worker] DEBUG o.h.e.j.i.LogicalConnectionImpl - Obtaining JDBC connection
15:57:35.150 [Test worker] DEBUG o.s.j.d.DriverManagerDataSource - Creating new JDBC DriverManager Connection to [jdbc:mysql://mysql.mcscw3.le.ac.uk:3306/mic7]
15:57:35.161 [Test worker] DEBUG o.h.e.j.i.LogicalConnectionImpl - Obtained JDBC connection
15:57:35.164 [Test worker] DEBUG org.hibernate.loader.Loader - Result set row: 0
15:57:35.164 [Test worker] DEBUG org.hibernate.loader.Loader - Result row: EntityKey[webAppProject.domain.Request#2]
15:57:35.164 [Test worker] DEBUG o.h.engine.internal.TwoPhaseLoad - Resolving associations for [webAppProject.domain.Request#2]
15:57:35.164 [Test worker] DEBUG o.h.engine.internal.TwoPhaseLoad - Done materializing entity [webAppProject.domain.Request#2]
15:57:35.166 [Test worker] DEBUG o.s.orm.jpa.JpaTransactionManager - Found thread-bound EntityManager [org.hibernate.jpa.internal.EntityManagerImpl@6126837d] for JPA transaction
15:57:35.166 [Test worker] DEBUG o.s.orm.jpa.JpaTransactionManager - Creating new transaction with name [org.springframework.data.jpa.repository.support.SimpleJpaRepository.save]: PROPAGATION_REQUIRED,ISOLATION_DEFAULT; ''
15:57:35.166 [Test worker] DEBUG o.h.e.t.spi.AbstractTransactionImpl - begin
15:57:35.166 [Test worker] DEBUG o.h.e.t.i.jdbc.JdbcTransaction - initial autocommit status: true
15:57:35.166 [Test worker] DEBUG o.h.e.t.i.jdbc.JdbcTransaction - disabling autocommit
15:57:35.167 [Test worker] DEBUG o.s.orm.jpa.JpaTransactionManager - Exposing JPA transaction as JDBC transaction [org.springframework.orm.jpa.vendor.HibernateJpaDialect$HibernateConnectionHandle@2723a68b]
15:57:35.167 [Test worker] DEBUG o.s.orm.jpa.JpaTransactionManager - Initiating transaction commit
15:57:35.167 [Test worker] DEBUG o.s.orm.jpa.JpaTransactionManager - Committing JPA transaction on EntityManager [org.hibernate.jpa.internal.EntityManagerImpl@6126837d]
15:57:35.168 [Test worker] DEBUG o.h.e.t.spi.AbstractTransactionImpl - committing
15:57:35.168 [Test worker] DEBUG o.h.e.i.AbstractFlushingEventListener - Processing flush-time cascades
15:57:35.168 [Test worker] DEBUG o.h.e.i.AbstractFlushingEventListener - Dirty checking collections
15:57:35.168 [Test worker] DEBUG o.h.e.i.AbstractFlushingEventListener - Flushed: 0 insertions, 1 updates, 0 deletions to 1 objects
15:57:35.168 [Test worker] DEBUG o.h.e.i.AbstractFlushingEventListener - Flushed: 0 (re)creations, 0 updates, 0 removals to 0 collections
15:57:35.168 [Test worker] DEBUG o.h.internal.util.EntityPrinter - Listing entities:
15:57:35.168 [Test worker] DEBUG o.h.internal.util.EntityPrinter - webAppProject.domain.Request{assessment=, completion=null, problem=Fault, solution=solution, reqType=Fault, developer=A, id=2, deadline=17-11-2015, priority=high, version=null, status=accepted}
15:57:35.168 [Test worker] DEBUG org.hibernate.SQL - update requests set assessment=?, completion=?, deadline=?, developer=?, priority=?, problem=?, req_type=?, solution=?, status=?, versionid=? where id=?
15:57:35.172 [Test worker] DEBUG o.h.e.t.i.jdbc.JdbcTransaction - committed JDBC Connection
15:57:35.172 [Test worker] DEBUG o.h.e.t.i.jdbc.JdbcTransaction - re-enabling autocommit
15:57:35.173 [Test worker] DEBUG o.s.orm.jpa.JpaTransactionManager - Not closing pre-bound JPA EntityManager after transaction
15:57:35.173 [Test worker] DEBUG o.s.t.w.s.TestDispatcherServlet - Rendering view [org.springframework.web.servlet.view.RedirectView: name 'redirect:/evaluate-request'; URL [/evaluate-request]] in DispatcherServlet with name ''
15:57:35.173 [Test worker] DEBUG o.s.b.f.s.DefaultListableBeanFactory - Returning cached instance of singleton bean 'requestDataValueProcessor'
15:57:35.173 [Test worker] DEBUG o.s.o.j.s.OpenEntityManagerInViewInterceptor - Closing JPA EntityManager in OpenEntityManagerInViewInterceptor
15:57:35.174 [Test worker] DEBUG o.s.o.jpa.EntityManagerFactoryUtils - Closing JPA EntityManager
15:57:35.174 [Test worker] DEBUG o.h.e.j.internal.JdbcCoordinatorImpl - HHH000420: Closing un-released batch
15:57:35.174 [Test worker] DEBUG o.h.e.j.i.LogicalConnectionImpl - Releasing JDBC connection
15:57:35.174 [Test worker] DEBUG o.h.e.j.i.LogicalConnectionImpl - Released JDBC connection
15:57:35.174 [Test worker] DEBUG o.s.t.w.s.TestDispatcherServlet - Successfully completed request
15:57:35.177 [Test worker] DEBUG o.s.orm.jpa.JpaTransactionManager - Creating new transaction with name [org.springframework.data.jpa.repository.support.SimpleJpaRepository.deleteAll]: PROPAGATION_REQUIRED,ISOLATION_DEFAULT; ''
15:57:35.177 [Test worker] DEBUG o.s.orm.jpa.JpaTransactionManager - Opened new EntityManager [org.hibernate.jpa.internal.EntityManagerImpl@7f99f9a5] for JPA transaction
15:57:35.177 [Test worker] DEBUG o.h.e.t.spi.AbstractTransactionImpl - begin
15:57:35.177 [Test worker] DEBUG o.h.e.j.i.LogicalConnectionImpl - Obtaining JDBC connection
15:57:35.177 [Test worker] DEBUG o.s.j.d.DriverManagerDataSource - Creating new JDBC DriverManager Connection to [jdbc:mysql://mysql.mcscw3.le.ac.uk:3306/mic7]
15:57:35.188 [Test worker] DEBUG o.h.e.j.i.LogicalConnectionImpl - Obtained JDBC connection
15:57:35.188 [Test worker] DEBUG o.h.e.t.i.jdbc.JdbcTransaction - initial autocommit status: true
15:57:35.188 [Test worker] DEBUG o.h.e.t.i.jdbc.JdbcTransaction - disabling autocommit
15:57:35.189 [Test worker] DEBUG o.s.orm.jpa.JpaTransactionManager - Exposing JPA transaction as JDBC transaction [org.springframework.orm.jpa.vendor.HibernateJpaDialect$HibernateConnectionHandle@4e3e9808]
15:57:35.189 [Test worker] DEBUG o.h.jpa.criteria.CriteriaQueryImpl - Rendered criteria query -> select generatedAlias0 from Request as generatedAlias0
15:57:35.189 [Test worker] DEBUG org.hibernate.SQL - select request0_.id as id1_0_, request0_.assessment as assessme2_0_, request0_.completion as completi3_0_, request0_.deadline as deadline4_0_, request0_.developer as develope5_0_, request0_.priority as priority6_0_, request0_.problem as problem7_0_, request0_.req_type as req_type8_0_, request0_.solution as solution9_0_, request0_.status as status10_0_, request0_.versionid as version11_0_ from requests request0_
15:57:35.190 [Test worker] DEBUG org.hibernate.loader.Loader - Result set row: 0
15:57:35.190 [Test worker] DEBUG org.hibernate.loader.Loader - Result row: EntityKey[webAppProject.domain.Request#2]
15:57:35.190 [Test worker] DEBUG o.h.engine.internal.TwoPhaseLoad - Resolving associations for [webAppProject.domain.Request#2]
15:57:35.191 [Test worker] DEBUG o.h.engine.internal.TwoPhaseLoad - Done materializing entity [webAppProject.domain.Request#2]
15:57:35.191 [Test worker] DEBUG o.s.orm.jpa.JpaTransactionManager - Initiating transaction commit
15:57:35.192 [Test worker] DEBUG o.s.orm.jpa.JpaTransactionManager - Committing JPA transaction on EntityManager [org.hibernate.jpa.internal.EntityManagerImpl@7f99f9a5]
15:57:35.192 [Test worker] DEBUG o.h.e.t.spi.AbstractTransactionImpl - committing
15:57:35.192 [Test worker] DEBUG o.h.e.i.AbstractFlushingEventListener - Processing flush-time cascades
15:57:35.192 [Test worker] DEBUG o.h.e.i.AbstractFlushingEventListener - Dirty checking collections
15:57:35.192 [Test worker] DEBUG o.h.e.i.AbstractFlushingEventListener - Flushed: 0 insertions, 0 updates, 1 deletions to 1 objects
15:57:35.192 [Test worker] DEBUG o.h.e.i.AbstractFlushingEventListener - Flushed: 0 (re)creations, 0 updates, 0 removals to 0 collections
15:57:35.192 [Test worker] DEBUG o.h.internal.util.EntityPrinter - Listing entities:
15:57:35.192 [Test worker] DEBUG o.h.internal.util.EntityPrinter - webAppProject.domain.Request{assessment=, completion=null, problem=Fault, solution=solution, reqType=Fault, developer=A, id=2, deadline=17-11-2015, priority=high, version=null, status=accepted}
15:57:35.192 [Test worker] DEBUG org.hibernate.SQL - delete from requests where id=?
15:57:35.196 [Test worker] DEBUG o.h.e.t.i.jdbc.JdbcTransaction - committed JDBC Connection
15:57:35.196 [Test worker] DEBUG o.h.e.t.i.jdbc.JdbcTransaction - re-enabling autocommit
15:57:35.197 [Test worker] DEBUG o.s.orm.jpa.JpaTransactionManager - Closing JPA EntityManager [org.hibernate.jpa.internal.EntityManagerImpl@7f99f9a5] after transaction
15:57:35.197 [Test worker] DEBUG o.s.o.jpa.EntityManagerFactoryUtils - Closing JPA EntityManager
15:57:35.197 [Test worker] DEBUG o.h.e.j.internal.JdbcCoordinatorImpl - HHH000420: Closing un-released batch
15:57:35.197 [Test worker] DEBUG o.h.e.j.i.LogicalConnectionImpl - Releasing JDBC connection
15:57:35.197 [Test worker] DEBUG o.h.e.j.i.LogicalConnectionImpl - Released JDBC connection
15:57:35.197 [Test worker] DEBUG o.s.orm.jpa.JpaTransactionManager - Creating new transaction with name [org.springframework.data.jpa.repository.support.SimpleJpaRepository.deleteAll]: PROPAGATION_REQUIRED,ISOLATION_DEFAULT; ''
15:57:35.197 [Test worker] DEBUG o.s.orm.jpa.JpaTransactionManager - Opened new EntityManager [org.hibernate.jpa.internal.EntityManagerImpl@343ac1fc] for JPA transaction
15:57:35.197 [Test worker] DEBUG o.h.e.t.spi.AbstractTransactionImpl - begin
15:57:35.197 [Test worker] DEBUG o.h.e.j.i.LogicalConnectionImpl - Obtaining JDBC connection
15:57:35.197 [Test worker] DEBUG o.s.j.d.DriverManagerDataSource - Creating new JDBC DriverManager Connection to [jdbc:mysql://mysql.mcscw3.le.ac.uk:3306/mic7]
15:57:35.209 [Test worker] DEBUG o.h.e.j.i.LogicalConnectionImpl - Obtained JDBC connection
15:57:35.209 [Test worker] DEBUG o.h.e.t.i.jdbc.JdbcTransaction - initial autocommit status: true
15:57:35.209 [Test worker] DEBUG o.h.e.t.i.jdbc.JdbcTransaction - disabling autocommit
15:57:35.209 [Test worker] DEBUG o.s.orm.jpa.JpaTransactionManager - Exposing JPA transaction as JDBC transaction [org.springframework.orm.jpa.vendor.HibernateJpaDialect$HibernateConnectionHandle@2ba9d6c0]
15:57:35.210 [Test worker] DEBUG o.h.jpa.criteria.CriteriaQueryImpl - Rendered criteria query -> select generatedAlias0 from User as generatedAlias0
15:57:35.210 [Test worker] DEBUG org.hibernate.SQL - select user0_.id as id1_4_, user0_.enabled as enabled2_4_, user0_.login as login3_4_, user0_.password as password4_4_, user0_1_.role_id as role_id1_3_ from users user0_ left outer join user_roles user0_1_ on user0_.id=user0_1_.user_id
15:57:35.212 [Test worker] DEBUG o.s.orm.jpa.JpaTransactionManager - Initiating transaction commit
15:57:35.212 [Test worker] DEBUG o.s.orm.jpa.JpaTransactionManager - Committing JPA transaction on EntityManager [org.hibernate.jpa.internal.EntityManagerImpl@343ac1fc]
15:57:35.212 [Test worker] DEBUG o.h.e.t.spi.AbstractTransactionImpl - committing
15:57:35.212 [Test worker] DEBUG o.h.e.t.i.jdbc.JdbcTransaction - committed JDBC Connection
15:57:35.212 [Test worker] DEBUG o.h.e.t.i.jdbc.JdbcTransaction - re-enabling autocommit
15:57:35.213 [Test worker] DEBUG o.s.orm.jpa.JpaTransactionManager - Closing JPA EntityManager [org.hibernate.jpa.internal.EntityManagerImpl@343ac1fc] after transaction
15:57:35.213 [Test worker] DEBUG o.s.o.jpa.EntityManagerFactoryUtils - Closing JPA EntityManager
15:57:35.213 [Test worker] DEBUG o.h.e.j.i.LogicalConnectionImpl - Releasing JDBC connection
15:57:35.214 [Test worker] DEBUG o.h.e.j.i.LogicalConnectionImpl - Released JDBC connection
15:57:35.214 [Test worker] DEBUG o.s.orm.jpa.JpaTransactionManager - Creating new transaction with name [org.springframework.data.jpa.repository.support.SimpleJpaRepository.deleteAll]: PROPAGATION_REQUIRED,ISOLATION_DEFAULT; ''
15:57:35.214 [Test worker] DEBUG o.s.orm.jpa.JpaTransactionManager - Opened new EntityManager [org.hibernate.jpa.internal.EntityManagerImpl@427f2b51] for JPA transaction
15:57:35.214 [Test worker] DEBUG o.h.e.t.spi.AbstractTransactionImpl - begin
15:57:35.214 [Test worker] DEBUG o.h.e.j.i.LogicalConnectionImpl - Obtaining JDBC connection
15:57:35.214 [Test worker] DEBUG o.s.j.d.DriverManagerDataSource - Creating new JDBC DriverManager Connection to [jdbc:mysql://mysql.mcscw3.le.ac.uk:3306/mic7]
15:57:35.224 [Test worker] DEBUG o.h.e.j.i.LogicalConnectionImpl - Obtained JDBC connection
15:57:35.224 [Test worker] DEBUG o.h.e.t.i.jdbc.JdbcTransaction - initial autocommit status: true
15:57:35.224 [Test worker] DEBUG o.h.e.t.i.jdbc.JdbcTransaction - disabling autocommit
15:57:35.225 [Test worker] DEBUG o.s.orm.jpa.JpaTransactionManager - Exposing JPA transaction as JDBC transaction [org.springframework.orm.jpa.vendor.HibernateJpaDialect$HibernateConnectionHandle@79e3c166]
15:57:35.225 [Test worker] DEBUG o.h.jpa.criteria.CriteriaQueryImpl - Rendered criteria query -> select generatedAlias0 from Request as generatedAlias0
15:57:35.225 [Test worker] DEBUG org.hibernate.SQL - select request0_.id as id1_0_, request0_.assessment as assessme2_0_, request0_.completion as completi3_0_, request0_.deadline as deadline4_0_, request0_.developer as develope5_0_, request0_.priority as priority6_0_, request0_.problem as problem7_0_, request0_.req_type as req_type8_0_, request0_.solution as solution9_0_, request0_.status as status10_0_, request0_.versionid as version11_0_ from requests request0_
15:57:35.227 [Test worker] DEBUG o.s.orm.jpa.JpaTransactionManager - Initiating transaction commit
15:57:35.227 [Test worker] DEBUG o.s.orm.jpa.JpaTransactionManager - Committing JPA transaction on EntityManager [org.hibernate.jpa.internal.EntityManagerImpl@427f2b51]
15:57:35.227 [Test worker] DEBUG o.h.e.t.spi.AbstractTransactionImpl - committing
15:57:35.227 [Test worker] DEBUG o.h.e.t.i.jdbc.JdbcTransaction - committed JDBC Connection
15:57:35.227 [Test worker] DEBUG o.h.e.t.i.jdbc.JdbcTransaction - re-enabling autocommit
15:57:35.227 [Test worker] DEBUG o.s.orm.jpa.JpaTransactionManager - Closing JPA EntityManager [org.hibernate.jpa.internal.EntityManagerImpl@427f2b51] after transaction
15:57:35.227 [Test worker] DEBUG o.s.o.jpa.EntityManagerFactoryUtils - Closing JPA EntityManager
15:57:35.227 [Test worker] DEBUG o.h.e.j.i.LogicalConnectionImpl - Releasing JDBC connection
15:57:35.228 [Test worker] DEBUG o.h.e.j.i.LogicalConnectionImpl - Released JDBC connection
15:57:35.228 [Test worker] DEBUG o.s.orm.jpa.JpaTransactionManager - Creating new transaction with name [org.springframework.data.jpa.repository.support.SimpleJpaRepository.deleteAll]: PROPAGATION_REQUIRED,ISOLATION_DEFAULT; ''
15:57:35.228 [Test worker] DEBUG o.s.orm.jpa.JpaTransactionManager - Opened new EntityManager [org.hibernate.jpa.internal.EntityManagerImpl@330dd425] for JPA transaction
15:57:35.228 [Test worker] DEBUG o.h.e.t.spi.AbstractTransactionImpl - begin
15:57:35.228 [Test worker] DEBUG o.h.e.j.i.LogicalConnectionImpl - Obtaining JDBC connection
15:57:35.228 [Test worker] DEBUG o.s.j.d.DriverManagerDataSource - Creating new JDBC DriverManager Connection to [jdbc:mysql://mysql.mcscw3.le.ac.uk:3306/mic7]
15:57:35.238 [Test worker] DEBUG o.h.e.j.i.LogicalConnectionImpl - Obtained JDBC connection
15:57:35.239 [Test worker] DEBUG o.h.e.t.i.jdbc.JdbcTransaction - initial autocommit status: true
15:57:35.239 [Test worker] DEBUG o.h.e.t.i.jdbc.JdbcTransaction - disabling autocommit
15:57:35.239 [Test worker] DEBUG o.s.orm.jpa.JpaTransactionManager - Exposing JPA transaction as JDBC transaction [org.springframework.orm.jpa.vendor.HibernateJpaDialect$HibernateConnectionHandle@4cb9b470]
15:57:35.239 [Test worker] DEBUG o.h.jpa.criteria.CriteriaQueryImpl - Rendered criteria query -> select generatedAlias0 from Request as generatedAlias0
15:57:35.239 [Test worker] DEBUG org.hibernate.SQL - select request0_.id as id1_0_, request0_.assessment as assessme2_0_, request0_.completion as completi3_0_, request0_.deadline as deadline4_0_, request0_.developer as develope5_0_, request0_.priority as priority6_0_, request0_.problem as problem7_0_, request0_.req_type as req_type8_0_, request0_.solution as solution9_0_, request0_.status as status10_0_, request0_.versionid as version11_0_ from requests request0_
15:57:35.241 [Test worker] DEBUG o.s.orm.jpa.JpaTransactionManager - Initiating transaction commit
15:57:35.241 [Test worker] DEBUG o.s.orm.jpa.JpaTransactionManager - Committing JPA transaction on EntityManager [org.hibernate.jpa.internal.EntityManagerImpl@330dd425]
15:57:35.241 [Test worker] DEBUG o.h.e.t.spi.AbstractTransactionImpl - committing
15:57:35.241 [Test worker] DEBUG o.h.e.t.i.jdbc.JdbcTransaction - committed JDBC Connection
15:57:35.241 [Test worker] DEBUG o.h.e.t.i.jdbc.JdbcTransaction - re-enabling autocommit
15:57:35.242 [Test worker] DEBUG o.s.orm.jpa.JpaTransactionManager - Closing JPA EntityManager [org.hibernate.jpa.internal.EntityManagerImpl@330dd425] after transaction
15:57:35.242 [Test worker] DEBUG o.s.o.jpa.EntityManagerFactoryUtils - Closing JPA EntityManager
15:57:35.242 [Test worker] DEBUG o.h.e.j.i.LogicalConnectionImpl - Releasing JDBC connection
15:57:35.242 [Test worker] DEBUG o.h.e.j.i.LogicalConnectionImpl - Released JDBC connection
15:57:35.242 [Test worker] DEBUG o.s.orm.jpa.JpaTransactionManager - Creating new transaction with name [org.springframework.data.jpa.repository.support.SimpleJpaRepository.deleteAll]: PROPAGATION_REQUIRED,ISOLATION_DEFAULT; ''
15:57:35.243 [Test worker] DEBUG o.s.orm.jpa.JpaTransactionManager - Opened new EntityManager [org.hibernate.jpa.internal.EntityManagerImpl@4578560b] for JPA transaction
15:57:35.243 [Test worker] DEBUG o.h.e.t.spi.AbstractTransactionImpl - begin
15:57:35.243 [Test worker] DEBUG o.h.e.j.i.LogicalConnectionImpl - Obtaining JDBC connection
15:57:35.243 [Test worker] DEBUG o.s.j.d.DriverManagerDataSource - Creating new JDBC DriverManager Connection to [jdbc:mysql://mysql.mcscw3.le.ac.uk:3306/mic7]
15:57:35.253 [Test worker] DEBUG o.h.e.j.i.LogicalConnectionImpl - Obtained JDBC connection
15:57:35.253 [Test worker] DEBUG o.h.e.t.i.jdbc.JdbcTransaction - initial autocommit status: true
15:57:35.253 [Test worker] DEBUG o.h.e.t.i.jdbc.JdbcTransaction - disabling autocommit
15:57:35.254 [Test worker] DEBUG o.s.orm.jpa.JpaTransactionManager - Exposing JPA transaction as JDBC transaction [org.springframework.orm.jpa.vendor.HibernateJpaDialect$HibernateConnectionHandle@10aa2917]
15:57:35.254 [Test worker] DEBUG o.h.jpa.criteria.CriteriaQueryImpl - Rendered criteria query -> select generatedAlias0 from User as generatedAlias0
15:57:35.254 [Test worker] DEBUG org.hibernate.SQL - select user0_.id as id1_4_, user0_.enabled as enabled2_4_, user0_.login as login3_4_, user0_.password as password4_4_, user0_1_.role_id as role_id1_3_ from users user0_ left outer join user_roles user0_1_ on user0_.id=user0_1_.user_id
15:57:35.256 [Test worker] DEBUG o.s.orm.jpa.JpaTransactionManager - Initiating transaction commit
15:57:35.256 [Test worker] DEBUG o.s.orm.jpa.JpaTransactionManager - Committing JPA transaction on EntityManager [org.hibernate.jpa.internal.EntityManagerImpl@4578560b]
15:57:35.256 [Test worker] DEBUG o.h.e.t.spi.AbstractTransactionImpl - committing
15:57:35.257 [Test worker] DEBUG o.h.e.t.i.jdbc.JdbcTransaction - committed JDBC Connection
15:57:35.257 [Test worker] DEBUG o.h.e.t.i.jdbc.JdbcTransaction - re-enabling autocommit
15:57:35.257 [Test worker] DEBUG o.s.orm.jpa.JpaTransactionManager - Closing JPA EntityManager [org.hibernate.jpa.internal.EntityManagerImpl@4578560b] after transaction
15:57:35.257 [Test worker] DEBUG o.s.o.jpa.EntityManagerFactoryUtils - Closing JPA EntityManager
15:57:35.257 [Test worker] DEBUG o.h.e.j.i.LogicalConnectionImpl - Releasing JDBC connection
15:57:35.257 [Test worker] DEBUG o.h.e.j.i.LogicalConnectionImpl - Released JDBC connection
15:57:35.258 [Test worker] DEBUG o.s.orm.jpa.JpaTransactionManager - Creating new transaction with name [org.springframework.data.jpa.repository.support.SimpleJpaRepository.deleteAll]: PROPAGATION_REQUIRED,ISOLATION_DEFAULT; ''
15:57:35.258 [Test worker] DEBUG o.s.orm.jpa.JpaTransactionManager - Opened new EntityManager [org.hibernate.jpa.internal.EntityManagerImpl@6b40a58] for JPA transaction
15:57:35.258 [Test worker] DEBUG o.h.e.t.spi.AbstractTransactionImpl - begin
15:57:35.258 [Test worker] DEBUG o.h.e.j.i.LogicalConnectionImpl - Obtaining JDBC connection
15:57:35.258 [Test worker] DEBUG o.s.j.d.DriverManagerDataSource - Creating new JDBC DriverManager Connection to [jdbc:mysql://mysql.mcscw3.le.ac.uk:3306/mic7]
15:57:35.269 [Test worker] DEBUG o.h.e.j.i.LogicalConnectionImpl - Obtained JDBC connection
15:57:35.269 [Test worker] DEBUG o.h.e.t.i.jdbc.JdbcTransaction - initial autocommit status: true
15:57:35.269 [Test worker] DEBUG o.h.e.t.i.jdbc.JdbcTransaction - disabling autocommit
15:57:35.269 [Test worker] DEBUG o.s.orm.jpa.JpaTransactionManager - Exposing JPA transaction as JDBC transaction [org.springframework.orm.jpa.vendor.HibernateJpaDialect$HibernateConnectionHandle@410f02bc]
15:57:35.270 [Test worker] DEBUG o.h.jpa.criteria.CriteriaQueryImpl - Rendered criteria query -> select generatedAlias0 from Request as generatedAlias0
15:57:35.270 [Test worker] DEBUG org.hibernate.SQL - select request0_.id as id1_0_, request0_.assessment as assessme2_0_, request0_.completion as completi3_0_, request0_.deadline as deadline4_0_, request0_.developer as develope5_0_, request0_.priority as priority6_0_, request0_.problem as problem7_0_, request0_.req_type as req_type8_0_, request0_.solution as solution9_0_, request0_.status as status10_0_, request0_.versionid as version11_0_ from requests request0_
15:57:35.271 [Test worker] DEBUG o.s.orm.jpa.JpaTransactionManager - Initiating transaction commit
15:57:35.271 [Test worker] DEBUG o.s.orm.jpa.JpaTransactionManager - Committing JPA transaction on EntityManager [org.hibernate.jpa.internal.EntityManagerImpl@6b40a58]
15:57:35.271 [Test worker] DEBUG o.h.e.t.spi.AbstractTransactionImpl - committing
15:57:35.272 [Test worker] DEBUG o.h.e.t.i.jdbc.JdbcTransaction - committed JDBC Connection
15:57:35.272 [Test worker] DEBUG o.h.e.t.i.jdbc.JdbcTransaction - re-enabling autocommit
15:57:35.272 [Test worker] DEBUG o.s.orm.jpa.JpaTransactionManager - Closing JPA EntityManager [org.hibernate.jpa.internal.EntityManagerImpl@6b40a58] after transaction
15:57:35.272 [Test worker] DEBUG o.s.o.jpa.EntityManagerFactoryUtils - Closing JPA EntityManager
15:57:35.272 [Test worker] DEBUG o.h.e.j.i.LogicalConnectionImpl - Releasing JDBC connection
15:57:35.273 [Test worker] DEBUG o.h.e.j.i.LogicalConnectionImpl - Released JDBC connection
15:57:35.273 [Test worker] DEBUG o.s.orm.jpa.JpaTransactionManager - Creating new transaction with name [org.springframework.data.jpa.repository.support.SimpleJpaRepository.deleteAll]: PROPAGATION_REQUIRED,ISOLATION_DEFAULT; ''
15:57:35.273 [Test worker] DEBUG o.s.orm.jpa.JpaTransactionManager - Opened new EntityManager [org.hibernate.jpa.internal.EntityManagerImpl@2356b120] for JPA transaction
15:57:35.273 [Test worker] DEBUG o.h.e.t.spi.AbstractTransactionImpl - begin
15:57:35.273 [Test worker] DEBUG o.h.e.j.i.LogicalConnectionImpl - Obtaining JDBC connection
15:57:35.273 [Test worker] DEBUG o.s.j.d.DriverManagerDataSource - Creating new JDBC DriverManager Connection to [jdbc:mysql://mysql.mcscw3.le.ac.uk:3306/mic7]
15:57:35.284 [Test worker] DEBUG o.h.e.j.i.LogicalConnectionImpl - Obtained JDBC connection
15:57:35.284 [Test worker] DEBUG o.h.e.t.i.jdbc.JdbcTransaction - initial autocommit status: true
15:57:35.284 [Test worker] DEBUG o.h.e.t.i.jdbc.JdbcTransaction - disabling autocommit
15:57:35.284 [Test worker] DEBUG o.s.orm.jpa.JpaTransactionManager - Exposing JPA transaction as JDBC transaction [org.springframework.orm.jpa.vendor.HibernateJpaDialect$HibernateConnectionHandle@184a8c4d]
15:57:35.285 [Test worker] DEBUG o.h.jpa.criteria.CriteriaQueryImpl - Rendered criteria query -> select generatedAlias0 from User as generatedAlias0
15:57:35.286 [Test worker] DEBUG org.hibernate.SQL - select user0_.id as id1_4_, user0_.enabled as enabled2_4_, user0_.login as login3_4_, user0_.password as password4_4_, user0_1_.role_id as role_id1_3_ from users user0_ left outer join user_roles user0_1_ on user0_.id=user0_1_.user_id
15:57:35.287 [Test worker] DEBUG o.s.orm.jpa.JpaTransactionManager - Initiating transaction commit
15:57:35.287 [Test worker] DEBUG o.s.orm.jpa.JpaTransactionManager - Committing JPA transaction on EntityManager [org.hibernate.jpa.internal.EntityManagerImpl@2356b120]
15:57:35.288 [Test worker] DEBUG o.h.e.t.spi.AbstractTransactionImpl - committing
15:57:35.288 [Test worker] DEBUG o.h.e.t.i.jdbc.JdbcTransaction - committed JDBC Connection
15:57:35.288 [Test worker] DEBUG o.h.e.t.i.jdbc.JdbcTransaction - re-enabling autocommit
15:57:35.289 [Test worker] DEBUG o.s.orm.jpa.JpaTransactionManager - Closing JPA EntityManager [org.hibernate.jpa.internal.EntityManagerImpl@2356b120] after transaction
15:57:35.289 [Test worker] DEBUG o.s.o.jpa.EntityManagerFactoryUtils - Closing JPA EntityManager
15:57:35.289 [Test worker] DEBUG o.h.e.j.i.LogicalConnectionImpl - Releasing JDBC connection
15:57:35.289 [Test worker] DEBUG o.h.e.j.i.LogicalConnectionImpl - Released JDBC connection
15:57:35.289 [Test worker] DEBUG o.s.orm.jpa.JpaTransactionManager - Creating new transaction with name [org.springframework.data.jpa.repository.support.SimpleJpaRepository.deleteAll]: PROPAGATION_REQUIRED,ISOLATION_DEFAULT; ''
15:57:35.289 [Test worker] DEBUG o.s.orm.jpa.JpaTransactionManager - Opened new EntityManager [org.hibernate.jpa.internal.EntityManagerImpl@44f6513d] for JPA transaction
15:57:35.289 [Test worker] DEBUG o.h.e.t.spi.AbstractTransactionImpl - begin
15:57:35.289 [Test worker] DEBUG o.h.e.j.i.LogicalConnectionImpl - Obtaining JDBC connection
15:57:35.289 [Test worker] DEBUG o.s.j.d.DriverManagerDataSource - Creating new JDBC DriverManager Connection to [jdbc:mysql://mysql.mcscw3.le.ac.uk:3306/mic7]
15:57:35.300 [Test worker] DEBUG o.h.e.j.i.LogicalConnectionImpl - Obtained JDBC connection
15:57:35.300 [Test worker] DEBUG o.h.e.t.i.jdbc.JdbcTransaction - initial autocommit status: true
15:57:35.300 [Test worker] DEBUG o.h.e.t.i.jdbc.JdbcTransaction - disabling autocommit
15:57:35.300 [Test worker] DEBUG o.s.orm.jpa.JpaTransactionManager - Exposing JPA transaction as JDBC transaction [org.springframework.orm.jpa.vendor.HibernateJpaDialect$HibernateConnectionHandle@159909a8]
15:57:35.300 [Test worker] DEBUG o.h.jpa.criteria.CriteriaQueryImpl - Rendered criteria query -> select generatedAlias0 from Version as generatedAlias0
15:57:35.301 [Test worker] DEBUG org.hibernate.SQL - select version0_.id as id1_5_, version0_.description as descript2_5_, version0_.sciid as sciid4_5_, version0_.version as version3_5_ from version version0_
15:57:35.302 [Test worker] DEBUG o.s.orm.jpa.JpaTransactionManager - Initiating transaction commit
15:57:35.302 [Test worker] DEBUG o.s.orm.jpa.JpaTransactionManager - Committing JPA transaction on EntityManager [org.hibernate.jpa.internal.EntityManagerImpl@44f6513d]
15:57:35.302 [Test worker] DEBUG o.h.e.t.spi.AbstractTransactionImpl - committing
15:57:35.303 [Test worker] DEBUG o.h.e.t.i.jdbc.JdbcTransaction - committed JDBC Connection
15:57:35.303 [Test worker] DEBUG o.h.e.t.i.jdbc.JdbcTransaction - re-enabling autocommit
15:57:35.303 [Test worker] DEBUG o.s.orm.jpa.JpaTransactionManager - Closing JPA EntityManager [org.hibernate.jpa.internal.EntityManagerImpl@44f6513d] after transaction
15:57:35.303 [Test worker] DEBUG o.s.o.jpa.EntityManagerFactoryUtils - Closing JPA EntityManager
15:57:35.303 [Test worker] DEBUG o.h.e.j.i.LogicalConnectionImpl - Releasing JDBC connection
15:57:35.303 [Test worker] DEBUG o.h.e.j.i.LogicalConnectionImpl - Released JDBC connection
15:57:35.303 [Test worker] DEBUG o.s.orm.jpa.JpaTransactionManager - Creating new transaction with name [org.springframework.data.jpa.repository.support.SimpleJpaRepository.deleteAll]: PROPAGATION_REQUIRED,ISOLATION_DEFAULT; ''
15:57:35.304 [Test worker] DEBUG o.s.orm.jpa.JpaTransactionManager - Opened new EntityManager [org.hibernate.jpa.internal.EntityManagerImpl@3d1e0fc6] for JPA transaction
15:57:35.304 [Test worker] DEBUG o.h.e.t.spi.AbstractTransactionImpl - begin
15:57:35.304 [Test worker] DEBUG o.h.e.j.i.LogicalConnectionImpl - Obtaining JDBC connection
15:57:35.304 [Test worker] DEBUG o.s.j.d.DriverManagerDataSource - Creating new JDBC DriverManager Connection to [jdbc:mysql://mysql.mcscw3.le.ac.uk:3306/mic7]
15:57:35.314 [Test worker] DEBUG o.h.e.j.i.LogicalConnectionImpl - Obtained JDBC connection
15:57:35.314 [Test worker] DEBUG o.h.e.t.i.jdbc.JdbcTransaction - initial autocommit status: true
15:57:35.314 [Test worker] DEBUG o.h.e.t.i.jdbc.JdbcTransaction - disabling autocommit
15:57:35.315 [Test worker] DEBUG o.s.orm.jpa.JpaTransactionManager - Exposing JPA transaction as JDBC transaction [org.springframework.orm.jpa.vendor.HibernateJpaDialect$HibernateConnectionHandle@41fad642]
15:57:35.315 [Test worker] DEBUG o.h.jpa.criteria.CriteriaQueryImpl - Rendered criteria query -> select generatedAlias0 from SCI as generatedAlias0
15:57:35.315 [Test worker] DEBUG org.hibernate.SQL - select sci0_.id as id1_2_, sci0_.name as name2_2_ from sci sci0_
15:57:35.316 [Test worker] DEBUG o.s.orm.jpa.JpaTransactionManager - Initiating transaction commit
15:57:35.316 [Test worker] DEBUG o.s.orm.jpa.JpaTransactionManager - Committing JPA transaction on EntityManager [org.hibernate.jpa.internal.EntityManagerImpl@3d1e0fc6]
15:57:35.316 [Test worker] DEBUG o.h.e.t.spi.AbstractTransactionImpl - committing
15:57:35.317 [Test worker] DEBUG o.h.e.t.i.jdbc.JdbcTransaction - committed JDBC Connection
15:57:35.317 [Test worker] DEBUG o.h.e.t.i.jdbc.JdbcTransaction - re-enabling autocommit
15:57:35.318 [Test worker] DEBUG o.s.orm.jpa.JpaTransactionManager - Closing JPA EntityManager [org.hibernate.jpa.internal.EntityManagerImpl@3d1e0fc6] after transaction
15:57:35.318 [Test worker] DEBUG o.s.o.jpa.EntityManagerFactoryUtils - Closing JPA EntityManager
15:57:35.318 [Test worker] DEBUG o.h.e.j.i.LogicalConnectionImpl - Releasing JDBC connection
15:57:35.318 [Test worker] DEBUG o.h.e.j.i.LogicalConnectionImpl - Released JDBC connection
15:57:35.318 [Test worker] DEBUG o.s.t.c.s.DirtiesContextTestExecutionListener - After test class: context [DefaultTestContext@1461713b testClass = CompleteRequestSteps, testInstance = [null], testMethod = [null], testException = [null], mergedContextConfiguration = [WebMergedContextConfiguration@4a773bd4 testClass = CompleteRequestSteps, locations = '{}', classes = '{class webAppProject.webAppProjectApplication, class webAppProject.SecurityConfig, class webAppProject.WebConfig}', contextInitializerClasses = '[]', activeProfiles = '{}', propertySourceLocations = '{}', propertySourceProperties = '{}', resourceBasePath = 'src/main/webapp', contextLoader = 'org.springframework.test.context.web.WebDelegatingSmartContextLoader', parent = [null]]], class annotated with @DirtiesContext [false] with mode [null].
15:57:35.384 [Test worker] DEBUG o.s.t.w.s.TestDispatcherServlet - DispatcherServlet with name '' processing POST request for [/evalRequest]
15:57:35.384 [Test worker] DEBUG o.s.w.s.m.m.a.RequestMappingHandlerMapping - Looking up handler method for path /evalRequest
15:57:35.385 [Test worker] DEBUG o.s.w.s.m.m.a.RequestMappingHandlerMapping - Returning handler method [public java.lang.String webAppProject.controller.RequestController.evaluateRequest(java.lang.String,java.lang.String,java.lang.String,java.lang.String,java.lang.String,java.lang.String)]
15:57:35.385 [Test worker] DEBUG o.s.b.f.s.DefaultListableBeanFactory - Returning cached instance of singleton bean 'requestController'
15:57:35.385 [Test worker] DEBUG o.s.o.j.s.OpenEntityManagerInViewInterceptor - Opening JPA EntityManager in OpenEntityManagerInViewInterceptor
15:57:35.385 [Test worker] DEBUG o.h.jpa.criteria.CriteriaQueryImpl - Rendered criteria query -> select generatedAlias0 from Request as generatedAlias0 where generatedAlias0.problem=:param0
15:57:35.386 [Test worker] DEBUG org.hibernate.SQL - select request0_.id as id1_0_, request0_.assessment as assessme2_0_, request0_.completion as completi3_0_, request0_.deadline as deadline4_0_, request0_.developer as develope5_0_, request0_.priority as priority6_0_, request0_.problem as problem7_0_, request0_.req_type as req_type8_0_, request0_.solution as solution9_0_, request0_.status as status10_0_, request0_.versionid as version11_0_ from requests request0_ where request0_.problem=?
15:57:35.386 [Test worker] DEBUG o.h.e.j.i.LogicalConnectionImpl - Obtaining JDBC connection
15:57:35.386 [Test worker] DEBUG o.s.j.d.DriverManagerDataSource - Creating new JDBC DriverManager Connection to [jdbc:mysql://mysql.mcscw3.le.ac.uk:3306/mic7]
15:57:35.396 [Test worker] DEBUG o.h.e.j.i.LogicalConnectionImpl - Obtained JDBC connection
15:57:35.397 [Test worker] DEBUG org.hibernate.loader.Loader - Result set row: 0
15:57:35.397 [Test worker] DEBUG org.hibernate.loader.Loader - Result row: EntityKey[webAppProject.domain.Request#3]
15:57:35.398 [Test worker] DEBUG o.h.engine.internal.TwoPhaseLoad - Resolving associations for [webAppProject.domain.Request#3]
15:57:35.398 [Test worker] DEBUG o.h.engine.internal.TwoPhaseLoad - Done materializing entity [webAppProject.domain.Request#3]
15:57:35.399 [Test worker] DEBUG o.s.orm.jpa.JpaTransactionManager - Found thread-bound EntityManager [org.hibernate.jpa.internal.EntityManagerImpl@3f14a2ce] for JPA transaction
15:57:35.399 [Test worker] DEBUG o.s.orm.jpa.JpaTransactionManager - Creating new transaction with name [org.springframework.data.jpa.repository.support.SimpleJpaRepository.save]: PROPAGATION_REQUIRED,ISOLATION_DEFAULT; ''
15:57:35.399 [Test worker] DEBUG o.h.e.t.spi.AbstractTransactionImpl - begin
15:57:35.399 [Test worker] DEBUG o.h.e.t.i.jdbc.JdbcTransaction - initial autocommit status: true
15:57:35.399 [Test worker] DEBUG o.h.e.t.i.jdbc.JdbcTransaction - disabling autocommit
15:57:35.399 [Test worker] DEBUG o.s.orm.jpa.JpaTransactionManager - Exposing JPA transaction as JDBC transaction [org.springframework.orm.jpa.vendor.HibernateJpaDialect$HibernateConnectionHandle@57132bca]
15:57:35.400 [Test worker] DEBUG o.s.orm.jpa.JpaTransactionManager - Initiating transaction commit
15:57:35.400 [Test worker] DEBUG o.s.orm.jpa.JpaTransactionManager - Committing JPA transaction on EntityManager [org.hibernate.jpa.internal.EntityManagerImpl@3f14a2ce]
15:57:35.400 [Test worker] DEBUG o.h.e.t.spi.AbstractTransactionImpl - committing
15:57:35.400 [Test worker] DEBUG o.h.e.i.AbstractFlushingEventListener - Processing flush-time cascades
15:57:35.400 [Test worker] DEBUG o.h.e.i.AbstractFlushingEventListener - Dirty checking collections
15:57:35.400 [Test worker] DEBUG o.h.e.i.AbstractFlushingEventListener - Flushed: 0 insertions, 1 updates, 0 deletions to 1 objects
15:57:35.400 [Test worker] DEBUG o.h.e.i.AbstractFlushingEventListener - Flushed: 0 (re)creations, 0 updates, 0 removals to 0 collections
15:57:35.400 [Test worker] DEBUG o.h.internal.util.EntityPrinter - Listing entities:
15:57:35.400 [Test worker] DEBUG o.h.internal.util.EntityPrinter - webAppProject.domain.Request{assessment=feature already considered in the new release candidate, completion=null, problem=New Feature, solution=solution, reqType=New Feature, developer=, id=3, deadline=, priority=, version=null, status=accepted}
15:57:35.400 [Test worker] DEBUG org.hibernate.SQL - update requests set assessment=?, completion=?, deadline=?, developer=?, priority=?, problem=?, req_type=?, solution=?, status=?, versionid=? where id=?
15:57:35.404 [Test worker] DEBUG o.h.e.t.i.jdbc.JdbcTransaction - committed JDBC Connection
15:57:35.404 [Test worker] DEBUG o.h.e.t.i.jdbc.JdbcTransaction - re-enabling autocommit
15:57:35.404 [Test worker] DEBUG o.s.orm.jpa.JpaTransactionManager - Not closing pre-bound JPA EntityManager after transaction
15:57:35.405 [Test worker] DEBUG o.s.t.w.s.TestDispatcherServlet - Rendering view [org.springframework.web.servlet.view.RedirectView: name 'redirect:/evaluate-request'; URL [/evaluate-request]] in DispatcherServlet with name ''
15:57:35.405 [Test worker] DEBUG o.s.b.f.s.DefaultListableBeanFactory - Returning cached instance of singleton bean 'requestDataValueProcessor'
15:57:35.405 [Test worker] DEBUG o.s.o.j.s.OpenEntityManagerInViewInterceptor - Closing JPA EntityManager in OpenEntityManagerInViewInterceptor
15:57:35.405 [Test worker] DEBUG o.s.o.jpa.EntityManagerFactoryUtils - Closing JPA EntityManager
15:57:35.405 [Test worker] DEBUG o.h.e.j.internal.JdbcCoordinatorImpl - HHH000420: Closing un-released batch
15:57:35.405 [Test worker] DEBUG o.h.e.j.i.LogicalConnectionImpl - Releasing JDBC connection
15:57:35.405 [Test worker] DEBUG o.h.e.j.i.LogicalConnectionImpl - Released JDBC connection
15:57:35.405 [Test worker] DEBUG o.s.t.w.s.TestDispatcherServlet - Successfully completed request
15:57:35.406 [Test worker] DEBUG o.s.o.j.SharedEntityManagerCreator$SharedEntityManagerInvocationHandler - Creating new EntityManager for shared EntityManager invocation
15:57:35.406 [Test worker] DEBUG o.h.jpa.criteria.CriteriaQueryImpl - Rendered criteria query -> select generatedAlias0 from Request as generatedAlias0 where generatedAlias0.problem=:param0
15:57:35.407 [Test worker] DEBUG org.hibernate.SQL - select request0_.id as id1_0_, request0_.assessment as assessme2_0_, request0_.completion as completi3_0_, request0_.deadline as deadline4_0_, request0_.developer as develope5_0_, request0_.priority as priority6_0_, request0_.problem as problem7_0_, request0_.req_type as req_type8_0_, request0_.solution as solution9_0_, request0_.status as status10_0_, request0_.versionid as version11_0_ from requests request0_ where request0_.problem=?
15:57:35.407 [Test worker] DEBUG o.h.e.j.i.LogicalConnectionImpl - Obtaining JDBC connection
15:57:35.407 [Test worker] DEBUG o.s.j.d.DriverManagerDataSource - Creating new JDBC DriverManager Connection to [jdbc:mysql://mysql.mcscw3.le.ac.uk:3306/mic7]
15:57:35.419 [Test worker] DEBUG o.h.e.j.i.LogicalConnectionImpl - Obtained JDBC connection
15:57:35.420 [Test worker] DEBUG org.hibernate.loader.Loader - Result set row: 0
15:57:35.420 [Test worker] DEBUG org.hibernate.loader.Loader - Result row: EntityKey[webAppProject.domain.Request#3]
15:57:35.420 [Test worker] DEBUG o.h.engine.internal.TwoPhaseLoad - Resolving associations for [webAppProject.domain.Request#3]
15:57:35.420 [Test worker] DEBUG o.h.engine.internal.TwoPhaseLoad - Done materializing entity [webAppProject.domain.Request#3]
15:57:35.421 [Test worker] DEBUG o.s.o.jpa.EntityManagerFactoryUtils - Closing JPA EntityManager
15:57:35.421 [Test worker] DEBUG o.h.e.j.i.LogicalConnectionImpl - Releasing JDBC connection
15:57:35.421 [Test worker] DEBUG o.h.e.j.i.LogicalConnectionImpl - Released JDBC connection
15:57:35.422 [Test worker] DEBUG o.s.orm.jpa.JpaTransactionManager - Creating new transaction with name [org.springframework.data.jpa.repository.support.SimpleJpaRepository.deleteAll]: PROPAGATION_REQUIRED,ISOLATION_DEFAULT; ''
15:57:35.422 [Test worker] DEBUG o.s.orm.jpa.JpaTransactionManager - Opened new EntityManager [org.hibernate.jpa.internal.EntityManagerImpl@3b5ebc31] for JPA transaction
15:57:35.423 [Test worker] DEBUG o.h.e.t.spi.AbstractTransactionImpl - begin
15:57:35.423 [Test worker] DEBUG o.h.e.j.i.LogicalConnectionImpl - Obtaining JDBC connection
15:57:35.423 [Test worker] DEBUG o.s.j.d.DriverManagerDataSource - Creating new JDBC DriverManager Connection to [jdbc:mysql://mysql.mcscw3.le.ac.uk:3306/mic7]
15:57:35.433 [Test worker] DEBUG o.h.e.j.i.LogicalConnectionImpl - Obtained JDBC connection
15:57:35.433 [Test worker] DEBUG o.h.e.t.i.jdbc.JdbcTransaction - initial autocommit status: true
15:57:35.433 [Test worker] DEBUG o.h.e.t.i.jdbc.JdbcTransaction - disabling autocommit
15:57:35.433 [Test worker] DEBUG o.s.orm.jpa.JpaTransactionManager - Exposing JPA transaction as JDBC transaction [org.springframework.orm.jpa.vendor.HibernateJpaDialect$HibernateConnectionHandle@6de01224]
15:57:35.434 [Test worker] DEBUG o.h.jpa.criteria.CriteriaQueryImpl - Rendered criteria query -> select generatedAlias0 from Request as generatedAlias0
15:57:35.434 [Test worker] DEBUG org.hibernate.SQL - select request0_.id as id1_0_, request0_.assessment as assessme2_0_, request0_.completion as completi3_0_, request0_.deadline as deadline4_0_, request0_.developer as develope5_0_, request0_.priority as priority6_0_, request0_.problem as problem7_0_, request0_.req_type as req_type8_0_, request0_.solution as solution9_0_, request0_.status as status10_0_, request0_.versionid as version11_0_ from requests request0_
15:57:35.435 [Test worker] DEBUG org.hibernate.loader.Loader - Result set row: 0
15:57:35.435 [Test worker] DEBUG org.hibernate.loader.Loader - Result row: EntityKey[webAppProject.domain.Request#3]
15:57:35.435 [Test worker] DEBUG o.h.engine.internal.TwoPhaseLoad - Resolving associations for [webAppProject.domain.Request#3]
15:57:35.435 [Test worker] DEBUG o.h.engine.internal.TwoPhaseLoad - Done materializing entity [webAppProject.domain.Request#3]
15:57:35.436 [Test worker] DEBUG o.s.orm.jpa.JpaTransactionManager - Initiating transaction commit
15:57:35.436 [Test worker] DEBUG o.s.orm.jpa.JpaTransactionManager - Committing JPA transaction on EntityManager [org.hibernate.jpa.internal.EntityManagerImpl@3b5ebc31]
15:57:35.436 [Test worker] DEBUG o.h.e.t.spi.AbstractTransactionImpl - committing
15:57:35.436 [Test worker] DEBUG o.h.e.i.AbstractFlushingEventListener - Processing flush-time cascades
15:57:35.436 [Test worker] DEBUG o.h.e.i.AbstractFlushingEventListener - Dirty checking collections
15:57:35.436 [Test worker] DEBUG o.h.e.i.AbstractFlushingEventListener - Flushed: 0 insertions, 0 updates, 1 deletions to 1 objects
15:57:35.436 [Test worker] DEBUG o.h.e.i.AbstractFlushingEventListener - Flushed: 0 (re)creations, 0 updates, 0 removals to 0 collections
15:57:35.436 [Test worker] DEBUG o.h.internal.util.EntityPrinter - Listing entities:
15:57:35.436 [Test worker] DEBUG o.h.internal.util.EntityPrinter - webAppProject.domain.Request{assessment=feature already considered in the new release candidate, completion=null, problem=New Feature, solution=solution, reqType=New Feature, developer=, id=3, deadline=, priority=, version=null, status=accepted}
15:57:35.437 [Test worker] DEBUG org.hibernate.SQL - delete from requests where id=?
15:57:35.446 [Test worker] DEBUG o.h.e.t.i.jdbc.JdbcTransaction - committed JDBC Connection
15:57:35.446 [Test worker] DEBUG o.h.e.t.i.jdbc.JdbcTransaction - re-enabling autocommit
15:57:35.447 [Test worker] DEBUG o.s.orm.jpa.JpaTransactionManager - Closing JPA EntityManager [org.hibernate.jpa.internal.EntityManagerImpl@3b5ebc31] after transaction
15:57:35.447 [Test worker] DEBUG o.s.o.jpa.EntityManagerFactoryUtils - Closing JPA EntityManager
15:57:35.447 [Test worker] DEBUG o.h.e.j.internal.JdbcCoordinatorImpl - HHH000420: Closing un-released batch
15:57:35.447 [Test worker] DEBUG o.h.e.j.i.LogicalConnectionImpl - Releasing JDBC connection
15:57:35.447 [Test worker] DEBUG o.h.e.j.i.LogicalConnectionImpl - Released JDBC connection
15:57:35.447 [Test worker] DEBUG o.s.orm.jpa.JpaTransactionManager - Creating new transaction with name [org.springframework.data.jpa.repository.support.SimpleJpaRepository.deleteAll]: PROPAGATION_REQUIRED,ISOLATION_DEFAULT; ''
15:57:35.447 [Test worker] DEBUG o.s.orm.jpa.JpaTransactionManager - Opened new EntityManager [org.hibernate.jpa.internal.EntityManagerImpl@4602e04b] for JPA transaction
15:57:35.447 [Test worker] DEBUG o.h.e.t.spi.AbstractTransactionImpl - begin
15:57:35.447 [Test worker] DEBUG o.h.e.j.i.LogicalConnectionImpl - Obtaining JDBC connection
15:57:35.447 [Test worker] DEBUG o.s.j.d.DriverManagerDataSource - Creating new JDBC DriverManager Connection to [jdbc:mysql://mysql.mcscw3.le.ac.uk:3306/mic7]
15:57:35.458 [Test worker] DEBUG o.h.e.j.i.LogicalConnectionImpl - Obtained JDBC connection
15:57:35.458 [Test worker] DEBUG o.h.e.t.i.jdbc.JdbcTransaction - initial autocommit status: true
15:57:35.458 [Test worker] DEBUG o.h.e.t.i.jdbc.JdbcTransaction - disabling autocommit
15:57:35.459 [Test worker] DEBUG o.s.orm.jpa.JpaTransactionManager - Exposing JPA transaction as JDBC transaction [org.springframework.orm.jpa.vendor.HibernateJpaDialect$HibernateConnectionHandle@24517abd]
15:57:35.459 [Test worker] DEBUG o.h.jpa.criteria.CriteriaQueryImpl - Rendered criteria query -> select generatedAlias0 from User as generatedAlias0
15:57:35.459 [Test worker] DEBUG org.hibernate.SQL - select user0_.id as id1_4_, user0_.enabled as enabled2_4_, user0_.login as login3_4_, user0_.password as password4_4_, user0_1_.role_id as role_id1_3_ from users user0_ left outer join user_roles user0_1_ on user0_.id=user0_1_.user_id
15:57:35.462 [Test worker] DEBUG o.s.orm.jpa.JpaTransactionManager - Initiating transaction commit
15:57:35.462 [Test worker] DEBUG o.s.orm.jpa.JpaTransactionManager - Committing JPA transaction on EntityManager [org.hibernate.jpa.internal.EntityManagerImpl@4602e04b]
15:57:35.462 [Test worker] DEBUG o.h.e.t.spi.AbstractTransactionImpl - committing
15:57:35.465 [Test worker] DEBUG o.h.e.t.i.jdbc.JdbcTransaction - committed JDBC Connection
15:57:35.465 [Test worker] DEBUG o.h.e.t.i.jdbc.JdbcTransaction - re-enabling autocommit
15:57:35.465 [Test worker] DEBUG o.s.orm.jpa.JpaTransactionManager - Closing JPA EntityManager [org.hibernate.jpa.internal.EntityManagerImpl@4602e04b] after transaction
15:57:35.465 [Test worker] DEBUG o.s.o.jpa.EntityManagerFactoryUtils - Closing JPA EntityManager
15:57:35.465 [Test worker] DEBUG o.h.e.j.i.LogicalConnectionImpl - Releasing JDBC connection
15:57:35.466 [Test worker] DEBUG o.h.e.j.i.LogicalConnectionImpl - Released JDBC connection
15:57:35.466 [Test worker] DEBUG o.s.orm.jpa.JpaTransactionManager - Creating new transaction with name [org.springframework.data.jpa.repository.support.SimpleJpaRepository.deleteAll]: PROPAGATION_REQUIRED,ISOLATION_DEFAULT; ''
15:57:35.466 [Test worker] DEBUG o.s.orm.jpa.JpaTransactionManager - Opened new EntityManager [org.hibernate.jpa.internal.EntityManagerImpl@344ee347] for JPA transaction
15:57:35.466 [Test worker] DEBUG o.h.e.t.spi.AbstractTransactionImpl - begin
15:57:35.466 [Test worker] DEBUG o.h.e.j.i.LogicalConnectionImpl - Obtaining JDBC connection
15:57:35.466 [Test worker] DEBUG o.s.j.d.DriverManagerDataSource - Creating new JDBC DriverManager Connection to [jdbc:mysql://mysql.mcscw3.le.ac.uk:3306/mic7]
15:57:35.477 [Test worker] DEBUG o.h.e.j.i.LogicalConnectionImpl - Obtained JDBC connection
15:57:35.477 [Test worker] DEBUG o.h.e.t.i.jdbc.JdbcTransaction - initial autocommit status: true
15:57:35.477 [Test worker] DEBUG o.h.e.t.i.jdbc.JdbcTransaction - disabling autocommit
15:57:35.477 [Test worker] DEBUG o.s.orm.jpa.JpaTransactionManager - Exposing JPA transaction as JDBC transaction [org.springframework.orm.jpa.vendor.HibernateJpaDialect$HibernateConnectionHandle@5d3a97d3]
15:57:35.478 [Test worker] DEBUG o.h.jpa.criteria.CriteriaQueryImpl - Rendered criteria query -> select generatedAlias0 from Request as generatedAlias0
15:57:35.478 [Test worker] DEBUG org.hibernate.SQL - select request0_.id as id1_0_, request0_.assessment as assessme2_0_, request0_.completion as completi3_0_, request0_.deadline as deadline4_0_, request0_.developer as develope5_0_, request0_.priority as priority6_0_, request0_.problem as problem7_0_, request0_.req_type as req_type8_0_, request0_.solution as solution9_0_, request0_.status as status10_0_, request0_.versionid as version11_0_ from requests request0_
15:57:35.480 [Test worker] DEBUG o.s.orm.jpa.JpaTransactionManager - Initiating transaction commit
15:57:35.480 [Test worker] DEBUG o.s.orm.jpa.JpaTransactionManager - Committing JPA transaction on EntityManager [org.hibernate.jpa.internal.EntityManagerImpl@344ee347]
15:57:35.480 [Test worker] DEBUG o.h.e.t.spi.AbstractTransactionImpl - committing
15:57:35.480 [Test worker] DEBUG o.h.e.t.i.jdbc.JdbcTransaction - committed JDBC Connection
15:57:35.480 [Test worker] DEBUG o.h.e.t.i.jdbc.JdbcTransaction - re-enabling autocommit
15:57:35.481 [Test worker] DEBUG o.s.orm.jpa.JpaTransactionManager - Closing JPA EntityManager [org.hibernate.jpa.internal.EntityManagerImpl@344ee347] after transaction
15:57:35.481 [Test worker] DEBUG o.s.o.jpa.EntityManagerFactoryUtils - Closing JPA EntityManager
15:57:35.481 [Test worker] DEBUG o.h.e.j.i.LogicalConnectionImpl - Releasing JDBC connection
15:57:35.481 [Test worker] DEBUG o.h.e.j.i.LogicalConnectionImpl - Released JDBC connection
15:57:35.481 [Test worker] DEBUG o.s.orm.jpa.JpaTransactionManager - Creating new transaction with name [org.springframework.data.jpa.repository.support.SimpleJpaRepository.deleteAll]: PROPAGATION_REQUIRED,ISOLATION_DEFAULT; ''
15:57:35.482 [Test worker] DEBUG o.s.orm.jpa.JpaTransactionManager - Opened new EntityManager [org.hibernate.jpa.internal.EntityManagerImpl@797fa34a] for JPA transaction
15:57:35.482 [Test worker] DEBUG o.h.e.t.spi.AbstractTransactionImpl - begin
15:57:35.482 [Test worker] DEBUG o.h.e.j.i.LogicalConnectionImpl - Obtaining JDBC connection
15:57:35.482 [Test worker] DEBUG o.s.j.d.DriverManagerDataSource - Creating new JDBC DriverManager Connection to [jdbc:mysql://mysql.mcscw3.le.ac.uk:3306/mic7]
15:57:35.493 [Test worker] DEBUG o.h.e.j.i.LogicalConnectionImpl - Obtained JDBC connection
15:57:35.493 [Test worker] DEBUG o.h.e.t.i.jdbc.JdbcTransaction - initial autocommit status: true
15:57:35.493 [Test worker] DEBUG o.h.e.t.i.jdbc.JdbcTransaction - disabling autocommit
15:57:35.493 [Test worker] DEBUG o.s.orm.jpa.JpaTransactionManager - Exposing JPA transaction as JDBC transaction [org.springframework.orm.jpa.vendor.HibernateJpaDialect$HibernateConnectionHandle@4b7f11e2]
15:57:35.494 [Test worker] DEBUG o.h.jpa.criteria.CriteriaQueryImpl - Rendered criteria query -> select generatedAlias0 from Request as generatedAlias0
15:57:35.494 [Test worker] DEBUG org.hibernate.SQL - select request0_.id as id1_0_, request0_.assessment as assessme2_0_, request0_.completion as completi3_0_, request0_.deadline as deadline4_0_, request0_.developer as develope5_0_, request0_.priority as priority6_0_, request0_.problem as problem7_0_, request0_.req_type as req_type8_0_, request0_.solution as solution9_0_, request0_.status as status10_0_, request0_.versionid as version11_0_ from requests request0_
15:57:35.495 [Test worker] DEBUG o.s.orm.jpa.JpaTransactionManager - Initiating transaction commit
15:57:35.495 [Test worker] DEBUG o.s.orm.jpa.JpaTransactionManager - Committing JPA transaction on EntityManager [org.hibernate.jpa.internal.EntityManagerImpl@797fa34a]
15:57:35.495 [Test worker] DEBUG o.h.e.t.spi.AbstractTransactionImpl - committing
15:57:35.496 [Test worker] DEBUG o.h.e.t.i.jdbc.JdbcTransaction - committed JDBC Connection
15:57:35.496 [Test worker] DEBUG o.h.e.t.i.jdbc.JdbcTransaction - re-enabling autocommit
15:57:35.497 [Test worker] DEBUG o.s.orm.jpa.JpaTransactionManager - Closing JPA EntityManager [org.hibernate.jpa.internal.EntityManagerImpl@797fa34a] after transaction
15:57:35.497 [Test worker] DEBUG o.s.o.jpa.EntityManagerFactoryUtils - Closing JPA EntityManager
15:57:35.497 [Test worker] DEBUG o.h.e.j.i.LogicalConnectionImpl - Releasing JDBC connection
15:57:35.497 [Test worker] DEBUG o.h.e.j.i.LogicalConnectionImpl - Released JDBC connection
15:57:35.497 [Test worker] DEBUG o.s.orm.jpa.JpaTransactionManager - Creating new transaction with name [org.springframework.data.jpa.repository.support.SimpleJpaRepository.deleteAll]: PROPAGATION_REQUIRED,ISOLATION_DEFAULT; ''
15:57:35.497 [Test worker] DEBUG o.s.orm.jpa.JpaTransactionManager - Opened new EntityManager [org.hibernate.jpa.internal.EntityManagerImpl@41fcf47d] for JPA transaction
15:57:35.497 [Test worker] DEBUG o.h.e.t.spi.AbstractTransactionImpl - begin
15:57:35.497 [Test worker] DEBUG o.h.e.j.i.LogicalConnectionImpl - Obtaining JDBC connection
15:57:35.497 [Test worker] DEBUG o.s.j.d.DriverManagerDataSource - Creating new JDBC DriverManager Connection to [jdbc:mysql://mysql.mcscw3.le.ac.uk:3306/mic7]
15:57:35.507 [Test worker] DEBUG o.h.e.j.i.LogicalConnectionImpl - Obtained JDBC connection
15:57:35.507 [Test worker] DEBUG o.h.e.t.i.jdbc.JdbcTransaction - initial autocommit status: true
15:57:35.507 [Test worker] DEBUG o.h.e.t.i.jdbc.JdbcTransaction - disabling autocommit
15:57:35.508 [Test worker] DEBUG o.s.orm.jpa.JpaTransactionManager - Exposing JPA transaction as JDBC transaction [org.springframework.orm.jpa.vendor.HibernateJpaDialect$HibernateConnectionHandle@1274a20d]
15:57:35.508 [Test worker] DEBUG o.h.jpa.criteria.CriteriaQueryImpl - Rendered criteria query -> select generatedAlias0 from User as generatedAlias0
15:57:35.508 [Test worker] DEBUG org.hibernate.SQL - select user0_.id as id1_4_, user0_.enabled as enabled2_4_, user0_.login as login3_4_, user0_.password as password4_4_, user0_1_.role_id as role_id1_3_ from users user0_ left outer join user_roles user0_1_ on user0_.id=user0_1_.user_id
15:57:35.509 [Test worker] DEBUG o.s.orm.jpa.JpaTransactionManager - Initiating transaction commit
15:57:35.510 [Test worker] DEBUG o.s.orm.jpa.JpaTransactionManager - Committing JPA transaction on EntityManager [org.hibernate.jpa.internal.EntityManagerImpl@41fcf47d]
15:57:35.510 [Test worker] DEBUG o.h.e.t.spi.AbstractTransactionImpl - committing
15:57:35.510 [Test worker] DEBUG o.h.e.t.i.jdbc.JdbcTransaction - committed JDBC Connection
15:57:35.510 [Test worker] DEBUG o.h.e.t.i.jdbc.JdbcTransaction - re-enabling autocommit
15:57:35.511 [Test worker] DEBUG o.s.orm.jpa.JpaTransactionManager - Closing JPA EntityManager [org.hibernate.jpa.internal.EntityManagerImpl@41fcf47d] after transaction
15:57:35.511 [Test worker] DEBUG o.s.o.jpa.EntityManagerFactoryUtils - Closing JPA EntityManager
15:57:35.511 [Test worker] DEBUG o.h.e.j.i.LogicalConnectionImpl - Releasing JDBC connection
15:57:35.511 [Test worker] DEBUG o.h.e.j.i.LogicalConnectionImpl - Released JDBC connection
15:57:35.512 [Test worker] DEBUG o.s.orm.jpa.JpaTransactionManager - Creating new transaction with name [org.springframework.data.jpa.repository.support.SimpleJpaRepository.deleteAll]: PROPAGATION_REQUIRED,ISOLATION_DEFAULT; ''
15:57:35.512 [Test worker] DEBUG o.s.orm.jpa.JpaTransactionManager - Opened new EntityManager [org.hibernate.jpa.internal.EntityManagerImpl@3da09931] for JPA transaction
15:57:35.512 [Test worker] DEBUG o.h.e.t.spi.AbstractTransactionImpl - begin
15:57:35.512 [Test worker] DEBUG o.h.e.j.i.LogicalConnectionImpl - Obtaining JDBC connection
15:57:35.512 [Test worker] DEBUG o.s.j.d.DriverManagerDataSource - Creating new JDBC DriverManager Connection to [jdbc:mysql://mysql.mcscw3.le.ac.uk:3306/mic7]
15:57:35.521 [Test worker] DEBUG o.h.e.j.i.LogicalConnectionImpl - Obtained JDBC connection
15:57:35.521 [Test worker] DEBUG o.h.e.t.i.jdbc.JdbcTransaction - initial autocommit status: true
15:57:35.521 [Test worker] DEBUG o.h.e.t.i.jdbc.JdbcTransaction - disabling autocommit
15:57:35.522 [Test worker] DEBUG o.s.orm.jpa.JpaTransactionManager - Exposing JPA transaction as JDBC transaction [org.springframework.orm.jpa.vendor.HibernateJpaDialect$HibernateConnectionHandle@1b3a0ffd]
15:57:35.522 [Test worker] DEBUG o.h.jpa.criteria.CriteriaQueryImpl - Rendered criteria query -> select generatedAlias0 from Request as generatedAlias0
15:57:35.522 [Test worker] DEBUG org.hibernate.SQL - select request0_.id as id1_0_, request0_.assessment as assessme2_0_, request0_.completion as completi3_0_, request0_.deadline as deadline4_0_, request0_.developer as develope5_0_, request0_.priority as priority6_0_, request0_.problem as problem7_0_, request0_.req_type as req_type8_0_, request0_.solution as solution9_0_, request0_.status as status10_0_, request0_.versionid as version11_0_ from requests request0_
15:57:35.524 [Test worker] DEBUG o.s.orm.jpa.JpaTransactionManager - Initiating transaction commit
15:57:35.524 [Test worker] DEBUG o.s.orm.jpa.JpaTransactionManager - Committing JPA transaction on EntityManager [org.hibernate.jpa.internal.EntityManagerImpl@3da09931]
15:57:35.524 [Test worker] DEBUG o.h.e.t.spi.AbstractTransactionImpl - committing
15:57:35.541 [Test worker] DEBUG o.h.e.t.i.jdbc.JdbcTransaction - committed JDBC Connection
15:57:35.542 [Test worker] DEBUG o.h.e.t.i.jdbc.JdbcTransaction - re-enabling autocommit
15:57:35.543 [Test worker] DEBUG o.s.orm.jpa.JpaTransactionManager - Closing JPA EntityManager [org.hibernate.jpa.internal.EntityManagerImpl@3da09931] after transaction
15:57:35.543 [Test worker] DEBUG o.s.o.jpa.EntityManagerFactoryUtils - Closing JPA EntityManager
15:57:35.543 [Test worker] DEBUG o.h.e.j.i.LogicalConnectionImpl - Releasing JDBC connection
15:57:35.543 [Test worker] DEBUG o.h.e.j.i.LogicalConnectionImpl - Released JDBC connection
15:57:35.544 [Test worker] DEBUG o.s.orm.jpa.JpaTransactionManager - Creating new transaction with name [org.springframework.data.jpa.repository.support.SimpleJpaRepository.deleteAll]: PROPAGATION_REQUIRED,ISOLATION_DEFAULT; ''
15:57:35.545 [Test worker] DEBUG o.s.orm.jpa.JpaTransactionManager - Opened new EntityManager [org.hibernate.jpa.internal.EntityManagerImpl@d34c647] for JPA transaction
15:57:35.545 [Test worker] DEBUG o.h.e.t.spi.AbstractTransactionImpl - begin
15:57:35.545 [Test worker] DEBUG o.h.e.j.i.LogicalConnectionImpl - Obtaining JDBC connection
15:57:35.545 [Test worker] DEBUG o.s.j.d.DriverManagerDataSource - Creating new JDBC DriverManager Connection to [jdbc:mysql://mysql.mcscw3.le.ac.uk:3306/mic7]
15:57:35.556 [Test worker] DEBUG o.h.e.j.i.LogicalConnectionImpl - Obtained JDBC connection
15:57:35.556 [Test worker] DEBUG o.h.e.t.i.jdbc.JdbcTransaction - initial autocommit status: true
15:57:35.556 [Test worker] DEBUG o.h.e.t.i.jdbc.JdbcTransaction - disabling autocommit
15:57:35.557 [Test worker] DEBUG o.s.orm.jpa.JpaTransactionManager - Exposing JPA transaction as JDBC transaction [org.springframework.orm.jpa.vendor.HibernateJpaDialect$HibernateConnectionHandle@1d171167]
15:57:35.557 [Test worker] DEBUG o.h.jpa.criteria.CriteriaQueryImpl - Rendered criteria query -> select generatedAlias0 from User as generatedAlias0
15:57:35.557 [Test worker] DEBUG org.hibernate.SQL - select user0_.id as id1_4_, user0_.enabled as enabled2_4_, user0_.login as login3_4_, user0_.password as password4_4_, user0_1_.role_id as role_id1_3_ from users user0_ left outer join user_roles user0_1_ on user0_.id=user0_1_.user_id
15:57:35.558 [Test worker] DEBUG o.s.orm.jpa.JpaTransactionManager - Initiating transaction commit
15:57:35.559 [Test worker] DEBUG o.s.orm.jpa.JpaTransactionManager - Committing JPA transaction on EntityManager [org.hibernate.jpa.internal.EntityManagerImpl@d34c647]
15:57:35.559 [Test worker] DEBUG o.h.e.t.spi.AbstractTransactionImpl - committing
15:57:35.559 [Test worker] DEBUG o.h.e.t.i.jdbc.JdbcTransaction - committed JDBC Connection
15:57:35.559 [Test worker] DEBUG o.h.e.t.i.jdbc.JdbcTransaction - re-enabling autocommit
15:57:35.560 [Test worker] DEBUG o.s.orm.jpa.JpaTransactionManager - Closing JPA EntityManager [org.hibernate.jpa.internal.EntityManagerImpl@d34c647] after transaction
15:57:35.560 [Test worker] DEBUG o.s.o.jpa.EntityManagerFactoryUtils - Closing JPA EntityManager
15:57:35.560 [Test worker] DEBUG o.h.e.j.i.LogicalConnectionImpl - Releasing JDBC connection
15:57:35.560 [Test worker] DEBUG o.h.e.j.i.LogicalConnectionImpl - Released JDBC connection
15:57:35.560 [Test worker] DEBUG o.s.orm.jpa.JpaTransactionManager - Creating new transaction with name [org.springframework.data.jpa.repository.support.SimpleJpaRepository.deleteAll]: PROPAGATION_REQUIRED,ISOLATION_DEFAULT; ''
15:57:35.560 [Test worker] DEBUG o.s.orm.jpa.JpaTransactionManager - Opened new EntityManager [org.hibernate.jpa.internal.EntityManagerImpl@534772ce] for JPA transaction
15:57:35.560 [Test worker] DEBUG o.h.e.t.spi.AbstractTransactionImpl - begin
15:57:35.560 [Test worker] DEBUG o.h.e.j.i.LogicalConnectionImpl - Obtaining JDBC connection
15:57:35.560 [Test worker] DEBUG o.s.j.d.DriverManagerDataSource - Creating new JDBC DriverManager Connection to [jdbc:mysql://mysql.mcscw3.le.ac.uk:3306/mic7]
15:57:35.570 [Test worker] DEBUG o.h.e.j.i.LogicalConnectionImpl - Obtained JDBC connection
15:57:35.570 [Test worker] DEBUG o.h.e.t.i.jdbc.JdbcTransaction - initial autocommit status: true
15:57:35.570 [Test worker] DEBUG o.h.e.t.i.jdbc.JdbcTransaction - disabling autocommit
15:57:35.570 [Test worker] DEBUG o.s.orm.jpa.JpaTransactionManager - Exposing JPA transaction as JDBC transaction [org.springframework.orm.jpa.vendor.HibernateJpaDialect$HibernateConnectionHandle@7e12e274]
15:57:35.570 [Test worker] DEBUG o.h.jpa.criteria.CriteriaQueryImpl - Rendered criteria query -> select generatedAlias0 from Version as generatedAlias0
15:57:35.571 [Test worker] DEBUG org.hibernate.SQL - select version0_.id as id1_5_, version0_.description as descript2_5_, version0_.sciid as sciid4_5_, version0_.version as version3_5_ from version version0_
15:57:35.572 [Test worker] DEBUG o.s.orm.jpa.JpaTransactionManager - Initiating transaction commit
15:57:35.572 [Test worker] DEBUG o.s.orm.jpa.JpaTransactionManager - Committing JPA transaction on EntityManager [org.hibernate.jpa.internal.EntityManagerImpl@534772ce]
15:57:35.572 [Test worker] DEBUG o.h.e.t.spi.AbstractTransactionImpl - committing
15:57:35.572 [Test worker] DEBUG o.h.e.t.i.jdbc.JdbcTransaction - committed JDBC Connection
15:57:35.572 [Test worker] DEBUG o.h.e.t.i.jdbc.JdbcTransaction - re-enabling autocommit
15:57:35.573 [Test worker] DEBUG o.s.orm.jpa.JpaTransactionManager - Closing JPA EntityManager [org.hibernate.jpa.internal.EntityManagerImpl@534772ce] after transaction
15:57:35.573 [Test worker] DEBUG o.s.o.jpa.EntityManagerFactoryUtils - Closing JPA EntityManager
15:57:35.573 [Test worker] DEBUG o.h.e.j.i.LogicalConnectionImpl - Releasing JDBC connection
15:57:35.573 [Test worker] DEBUG o.h.e.j.i.LogicalConnectionImpl - Released JDBC connection
15:57:35.576 [Test worker] DEBUG o.s.orm.jpa.JpaTransactionManager - Creating new transaction with name [org.springframework.data.jpa.repository.support.SimpleJpaRepository.deleteAll]: PROPAGATION_REQUIRED,ISOLATION_DEFAULT; ''
15:57:35.576 [Test worker] DEBUG o.s.orm.jpa.JpaTransactionManager - Opened new EntityManager [org.hibernate.jpa.internal.EntityManagerImpl@e0f379d] for JPA transaction
15:57:35.576 [Test worker] DEBUG o.h.e.t.spi.AbstractTransactionImpl - begin
15:57:35.576 [Test worker] DEBUG o.h.e.j.i.LogicalConnectionImpl - Obtaining JDBC connection
15:57:35.576 [Test worker] DEBUG o.s.j.d.DriverManagerDataSource - Creating new JDBC DriverManager Connection to [jdbc:mysql://mysql.mcscw3.le.ac.uk:3306/mic7]
15:57:35.586 [Test worker] DEBUG o.h.e.j.i.LogicalConnectionImpl - Obtained JDBC connection
15:57:35.586 [Test worker] DEBUG o.h.e.t.i.jdbc.JdbcTransaction - initial autocommit status: true
15:57:35.586 [Test worker] DEBUG o.h.e.t.i.jdbc.JdbcTransaction - disabling autocommit
15:57:35.587 [Test worker] DEBUG o.s.orm.jpa.JpaTransactionManager - Exposing JPA transaction as JDBC transaction [org.springframework.orm.jpa.vendor.HibernateJpaDialect$HibernateConnectionHandle@21f1a1f4]
15:57:35.587 [Test worker] DEBUG o.h.jpa.criteria.CriteriaQueryImpl - Rendered criteria query -> select generatedAlias0 from SCI as generatedAlias0
15:57:35.587 [Test worker] DEBUG org.hibernate.SQL - select sci0_.id as id1_2_, sci0_.name as name2_2_ from sci sci0_
15:57:35.588 [Test worker] DEBUG o.s.orm.jpa.JpaTransactionManager - Initiating transaction commit
15:57:35.588 [Test worker] DEBUG o.s.orm.jpa.JpaTransactionManager - Committing JPA transaction on EntityManager [org.hibernate.jpa.internal.EntityManagerImpl@e0f379d]
15:57:35.588 [Test worker] DEBUG o.h.e.t.spi.AbstractTransactionImpl - committing
15:57:35.589 [Test worker] DEBUG o.h.e.t.i.jdbc.JdbcTransaction - committed JDBC Connection
15:57:35.589 [Test worker] DEBUG o.h.e.t.i.jdbc.JdbcTransaction - re-enabling autocommit
15:57:35.589 [Test worker] DEBUG o.s.orm.jpa.JpaTransactionManager - Closing JPA EntityManager [org.hibernate.jpa.internal.EntityManagerImpl@e0f379d] after transaction
15:57:35.589 [Test worker] DEBUG o.s.o.jpa.EntityManagerFactoryUtils - Closing JPA EntityManager
15:57:35.589 [Test worker] DEBUG o.h.e.j.i.LogicalConnectionImpl - Releasing JDBC connection
15:57:35.589 [Test worker] DEBUG o.h.e.j.i.LogicalConnectionImpl - Released JDBC connection
15:57:35.590 [Test worker] DEBUG o.s.t.c.s.DirtiesContextTestExecutionListener - After test class: context [DefaultTestContext@d7a8613 testClass = CompleteRequestSteps, testInstance = [null], testMethod = [null], testException = [null], mergedContextConfiguration = [WebMergedContextConfiguration@60c1fb49 testClass = CompleteRequestSteps, locations = '{}', classes = '{class webAppProject.webAppProjectApplication, class webAppProject.SecurityConfig, class webAppProject.WebConfig}', contextInitializerClasses = '[]', activeProfiles = '{}', propertySourceLocations = '{}', propertySourceProperties = '{}', resourceBasePath = 'src/main/webapp', contextLoader = 'org.springframework.test.context.web.WebDelegatingSmartContextLoader', parent = [null]]], class annotated with @DirtiesContext [false] with mode [null].
15:57:35.652 [Test worker] DEBUG o.s.t.w.s.TestDispatcherServlet - DispatcherServlet with name '' processing POST request for [/evalRequest]
15:57:35.652 [Test worker] DEBUG o.s.w.s.m.m.a.RequestMappingHandlerMapping - Looking up handler method for path /evalRequest
15:57:35.652 [Test worker] DEBUG o.s.w.s.m.m.a.RequestMappingHandlerMapping - Returning handler method [public java.lang.String webAppProject.controller.RequestController.evaluateRequest(java.lang.String,java.lang.String,java.lang.String,java.lang.String,java.lang.String,java.lang.String)]
15:57:35.652 [Test worker] DEBUG o.s.b.f.s.DefaultListableBeanFactory - Returning cached instance of singleton bean 'requestController'
15:57:35.652 [Test worker] DEBUG o.s.o.j.s.OpenEntityManagerInViewInterceptor - Opening JPA EntityManager in OpenEntityManagerInViewInterceptor
15:57:35.653 [Test worker] DEBUG o.h.jpa.criteria.CriteriaQueryImpl - Rendered criteria query -> select generatedAlias0 from Request as generatedAlias0 where generatedAlias0.problem=:param0
15:57:35.653 [Test worker] DEBUG org.hibernate.SQL - select request0_.id as id1_0_, request0_.assessment as assessme2_0_, request0_.completion as completi3_0_, request0_.deadline as deadline4_0_, request0_.developer as develope5_0_, request0_.priority as priority6_0_, request0_.problem as problem7_0_, request0_.req_type as req_type8_0_, request0_.solution as solution9_0_, request0_.status as status10_0_, request0_.versionid as version11_0_ from requests request0_ where request0_.problem=?
15:57:35.653 [Test worker] DEBUG o.h.e.j.i.LogicalConnectionImpl - Obtaining JDBC connection
15:57:35.653 [Test worker] DEBUG o.s.j.d.DriverManagerDataSource - Creating new JDBC DriverManager Connection to [jdbc:mysql://mysql.mcscw3.le.ac.uk:3306/mic7]
15:57:35.661 [Test worker] DEBUG o.h.e.j.i.LogicalConnectionImpl - Obtained JDBC connection
15:57:35.663 [Test worker] DEBUG org.hibernate.loader.Loader - Result set row: 0
15:57:35.663 [Test worker] DEBUG org.hibernate.loader.Loader - Result row: EntityKey[webAppProject.domain.Request#4]
15:57:35.663 [Test worker] DEBUG o.h.engine.internal.TwoPhaseLoad - Resolving associations for [webAppProject.domain.Request#4]
15:57:35.663 [Test worker] DEBUG o.h.engine.internal.TwoPhaseLoad - Done materializing entity [webAppProject.domain.Request#4]
15:57:35.664 [Test worker] DEBUG o.s.orm.jpa.JpaTransactionManager - Found thread-bound EntityManager [org.hibernate.jpa.internal.EntityManagerImpl@4cb1e43b] for JPA transaction
15:57:35.664 [Test worker] DEBUG o.s.orm.jpa.JpaTransactionManager - Creating new transaction with name [org.springframework.data.jpa.repository.support.SimpleJpaRepository.save]: PROPAGATION_REQUIRED,ISOLATION_DEFAULT; ''
15:57:35.664 [Test worker] DEBUG o.h.e.t.spi.AbstractTransactionImpl - begin
15:57:35.664 [Test worker] DEBUG o.h.e.t.i.jdbc.JdbcTransaction - initial autocommit status: true
15:57:35.664 [Test worker] DEBUG o.h.e.t.i.jdbc.JdbcTransaction - disabling autocommit
15:57:35.664 [Test worker] DEBUG o.s.orm.jpa.JpaTransactionManager - Exposing JPA transaction as JDBC transaction [org.springframework.orm.jpa.vendor.HibernateJpaDialect$HibernateConnectionHandle@6b212cd5]
15:57:35.665 [Test worker] DEBUG o.s.orm.jpa.JpaTransactionManager - Initiating transaction commit
15:57:35.665 [Test worker] DEBUG o.s.orm.jpa.JpaTransactionManager - Committing JPA transaction on EntityManager [org.hibernate.jpa.internal.EntityManagerImpl@4cb1e43b]
15:57:35.665 [Test worker] DEBUG o.h.e.t.spi.AbstractTransactionImpl - committing
15:57:35.665 [Test worker] DEBUG o.h.e.i.AbstractFlushingEventListener - Processing flush-time cascades
15:57:35.665 [Test worker] DEBUG o.h.e.i.AbstractFlushingEventListener - Dirty checking collections
15:57:35.665 [Test worker] DEBUG o.h.e.i.AbstractFlushingEventListener - Flushed: 0 insertions, 1 updates, 0 deletions to 1 objects
15:57:35.665 [Test worker] DEBUG o.h.e.i.AbstractFlushingEventListener - Flushed: 0 (re)creations, 0 updates, 0 removals to 0 collections
15:57:35.665 [Test worker] DEBUG o.h.internal.util.EntityPrinter - Listing entities:
15:57:35.665 [Test worker] DEBUG o.h.internal.util.EntityPrinter - webAppProject.domain.Request{assessment=feature already considered in the new release candidate, completion=null, problem=New Feature, solution=solution, reqType=New Feature, developer=, id=4, deadline=, priority=, version=null, status=accepted}
15:57:35.665 [Test worker] DEBUG org.hibernate.SQL - update requests set assessment=?, completion=?, deadline=?, developer=?, priority=?, problem=?, req_type=?, solution=?, status=?, versionid=? where id=?
15:57:35.669 [Test worker] DEBUG o.h.e.t.i.jdbc.JdbcTransaction - committed JDBC Connection
15:57:35.669 [Test worker] DEBUG o.h.e.t.i.jdbc.JdbcTransaction - re-enabling autocommit
15:57:35.670 [Test worker] DEBUG o.s.orm.jpa.JpaTransactionManager - Not closing pre-bound JPA EntityManager after transaction
15:57:35.670 [Test worker] DEBUG o.s.t.w.s.TestDispatcherServlet - Rendering view [org.springframework.web.servlet.view.RedirectView: name 'redirect:/evaluate-request'; URL [/evaluate-request]] in DispatcherServlet with name ''
15:57:35.670 [Test worker] DEBUG o.s.b.f.s.DefaultListableBeanFactory - Returning cached instance of singleton bean 'requestDataValueProcessor'
15:57:35.670 [Test worker] DEBUG o.s.o.j.s.OpenEntityManagerInViewInterceptor - Closing JPA EntityManager in OpenEntityManagerInViewInterceptor
15:57:35.670 [Test worker] DEBUG o.s.o.jpa.EntityManagerFactoryUtils - Closing JPA EntityManager
15:57:35.671 [Test worker] DEBUG o.h.e.j.internal.JdbcCoordinatorImpl - HHH000420: Closing un-released batch
15:57:35.671 [Test worker] DEBUG o.h.e.j.i.LogicalConnectionImpl - Releasing JDBC connection
15:57:35.671 [Test worker] DEBUG o.h.e.j.i.LogicalConnectionImpl - Released JDBC connection
15:57:35.671 [Test worker] DEBUG o.s.t.w.s.TestDispatcherServlet - Successfully completed request
15:57:35.672 [Test worker] DEBUG o.s.orm.jpa.JpaTransactionManager - Creating new transaction with name [org.springframework.data.jpa.repository.support.SimpleJpaRepository.deleteAll]: PROPAGATION_REQUIRED,ISOLATION_DEFAULT; ''
15:57:35.673 [Test worker] DEBUG o.s.orm.jpa.JpaTransactionManager - Opened new EntityManager [org.hibernate.jpa.internal.EntityManagerImpl@79ff79a4] for JPA transaction
15:57:35.673 [Test worker] DEBUG o.h.e.t.spi.AbstractTransactionImpl - begin
15:57:35.673 [Test worker] DEBUG o.h.e.j.i.LogicalConnectionImpl - Obtaining JDBC connection
15:57:35.673 [Test worker] DEBUG o.s.j.d.DriverManagerDataSource - Creating new JDBC DriverManager Connection to [jdbc:mysql://mysql.mcscw3.le.ac.uk:3306/mic7]
15:57:35.684 [Test worker] DEBUG o.h.e.j.i.LogicalConnectionImpl - Obtained JDBC connection
15:57:35.684 [Test worker] DEBUG o.h.e.t.i.jdbc.JdbcTransaction - initial autocommit status: true
15:57:35.684 [Test worker] DEBUG o.h.e.t.i.jdbc.JdbcTransaction - disabling autocommit
15:57:35.685 [Test worker] DEBUG o.s.orm.jpa.JpaTransactionManager - Exposing JPA transaction as JDBC transaction [org.springframework.orm.jpa.vendor.HibernateJpaDialect$HibernateConnectionHandle@603c05b5]
15:57:35.685 [Test worker] DEBUG o.h.jpa.criteria.CriteriaQueryImpl - Rendered criteria query -> select generatedAlias0 from Request as generatedAlias0
15:57:35.685 [Test worker] DEBUG org.hibernate.SQL - select request0_.id as id1_0_, request0_.assessment as assessme2_0_, request0_.completion as completi3_0_, request0_.deadline as deadline4_0_, request0_.developer as develope5_0_, request0_.priority as priority6_0_, request0_.problem as problem7_0_, request0_.req_type as req_type8_0_, request0_.solution as solution9_0_, request0_.status as status10_0_, request0_.versionid as version11_0_ from requests request0_
15:57:35.686 [Test worker] DEBUG org.hibernate.loader.Loader - Result set row: 0
15:57:35.686 [Test worker] DEBUG org.hibernate.loader.Loader - Result row: EntityKey[webAppProject.domain.Request#4]
15:57:35.686 [Test worker] DEBUG o.h.engine.internal.TwoPhaseLoad - Resolving associations for [webAppProject.domain.Request#4]
15:57:35.686 [Test worker] DEBUG o.h.engine.internal.TwoPhaseLoad - Done materializing entity [webAppProject.domain.Request#4]
15:57:35.687 [Test worker] DEBUG o.s.orm.jpa.JpaTransactionManager - Initiating transaction commit
15:57:35.687 [Test worker] DEBUG o.s.orm.jpa.JpaTransactionManager - Committing JPA transaction on EntityManager [org.hibernate.jpa.internal.EntityManagerImpl@79ff79a4]
15:57:35.687 [Test worker] DEBUG o.h.e.t.spi.AbstractTransactionImpl - committing
15:57:35.687 [Test worker] DEBUG o.h.e.i.AbstractFlushingEventListener - Processing flush-time cascades
15:57:35.687 [Test worker] DEBUG o.h.e.i.AbstractFlushingEventListener - Dirty checking collections
15:57:35.687 [Test worker] DEBUG o.h.e.i.AbstractFlushingEventListener - Flushed: 0 insertions, 0 updates, 1 deletions to 1 objects
15:57:35.687 [Test worker] DEBUG o.h.e.i.AbstractFlushingEventListener - Flushed: 0 (re)creations, 0 updates, 0 removals to 0 collections
15:57:35.687 [Test worker] DEBUG o.h.internal.util.EntityPrinter - Listing entities:
15:57:35.687 [Test worker] DEBUG o.h.internal.util.EntityPrinter - webAppProject.domain.Request{assessment=feature already considered in the new release candidate, completion=null, problem=New Feature, solution=solution, reqType=New Feature, developer=, id=4, deadline=, priority=, version=null, status=accepted}
15:57:35.687 [Test worker] DEBUG org.hibernate.SQL - delete from requests where id=?
15:57:35.691 [Test worker] DEBUG o.h.e.t.i.jdbc.JdbcTransaction - committed JDBC Connection
15:57:35.691 [Test worker] DEBUG o.h.e.t.i.jdbc.JdbcTransaction - re-enabling autocommit
15:57:35.691 [Test worker] DEBUG o.s.orm.jpa.JpaTransactionManager - Closing JPA EntityManager [org.hibernate.jpa.internal.EntityManagerImpl@79ff79a4] after transaction
15:57:35.691 [Test worker] DEBUG o.s.o.jpa.EntityManagerFactoryUtils - Closing JPA EntityManager
15:57:35.691 [Test worker] DEBUG o.h.e.j.internal.JdbcCoordinatorImpl - HHH000420: Closing un-released batch
15:57:35.691 [Test worker] DEBUG o.h.e.j.i.LogicalConnectionImpl - Releasing JDBC connection
15:57:35.691 [Test worker] DEBUG o.h.e.j.i.LogicalConnectionImpl - Released JDBC connection
15:57:35.692 [Test worker] DEBUG o.s.orm.jpa.JpaTransactionManager - Creating new transaction with name [org.springframework.data.jpa.repository.support.SimpleJpaRepository.deleteAll]: PROPAGATION_REQUIRED,ISOLATION_DEFAULT; ''
15:57:35.692 [Test worker] DEBUG o.s.orm.jpa.JpaTransactionManager - Opened new EntityManager [org.hibernate.jpa.internal.EntityManagerImpl@699c24c5] for JPA transaction
15:57:35.692 [Test worker] DEBUG o.h.e.t.spi.AbstractTransactionImpl - begin
15:57:35.692 [Test worker] DEBUG o.h.e.j.i.LogicalConnectionImpl - Obtaining JDBC connection
15:57:35.692 [Test worker] DEBUG o.s.j.d.DriverManagerDataSource - Creating new JDBC DriverManager Connection to [jdbc:mysql://mysql.mcscw3.le.ac.uk:3306/mic7]
15:57:35.701 [Test worker] DEBUG o.h.e.j.i.LogicalConnectionImpl - Obtained JDBC connection
15:57:35.701 [Test worker] DEBUG o.h.e.t.i.jdbc.JdbcTransaction - initial autocommit status: true
15:57:35.701 [Test worker] DEBUG o.h.e.t.i.jdbc.JdbcTransaction - disabling autocommit
15:57:35.702 [Test worker] DEBUG o.s.orm.jpa.JpaTransactionManager - Exposing JPA transaction as JDBC transaction [org.springframework.orm.jpa.vendor.HibernateJpaDialect$HibernateConnectionHandle@126a3afd]
15:57:35.702 [Test worker] DEBUG o.h.jpa.criteria.CriteriaQueryImpl - Rendered criteria query -> select generatedAlias0 from User as generatedAlias0
15:57:35.702 [Test worker] DEBUG org.hibernate.SQL - select user0_.id as id1_4_, user0_.enabled as enabled2_4_, user0_.login as login3_4_, user0_.password as password4_4_, user0_1_.role_id as role_id1_3_ from users user0_ left outer join user_roles user0_1_ on user0_.id=user0_1_.user_id
15:57:35.704 [Test worker] DEBUG o.s.orm.jpa.JpaTransactionManager - Initiating transaction commit
15:57:35.704 [Test worker] DEBUG o.s.orm.jpa.JpaTransactionManager - Committing JPA transaction on EntityManager [org.hibernate.jpa.internal.EntityManagerImpl@699c24c5]
15:57:35.704 [Test worker] DEBUG o.h.e.t.spi.AbstractTransactionImpl - committing
15:57:35.704 [Test worker] DEBUG o.h.e.t.i.jdbc.JdbcTransaction - committed JDBC Connection
15:57:35.704 [Test worker] DEBUG o.h.e.t.i.jdbc.JdbcTransaction - re-enabling autocommit
15:57:35.705 [Test worker] DEBUG o.s.orm.jpa.JpaTransactionManager - Closing JPA EntityManager [org.hibernate.jpa.internal.EntityManagerImpl@699c24c5] after transaction
15:57:35.705 [Test worker] DEBUG o.s.o.jpa.EntityManagerFactoryUtils - Closing JPA EntityManager
15:57:35.705 [Test worker] DEBUG o.h.e.j.i.LogicalConnectionImpl - Releasing JDBC connection
15:57:35.705 [Test worker] DEBUG o.h.e.j.i.LogicalConnectionImpl - Released JDBC connection
15:57:35.705 [Test worker] DEBUG o.s.orm.jpa.JpaTransactionManager - Creating new transaction with name [org.springframework.data.jpa.repository.support.SimpleJpaRepository.deleteAll]: PROPAGATION_REQUIRED,ISOLATION_DEFAULT; ''
15:57:35.705 [Test worker] DEBUG o.s.orm.jpa.JpaTransactionManager - Opened new EntityManager [org.hibernate.jpa.internal.EntityManagerImpl@5239e02] for JPA transaction
15:57:35.706 [Test worker] DEBUG o.h.e.t.spi.AbstractTransactionImpl - begin
15:57:35.706 [Test worker] DEBUG o.h.e.j.i.LogicalConnectionImpl - Obtaining JDBC connection
15:57:35.706 [Test worker] DEBUG o.s.j.d.DriverManagerDataSource - Creating new JDBC DriverManager Connection to [jdbc:mysql://mysql.mcscw3.le.ac.uk:3306/mic7]
15:57:35.716 [Test worker] DEBUG o.h.e.j.i.LogicalConnectionImpl - Obtained JDBC connection
15:57:35.716 [Test worker] DEBUG o.h.e.t.i.jdbc.JdbcTransaction - initial autocommit status: true
15:57:35.716 [Test worker] DEBUG o.h.e.t.i.jdbc.JdbcTransaction - disabling autocommit
15:57:35.716 [Test worker] DEBUG o.s.orm.jpa.JpaTransactionManager - Exposing JPA transaction as JDBC transaction [org.springframework.orm.jpa.vendor.HibernateJpaDialect$HibernateConnectionHandle@1c239658]
15:57:35.716 [Test worker] DEBUG o.h.jpa.criteria.CriteriaQueryImpl - Rendered criteria query -> select generatedAlias0 from Request as generatedAlias0
15:57:35.717 [Test worker] DEBUG org.hibernate.SQL - select request0_.id as id1_0_, request0_.assessment as assessme2_0_, request0_.completion as completi3_0_, request0_.deadline as deadline4_0_, request0_.developer as develope5_0_, request0_.priority as priority6_0_, request0_.problem as problem7_0_, request0_.req_type as req_type8_0_, request0_.solution as solution9_0_, request0_.status as status10_0_, request0_.versionid as version11_0_ from requests request0_
15:57:35.718 [Test worker] DEBUG o.s.orm.jpa.JpaTransactionManager - Initiating transaction commit
15:57:35.719 [Test worker] DEBUG o.s.orm.jpa.JpaTransactionManager - Committing JPA transaction on EntityManager [org.hibernate.jpa.internal.EntityManagerImpl@5239e02]
15:57:35.719 [Test worker] DEBUG o.h.e.t.spi.AbstractTransactionImpl - committing
15:57:35.719 [Test worker] DEBUG o.h.e.t.i.jdbc.JdbcTransaction - committed JDBC Connection
15:57:35.719 [Test worker] DEBUG o.h.e.t.i.jdbc.JdbcTransaction - re-enabling autocommit
15:57:35.720 [Test worker] DEBUG o.s.orm.jpa.JpaTransactionManager - Closing JPA EntityManager [org.hibernate.jpa.internal.EntityManagerImpl@5239e02] after transaction
15:57:35.720 [Test worker] DEBUG o.s.o.jpa.EntityManagerFactoryUtils - Closing JPA EntityManager
15:57:35.720 [Test worker] DEBUG o.h.e.j.i.LogicalConnectionImpl - Releasing JDBC connection
15:57:35.720 [Test worker] DEBUG o.h.e.j.i.LogicalConnectionImpl - Released JDBC connection
15:57:35.720 [Test worker] DEBUG o.s.orm.jpa.JpaTransactionManager - Creating new transaction with name [org.springframework.data.jpa.repository.support.SimpleJpaRepository.deleteAll]: PROPAGATION_REQUIRED,ISOLATION_DEFAULT; ''
15:57:35.721 [Test worker] DEBUG o.s.orm.jpa.JpaTransactionManager - Opened new EntityManager [org.hibernate.jpa.internal.EntityManagerImpl@1daacd14] for JPA transaction
15:57:35.721 [Test worker] DEBUG o.h.e.t.spi.AbstractTransactionImpl - begin
15:57:35.721 [Test worker] DEBUG o.h.e.j.i.LogicalConnectionImpl - Obtaining JDBC connection
15:57:35.721 [Test worker] DEBUG o.s.j.d.DriverManagerDataSource - Creating new JDBC DriverManager Connection to [jdbc:mysql://mysql.mcscw3.le.ac.uk:3306/mic7]
15:57:35.734 [Test worker] DEBUG o.h.e.j.i.LogicalConnectionImpl - Obtained JDBC connection
15:57:35.734 [Test worker] DEBUG o.h.e.t.i.jdbc.JdbcTransaction - initial autocommit status: true
15:57:35.734 [Test worker] DEBUG o.h.e.t.i.jdbc.JdbcTransaction - disabling autocommit
15:57:35.735 [Test worker] DEBUG o.s.orm.jpa.JpaTransactionManager - Exposing JPA transaction as JDBC transaction [org.springframework.orm.jpa.vendor.HibernateJpaDialect$HibernateConnectionHandle@1c638aaa]
15:57:35.735 [Test worker] DEBUG o.h.jpa.criteria.CriteriaQueryImpl - Rendered criteria query -> select generatedAlias0 from Request as generatedAlias0
15:57:35.735 [Test worker] DEBUG org.hibernate.SQL - select request0_.id as id1_0_, request0_.assessment as assessme2_0_, request0_.completion as completi3_0_, request0_.deadline as deadline4_0_, request0_.developer as develope5_0_, request0_.priority as priority6_0_, request0_.problem as problem7_0_, request0_.req_type as req_type8_0_, request0_.solution as solution9_0_, request0_.status as status10_0_, request0_.versionid as version11_0_ from requests request0_
15:57:35.736 [Test worker] DEBUG o.s.orm.jpa.JpaTransactionManager - Initiating transaction commit
15:57:35.736 [Test worker] DEBUG o.s.orm.jpa.JpaTransactionManager - Committing JPA transaction on EntityManager [org.hibernate.jpa.internal.EntityManagerImpl@1daacd14]
15:57:35.737 [Test worker] DEBUG o.h.e.t.spi.AbstractTransactionImpl - committing
15:57:35.737 [Test worker] DEBUG o.h.e.t.i.jdbc.JdbcTransaction - committed JDBC Connection
15:57:35.737 [Test worker] DEBUG o.h.e.t.i.jdbc.JdbcTransaction - re-enabling autocommit
15:57:35.738 [Test worker] DEBUG o.s.orm.jpa.JpaTransactionManager - Closing JPA EntityManager [org.hibernate.jpa.internal.EntityManagerImpl@1daacd14] after transaction
15:57:35.738 [Test worker] DEBUG o.s.o.jpa.EntityManagerFactoryUtils - Closing JPA EntityManager
15:57:35.738 [Test worker] DEBUG o.h.e.j.i.LogicalConnectionImpl - Releasing JDBC connection
15:57:35.738 [Test worker] DEBUG o.h.e.j.i.LogicalConnectionImpl - Released JDBC connection
15:57:35.738 [Test worker] DEBUG o.s.orm.jpa.JpaTransactionManager - Creating new transaction with name [org.springframework.data.jpa.repository.support.SimpleJpaRepository.deleteAll]: PROPAGATION_REQUIRED,ISOLATION_DEFAULT; ''
15:57:35.738 [Test worker] DEBUG o.s.orm.jpa.JpaTransactionManager - Opened new EntityManager [org.hibernate.jpa.internal.EntityManagerImpl@6d6f5524] for JPA transaction
15:57:35.738 [Test worker] DEBUG o.h.e.t.spi.AbstractTransactionImpl - begin
15:57:35.738 [Test worker] DEBUG o.h.e.j.i.LogicalConnectionImpl - Obtaining JDBC connection
15:57:35.738 [Test worker] DEBUG o.s.j.d.DriverManagerDataSource - Creating new JDBC DriverManager Connection to [jdbc:mysql://mysql.mcscw3.le.ac.uk:3306/mic7]
15:57:35.748 [Test worker] DEBUG o.h.e.j.i.LogicalConnectionImpl - Obtained JDBC connection
15:57:35.748 [Test worker] DEBUG o.h.e.t.i.jdbc.JdbcTransaction - initial autocommit status: true
15:57:35.748 [Test worker] DEBUG o.h.e.t.i.jdbc.JdbcTransaction - disabling autocommit
15:57:35.748 [Test worker] DEBUG o.s.orm.jpa.JpaTransactionManager - Exposing JPA transaction as JDBC transaction [org.springframework.orm.jpa.vendor.HibernateJpaDialect$HibernateConnectionHandle@2a1931db]
15:57:35.748 [Test worker] DEBUG o.h.jpa.criteria.CriteriaQueryImpl - Rendered criteria query -> select generatedAlias0 from User as generatedAlias0
15:57:35.749 [Test worker] DEBUG org.hibernate.SQL - select user0_.id as id1_4_, user0_.enabled as enabled2_4_, user0_.login as login3_4_, user0_.password as password4_4_, user0_1_.role_id as role_id1_3_ from users user0_ left outer join user_roles user0_1_ on user0_.id=user0_1_.user_id
15:57:35.750 [Test worker] DEBUG o.s.orm.jpa.JpaTransactionManager - Initiating transaction commit
15:57:35.750 [Test worker] DEBUG o.s.orm.jpa.JpaTransactionManager - Committing JPA transaction on EntityManager [org.hibernate.jpa.internal.EntityManagerImpl@6d6f5524]
15:57:35.750 [Test worker] DEBUG o.h.e.t.spi.AbstractTransactionImpl - committing
15:57:35.751 [Test worker] DEBUG o.h.e.t.i.jdbc.JdbcTransaction - committed JDBC Connection
15:57:35.751 [Test worker] DEBUG o.h.e.t.i.jdbc.JdbcTransaction - re-enabling autocommit
15:57:35.752 [Test worker] DEBUG o.s.orm.jpa.JpaTransactionManager - Closing JPA EntityManager [org.hibernate.jpa.internal.EntityManagerImpl@6d6f5524] after transaction
15:57:35.752 [Test worker] DEBUG o.s.o.jpa.EntityManagerFactoryUtils - Closing JPA EntityManager
15:57:35.752 [Test worker] DEBUG o.h.e.j.i.LogicalConnectionImpl - Releasing JDBC connection
15:57:35.752 [Test worker] DEBUG o.h.e.j.i.LogicalConnectionImpl - Released JDBC connection
15:57:35.752 [Test worker] DEBUG o.s.orm.jpa.JpaTransactionManager - Creating new transaction with name [org.springframework.data.jpa.repository.support.SimpleJpaRepository.deleteAll]: PROPAGATION_REQUIRED,ISOLATION_DEFAULT; ''
15:57:35.752 [Test worker] DEBUG o.s.orm.jpa.JpaTransactionManager - Opened new EntityManager [org.hibernate.jpa.internal.EntityManagerImpl@1d67e610] for JPA transaction
15:57:35.752 [Test worker] DEBUG o.h.e.t.spi.AbstractTransactionImpl - begin
15:57:35.752 [Test worker] DEBUG o.h.e.j.i.LogicalConnectionImpl - Obtaining JDBC connection
15:57:35.752 [Test worker] DEBUG o.s.j.d.DriverManagerDataSource - Creating new JDBC DriverManager Connection to [jdbc:mysql://mysql.mcscw3.le.ac.uk:3306/mic7]
15:57:35.762 [Test worker] DEBUG o.h.e.j.i.LogicalConnectionImpl - Obtained JDBC connection
15:57:35.762 [Test worker] DEBUG o.h.e.t.i.jdbc.JdbcTransaction - initial autocommit status: true
15:57:35.762 [Test worker] DEBUG o.h.e.t.i.jdbc.JdbcTransaction - disabling autocommit
15:57:35.763 [Test worker] DEBUG o.s.orm.jpa.JpaTransactionManager - Exposing JPA transaction as JDBC transaction [org.springframework.orm.jpa.vendor.HibernateJpaDialect$HibernateConnectionHandle@4886ce3e]
15:57:35.763 [Test worker] DEBUG o.h.jpa.criteria.CriteriaQueryImpl - Rendered criteria query -> select generatedAlias0 from Request as generatedAlias0
15:57:35.763 [Test worker] DEBUG org.hibernate.SQL - select request0_.id as id1_0_, request0_.assessment as assessme2_0_, request0_.completion as completi3_0_, request0_.deadline as deadline4_0_, request0_.developer as develope5_0_, request0_.priority as priority6_0_, request0_.problem as problem7_0_, request0_.req_type as req_type8_0_, request0_.solution as solution9_0_, request0_.status as status10_0_, request0_.versionid as version11_0_ from requests request0_
15:57:35.765 [Test worker] DEBUG o.s.orm.jpa.JpaTransactionManager - Initiating transaction commit
15:57:35.765 [Test worker] DEBUG o.s.orm.jpa.JpaTransactionManager - Committing JPA transaction on EntityManager [org.hibernate.jpa.internal.EntityManagerImpl@1d67e610]
15:57:35.765 [Test worker] DEBUG o.h.e.t.spi.AbstractTransactionImpl - committing
15:57:35.765 [Test worker] DEBUG o.h.e.t.i.jdbc.JdbcTransaction - committed JDBC Connection
15:57:35.765 [Test worker] DEBUG o.h.e.t.i.jdbc.JdbcTransaction - re-enabling autocommit
15:57:35.765 [Test worker] DEBUG o.s.orm.jpa.JpaTransactionManager - Closing JPA EntityManager [org.hibernate.jpa.internal.EntityManagerImpl@1d67e610] after transaction
15:57:35.765 [Test worker] DEBUG o.s.o.jpa.EntityManagerFactoryUtils - Closing JPA EntityManager
15:57:35.765 [Test worker] DEBUG o.h.e.j.i.LogicalConnectionImpl - Releasing JDBC connection
15:57:35.766 [Test worker] DEBUG o.h.e.j.i.LogicalConnectionImpl - Released JDBC connection
15:57:35.766 [Test worker] DEBUG o.s.orm.jpa.JpaTransactionManager - Creating new transaction with name [org.springframework.data.jpa.repository.support.SimpleJpaRepository.deleteAll]: PROPAGATION_REQUIRED,ISOLATION_DEFAULT; ''
15:57:35.766 [Test worker] DEBUG o.s.orm.jpa.JpaTransactionManager - Opened new EntityManager [org.hibernate.jpa.internal.EntityManagerImpl@63b3fd65] for JPA transaction
15:57:35.766 [Test worker] DEBUG o.h.e.t.spi.AbstractTransactionImpl - begin
15:57:35.766 [Test worker] DEBUG o.h.e.j.i.LogicalConnectionImpl - Obtaining JDBC connection
15:57:35.766 [Test worker] DEBUG o.s.j.d.DriverManagerDataSource - Creating new JDBC DriverManager Connection to [jdbc:mysql://mysql.mcscw3.le.ac.uk:3306/mic7]
15:57:35.775 [Test worker] DEBUG o.h.e.j.i.LogicalConnectionImpl - Obtained JDBC connection
15:57:35.775 [Test worker] DEBUG o.h.e.t.i.jdbc.JdbcTransaction - initial autocommit status: true
15:57:35.775 [Test worker] DEBUG o.h.e.t.i.jdbc.JdbcTransaction - disabling autocommit
15:57:35.776 [Test worker] DEBUG o.s.orm.jpa.JpaTransactionManager - Exposing JPA transaction as JDBC transaction [org.springframework.orm.jpa.vendor.HibernateJpaDialect$HibernateConnectionHandle@55192c6e]
15:57:35.776 [Test worker] DEBUG o.h.jpa.criteria.CriteriaQueryImpl - Rendered criteria query -> select generatedAlias0 from User as generatedAlias0
15:57:35.776 [Test worker] DEBUG org.hibernate.SQL - select user0_.id as id1_4_, user0_.enabled as enabled2_4_, user0_.login as login3_4_, user0_.password as password4_4_, user0_1_.role_id as role_id1_3_ from users user0_ left outer join user_roles user0_1_ on user0_.id=user0_1_.user_id
15:57:35.778 [Test worker] DEBUG o.s.orm.jpa.JpaTransactionManager - Initiating transaction commit
15:57:35.778 [Test worker] DEBUG o.s.orm.jpa.JpaTransactionManager - Committing JPA transaction on EntityManager [org.hibernate.jpa.internal.EntityManagerImpl@63b3fd65]
15:57:35.778 [Test worker] DEBUG o.h.e.t.spi.AbstractTransactionImpl - committing
15:57:35.778 [Test worker] DEBUG o.h.e.t.i.jdbc.JdbcTransaction - committed JDBC Connection
15:57:35.778 [Test worker] DEBUG o.h.e.t.i.jdbc.JdbcTransaction - re-enabling autocommit
15:57:35.779 [Test worker] DEBUG o.s.orm.jpa.JpaTransactionManager - Closing JPA EntityManager [org.hibernate.jpa.internal.EntityManagerImpl@63b3fd65] after transaction
15:57:35.779 [Test worker] DEBUG o.s.o.jpa.EntityManagerFactoryUtils - Closing JPA EntityManager
15:57:35.779 [Test worker] DEBUG o.h.e.j.i.LogicalConnectionImpl - Releasing JDBC connection
15:57:35.779 [Test worker] DEBUG o.h.e.j.i.LogicalConnectionImpl - Released JDBC connection
15:57:35.779 [Test worker] DEBUG o.s.orm.jpa.JpaTransactionManager - Creating new transaction with name [org.springframework.data.jpa.repository.support.SimpleJpaRepository.deleteAll]: PROPAGATION_REQUIRED,ISOLATION_DEFAULT; ''
15:57:35.779 [Test worker] DEBUG o.s.orm.jpa.JpaTransactionManager - Opened new EntityManager [org.hibernate.jpa.internal.EntityManagerImpl@2bbc9625] for JPA transaction
15:57:35.779 [Test worker] DEBUG o.h.e.t.spi.AbstractTransactionImpl - begin
15:57:35.779 [Test worker] DEBUG o.h.e.j.i.LogicalConnectionImpl - Obtaining JDBC connection
15:57:35.779 [Test worker] DEBUG o.s.j.d.DriverManagerDataSource - Creating new JDBC DriverManager Connection to [jdbc:mysql://mysql.mcscw3.le.ac.uk:3306/mic7]
15:57:35.790 [Test worker] DEBUG o.h.e.j.i.LogicalConnectionImpl - Obtained JDBC connection
15:57:35.790 [Test worker] DEBUG o.h.e.t.i.jdbc.JdbcTransaction - initial autocommit status: true
15:57:35.790 [Test worker] DEBUG o.h.e.t.i.jdbc.JdbcTransaction - disabling autocommit
15:57:35.790 [Test worker] DEBUG o.s.orm.jpa.JpaTransactionManager - Exposing JPA transaction as JDBC transaction [org.springframework.orm.jpa.vendor.HibernateJpaDialect$HibernateConnectionHandle@54fa1fd4]
15:57:35.791 [Test worker] DEBUG o.h.jpa.criteria.CriteriaQueryImpl - Rendered criteria query -> select generatedAlias0 from Version as generatedAlias0
15:57:35.791 [Test worker] DEBUG org.hibernate.SQL - select version0_.id as id1_5_, version0_.description as descript2_5_, version0_.sciid as sciid4_5_, version0_.version as version3_5_ from version version0_
15:57:35.792 [Test worker] DEBUG o.s.orm.jpa.JpaTransactionManager - Initiating transaction commit
15:57:35.792 [Test worker] DEBUG o.s.orm.jpa.JpaTransactionManager - Committing JPA transaction on EntityManager [org.hibernate.jpa.internal.EntityManagerImpl@2bbc9625]
15:57:35.792 [Test worker] DEBUG o.h.e.t.spi.AbstractTransactionImpl - committing
15:57:35.792 [Test worker] DEBUG o.h.e.t.i.jdbc.JdbcTransaction - committed JDBC Connection
15:57:35.792 [Test worker] DEBUG o.h.e.t.i.jdbc.JdbcTransaction - re-enabling autocommit
15:57:35.793 [Test worker] DEBUG o.s.orm.jpa.JpaTransactionManager - Closing JPA EntityManager [org.hibernate.jpa.internal.EntityManagerImpl@2bbc9625] after transaction
15:57:35.793 [Test worker] DEBUG o.s.o.jpa.EntityManagerFactoryUtils - Closing JPA EntityManager
15:57:35.793 [Test worker] DEBUG o.h.e.j.i.LogicalConnectionImpl - Releasing JDBC connection
15:57:35.793 [Test worker] DEBUG o.h.e.j.i.LogicalConnectionImpl - Released JDBC connection
15:57:35.793 [Test worker] DEBUG o.s.orm.jpa.JpaTransactionManager - Creating new transaction with name [org.springframework.data.jpa.repository.support.SimpleJpaRepository.deleteAll]: PROPAGATION_REQUIRED,ISOLATION_DEFAULT; ''
15:57:35.793 [Test worker] DEBUG o.s.orm.jpa.JpaTransactionManager - Opened new EntityManager [org.hibernate.jpa.internal.EntityManagerImpl@5577376f] for JPA transaction
15:57:35.793 [Test worker] DEBUG o.h.e.t.spi.AbstractTransactionImpl - begin
15:57:35.793 [Test worker] DEBUG o.h.e.j.i.LogicalConnectionImpl - Obtaining JDBC connection
15:57:35.793 [Test worker] DEBUG o.s.j.d.DriverManagerDataSource - Creating new JDBC DriverManager Connection to [jdbc:mysql://mysql.mcscw3.le.ac.uk:3306/mic7]
15:57:35.803 [Test worker] DEBUG o.h.e.j.i.LogicalConnectionImpl - Obtained JDBC connection
15:57:35.803 [Test worker] DEBUG o.h.e.t.i.jdbc.JdbcTransaction - initial autocommit status: true
15:57:35.803 [Test worker] DEBUG o.h.e.t.i.jdbc.JdbcTransaction - disabling autocommit
15:57:35.803 [Test worker] DEBUG o.s.orm.jpa.JpaTransactionManager - Exposing JPA transaction as JDBC transaction [org.springframework.orm.jpa.vendor.HibernateJpaDialect$HibernateConnectionHandle@6059d4e8]
15:57:35.804 [Test worker] DEBUG o.h.jpa.criteria.CriteriaQueryImpl - Rendered criteria query -> select generatedAlias0 from SCI as generatedAlias0
15:57:35.804 [Test worker] DEBUG org.hibernate.SQL - select sci0_.id as id1_2_, sci0_.name as name2_2_ from sci sci0_
15:57:35.805 [Test worker] DEBUG o.s.orm.jpa.JpaTransactionManager - Initiating transaction commit
15:57:35.805 [Test worker] DEBUG o.s.orm.jpa.JpaTransactionManager - Committing JPA transaction on EntityManager [org.hibernate.jpa.internal.EntityManagerImpl@5577376f]
15:57:35.805 [Test worker] DEBUG o.h.e.t.spi.AbstractTransactionImpl - committing
15:57:35.806 [Test worker] DEBUG o.h.e.t.i.jdbc.JdbcTransaction - committed JDBC Connection
15:57:35.806 [Test worker] DEBUG o.h.e.t.i.jdbc.JdbcTransaction - re-enabling autocommit
15:57:35.806 [Test worker] DEBUG o.s.orm.jpa.JpaTransactionManager - Closing JPA EntityManager [org.hibernate.jpa.internal.EntityManagerImpl@5577376f] after transaction
15:57:35.806 [Test worker] DEBUG o.s.o.jpa.EntityManagerFactoryUtils - Closing JPA EntityManager
15:57:35.806 [Test worker] DEBUG o.h.e.j.i.LogicalConnectionImpl - Releasing JDBC connection
15:57:35.807 [Test worker] DEBUG o.h.e.j.i.LogicalConnectionImpl - Released JDBC connection
15:57:35.807 [Test worker] DEBUG o.s.t.c.s.DirtiesContextTestExecutionListener - After test class: context [DefaultTestContext@77a7ca2c testClass = CompleteRequestSteps, testInstance = [null], testMethod = [null], testException = [null], mergedContextConfiguration = [WebMergedContextConfiguration@74ea17fb testClass = CompleteRequestSteps, locations = '{}', classes = '{class webAppProject.webAppProjectApplication, class webAppProject.SecurityConfig, class webAppProject.WebConfig}', contextInitializerClasses = '[]', activeProfiles = '{}', propertySourceLocations = '{}', propertySourceProperties = '{}', resourceBasePath = 'src/main/webapp', contextLoader = 'org.springframework.test.context.web.WebDelegatingSmartContextLoader', parent = [null]]], class annotated with @DirtiesContext [false] with mode [null].
15:57:35.846 [Test worker] DEBUG o.s.t.w.s.TestDispatcherServlet - DispatcherServlet with name '' processing GET request for [/success-login]
15:57:35.846 [Test worker] DEBUG o.s.w.s.m.m.a.RequestMappingHandlerMapping - Looking up handler method for path /success-login
15:57:35.846 [Test worker] DEBUG o.s.w.s.m.m.a.RequestMappingHandlerMapping - Returning handler method [public org.springframework.web.servlet.ModelAndView webAppProject.controller.AuthorizationController.successLogin()]
15:57:35.846 [Test worker] DEBUG o.s.b.f.s.DefaultListableBeanFactory - Returning cached instance of singleton bean 'authorizationController'
15:57:35.846 [Test worker] DEBUG o.s.t.w.s.TestDispatcherServlet - Last-Modified value for [/success-login] is: -1
15:57:35.846 [Test worker] DEBUG o.s.o.j.s.OpenEntityManagerInViewInterceptor - Opening JPA EntityManager in OpenEntityManagerInViewInterceptor
15:57:35.847 [Test worker] DEBUG o.s.b.f.s.DefaultListableBeanFactory - Invoking afterPropertiesSet() on bean with name 'redirect:/'
15:57:35.847 [Test worker] DEBUG o.s.b.f.s.DefaultListableBeanFactory - Returning cached instance of singleton bean 'org.springframework.transaction.config.internalTransactionAdvisor'
15:57:35.847 [Test worker] DEBUG o.s.b.f.s.DefaultListableBeanFactory - Returning cached instance of singleton bean 'org.springframework.transaction.config.internalTransactionAdvisor'
15:57:35.847 [Test worker] DEBUG o.s.t.w.s.TestDispatcherServlet - Rendering view [org.springframework.web.servlet.view.RedirectView: name 'redirect:/'; URL [/]] in DispatcherServlet with name ''
15:57:35.847 [Test worker] DEBUG o.s.b.f.s.DefaultListableBeanFactory - Returning cached instance of singleton bean 'requestDataValueProcessor'
15:57:35.847 [Test worker] DEBUG o.s.o.j.s.OpenEntityManagerInViewInterceptor - Closing JPA EntityManager in OpenEntityManagerInViewInterceptor
15:57:35.847 [Test worker] DEBUG o.s.o.jpa.EntityManagerFactoryUtils - Closing JPA EntityManager
15:57:35.847 [Test worker] DEBUG o.s.t.w.s.TestDispatcherServlet - Successfully completed request
15:57:35.848 [Test worker] DEBUG o.s.orm.jpa.JpaTransactionManager - Creating new transaction with name [org.springframework.data.jpa.repository.support.SimpleJpaRepository.deleteAll]: PROPAGATION_REQUIRED,ISOLATION_DEFAULT; ''
15:57:35.848 [Test worker] DEBUG o.s.orm.jpa.JpaTransactionManager - Opened new EntityManager [org.hibernate.jpa.internal.EntityManagerImpl@5d0e5d19] for JPA transaction
15:57:35.848 [Test worker] DEBUG o.h.e.t.spi.AbstractTransactionImpl - begin
15:57:35.848 [Test worker] DEBUG o.h.e.j.i.LogicalConnectionImpl - Obtaining JDBC connection
15:57:35.848 [Test worker] DEBUG o.s.j.d.DriverManagerDataSource - Creating new JDBC DriverManager Connection to [jdbc:mysql://mysql.mcscw3.le.ac.uk:3306/mic7]
15:57:35.858 [Test worker] DEBUG o.h.e.j.i.LogicalConnectionImpl - Obtained JDBC connection
15:57:35.858 [Test worker] DEBUG o.h.e.t.i.jdbc.JdbcTransaction - initial autocommit status: true
15:57:35.858 [Test worker] DEBUG o.h.e.t.i.jdbc.JdbcTransaction - disabling autocommit
15:57:35.858 [Test worker] DEBUG o.s.orm.jpa.JpaTransactionManager - Exposing JPA transaction as JDBC transaction [org.springframework.orm.jpa.vendor.HibernateJpaDialect$HibernateConnectionHandle@6bf30fc1]
15:57:35.859 [Test worker] DEBUG o.h.jpa.criteria.CriteriaQueryImpl - Rendered criteria query -> select generatedAlias0 from Request as generatedAlias0
15:57:35.859 [Test worker] DEBUG org.hibernate.SQL - select request0_.id as id1_0_, request0_.assessment as assessme2_0_, request0_.completion as completi3_0_, request0_.deadline as deadline4_0_, request0_.developer as develope5_0_, request0_.priority as priority6_0_, request0_.problem as problem7_0_, request0_.req_type as req_type8_0_, request0_.solution as solution9_0_, request0_.status as status10_0_, request0_.versionid as version11_0_ from requests request0_
15:57:35.860 [Test worker] DEBUG o.s.orm.jpa.JpaTransactionManager - Initiating transaction commit
15:57:35.860 [Test worker] DEBUG o.s.orm.jpa.JpaTransactionManager - Committing JPA transaction on EntityManager [org.hibernate.jpa.internal.EntityManagerImpl@5d0e5d19]
15:57:35.860 [Test worker] DEBUG o.h.e.t.spi.AbstractTransactionImpl - committing
15:57:35.861 [Test worker] DEBUG o.h.e.t.i.jdbc.JdbcTransaction - committed JDBC Connection
15:57:35.861 [Test worker] DEBUG o.h.e.t.i.jdbc.JdbcTransaction - re-enabling autocommit
15:57:35.862 [Test worker] DEBUG o.s.orm.jpa.JpaTransactionManager - Closing JPA EntityManager [org.hibernate.jpa.internal.EntityManagerImpl@5d0e5d19] after transaction
15:57:35.862 [Test worker] DEBUG o.s.o.jpa.EntityManagerFactoryUtils - Closing JPA EntityManager
15:57:35.862 [Test worker] DEBUG o.h.e.j.i.LogicalConnectionImpl - Releasing JDBC connection
15:57:35.862 [Test worker] DEBUG o.h.e.j.i.LogicalConnectionImpl - Released JDBC connection
15:57:35.862 [Test worker] DEBUG o.s.orm.jpa.JpaTransactionManager - Creating new transaction with name [org.springframework.data.jpa.repository.support.SimpleJpaRepository.deleteAll]: PROPAGATION_REQUIRED,ISOLATION_DEFAULT; ''
15:57:35.862 [Test worker] DEBUG o.s.orm.jpa.JpaTransactionManager - Opened new EntityManager [org.hibernate.jpa.internal.EntityManagerImpl@31ef6687] for JPA transaction
15:57:35.862 [Test worker] DEBUG o.h.e.t.spi.AbstractTransactionImpl - begin
15:57:35.862 [Test worker] DEBUG o.h.e.j.i.LogicalConnectionImpl - Obtaining JDBC connection
15:57:35.862 [Test worker] DEBUG o.s.j.d.DriverManagerDataSource - Creating new JDBC DriverManager Connection to [jdbc:mysql://mysql.mcscw3.le.ac.uk:3306/mic7]
15:57:35.874 [Test worker] DEBUG o.h.e.j.i.LogicalConnectionImpl - Obtained JDBC connection
15:57:35.874 [Test worker] DEBUG o.h.e.t.i.jdbc.JdbcTransaction - initial autocommit status: true
15:57:35.874 [Test worker] DEBUG o.h.e.t.i.jdbc.JdbcTransaction - disabling autocommit
15:57:35.874 [Test worker] DEBUG o.s.orm.jpa.JpaTransactionManager - Exposing JPA transaction as JDBC transaction [org.springframework.orm.jpa.vendor.HibernateJpaDialect$HibernateConnectionHandle@64384633]
15:57:35.874 [Test worker] DEBUG o.h.jpa.criteria.CriteriaQueryImpl - Rendered criteria query -> select generatedAlias0 from User as generatedAlias0
15:57:35.875 [Test worker] DEBUG org.hibernate.SQL - select user0_.id as id1_4_, user0_.enabled as enabled2_4_, user0_.login as login3_4_, user0_.password as password4_4_, user0_1_.role_id as role_id1_3_ from users user0_ left outer join user_roles user0_1_ on user0_.id=user0_1_.user_id
15:57:35.876 [Test worker] DEBUG o.s.orm.jpa.JpaTransactionManager - Initiating transaction commit
15:57:35.876 [Test worker] DEBUG o.s.orm.jpa.JpaTransactionManager - Committing JPA transaction on EntityManager [org.hibernate.jpa.internal.EntityManagerImpl@31ef6687]
15:57:35.876 [Test worker] DEBUG o.h.e.t.spi.AbstractTransactionImpl - committing
15:57:35.877 [Test worker] DEBUG o.h.e.t.i.jdbc.JdbcTransaction - committed JDBC Connection
15:57:35.877 [Test worker] DEBUG o.h.e.t.i.jdbc.JdbcTransaction - re-enabling autocommit
15:57:35.878 [Test worker] DEBUG o.s.orm.jpa.JpaTransactionManager - Closing JPA EntityManager [org.hibernate.jpa.internal.EntityManagerImpl@31ef6687] after transaction
15:57:35.878 [Test worker] DEBUG o.s.o.jpa.EntityManagerFactoryUtils - Closing JPA EntityManager
15:57:35.878 [Test worker] DEBUG o.h.e.j.i.LogicalConnectionImpl - Releasing JDBC connection
15:57:35.878 [Test worker] DEBUG o.h.e.j.i.LogicalConnectionImpl - Released JDBC connection
15:57:35.878 [Test worker] DEBUG o.s.orm.jpa.JpaTransactionManager - Creating new transaction with name [org.springframework.data.jpa.repository.support.SimpleJpaRepository.deleteAll]: PROPAGATION_REQUIRED,ISOLATION_DEFAULT; ''
15:57:35.878 [Test worker] DEBUG o.s.orm.jpa.JpaTransactionManager - Opened new EntityManager [org.hibernate.jpa.internal.EntityManagerImpl@60bf8e0d] for JPA transaction
15:57:35.878 [Test worker] DEBUG o.h.e.t.spi.AbstractTransactionImpl - begin
15:57:35.878 [Test worker] DEBUG o.h.e.j.i.LogicalConnectionImpl - Obtaining JDBC connection
15:57:35.878 [Test worker] DEBUG o.s.j.d.DriverManagerDataSource - Creating new JDBC DriverManager Connection to [jdbc:mysql://mysql.mcscw3.le.ac.uk:3306/mic7]
15:57:35.888 [Test worker] DEBUG o.h.e.j.i.LogicalConnectionImpl - Obtained JDBC connection
15:57:35.888 [Test worker] DEBUG o.h.e.t.i.jdbc.JdbcTransaction - initial autocommit status: true
15:57:35.888 [Test worker] DEBUG o.h.e.t.i.jdbc.JdbcTransaction - disabling autocommit
15:57:35.888 [Test worker] DEBUG o.s.orm.jpa.JpaTransactionManager - Exposing JPA transaction as JDBC transaction [org.springframework.orm.jpa.vendor.HibernateJpaDialect$HibernateConnectionHandle@53458587]
15:57:35.889 [Test worker] DEBUG o.h.jpa.criteria.CriteriaQueryImpl - Rendered criteria query -> select generatedAlias0 from Request as generatedAlias0
15:57:35.889 [Test worker] DEBUG org.hibernate.SQL - select request0_.id as id1_0_, request0_.assessment as assessme2_0_, request0_.completion as completi3_0_, request0_.deadline as deadline4_0_, request0_.developer as develope5_0_, request0_.priority as priority6_0_, request0_.problem as problem7_0_, request0_.req_type as req_type8_0_, request0_.solution as solution9_0_, request0_.status as status10_0_, request0_.versionid as version11_0_ from requests request0_
15:57:35.890 [Test worker] DEBUG o.s.orm.jpa.JpaTransactionManager - Initiating transaction commit
15:57:35.890 [Test worker] DEBUG o.s.orm.jpa.JpaTransactionManager - Committing JPA transaction on EntityManager [org.hibernate.jpa.internal.EntityManagerImpl@60bf8e0d]
15:57:35.890 [Test worker] DEBUG o.h.e.t.spi.AbstractTransactionImpl - committing
15:57:35.891 [Test worker] DEBUG o.h.e.t.i.jdbc.JdbcTransaction - committed JDBC Connection
15:57:35.891 [Test worker] DEBUG o.h.e.t.i.jdbc.JdbcTransaction - re-enabling autocommit
15:57:35.891 [Test worker] DEBUG o.s.orm.jpa.JpaTransactionManager - Closing JPA EntityManager [org.hibernate.jpa.internal.EntityManagerImpl@60bf8e0d] after transaction
15:57:35.891 [Test worker] DEBUG o.s.o.jpa.EntityManagerFactoryUtils - Closing JPA EntityManager
15:57:35.891 [Test worker] DEBUG o.h.e.j.i.LogicalConnectionImpl - Releasing JDBC connection
15:57:35.891 [Test worker] DEBUG o.h.e.j.i.LogicalConnectionImpl - Released JDBC connection
15:57:35.892 [Test worker] DEBUG o.s.orm.jpa.JpaTransactionManager - Creating new transaction with name [org.springframework.data.jpa.repository.support.SimpleJpaRepository.deleteAll]: PROPAGATION_REQUIRED,ISOLATION_DEFAULT; ''
15:57:35.892 [Test worker] DEBUG o.s.orm.jpa.JpaTransactionManager - Opened new EntityManager [org.hibernate.jpa.internal.EntityManagerImpl@7da100dd] for JPA transaction
15:57:35.892 [Test worker] DEBUG o.h.e.t.spi.AbstractTransactionImpl - begin
15:57:35.892 [Test worker] DEBUG o.h.e.j.i.LogicalConnectionImpl - Obtaining JDBC connection
15:57:35.892 [Test worker] DEBUG o.s.j.d.DriverManagerDataSource - Creating new JDBC DriverManager Connection to [jdbc:mysql://mysql.mcscw3.le.ac.uk:3306/mic7]
15:57:35.902 [Test worker] DEBUG o.h.e.j.i.LogicalConnectionImpl - Obtained JDBC connection
15:57:35.902 [Test worker] DEBUG o.h.e.t.i.jdbc.JdbcTransaction - initial autocommit status: true
15:57:35.902 [Test worker] DEBUG o.h.e.t.i.jdbc.JdbcTransaction - disabling autocommit
15:57:35.903 [Test worker] DEBUG o.s.orm.jpa.JpaTransactionManager - Exposing JPA transaction as JDBC transaction [org.springframework.orm.jpa.vendor.HibernateJpaDialect$HibernateConnectionHandle@53bc46a7]
15:57:35.903 [Test worker] DEBUG o.h.jpa.criteria.CriteriaQueryImpl - Rendered criteria query -> select generatedAlias0 from Request as generatedAlias0
15:57:35.903 [Test worker] DEBUG org.hibernate.SQL - select request0_.id as id1_0_, request0_.assessment as assessme2_0_, request0_.completion as completi3_0_, request0_.deadline as deadline4_0_, request0_.developer as develope5_0_, request0_.priority as priority6_0_, request0_.problem as problem7_0_, request0_.req_type as req_type8_0_, request0_.solution as solution9_0_, request0_.status as status10_0_, request0_.versionid as version11_0_ from requests request0_
15:57:35.905 [Test worker] DEBUG o.s.orm.jpa.JpaTransactionManager - Initiating transaction commit
15:57:35.905 [Test worker] DEBUG o.s.orm.jpa.JpaTransactionManager - Committing JPA transaction on EntityManager [org.hibernate.jpa.internal.EntityManagerImpl@7da100dd]
15:57:35.905 [Test worker] DEBUG o.h.e.t.spi.AbstractTransactionImpl - committing
15:57:35.905 [Test worker] DEBUG o.h.e.t.i.jdbc.JdbcTransaction - committed JDBC Connection
15:57:35.905 [Test worker] DEBUG o.h.e.t.i.jdbc.JdbcTransaction - re-enabling autocommit
15:57:35.906 [Test worker] DEBUG o.s.orm.jpa.JpaTransactionManager - Closing JPA EntityManager [org.hibernate.jpa.internal.EntityManagerImpl@7da100dd] after transaction
15:57:35.906 [Test worker] DEBUG o.s.o.jpa.EntityManagerFactoryUtils - Closing JPA EntityManager
15:57:35.906 [Test worker] DEBUG o.h.e.j.i.LogicalConnectionImpl - Releasing JDBC connection
15:57:35.906 [Test worker] DEBUG o.h.e.j.i.LogicalConnectionImpl - Released JDBC connection
15:57:35.906 [Test worker] DEBUG o.s.orm.jpa.JpaTransactionManager - Creating new transaction with name [org.springframework.data.jpa.repository.support.SimpleJpaRepository.deleteAll]: PROPAGATION_REQUIRED,ISOLATION_DEFAULT; ''
15:57:35.906 [Test worker] DEBUG o.s.orm.jpa.JpaTransactionManager - Opened new EntityManager [org.hibernate.jpa.internal.EntityManagerImpl@1ad921e4] for JPA transaction
15:57:35.906 [Test worker] DEBUG o.h.e.t.spi.AbstractTransactionImpl - begin
15:57:35.906 [Test worker] DEBUG o.h.e.j.i.LogicalConnectionImpl - Obtaining JDBC connection
15:57:35.907 [Test worker] DEBUG o.s.j.d.DriverManagerDataSource - Creating new JDBC DriverManager Connection to [jdbc:mysql://mysql.mcscw3.le.ac.uk:3306/mic7]
15:57:35.917 [Test worker] DEBUG o.h.e.j.i.LogicalConnectionImpl - Obtained JDBC connection
15:57:35.917 [Test worker] DEBUG o.h.e.t.i.jdbc.JdbcTransaction - initial autocommit status: true
15:57:35.917 [Test worker] DEBUG o.h.e.t.i.jdbc.JdbcTransaction - disabling autocommit
15:57:35.917 [Test worker] DEBUG o.s.orm.jpa.JpaTransactionManager - Exposing JPA transaction as JDBC transaction [org.springframework.orm.jpa.vendor.HibernateJpaDialect$HibernateConnectionHandle@270e9932]
15:57:35.918 [Test worker] DEBUG o.h.jpa.criteria.CriteriaQueryImpl - Rendered criteria query -> select generatedAlias0 from User as generatedAlias0
15:57:35.918 [Test worker] DEBUG org.hibernate.SQL - select user0_.id as id1_4_, user0_.enabled as enabled2_4_, user0_.login as login3_4_, user0_.password as password4_4_, user0_1_.role_id as role_id1_3_ from users user0_ left outer join user_roles user0_1_ on user0_.id=user0_1_.user_id
15:57:35.919 [Test worker] DEBUG o.s.orm.jpa.JpaTransactionManager - Initiating transaction commit
15:57:35.919 [Test worker] DEBUG o.s.orm.jpa.JpaTransactionManager - Committing JPA transaction on EntityManager [org.hibernate.jpa.internal.EntityManagerImpl@1ad921e4]
15:57:35.919 [Test worker] DEBUG o.h.e.t.spi.AbstractTransactionImpl - committing
15:57:35.920 [Test worker] DEBUG o.h.e.t.i.jdbc.JdbcTransaction - committed JDBC Connection
15:57:35.920 [Test worker] DEBUG o.h.e.t.i.jdbc.JdbcTransaction - re-enabling autocommit
15:57:35.920 [Test worker] DEBUG o.s.orm.jpa.JpaTransactionManager - Closing JPA EntityManager [org.hibernate.jpa.internal.EntityManagerImpl@1ad921e4] after transaction
15:57:35.920 [Test worker] DEBUG o.s.o.jpa.EntityManagerFactoryUtils - Closing JPA EntityManager
15:57:35.920 [Test worker] DEBUG o.h.e.j.i.LogicalConnectionImpl - Releasing JDBC connection
15:57:35.921 [Test worker] DEBUG o.h.e.j.i.LogicalConnectionImpl - Released JDBC connection
15:57:35.921 [Test worker] DEBUG o.s.orm.jpa.JpaTransactionManager - Creating new transaction with name [org.springframework.data.jpa.repository.support.SimpleJpaRepository.deleteAll]: PROPAGATION_REQUIRED,ISOLATION_DEFAULT; ''
15:57:35.921 [Test worker] DEBUG o.s.orm.jpa.JpaTransactionManager - Opened new EntityManager [org.hibernate.jpa.internal.EntityManagerImpl@2d5583d9] for JPA transaction
15:57:35.921 [Test worker] DEBUG o.h.e.t.spi.AbstractTransactionImpl - begin
15:57:35.921 [Test worker] DEBUG o.h.e.j.i.LogicalConnectionImpl - Obtaining JDBC connection
15:57:35.921 [Test worker] DEBUG o.s.j.d.DriverManagerDataSource - Creating new JDBC DriverManager Connection to [jdbc:mysql://mysql.mcscw3.le.ac.uk:3306/mic7]
15:57:35.931 [Test worker] DEBUG o.h.e.j.i.LogicalConnectionImpl - Obtained JDBC connection
15:57:35.931 [Test worker] DEBUG o.h.e.t.i.jdbc.JdbcTransaction - initial autocommit status: true
15:57:35.931 [Test worker] DEBUG o.h.e.t.i.jdbc.JdbcTransaction - disabling autocommit
15:57:35.932 [Test worker] DEBUG o.s.orm.jpa.JpaTransactionManager - Exposing JPA transaction as JDBC transaction [org.springframework.orm.jpa.vendor.HibernateJpaDialect$HibernateConnectionHandle@949bf97]
15:57:35.932 [Test worker] DEBUG o.h.jpa.criteria.CriteriaQueryImpl - Rendered criteria query -> select generatedAlias0 from Request as generatedAlias0
15:57:35.932 [Test worker] DEBUG org.hibernate.SQL - select request0_.id as id1_0_, request0_.assessment as assessme2_0_, request0_.completion as completi3_0_, request0_.deadline as deadline4_0_, request0_.developer as develope5_0_, request0_.priority as priority6_0_, request0_.problem as problem7_0_, request0_.req_type as req_type8_0_, request0_.solution as solution9_0_, request0_.status as status10_0_, request0_.versionid as version11_0_ from requests request0_
15:57:35.933 [Test worker] DEBUG o.s.orm.jpa.JpaTransactionManager - Initiating transaction commit
15:57:35.933 [Test worker] DEBUG o.s.orm.jpa.JpaTransactionManager - Committing JPA transaction on EntityManager [org.hibernate.jpa.internal.EntityManagerImpl@2d5583d9]
15:57:35.933 [Test worker] DEBUG o.h.e.t.spi.AbstractTransactionImpl - committing
15:57:35.934 [Test worker] DEBUG o.h.e.t.i.jdbc.JdbcTransaction - committed JDBC Connection
15:57:35.934 [Test worker] DEBUG o.h.e.t.i.jdbc.JdbcTransaction - re-enabling autocommit
15:57:35.934 [Test worker] DEBUG o.s.orm.jpa.JpaTransactionManager - Closing JPA EntityManager [org.hibernate.jpa.internal.EntityManagerImpl@2d5583d9] after transaction
15:57:35.934 [Test worker] DEBUG o.s.o.jpa.EntityManagerFactoryUtils - Closing JPA EntityManager
15:57:35.934 [Test worker] DEBUG o.h.e.j.i.LogicalConnectionImpl - Releasing JDBC connection
15:57:35.935 [Test worker] DEBUG o.h.e.j.i.LogicalConnectionImpl - Released JDBC connection
15:57:35.935 [Test worker] DEBUG o.s.orm.jpa.JpaTransactionManager - Creating new transaction with name [org.springframework.data.jpa.repository.support.SimpleJpaRepository.deleteAll]: PROPAGATION_REQUIRED,ISOLATION_DEFAULT; ''
15:57:35.935 [Test worker] DEBUG o.s.orm.jpa.JpaTransactionManager - Opened new EntityManager [org.hibernate.jpa.internal.EntityManagerImpl@2db33b78] for JPA transaction
15:57:35.935 [Test worker] DEBUG o.h.e.t.spi.AbstractTransactionImpl - begin
15:57:35.935 [Test worker] DEBUG o.h.e.j.i.LogicalConnectionImpl - Obtaining JDBC connection
15:57:35.935 [Test worker] DEBUG o.s.j.d.DriverManagerDataSource - Creating new JDBC DriverManager Connection to [jdbc:mysql://mysql.mcscw3.le.ac.uk:3306/mic7]
15:57:35.945 [Test worker] DEBUG o.h.e.j.i.LogicalConnectionImpl - Obtained JDBC connection
15:57:35.945 [Test worker] DEBUG o.h.e.t.i.jdbc.JdbcTransaction - initial autocommit status: true
15:57:35.945 [Test worker] DEBUG o.h.e.t.i.jdbc.JdbcTransaction - disabling autocommit
15:57:35.945 [Test worker] DEBUG o.s.orm.jpa.JpaTransactionManager - Exposing JPA transaction as JDBC transaction [org.springframework.orm.jpa.vendor.HibernateJpaDialect$HibernateConnectionHandle@4c19716c]
15:57:35.945 [Test worker] DEBUG o.h.jpa.criteria.CriteriaQueryImpl - Rendered criteria query -> select generatedAlias0 from User as generatedAlias0
15:57:35.946 [Test worker] DEBUG org.hibernate.SQL - select user0_.id as id1_4_, user0_.enabled as enabled2_4_, user0_.login as login3_4_, user0_.password as password4_4_, user0_1_.role_id as role_id1_3_ from users user0_ left outer join user_roles user0_1_ on user0_.id=user0_1_.user_id
15:57:35.947 [Test worker] DEBUG o.s.orm.jpa.JpaTransactionManager - Initiating transaction commit
15:57:35.947 [Test worker] DEBUG o.s.orm.jpa.JpaTransactionManager - Committing JPA transaction on EntityManager [org.hibernate.jpa.internal.EntityManagerImpl@2db33b78]
15:57:35.947 [Test worker] DEBUG o.h.e.t.spi.AbstractTransactionImpl - committing
15:57:35.947 [Test worker] DEBUG o.h.e.t.i.jdbc.JdbcTransaction - committed JDBC Connection
15:57:35.947 [Test worker] DEBUG o.h.e.t.i.jdbc.JdbcTransaction - re-enabling autocommit
15:57:35.948 [Test worker] DEBUG o.s.orm.jpa.JpaTransactionManager - Closing JPA EntityManager [org.hibernate.jpa.internal.EntityManagerImpl@2db33b78] after transaction
15:57:35.948 [Test worker] DEBUG o.s.o.jpa.EntityManagerFactoryUtils - Closing JPA EntityManager
15:57:35.948 [Test worker] DEBUG o.h.e.j.i.LogicalConnectionImpl - Releasing JDBC connection
15:57:35.948 [Test worker] DEBUG o.h.e.j.i.LogicalConnectionImpl - Released JDBC connection
15:57:35.948 [Test worker] DEBUG o.s.orm.jpa.JpaTransactionManager - Creating new transaction with name [org.springframework.data.jpa.repository.support.SimpleJpaRepository.deleteAll]: PROPAGATION_REQUIRED,ISOLATION_DEFAULT; ''
15:57:35.948 [Test worker] DEBUG o.s.orm.jpa.JpaTransactionManager - Opened new EntityManager [org.hibernate.jpa.internal.EntityManagerImpl@3df37f0] for JPA transaction
15:57:35.948 [Test worker] DEBUG o.h.e.t.spi.AbstractTransactionImpl - begin
15:57:35.948 [Test worker] DEBUG o.h.e.j.i.LogicalConnectionImpl - Obtaining JDBC connection
15:57:35.948 [Test worker] DEBUG o.s.j.d.DriverManagerDataSource - Creating new JDBC DriverManager Connection to [jdbc:mysql://mysql.mcscw3.le.ac.uk:3306/mic7]
15:57:35.958 [Test worker] DEBUG o.h.e.j.i.LogicalConnectionImpl - Obtained JDBC connection
15:57:35.958 [Test worker] DEBUG o.h.e.t.i.jdbc.JdbcTransaction - initial autocommit status: true
15:57:35.958 [Test worker] DEBUG o.h.e.t.i.jdbc.JdbcTransaction - disabling autocommit
15:57:35.958 [Test worker] DEBUG o.s.orm.jpa.JpaTransactionManager - Exposing JPA transaction as JDBC transaction [org.springframework.orm.jpa.vendor.HibernateJpaDialect$HibernateConnectionHandle@3a668a94]
15:57:35.959 [Test worker] DEBUG o.h.jpa.criteria.CriteriaQueryImpl - Rendered criteria query -> select generatedAlias0 from Version as generatedAlias0
15:57:35.959 [Test worker] DEBUG org.hibernate.SQL - select version0_.id as id1_5_, version0_.description as descript2_5_, version0_.sciid as sciid4_5_, version0_.version as version3_5_ from version version0_
15:57:35.960 [Test worker] DEBUG o.s.orm.jpa.JpaTransactionManager - Initiating transaction commit
15:57:35.960 [Test worker] DEBUG o.s.orm.jpa.JpaTransactionManager - Committing JPA transaction on EntityManager [org.hibernate.jpa.internal.EntityManagerImpl@3df37f0]
15:57:35.960 [Test worker] DEBUG o.h.e.t.spi.AbstractTransactionImpl - committing
15:57:35.961 [Test worker] DEBUG o.h.e.t.i.jdbc.JdbcTransaction - committed JDBC Connection
15:57:35.961 [Test worker] DEBUG o.h.e.t.i.jdbc.JdbcTransaction - re-enabling autocommit
15:57:35.961 [Test worker] DEBUG o.s.orm.jpa.JpaTransactionManager - Closing JPA EntityManager [org.hibernate.jpa.internal.EntityManagerImpl@3df37f0] after transaction
15:57:35.961 [Test worker] DEBUG o.s.o.jpa.EntityManagerFactoryUtils - Closing JPA EntityManager
15:57:35.961 [Test worker] DEBUG o.h.e.j.i.LogicalConnectionImpl - Releasing JDBC connection
15:57:35.961 [Test worker] DEBUG o.h.e.j.i.LogicalConnectionImpl - Released JDBC connection
15:57:35.961 [Test worker] DEBUG o.s.orm.jpa.JpaTransactionManager - Creating new transaction with name [org.springframework.data.jpa.repository.support.SimpleJpaRepository.deleteAll]: PROPAGATION_REQUIRED,ISOLATION_DEFAULT; ''
15:57:35.962 [Test worker] DEBUG o.s.orm.jpa.JpaTransactionManager - Opened new EntityManager [org.hibernate.jpa.internal.EntityManagerImpl@262d0906] for JPA transaction
15:57:35.962 [Test worker] DEBUG o.h.e.t.spi.AbstractTransactionImpl - begin
15:57:35.962 [Test worker] DEBUG o.h.e.j.i.LogicalConnectionImpl - Obtaining JDBC connection
15:57:35.962 [Test worker] DEBUG o.s.j.d.DriverManagerDataSource - Creating new JDBC DriverManager Connection to [jdbc:mysql://mysql.mcscw3.le.ac.uk:3306/mic7]
15:57:35.971 [Test worker] DEBUG o.h.e.j.i.LogicalConnectionImpl - Obtained JDBC connection
15:57:35.971 [Test worker] DEBUG o.h.e.t.i.jdbc.JdbcTransaction - initial autocommit status: true
15:57:35.971 [Test worker] DEBUG o.h.e.t.i.jdbc.JdbcTransaction - disabling autocommit
15:57:35.972 [Test worker] DEBUG o.s.orm.jpa.JpaTransactionManager - Exposing JPA transaction as JDBC transaction [org.springframework.orm.jpa.vendor.HibernateJpaDialect$HibernateConnectionHandle@7c1fc8dc]
15:57:35.972 [Test worker] DEBUG o.h.jpa.criteria.CriteriaQueryImpl - Rendered criteria query -> select generatedAlias0 from SCI as generatedAlias0
15:57:35.972 [Test worker] DEBUG org.hibernate.SQL - select sci0_.id as id1_2_, sci0_.name as name2_2_ from sci sci0_
15:57:35.973 [Test worker] DEBUG o.s.orm.jpa.JpaTransactionManager - Initiating transaction commit
15:57:35.973 [Test worker] DEBUG o.s.orm.jpa.JpaTransactionManager - Committing JPA transaction on EntityManager [org.hibernate.jpa.internal.EntityManagerImpl@262d0906]
15:57:35.973 [Test worker] DEBUG o.h.e.t.spi.AbstractTransactionImpl - committing
15:57:35.974 [Test worker] DEBUG o.h.e.t.i.jdbc.JdbcTransaction - committed JDBC Connection
15:57:35.974 [Test worker] DEBUG o.h.e.t.i.jdbc.JdbcTransaction - re-enabling autocommit
15:57:35.974 [Test worker] DEBUG o.s.orm.jpa.JpaTransactionManager - Closing JPA EntityManager [org.hibernate.jpa.internal.EntityManagerImpl@262d0906] after transaction
15:57:35.974 [Test worker] DEBUG o.s.o.jpa.EntityManagerFactoryUtils - Closing JPA EntityManager
15:57:35.974 [Test worker] DEBUG o.h.e.j.i.LogicalConnectionImpl - Releasing JDBC connection
15:57:35.974 [Test worker] DEBUG o.h.e.j.i.LogicalConnectionImpl - Released JDBC connection
15:57:35.975 [Test worker] DEBUG o.s.t.c.s.DirtiesContextTestExecutionListener - After test class: context [DefaultTestContext@2636e07e testClass = CompleteRequestSteps, testInstance = [null], testMethod = [null], testException = [null], mergedContextConfiguration = [WebMergedContextConfiguration@38e1a0f6 testClass = CompleteRequestSteps, locations = '{}', classes = '{class webAppProject.webAppProjectApplication, class webAppProject.SecurityConfig, class webAppProject.WebConfig}', contextInitializerClasses = '[]', activeProfiles = '{}', propertySourceLocations = '{}', propertySourceProperties = '{}', resourceBasePath = 'src/main/webapp', contextLoader = 'org.springframework.test.context.web.WebDelegatingSmartContextLoader', parent = [null]]], class annotated with @DirtiesContext [false] with mode [null].

  @controller
  Scenario: cancel assessment               ?[90m# AssessChangeRequest.feature:33?[0m
    ?[32mGiven ?[0m?[32mI am assessing change requests?[0m    ?[90m# AssessChangeRequestSteps.i_am_assessing_change_requests()?[0m
    ?[32mWhen ?[0m?[32mI request to cancel the assessment?[0m ?[90m# AssessChangeRequestSteps.i_request_to_cancel_the_assessment()?[0m
    ?[32mThen ?[0m?[32mI stop seeing change requests?[0m      ?[90m# AssessChangeRequestSteps.i_stop_seeing_change_requests()?[0m
Feature: complete change request
  As a developer 
  I want to process the change requests allocated to me
  So that we can make progress on project development
15:57:36.009 [Test worker] DEBUG o.s.orm.jpa.JpaTransactionManager - Creating new transaction with name [org.springframework.data.jpa.repository.support.SimpleJpaRepository.save]: PROPAGATION_REQUIRED,ISOLATION_DEFAULT; ''
15:57:36.009 [Test worker] DEBUG o.s.orm.jpa.JpaTransactionManager - Opened new EntityManager [org.hibernate.jpa.internal.EntityManagerImpl@7495c44b] for JPA transaction
15:57:36.009 [Test worker] DEBUG o.h.e.t.spi.AbstractTransactionImpl - begin
15:57:36.009 [Test worker] DEBUG o.h.e.j.i.LogicalConnectionImpl - Obtaining JDBC connection
15:57:36.009 [Test worker] DEBUG o.s.j.d.DriverManagerDataSource - Creating new JDBC DriverManager Connection to [jdbc:mysql://mysql.mcscw3.le.ac.uk:3306/mic7]
15:57:36.019 [Test worker] DEBUG o.h.e.j.i.LogicalConnectionImpl - Obtained JDBC connection
15:57:36.019 [Test worker] DEBUG o.h.e.t.i.jdbc.JdbcTransaction - initial autocommit status: true
15:57:36.019 [Test worker] DEBUG o.h.e.t.i.jdbc.JdbcTransaction - disabling autocommit
15:57:36.020 [Test worker] DEBUG o.s.orm.jpa.JpaTransactionManager - Exposing JPA transaction as JDBC transaction [org.springframework.orm.jpa.vendor.HibernateJpaDialect$HibernateConnectionHandle@129fc9c7]
15:57:36.020 [Test worker] DEBUG org.hibernate.engine.spi.ActionQueue - Executing identity-insert immediately
15:57:36.020 [Test worker] DEBUG org.hibernate.SQL - insert into requests (assessment, completion, deadline, developer, priority, problem, req_type, solution, status, versionid) values (?, ?, ?, ?, ?, ?, ?, ?, ?, ?)
15:57:36.021 [Test worker] DEBUG o.h.id.IdentifierGeneratorHelper - Natively generated identity: 5
15:57:36.022 [Test worker] DEBUG o.s.orm.jpa.JpaTransactionManager - Initiating transaction commit
15:57:36.022 [Test worker] DEBUG o.s.orm.jpa.JpaTransactionManager - Committing JPA transaction on EntityManager [org.hibernate.jpa.internal.EntityManagerImpl@7495c44b]
15:57:36.022 [Test worker] DEBUG o.h.e.t.spi.AbstractTransactionImpl - committing
15:57:36.022 [Test worker] DEBUG o.h.e.i.AbstractFlushingEventListener - Processing flush-time cascades
15:57:36.022 [Test worker] DEBUG o.h.e.i.AbstractFlushingEventListener - Dirty checking collections
15:57:36.022 [Test worker] DEBUG o.h.e.i.AbstractFlushingEventListener - Flushed: 0 insertions, 0 updates, 0 deletions to 1 objects
15:57:36.022 [Test worker] DEBUG o.h.e.i.AbstractFlushingEventListener - Flushed: 0 (re)creations, 0 updates, 0 removals to 0 collections
15:57:36.022 [Test worker] DEBUG o.h.internal.util.EntityPrinter - Listing entities:
15:57:36.022 [Test worker] DEBUG o.h.internal.util.EntityPrinter - webAppProject.domain.Request{assessment=null, completion=null, problem=problem, solution=solution, reqType=Fault, developer=alice, id=5, deadline=null, priority=null, version=null, status=accepted}
15:57:36.024 [Test worker] DEBUG o.h.e.t.i.jdbc.JdbcTransaction - committed JDBC Connection
15:57:36.024 [Test worker] DEBUG o.h.e.t.i.jdbc.JdbcTransaction - re-enabling autocommit
15:57:36.025 [Test worker] DEBUG o.s.orm.jpa.JpaTransactionManager - Closing JPA EntityManager [org.hibernate.jpa.internal.EntityManagerImpl@7495c44b] after transaction
15:57:36.025 [Test worker] DEBUG o.s.o.jpa.EntityManagerFactoryUtils - Closing JPA EntityManager
15:57:36.025 [Test worker] DEBUG o.h.e.j.i.LogicalConnectionImpl - Releasing JDBC connection
15:57:36.025 [Test worker] DEBUG o.h.e.j.i.LogicalConnectionImpl - Released JDBC connection
15:57:36.027 [Test worker] DEBUG o.s.t.w.s.TestDispatcherServlet - DispatcherServlet with name '' processing POST request for [/completeRequest]
15:57:36.028 [Test worker] DEBUG o.s.w.s.m.m.a.RequestMappingHandlerMapping - Looking up handler method for path /completeRequest
15:57:36.028 [Test worker] DEBUG o.s.w.s.m.m.a.RequestMappingHandlerMapping - Returning handler method [public java.lang.String webAppProject.controller.RequestController.completeRequest(java.lang.String,java.lang.String)]
15:57:36.028 [Test worker] DEBUG o.s.b.f.s.DefaultListableBeanFactory - Returning cached instance of singleton bean 'requestController'
15:57:36.028 [Test worker] DEBUG o.s.o.j.s.OpenEntityManagerInViewInterceptor - Opening JPA EntityManager in OpenEntityManagerInViewInterceptor
15:57:36.029 [Test worker] DEBUG o.h.jpa.criteria.CriteriaQueryImpl - Rendered criteria query -> select generatedAlias0 from Request as generatedAlias0 where generatedAlias0.problem=:param0
15:57:36.029 [Test worker] DEBUG org.hibernate.SQL - select request0_.id as id1_0_, request0_.assessment as assessme2_0_, request0_.completion as completi3_0_, request0_.deadline as deadline4_0_, request0_.developer as develope5_0_, request0_.priority as priority6_0_, request0_.problem as problem7_0_, request0_.req_type as req_type8_0_, request0_.solution as solution9_0_, request0_.status as status10_0_, request0_.versionid as version11_0_ from requests request0_ where request0_.problem=?
15:57:36.029 [Test worker] DEBUG o.h.e.j.i.LogicalConnectionImpl - Obtaining JDBC connection
15:57:36.029 [Test worker] DEBUG o.s.j.d.DriverManagerDataSource - Creating new JDBC DriverManager Connection to [jdbc:mysql://mysql.mcscw3.le.ac.uk:3306/mic7]
15:57:36.040 [Test worker] DEBUG o.h.e.j.i.LogicalConnectionImpl - Obtained JDBC connection
15:57:36.041 [Test worker] DEBUG org.hibernate.loader.Loader - Result set row: 0
15:57:36.042 [Test worker] DEBUG org.hibernate.loader.Loader - Result row: EntityKey[webAppProject.domain.Request#5]
15:57:36.042 [Test worker] DEBUG o.h.engine.internal.TwoPhaseLoad - Resolving associations for [webAppProject.domain.Request#5]
15:57:36.043 [Test worker] DEBUG o.h.engine.internal.TwoPhaseLoad - Done materializing entity [webAppProject.domain.Request#5]
15:57:36.043 [Test worker] DEBUG o.s.orm.jpa.JpaTransactionManager - Found thread-bound EntityManager [org.hibernate.jpa.internal.EntityManagerImpl@3492116f] for JPA transaction
15:57:36.044 [Test worker] DEBUG o.s.orm.jpa.JpaTransactionManager - Creating new transaction with name [org.springframework.data.jpa.repository.support.SimpleJpaRepository.save]: PROPAGATION_REQUIRED,ISOLATION_DEFAULT; ''
15:57:36.044 [Test worker] DEBUG o.h.e.t.spi.AbstractTransactionImpl - begin
15:57:36.044 [Test worker] DEBUG o.h.e.t.i.jdbc.JdbcTransaction - initial autocommit status: true
15:57:36.044 [Test worker] DEBUG o.h.e.t.i.jdbc.JdbcTransaction - disabling autocommit
15:57:36.045 [Test worker] DEBUG o.s.orm.jpa.JpaTransactionManager - Exposing JPA transaction as JDBC transaction [org.springframework.orm.jpa.vendor.HibernateJpaDialect$HibernateConnectionHandle@1a7772d5]
15:57:36.045 [Test worker] DEBUG o.s.orm.jpa.JpaTransactionManager - Initiating transaction commit
15:57:36.045 [Test worker] DEBUG o.s.orm.jpa.JpaTransactionManager - Committing JPA transaction on EntityManager [org.hibernate.jpa.internal.EntityManagerImpl@3492116f]
15:57:36.045 [Test worker] DEBUG o.h.e.t.spi.AbstractTransactionImpl - committing
15:57:36.045 [Test worker] DEBUG o.h.e.i.AbstractFlushingEventListener - Processing flush-time cascades
15:57:36.045 [Test worker] DEBUG o.h.e.i.AbstractFlushingEventListener - Dirty checking collections
15:57:36.045 [Test worker] DEBUG o.h.e.i.AbstractFlushingEventListener - Flushed: 0 insertions, 1 updates, 0 deletions to 1 objects
15:57:36.045 [Test worker] DEBUG o.h.e.i.AbstractFlushingEventListener - Flushed: 0 (re)creations, 0 updates, 0 removals to 0 collections
15:57:36.046 [Test worker] DEBUG o.h.internal.util.EntityPrinter - Listing entities:
15:57:36.046 [Test worker] DEBUG o.h.internal.util.EntityPrinter - webAppProject.domain.Request{assessment=null, completion=15-11-2015, problem=problem, solution=solution, reqType=Fault, developer=alice, id=5, deadline=null, priority=null, version=null, status=complete}
15:57:36.046 [Test worker] DEBUG org.hibernate.SQL - update requests set assessment=?, completion=?, deadline=?, developer=?, priority=?, problem=?, req_type=?, solution=?, status=?, versionid=? where id=?
15:57:36.050 [Test worker] DEBUG o.h.e.t.i.jdbc.JdbcTransaction - committed JDBC Connection
15:57:36.050 [Test worker] DEBUG o.h.e.t.i.jdbc.JdbcTransaction - re-enabling autocommit
15:57:36.051 [Test worker] DEBUG o.s.orm.jpa.JpaTransactionManager - Not closing pre-bound JPA EntityManager after transaction
15:57:36.051 [Test worker] DEBUG o.s.b.f.s.DefaultListableBeanFactory - Invoking afterPropertiesSet() on bean with name '/success-login'
15:57:36.051 [Test worker] DEBUG o.s.b.f.s.DefaultListableBeanFactory - Returning cached instance of singleton bean 'org.springframework.transaction.config.internalTransactionAdvisor'
15:57:36.051 [Test worker] DEBUG o.s.b.f.s.DefaultListableBeanFactory - Returning cached instance of singleton bean 'org.springframework.transaction.config.internalTransactionAdvisor'
15:57:36.051 [Test worker] DEBUG o.s.t.w.s.TestDispatcherServlet - Rendering view [org.springframework.web.servlet.view.JstlView: name '/success-login'; URL [/WEB-INF/views//success-login.jsp]] in DispatcherServlet with name ''
15:57:36.051 [Test worker] DEBUG o.s.b.f.s.DefaultListableBeanFactory - Returning cached instance of singleton bean 'requestDataValueProcessor'
15:57:36.051 [Test worker] DEBUG o.s.web.servlet.view.JstlView - Forwarding to resource [/WEB-INF/views//success-login.jsp] in InternalResourceView '/success-login'
15:57:36.051 [Test worker] DEBUG o.s.mock.web.MockRequestDispatcher - MockRequestDispatcher: forwarding to [/WEB-INF/views//success-login.jsp]
15:57:36.051 [Test worker] DEBUG o.s.o.j.s.OpenEntityManagerInViewInterceptor - Closing JPA EntityManager in OpenEntityManagerInViewInterceptor
15:57:36.051 [Test worker] DEBUG o.s.o.jpa.EntityManagerFactoryUtils - Closing JPA EntityManager
15:57:36.051 [Test worker] DEBUG o.h.e.j.internal.JdbcCoordinatorImpl - HHH000420: Closing un-released batch
15:57:36.052 [Test worker] DEBUG o.h.e.j.i.LogicalConnectionImpl - Releasing JDBC connection
15:57:36.052 [Test worker] DEBUG o.h.e.j.i.LogicalConnectionImpl - Released JDBC connection
15:57:36.052 [Test worker] DEBUG o.s.t.w.s.TestDispatcherServlet - Successfully completed request
15:57:36.053 [Test worker] DEBUG o.s.o.j.SharedEntityManagerCreator$SharedEntityManagerInvocationHandler - Creating new EntityManager for shared EntityManager invocation
15:57:36.054 [Test worker] DEBUG o.h.jpa.criteria.CriteriaQueryImpl - Rendered criteria query -> select generatedAlias0 from Request as generatedAlias0 where generatedAlias0.reqType=:param0
15:57:36.054 [Test worker] DEBUG o.h.h.i.ast.QueryTranslatorImpl - parse() - HQL: select generatedAlias0 from webAppProject.domain.Request as generatedAlias0 where generatedAlias0.reqType=:param0
15:57:36.056 [Test worker] DEBUG o.h.h.i.ast.QueryTranslatorImpl - --- HQL AST ---
 \-[QUERY] Node: 'query'
    +-[SELECT_FROM] Node: 'SELECT_FROM'
    |  +-[FROM] Node: 'from'
    |  |  \-[RANGE] Node: 'RANGE'
    |  |     +-[DOT] Node: '.'
    |  |     |  +-[DOT] Node: '.'
    |  |     |  |  +-[IDENT] Node: 'webAppProject'
    |  |     |  |  \-[IDENT] Node: 'domain'
    |  |     |  \-[IDENT] Node: 'Request'
    |  |     \-[ALIAS] Node: 'generatedAlias0'
    |  \-[SELECT] Node: 'select'
    |     \-[IDENT] Node: 'generatedAlias0'
    \-[WHERE] Node: 'where'
       \-[EQ] Node: '='
          +-[DOT] Node: '.'
          |  +-[IDENT] Node: 'generatedAlias0'
          |  \-[IDENT] Node: 'reqType'
          \-[COLON] Node: ':'
             \-[IDENT] Node: 'param0'

15:57:36.056 [Test worker] DEBUG o.h.hql.internal.ast.ErrorCounter - throwQueryException() : no errors
15:57:36.057 [Test worker] DEBUG o.h.h.i.antlr.HqlSqlBaseWalker - select << begin [level=1, statement=select]
15:57:36.057 [Test worker] DEBUG o.h.h.internal.ast.tree.FromElement - FromClause{level=1} : webAppProject.domain.Request (generatedAlias0) -> request0_
15:57:36.057 [Test worker] DEBUG o.h.h.i.ast.tree.FromReferenceNode - Resolved : generatedAlias0 -> request0_.id
15:57:36.058 [Test worker] DEBUG o.h.h.i.ast.tree.FromReferenceNode - Resolved : generatedAlias0 -> request0_.id
15:57:36.058 [Test worker] DEBUG o.h.hql.internal.ast.tree.DotNode - getDataType() : reqType -> org.hibernate.type.StringType@22374f13
15:57:36.058 [Test worker] DEBUG o.h.h.i.ast.tree.FromReferenceNode - Resolved : generatedAlias0.reqType -> request0_.req_type
15:57:36.058 [Test worker] DEBUG o.h.h.i.antlr.HqlSqlBaseWalker - select : finishing up [level=1, statement=select]
15:57:36.058 [Test worker] DEBUG o.h.hql.internal.ast.HqlSqlWalker - processQuery() :  ( SELECT ( {select clause} request0_.id ) ( FromClause{level=1} requests request0_ ) ( where ( = ( request0_.req_type request0_.id reqType ) ? ) ) )
15:57:36.058 [Test worker] DEBUG o.h.h.i.ast.util.JoinProcessor - Using FROM fragment [requests request0_]
15:57:36.058 [Test worker] DEBUG o.h.h.i.antlr.HqlSqlBaseWalker - select >> end [level=1, statement=select]
15:57:36.058 [Test worker] DEBUG o.h.h.i.ast.QueryTranslatorImpl - --- SQL AST ---
 \-[SELECT] QueryNode: 'SELECT'  querySpaces (requests)
    +-[SELECT_CLAUSE] SelectClause: '{select clause}'
    |  +-[ALIAS_REF] IdentNode: 'request0_.id as id1_0_' {alias=generatedAlias0, className=webAppProject.domain.Request, tableAlias=request0_}
    |  \-[SQL_TOKEN] SqlFragment: 'request0_.assessment as assessme2_0_, request0_.completion as completi3_0_, request0_.deadline as deadline4_0_, request0_.developer as develope5_0_, request0_.priority as priority6_0_, request0_.problem as problem7_0_, request0_.req_type as req_type8_0_, request0_.solution as solution9_0_, request0_.status as status10_0_, request0_.versionid as version11_0_'
    +-[FROM] FromClause: 'from' FromClause{level=1, fromElementCounter=1, fromElements=1, fromElementByClassAlias=[generatedAlias0], fromElementByTableAlias=[request0_], fromElementsByPath=[], collectionJoinFromElementsByPath=[], impliedElements=[]}
    |  \-[FROM_FRAGMENT] FromElement: 'requests request0_' FromElement{explicit,not a collection join,not a fetch join,fetch non-lazy properties,classAlias=generatedAlias0,role=null,tableName=requests,tableAlias=request0_,origin=null,columns={,className=webAppProject.domain.Request}}
    \-[WHERE] SqlNode: 'where'
       \-[EQ] BinaryLogicOperatorNode: '='
          +-[DOT] DotNode: 'request0_.req_type' {propertyName=reqType,dereferenceType=PRIMITIVE,getPropertyPath=reqType,path=generatedAlias0.reqType,tableAlias=request0_,className=webAppProject.domain.Request,classAlias=generatedAlias0}
          |  +-[ALIAS_REF] IdentNode: 'request0_.id' {alias=generatedAlias0, className=webAppProject.domain.Request, tableAlias=request0_}
          |  \-[IDENT] IdentNode: 'reqType' {originalText=reqType}
          \-[NAMED_PARAM] ParameterNode: '?' {name=param0, expectedType=org.hibernate.type.StringType@22374f13}

15:57:36.058 [Test worker] DEBUG o.h.hql.internal.ast.ErrorCounter - throwQueryException() : no errors
15:57:36.059 [Test worker] DEBUG o.h.h.i.ast.QueryTranslatorImpl - HQL: select generatedAlias0 from webAppProject.domain.Request as generatedAlias0 where generatedAlias0.reqType=:param0
15:57:36.059 [Test worker] DEBUG o.h.h.i.ast.QueryTranslatorImpl - SQL: select request0_.id as id1_0_, request0_.assessment as assessme2_0_, request0_.completion as completi3_0_, request0_.deadline as deadline4_0_, request0_.developer as develope5_0_, request0_.priority as priority6_0_, request0_.problem as problem7_0_, request0_.req_type as req_type8_0_, request0_.solution as solution9_0_, request0_.status as status10_0_, request0_.versionid as version11_0_ from requests request0_ where request0_.req_type=?
15:57:36.059 [Test worker] DEBUG o.h.hql.internal.ast.ErrorCounter - throwQueryException() : no errors
15:57:36.059 [Test worker] DEBUG org.hibernate.SQL - select request0_.id as id1_0_, request0_.assessment as assessme2_0_, request0_.completion as completi3_0_, request0_.deadline as deadline4_0_, request0_.developer as develope5_0_, request0_.priority as priority6_0_, request0_.problem as problem7_0_, request0_.req_type as req_type8_0_, request0_.solution as solution9_0_, request0_.status as status10_0_, request0_.versionid as version11_0_ from requests request0_ where request0_.req_type=?
15:57:36.059 [Test worker] DEBUG o.h.e.j.i.LogicalConnectionImpl - Obtaining JDBC connection
15:57:36.059 [Test worker] DEBUG o.s.j.d.DriverManagerDataSource - Creating new JDBC DriverManager Connection to [jdbc:mysql://mysql.mcscw3.le.ac.uk:3306/mic7]
15:57:36.072 [Test worker] DEBUG o.h.e.j.i.LogicalConnectionImpl - Obtained JDBC connection
15:57:36.073 [Test worker] DEBUG org.hibernate.loader.Loader - Result set row: 0
15:57:36.073 [Test worker] DEBUG org.hibernate.loader.Loader - Result row: EntityKey[webAppProject.domain.Request#5]
15:57:36.073 [Test worker] DEBUG o.h.engine.internal.TwoPhaseLoad - Resolving associations for [webAppProject.domain.Request#5]
15:57:36.074 [Test worker] DEBUG o.h.engine.internal.TwoPhaseLoad - Done materializing entity [webAppProject.domain.Request#5]
15:57:36.075 [Test worker] DEBUG o.s.o.jpa.EntityManagerFactoryUtils - Closing JPA EntityManager
15:57:36.075 [Test worker] DEBUG o.h.e.j.i.LogicalConnectionImpl - Releasing JDBC connection
15:57:36.075 [Test worker] DEBUG o.h.e.j.i.LogicalConnectionImpl - Released JDBC connection
15:57:36.077 [Test worker] DEBUG o.s.orm.jpa.JpaTransactionManager - Creating new transaction with name [org.springframework.data.jpa.repository.support.SimpleJpaRepository.deleteAll]: PROPAGATION_REQUIRED,ISOLATION_DEFAULT; ''
15:57:36.077 [Test worker] DEBUG o.s.orm.jpa.JpaTransactionManager - Opened new EntityManager [org.hibernate.jpa.internal.EntityManagerImpl@f947df0] for JPA transaction
15:57:36.078 [Test worker] DEBUG o.h.e.t.spi.AbstractTransactionImpl - begin
15:57:36.078 [Test worker] DEBUG o.h.e.j.i.LogicalConnectionImpl - Obtaining JDBC connection
15:57:36.078 [Test worker] DEBUG o.s.j.d.DriverManagerDataSource - Creating new JDBC DriverManager Connection to [jdbc:mysql://mysql.mcscw3.le.ac.uk:3306/mic7]
15:57:36.088 [Test worker] DEBUG o.h.e.j.i.LogicalConnectionImpl - Obtained JDBC connection
15:57:36.088 [Test worker] DEBUG o.h.e.t.i.jdbc.JdbcTransaction - initial autocommit status: true
15:57:36.088 [Test worker] DEBUG o.h.e.t.i.jdbc.JdbcTransaction - disabling autocommit
15:57:36.089 [Test worker] DEBUG o.s.orm.jpa.JpaTransactionManager - Exposing JPA transaction as JDBC transaction [org.springframework.orm.jpa.vendor.HibernateJpaDialect$HibernateConnectionHandle@4b5ef0fd]
15:57:36.089 [Test worker] DEBUG o.h.jpa.criteria.CriteriaQueryImpl - Rendered criteria query -> select generatedAlias0 from Request as generatedAlias0
15:57:36.090 [Test worker] DEBUG org.hibernate.SQL - select request0_.id as id1_0_, request0_.assessment as assessme2_0_, request0_.completion as completi3_0_, request0_.deadline as deadline4_0_, request0_.developer as develope5_0_, request0_.priority as priority6_0_, request0_.problem as problem7_0_, request0_.req_type as req_type8_0_, request0_.solution as solution9_0_, request0_.status as status10_0_, request0_.versionid as version11_0_ from requests request0_
15:57:36.091 [Test worker] DEBUG org.hibernate.loader.Loader - Result set row: 0
15:57:36.091 [Test worker] DEBUG org.hibernate.loader.Loader - Result row: EntityKey[webAppProject.domain.Request#5]
15:57:36.091 [Test worker] DEBUG o.h.engine.internal.TwoPhaseLoad - Resolving associations for [webAppProject.domain.Request#5]
15:57:36.092 [Test worker] DEBUG o.h.engine.internal.TwoPhaseLoad - Done materializing entity [webAppProject.domain.Request#5]
15:57:36.093 [Test worker] DEBUG o.s.orm.jpa.JpaTransactionManager - Initiating transaction commit
15:57:36.093 [Test worker] DEBUG o.s.orm.jpa.JpaTransactionManager - Committing JPA transaction on EntityManager [org.hibernate.jpa.internal.EntityManagerImpl@f947df0]
15:57:36.093 [Test worker] DEBUG o.h.e.t.spi.AbstractTransactionImpl - committing
15:57:36.093 [Test worker] DEBUG o.h.e.i.AbstractFlushingEventListener - Processing flush-time cascades
15:57:36.093 [Test worker] DEBUG o.h.e.i.AbstractFlushingEventListener - Dirty checking collections
15:57:36.093 [Test worker] DEBUG o.h.e.i.AbstractFlushingEventListener - Flushed: 0 insertions, 0 updates, 1 deletions to 1 objects
15:57:36.093 [Test worker] DEBUG o.h.e.i.AbstractFlushingEventListener - Flushed: 0 (re)creations, 0 updates, 0 removals to 0 collections
15:57:36.093 [Test worker] DEBUG o.h.internal.util.EntityPrinter - Listing entities:
15:57:36.093 [Test worker] DEBUG o.h.internal.util.EntityPrinter - webAppProject.domain.Request{assessment=null, completion=15-11-2015, problem=problem, solution=solution, reqType=Fault, developer=alice, id=5, deadline=null, priority=null, version=null, status=complete}
15:57:36.093 [Test worker] DEBUG org.hibernate.SQL - delete from requests where id=?
15:57:36.098 [Test worker] DEBUG o.h.e.t.i.jdbc.JdbcTransaction - committed JDBC Connection
15:57:36.098 [Test worker] DEBUG o.h.e.t.i.jdbc.JdbcTransaction - re-enabling autocommit
15:57:36.098 [Test worker] DEBUG o.s.orm.jpa.JpaTransactionManager - Closing JPA EntityManager [org.hibernate.jpa.internal.EntityManagerImpl@f947df0] after transaction
15:57:36.098 [Test worker] DEBUG o.s.o.jpa.EntityManagerFactoryUtils - Closing JPA EntityManager
15:57:36.098 [Test worker] DEBUG o.h.e.j.internal.JdbcCoordinatorImpl - HHH000420: Closing un-released batch
15:57:36.098 [Test worker] DEBUG o.h.e.j.i.LogicalConnectionImpl - Releasing JDBC connection
15:57:36.099 [Test worker] DEBUG o.h.e.j.i.LogicalConnectionImpl - Released JDBC connection
15:57:36.099 [Test worker] DEBUG o.s.orm.jpa.JpaTransactionManager - Creating new transaction with name [org.springframework.data.jpa.repository.support.SimpleJpaRepository.deleteAll]: PROPAGATION_REQUIRED,ISOLATION_DEFAULT; ''
15:57:36.100 [Test worker] DEBUG o.s.orm.jpa.JpaTransactionManager - Opened new EntityManager [org.hibernate.jpa.internal.EntityManagerImpl@262807d8] for JPA transaction
15:57:36.100 [Test worker] DEBUG o.h.e.t.spi.AbstractTransactionImpl - begin
15:57:36.100 [Test worker] DEBUG o.h.e.j.i.LogicalConnectionImpl - Obtaining JDBC connection
15:57:36.100 [Test worker] DEBUG o.s.j.d.DriverManagerDataSource - Creating new JDBC DriverManager Connection to [jdbc:mysql://mysql.mcscw3.le.ac.uk:3306/mic7]
15:57:36.115 [Test worker] DEBUG o.h.e.j.i.LogicalConnectionImpl - Obtained JDBC connection
15:57:36.115 [Test worker] DEBUG o.h.e.t.i.jdbc.JdbcTransaction - initial autocommit status: true
15:57:36.115 [Test worker] DEBUG o.h.e.t.i.jdbc.JdbcTransaction - disabling autocommit
15:57:36.116 [Test worker] DEBUG o.s.orm.jpa.JpaTransactionManager - Exposing JPA transaction as JDBC transaction [org.springframework.orm.jpa.vendor.HibernateJpaDialect$HibernateConnectionHandle@3ef81c6d]
15:57:36.116 [Test worker] DEBUG o.h.jpa.criteria.CriteriaQueryImpl - Rendered criteria query -> select generatedAlias0 from User as generatedAlias0
15:57:36.116 [Test worker] DEBUG org.hibernate.SQL - select user0_.id as id1_4_, user0_.enabled as enabled2_4_, user0_.login as login3_4_, user0_.password as password4_4_, user0_1_.role_id as role_id1_3_ from users user0_ left outer join user_roles user0_1_ on user0_.id=user0_1_.user_id
15:57:36.117 [Test worker] DEBUG org.hibernate.loader.Loader - Result set row: 0
15:57:36.117 [Test worker] DEBUG org.hibernate.loader.Loader - Result row: EntityKey[webAppProject.domain.User#3]
15:57:36.117 [Test worker] DEBUG o.h.engine.internal.TwoPhaseLoad - Resolving associations for [webAppProject.domain.User#3]
15:57:36.117 [Test worker] DEBUG o.h.engine.internal.TwoPhaseLoad - Done materializing entity [webAppProject.domain.User#3]
15:57:36.118 [Test worker] DEBUG o.s.orm.jpa.JpaTransactionManager - Initiating transaction commit
15:57:36.118 [Test worker] DEBUG o.s.orm.jpa.JpaTransactionManager - Committing JPA transaction on EntityManager [org.hibernate.jpa.internal.EntityManagerImpl@262807d8]
15:57:36.118 [Test worker] DEBUG o.h.e.t.spi.AbstractTransactionImpl - committing
15:57:36.118 [Test worker] DEBUG o.h.e.i.AbstractFlushingEventListener - Processing flush-time cascades
15:57:36.118 [Test worker] DEBUG o.h.e.i.AbstractFlushingEventListener - Dirty checking collections
15:57:36.118 [Test worker] DEBUG o.h.e.i.AbstractFlushingEventListener - Flushed: 0 insertions, 0 updates, 1 deletions to 1 objects
15:57:36.118 [Test worker] DEBUG o.h.e.i.AbstractFlushingEventListener - Flushed: 0 (re)creations, 0 updates, 0 removals to 0 collections
15:57:36.118 [Test worker] DEBUG o.h.internal.util.EntityPrinter - Listing entities:
15:57:36.119 [Test worker] DEBUG o.h.internal.util.EntityPrinter - webAppProject.domain.User{password=null, role=null, id=3, login=alice, enabled=false}
15:57:36.119 [Test worker] DEBUG org.hibernate.SQL - delete from user_roles where user_id=?
15:57:36.120 [Test worker] DEBUG org.hibernate.SQL - delete from users where id=?
15:57:36.123 [Test worker] DEBUG o.h.e.t.i.jdbc.JdbcTransaction - committed JDBC Connection
15:57:36.123 [Test worker] DEBUG o.h.e.t.i.jdbc.JdbcTransaction - re-enabling autocommit
15:57:36.124 [Test worker] DEBUG o.s.orm.jpa.JpaTransactionManager - Closing JPA EntityManager [org.hibernate.jpa.internal.EntityManagerImpl@262807d8] after transaction
15:57:36.124 [Test worker] DEBUG o.s.o.jpa.EntityManagerFactoryUtils - Closing JPA EntityManager
15:57:36.124 [Test worker] DEBUG o.h.e.j.internal.JdbcCoordinatorImpl - HHH000420: Closing un-released batch
15:57:36.124 [Test worker] DEBUG o.h.e.j.i.LogicalConnectionImpl - Releasing JDBC connection
15:57:36.124 [Test worker] DEBUG o.h.e.j.i.LogicalConnectionImpl - Released JDBC connection
15:57:36.134 [Test worker] DEBUG o.s.orm.jpa.JpaTransactionManager - Creating new transaction with name [org.springframework.data.jpa.repository.support.SimpleJpaRepository.deleteAll]: PROPAGATION_REQUIRED,ISOLATION_DEFAULT; ''
15:57:36.134 [Test worker] DEBUG o.s.orm.jpa.JpaTransactionManager - Opened new EntityManager [org.hibernate.jpa.internal.EntityManagerImpl@4fc9d182] for JPA transaction
15:57:36.134 [Test worker] DEBUG o.h.e.t.spi.AbstractTransactionImpl - begin
15:57:36.134 [Test worker] DEBUG o.h.e.j.i.LogicalConnectionImpl - Obtaining JDBC connection
15:57:36.134 [Test worker] DEBUG o.s.j.d.DriverManagerDataSource - Creating new JDBC DriverManager Connection to [jdbc:mysql://mysql.mcscw3.le.ac.uk:3306/mic7]
15:57:36.143 [Test worker] DEBUG o.h.e.j.i.LogicalConnectionImpl - Obtained JDBC connection
15:57:36.143 [Test worker] DEBUG o.h.e.t.i.jdbc.JdbcTransaction - initial autocommit status: true
15:57:36.143 [Test worker] DEBUG o.h.e.t.i.jdbc.JdbcTransaction - disabling autocommit
15:57:36.144 [Test worker] DEBUG o.s.orm.jpa.JpaTransactionManager - Exposing JPA transaction as JDBC transaction [org.springframework.orm.jpa.vendor.HibernateJpaDialect$HibernateConnectionHandle@2f3c8516]
15:57:36.144 [Test worker] DEBUG o.h.jpa.criteria.CriteriaQueryImpl - Rendered criteria query -> select generatedAlias0 from Request as generatedAlias0
15:57:36.145 [Test worker] DEBUG org.hibernate.SQL - select request0_.id as id1_0_, request0_.assessment as assessme2_0_, request0_.completion as completi3_0_, request0_.deadline as deadline4_0_, request0_.developer as develope5_0_, request0_.priority as priority6_0_, request0_.problem as problem7_0_, request0_.req_type as req_type8_0_, request0_.solution as solution9_0_, request0_.status as status10_0_, request0_.versionid as version11_0_ from requests request0_
15:57:36.147 [Test worker] DEBUG o.s.orm.jpa.JpaTransactionManager - Initiating transaction commit
15:57:36.147 [Test worker] DEBUG o.s.orm.jpa.JpaTransactionManager - Committing JPA transaction on EntityManager [org.hibernate.jpa.internal.EntityManagerImpl@4fc9d182]
15:57:36.147 [Test worker] DEBUG o.h.e.t.spi.AbstractTransactionImpl - committing
15:57:36.147 [Test worker] DEBUG o.h.e.t.i.jdbc.JdbcTransaction - committed JDBC Connection
15:57:36.147 [Test worker] DEBUG o.h.e.t.i.jdbc.JdbcTransaction - re-enabling autocommit
15:57:36.148 [Test worker] DEBUG o.s.orm.jpa.JpaTransactionManager - Closing JPA EntityManager [org.hibernate.jpa.internal.EntityManagerImpl@4fc9d182] after transaction
15:57:36.148 [Test worker] DEBUG o.s.o.jpa.EntityManagerFactoryUtils - Closing JPA EntityManager
15:57:36.148 [Test worker] DEBUG o.h.e.j.i.LogicalConnectionImpl - Releasing JDBC connection
15:57:36.148 [Test worker] DEBUG o.h.e.j.i.LogicalConnectionImpl - Released JDBC connection
15:57:36.148 [Test worker] DEBUG o.s.orm.jpa.JpaTransactionManager - Creating new transaction with name [org.springframework.data.jpa.repository.support.SimpleJpaRepository.deleteAll]: PROPAGATION_REQUIRED,ISOLATION_DEFAULT; ''
15:57:36.148 [Test worker] DEBUG o.s.orm.jpa.JpaTransactionManager - Opened new EntityManager [org.hibernate.jpa.internal.EntityManagerImpl@6869e269] for JPA transaction
15:57:36.148 [Test worker] DEBUG o.h.e.t.spi.AbstractTransactionImpl - begin
15:57:36.148 [Test worker] DEBUG o.h.e.j.i.LogicalConnectionImpl - Obtaining JDBC connection
15:57:36.148 [Test worker] DEBUG o.s.j.d.DriverManagerDataSource - Creating new JDBC DriverManager Connection to [jdbc:mysql://mysql.mcscw3.le.ac.uk:3306/mic7]
15:57:36.159 [Test worker] DEBUG o.h.e.j.i.LogicalConnectionImpl - Obtained JDBC connection
15:57:36.159 [Test worker] DEBUG o.h.e.t.i.jdbc.JdbcTransaction - initial autocommit status: true
15:57:36.159 [Test worker] DEBUG o.h.e.t.i.jdbc.JdbcTransaction - disabling autocommit
15:57:36.160 [Test worker] DEBUG o.s.orm.jpa.JpaTransactionManager - Exposing JPA transaction as JDBC transaction [org.springframework.orm.jpa.vendor.HibernateJpaDialect$HibernateConnectionHandle@32d8fb45]
15:57:36.160 [Test worker] DEBUG o.h.jpa.criteria.CriteriaQueryImpl - Rendered criteria query -> select generatedAlias0 from Request as generatedAlias0
15:57:36.160 [Test worker] DEBUG org.hibernate.SQL - select request0_.id as id1_0_, request0_.assessment as assessme2_0_, request0_.completion as completi3_0_, request0_.deadline as deadline4_0_, request0_.developer as develope5_0_, request0_.priority as priority6_0_, request0_.problem as problem7_0_, request0_.req_type as req_type8_0_, request0_.solution as solution9_0_, request0_.status as status10_0_, request0_.versionid as version11_0_ from requests request0_
15:57:36.162 [Test worker] DEBUG o.s.orm.jpa.JpaTransactionManager - Initiating transaction commit
15:57:36.162 [Test worker] DEBUG o.s.orm.jpa.JpaTransactionManager - Committing JPA transaction on EntityManager [org.hibernate.jpa.internal.EntityManagerImpl@6869e269]
15:57:36.162 [Test worker] DEBUG o.h.e.t.spi.AbstractTransactionImpl - committing
15:57:36.163 [Test worker] DEBUG o.h.e.t.i.jdbc.JdbcTransaction - committed JDBC Connection
15:57:36.163 [Test worker] DEBUG o.h.e.t.i.jdbc.JdbcTransaction - re-enabling autocommit
15:57:36.163 [Test worker] DEBUG o.s.orm.jpa.JpaTransactionManager - Closing JPA EntityManager [org.hibernate.jpa.internal.EntityManagerImpl@6869e269] after transaction
15:57:36.163 [Test worker] DEBUG o.s.o.jpa.EntityManagerFactoryUtils - Closing JPA EntityManager
15:57:36.164 [Test worker] DEBUG o.h.e.j.i.LogicalConnectionImpl - Releasing JDBC connection
15:57:36.164 [Test worker] DEBUG o.h.e.j.i.LogicalConnectionImpl - Released JDBC connection
15:57:36.164 [Test worker] DEBUG o.s.orm.jpa.JpaTransactionManager - Creating new transaction with name [org.springframework.data.jpa.repository.support.SimpleJpaRepository.deleteAll]: PROPAGATION_REQUIRED,ISOLATION_DEFAULT; ''
15:57:36.165 [Test worker] DEBUG o.s.orm.jpa.JpaTransactionManager - Opened new EntityManager [org.hibernate.jpa.internal.EntityManagerImpl@a98b2e0] for JPA transaction
15:57:36.165 [Test worker] DEBUG o.h.e.t.spi.AbstractTransactionImpl - begin
15:57:36.165 [Test worker] DEBUG o.h.e.j.i.LogicalConnectionImpl - Obtaining JDBC connection
15:57:36.165 [Test worker] DEBUG o.s.j.d.DriverManagerDataSource - Creating new JDBC DriverManager Connection to [jdbc:mysql://mysql.mcscw3.le.ac.uk:3306/mic7]
15:57:36.174 [Test worker] DEBUG o.h.e.j.i.LogicalConnectionImpl - Obtained JDBC connection
15:57:36.174 [Test worker] DEBUG o.h.e.t.i.jdbc.JdbcTransaction - initial autocommit status: true
15:57:36.174 [Test worker] DEBUG o.h.e.t.i.jdbc.JdbcTransaction - disabling autocommit
15:57:36.175 [Test worker] DEBUG o.s.orm.jpa.JpaTransactionManager - Exposing JPA transaction as JDBC transaction [org.springframework.orm.jpa.vendor.HibernateJpaDialect$HibernateConnectionHandle@39ec0272]
15:57:36.175 [Test worker] DEBUG o.h.jpa.criteria.CriteriaQueryImpl - Rendered criteria query -> select generatedAlias0 from User as generatedAlias0
15:57:36.175 [Test worker] DEBUG org.hibernate.SQL - select user0_.id as id1_4_, user0_.enabled as enabled2_4_, user0_.login as login3_4_, user0_.password as password4_4_, user0_1_.role_id as role_id1_3_ from users user0_ left outer join user_roles user0_1_ on user0_.id=user0_1_.user_id
15:57:36.176 [Test worker] DEBUG o.s.orm.jpa.JpaTransactionManager - Initiating transaction commit
15:57:36.176 [Test worker] DEBUG o.s.orm.jpa.JpaTransactionManager - Committing JPA transaction on EntityManager [org.hibernate.jpa.internal.EntityManagerImpl@a98b2e0]
15:57:36.176 [Test worker] DEBUG o.h.e.t.spi.AbstractTransactionImpl - committing
15:57:36.177 [Test worker] DEBUG o.h.e.t.i.jdbc.JdbcTransaction - committed JDBC Connection
15:57:36.177 [Test worker] DEBUG o.h.e.t.i.jdbc.JdbcTransaction - re-enabling autocommit
15:57:36.177 [Test worker] DEBUG o.s.orm.jpa.JpaTransactionManager - Closing JPA EntityManager [org.hibernate.jpa.internal.EntityManagerImpl@a98b2e0] after transaction
15:57:36.177 [Test worker] DEBUG o.s.o.jpa.EntityManagerFactoryUtils - Closing JPA EntityManager
15:57:36.177 [Test worker] DEBUG o.h.e.j.i.LogicalConnectionImpl - Releasing JDBC connection
15:57:36.177 [Test worker] DEBUG o.h.e.j.i.LogicalConnectionImpl - Released JDBC connection
15:57:36.179 [Test worker] DEBUG o.s.orm.jpa.JpaTransactionManager - Creating new transaction with name [org.springframework.data.jpa.repository.support.SimpleJpaRepository.deleteAll]: PROPAGATION_REQUIRED,ISOLATION_DEFAULT; ''
15:57:36.179 [Test worker] DEBUG o.s.orm.jpa.JpaTransactionManager - Opened new EntityManager [org.hibernate.jpa.internal.EntityManagerImpl@10e68f76] for JPA transaction
15:57:36.179 [Test worker] DEBUG o.h.e.t.spi.AbstractTransactionImpl - begin
15:57:36.179 [Test worker] DEBUG o.h.e.j.i.LogicalConnectionImpl - Obtaining JDBC connection
15:57:36.179 [Test worker] DEBUG o.s.j.d.DriverManagerDataSource - Creating new JDBC DriverManager Connection to [jdbc:mysql://mysql.mcscw3.le.ac.uk:3306/mic7]
15:57:36.188 [Test worker] DEBUG o.h.e.j.i.LogicalConnectionImpl - Obtained JDBC connection
15:57:36.188 [Test worker] DEBUG o.h.e.t.i.jdbc.JdbcTransaction - initial autocommit status: true
15:57:36.188 [Test worker] DEBUG o.h.e.t.i.jdbc.JdbcTransaction - disabling autocommit
15:57:36.189 [Test worker] DEBUG o.s.orm.jpa.JpaTransactionManager - Exposing JPA transaction as JDBC transaction [org.springframework.orm.jpa.vendor.HibernateJpaDialect$HibernateConnectionHandle@5a80b0f]
15:57:36.189 [Test worker] DEBUG o.h.jpa.criteria.CriteriaQueryImpl - Rendered criteria query -> select generatedAlias0 from Request as generatedAlias0
15:57:36.189 [Test worker] DEBUG org.hibernate.SQL - select request0_.id as id1_0_, request0_.assessment as assessme2_0_, request0_.completion as completi3_0_, request0_.deadline as deadline4_0_, request0_.developer as develope5_0_, request0_.priority as priority6_0_, request0_.problem as problem7_0_, request0_.req_type as req_type8_0_, request0_.solution as solution9_0_, request0_.status as status10_0_, request0_.versionid as version11_0_ from requests request0_
15:57:36.191 [Test worker] DEBUG o.s.orm.jpa.JpaTransactionManager - Initiating transaction commit
15:57:36.191 [Test worker] DEBUG o.s.orm.jpa.JpaTransactionManager - Committing JPA transaction on EntityManager [org.hibernate.jpa.internal.EntityManagerImpl@10e68f76]
15:57:36.191 [Test worker] DEBUG o.h.e.t.spi.AbstractTransactionImpl - committing
15:57:36.191 [Test worker] DEBUG o.h.e.t.i.jdbc.JdbcTransaction - committed JDBC Connection
15:57:36.191 [Test worker] DEBUG o.h.e.t.i.jdbc.JdbcTransaction - re-enabling autocommit
15:57:36.191 [Test worker] DEBUG o.s.orm.jpa.JpaTransactionManager - Closing JPA EntityManager [org.hibernate.jpa.internal.EntityManagerImpl@10e68f76] after transaction
15:57:36.191 [Test worker] DEBUG o.s.o.jpa.EntityManagerFactoryUtils - Closing JPA EntityManager
15:57:36.191 [Test worker] DEBUG o.h.e.j.i.LogicalConnectionImpl - Releasing JDBC connection
15:57:36.192 [Test worker] DEBUG o.h.e.j.i.LogicalConnectionImpl - Released JDBC connection
15:57:36.192 [Test worker] DEBUG o.s.orm.jpa.JpaTransactionManager - Creating new transaction with name [org.springframework.data.jpa.repository.support.SimpleJpaRepository.deleteAll]: PROPAGATION_REQUIRED,ISOLATION_DEFAULT; ''
15:57:36.192 [Test worker] DEBUG o.s.orm.jpa.JpaTransactionManager - Opened new EntityManager [org.hibernate.jpa.internal.EntityManagerImpl@30ca3755] for JPA transaction
15:57:36.197 [Test worker] DEBUG o.h.e.t.spi.AbstractTransactionImpl - begin
15:57:36.197 [Test worker] DEBUG o.h.e.j.i.LogicalConnectionImpl - Obtaining JDBC connection
15:57:36.197 [Test worker] DEBUG o.s.j.d.DriverManagerDataSource - Creating new JDBC DriverManager Connection to [jdbc:mysql://mysql.mcscw3.le.ac.uk:3306/mic7]
15:57:36.207 [Test worker] DEBUG o.h.e.j.i.LogicalConnectionImpl - Obtained JDBC connection
15:57:36.207 [Test worker] DEBUG o.h.e.t.i.jdbc.JdbcTransaction - initial autocommit status: true
15:57:36.207 [Test worker] DEBUG o.h.e.t.i.jdbc.JdbcTransaction - disabling autocommit
15:57:36.208 [Test worker] DEBUG o.s.orm.jpa.JpaTransactionManager - Exposing JPA transaction as JDBC transaction [org.springframework.orm.jpa.vendor.HibernateJpaDialect$HibernateConnectionHandle@637d078f]
15:57:36.208 [Test worker] DEBUG o.h.jpa.criteria.CriteriaQueryImpl - Rendered criteria query -> select generatedAlias0 from User as generatedAlias0
15:57:36.208 [Test worker] DEBUG org.hibernate.SQL - select user0_.id as id1_4_, user0_.enabled as enabled2_4_, user0_.login as login3_4_, user0_.password as password4_4_, user0_1_.role_id as role_id1_3_ from users user0_ left outer join user_roles user0_1_ on user0_.id=user0_1_.user_id
15:57:36.209 [Test worker] DEBUG o.s.orm.jpa.JpaTransactionManager - Initiating transaction commit
15:57:36.209 [Test worker] DEBUG o.s.orm.jpa.JpaTransactionManager - Committing JPA transaction on EntityManager [org.hibernate.jpa.internal.EntityManagerImpl@30ca3755]
15:57:36.209 [Test worker] DEBUG o.h.e.t.spi.AbstractTransactionImpl - committing
15:57:36.210 [Test worker] DEBUG o.h.e.t.i.jdbc.JdbcTransaction - committed JDBC Connection
15:57:36.210 [Test worker] DEBUG o.h.e.t.i.jdbc.JdbcTransaction - re-enabling autocommit
15:57:36.210 [Test worker] DEBUG o.s.orm.jpa.JpaTransactionManager - Closing JPA EntityManager [org.hibernate.jpa.internal.EntityManagerImpl@30ca3755] after transaction
15:57:36.210 [Test worker] DEBUG o.s.o.jpa.EntityManagerFactoryUtils - Closing JPA EntityManager
15:57:36.210 [Test worker] DEBUG o.h.e.j.i.LogicalConnectionImpl - Releasing JDBC connection
15:57:36.210 [Test worker] DEBUG o.h.e.j.i.LogicalConnectionImpl - Released JDBC connection
15:57:36.211 [Test worker] DEBUG o.s.orm.jpa.JpaTransactionManager - Creating new transaction with name [org.springframework.data.jpa.repository.support.SimpleJpaRepository.deleteAll]: PROPAGATION_REQUIRED,ISOLATION_DEFAULT; ''
15:57:36.211 [Test worker] DEBUG o.s.orm.jpa.JpaTransactionManager - Opened new EntityManager [org.hibernate.jpa.internal.EntityManagerImpl@597f46b2] for JPA transaction
15:57:36.211 [Test worker] DEBUG o.h.e.t.spi.AbstractTransactionImpl - begin
15:57:36.211 [Test worker] DEBUG o.h.e.j.i.LogicalConnectionImpl - Obtaining JDBC connection
15:57:36.211 [Test worker] DEBUG o.s.j.d.DriverManagerDataSource - Creating new JDBC DriverManager Connection to [jdbc:mysql://mysql.mcscw3.le.ac.uk:3306/mic7]
15:57:36.220 [Test worker] DEBUG o.h.e.j.i.LogicalConnectionImpl - Obtained JDBC connection
15:57:36.220 [Test worker] DEBUG o.h.e.t.i.jdbc.JdbcTransaction - initial autocommit status: true
15:57:36.220 [Test worker] DEBUG o.h.e.t.i.jdbc.JdbcTransaction - disabling autocommit
15:57:36.220 [Test worker] DEBUG o.s.orm.jpa.JpaTransactionManager - Exposing JPA transaction as JDBC transaction [org.springframework.orm.jpa.vendor.HibernateJpaDialect$HibernateConnectionHandle@6075e5b3]
15:57:36.220 [Test worker] DEBUG o.h.jpa.criteria.CriteriaQueryImpl - Rendered criteria query -> select generatedAlias0 from Version as generatedAlias0
15:57:36.221 [Test worker] DEBUG org.hibernate.SQL - select version0_.id as id1_5_, version0_.description as descript2_5_, version0_.sciid as sciid4_5_, version0_.version as version3_5_ from version version0_
15:57:36.222 [Test worker] DEBUG o.s.orm.jpa.JpaTransactionManager - Initiating transaction commit
15:57:36.222 [Test worker] DEBUG o.s.orm.jpa.JpaTransactionManager - Committing JPA transaction on EntityManager [org.hibernate.jpa.internal.EntityManagerImpl@597f46b2]
15:57:36.222 [Test worker] DEBUG o.h.e.t.spi.AbstractTransactionImpl - committing
15:57:36.222 [Test worker] DEBUG o.h.e.t.i.jdbc.JdbcTransaction - committed JDBC Connection
15:57:36.222 [Test worker] DEBUG o.h.e.t.i.jdbc.JdbcTransaction - re-enabling autocommit
15:57:36.223 [Test worker] DEBUG o.s.orm.jpa.JpaTransactionManager - Closing JPA EntityManager [org.hibernate.jpa.internal.EntityManagerImpl@597f46b2] after transaction
15:57:36.223 [Test worker] DEBUG o.s.o.jpa.EntityManagerFactoryUtils - Closing JPA EntityManager
15:57:36.223 [Test worker] DEBUG o.h.e.j.i.LogicalConnectionImpl - Releasing JDBC connection
15:57:36.223 [Test worker] DEBUG o.h.e.j.i.LogicalConnectionImpl - Released JDBC connection
15:57:36.223 [Test worker] DEBUG o.s.orm.jpa.JpaTransactionManager - Creating new transaction with name [org.springframework.data.jpa.repository.support.SimpleJpaRepository.deleteAll]: PROPAGATION_REQUIRED,ISOLATION_DEFAULT; ''
15:57:36.223 [Test worker] DEBUG o.s.orm.jpa.JpaTransactionManager - Opened new EntityManager [org.hibernate.jpa.internal.EntityManagerImpl@6ffad40c] for JPA transaction
15:57:36.223 [Test worker] DEBUG o.h.e.t.spi.AbstractTransactionImpl - begin
15:57:36.223 [Test worker] DEBUG o.h.e.j.i.LogicalConnectionImpl - Obtaining JDBC connection
15:57:36.223 [Test worker] DEBUG o.s.j.d.DriverManagerDataSource - Creating new JDBC DriverManager Connection to [jdbc:mysql://mysql.mcscw3.le.ac.uk:3306/mic7]
15:57:36.232 [Test worker] DEBUG o.h.e.j.i.LogicalConnectionImpl - Obtained JDBC connection
15:57:36.233 [Test worker] DEBUG o.h.e.t.i.jdbc.JdbcTransaction - initial autocommit status: true
15:57:36.233 [Test worker] DEBUG o.h.e.t.i.jdbc.JdbcTransaction - disabling autocommit
15:57:36.233 [Test worker] DEBUG o.s.orm.jpa.JpaTransactionManager - Exposing JPA transaction as JDBC transaction [org.springframework.orm.jpa.vendor.HibernateJpaDialect$HibernateConnectionHandle@30162f26]
15:57:36.233 [Test worker] DEBUG o.h.jpa.criteria.CriteriaQueryImpl - Rendered criteria query -> select generatedAlias0 from SCI as generatedAlias0
15:57:36.233 [Test worker] DEBUG org.hibernate.SQL - select sci0_.id as id1_2_, sci0_.name as name2_2_ from sci sci0_
15:57:36.234 [Test worker] DEBUG o.s.orm.jpa.JpaTransactionManager - Initiating transaction commit
15:57:36.234 [Test worker] DEBUG o.s.orm.jpa.JpaTransactionManager - Committing JPA transaction on EntityManager [org.hibernate.jpa.internal.EntityManagerImpl@6ffad40c]
15:57:36.234 [Test worker] DEBUG o.h.e.t.spi.AbstractTransactionImpl - committing
15:57:36.235 [Test worker] DEBUG o.h.e.t.i.jdbc.JdbcTransaction - committed JDBC Connection
15:57:36.235 [Test worker] DEBUG o.h.e.t.i.jdbc.JdbcTransaction - re-enabling autocommit
15:57:36.235 [Test worker] DEBUG o.s.orm.jpa.JpaTransactionManager - Closing JPA EntityManager [org.hibernate.jpa.internal.EntityManagerImpl@6ffad40c] after transaction
15:57:36.235 [Test worker] DEBUG o.s.o.jpa.EntityManagerFactoryUtils - Closing JPA EntityManager
15:57:36.235 [Test worker] DEBUG o.h.e.j.i.LogicalConnectionImpl - Releasing JDBC connection
15:57:36.235 [Test worker] DEBUG o.h.e.j.i.LogicalConnectionImpl - Released JDBC connection
15:57:36.236 [Test worker] DEBUG o.s.t.c.s.DirtiesContextTestExecutionListener - After test class: context [DefaultTestContext@66ce430e testClass = CompleteRequestSteps, testInstance = [null], testMethod = [null], testException = [null], mergedContextConfiguration = [WebMergedContextConfiguration@3bd11d5b testClass = CompleteRequestSteps, locations = '{}', classes = '{class webAppProject.webAppProjectApplication, class webAppProject.SecurityConfig, class webAppProject.WebConfig}', contextInitializerClasses = '[]', activeProfiles = '{}', propertySourceLocations = '{}', propertySourceProperties = '{}', resourceBasePath = 'src/main/webapp', contextLoader = 'org.springframework.test.context.web.WebDelegatingSmartContextLoader', parent = [null]]], class annotated with @DirtiesContext [false] with mode [null].
15:57:36.269 [Test worker] DEBUG o.s.orm.jpa.JpaTransactionManager - Creating new transaction with name [org.springframework.data.jpa.repository.support.SimpleJpaRepository.save]: PROPAGATION_REQUIRED,ISOLATION_DEFAULT; ''
15:57:36.269 [Test worker] DEBUG o.s.orm.jpa.JpaTransactionManager - Opened new EntityManager [org.hibernate.jpa.internal.EntityManagerImpl@61138aa8] for JPA transaction
15:57:36.269 [Test worker] DEBUG o.h.e.t.spi.AbstractTransactionImpl - begin
15:57:36.269 [Test worker] DEBUG o.h.e.j.i.LogicalConnectionImpl - Obtaining JDBC connection
15:57:36.269 [Test worker] DEBUG o.s.j.d.DriverManagerDataSource - Creating new JDBC DriverManager Connection to [jdbc:mysql://mysql.mcscw3.le.ac.uk:3306/mic7]
15:57:36.278 [Test worker] DEBUG o.h.e.j.i.LogicalConnectionImpl - Obtained JDBC connection
15:57:36.278 [Test worker] DEBUG o.h.e.t.i.jdbc.JdbcTransaction - initial autocommit status: true
15:57:36.278 [Test worker] DEBUG o.h.e.t.i.jdbc.JdbcTransaction - disabling autocommit
15:57:36.279 [Test worker] DEBUG o.s.orm.jpa.JpaTransactionManager - Exposing JPA transaction as JDBC transaction [org.springframework.orm.jpa.vendor.HibernateJpaDialect$HibernateConnectionHandle@5663e86b]
15:57:36.279 [Test worker] DEBUG org.hibernate.engine.spi.ActionQueue - Executing identity-insert immediately
15:57:36.279 [Test worker] DEBUG org.hibernate.SQL - insert into requests (assessment, completion, deadline, developer, priority, problem, req_type, solution, status, versionid) values (?, ?, ?, ?, ?, ?, ?, ?, ?, ?)
15:57:36.280 [Test worker] DEBUG o.h.id.IdentifierGeneratorHelper - Natively generated identity: 6
15:57:36.281 [Test worker] DEBUG o.s.orm.jpa.JpaTransactionManager - Initiating transaction commit
15:57:36.281 [Test worker] DEBUG o.s.orm.jpa.JpaTransactionManager - Committing JPA transaction on EntityManager [org.hibernate.jpa.internal.EntityManagerImpl@61138aa8]
15:57:36.281 [Test worker] DEBUG o.h.e.t.spi.AbstractTransactionImpl - committing
15:57:36.281 [Test worker] DEBUG o.h.e.i.AbstractFlushingEventListener - Processing flush-time cascades
15:57:36.281 [Test worker] DEBUG o.h.e.i.AbstractFlushingEventListener - Dirty checking collections
15:57:36.281 [Test worker] DEBUG o.h.e.i.AbstractFlushingEventListener - Flushed: 0 insertions, 0 updates, 0 deletions to 1 objects
15:57:36.281 [Test worker] DEBUG o.h.e.i.AbstractFlushingEventListener - Flushed: 0 (re)creations, 0 updates, 0 removals to 0 collections
15:57:36.281 [Test worker] DEBUG o.h.internal.util.EntityPrinter - Listing entities:
15:57:36.281 [Test worker] DEBUG o.h.internal.util.EntityPrinter - webAppProject.domain.Request{assessment=null, completion=null, problem=problem, solution=solution, reqType=Fault, developer=alice, id=6, deadline=null, priority=null, version=null, status=accepted}
15:57:36.283 [Test worker] DEBUG o.h.e.t.i.jdbc.JdbcTransaction - committed JDBC Connection
15:57:36.283 [Test worker] DEBUG o.h.e.t.i.jdbc.JdbcTransaction - re-enabling autocommit
15:57:36.284 [Test worker] DEBUG o.s.orm.jpa.JpaTransactionManager - Closing JPA EntityManager [org.hibernate.jpa.internal.EntityManagerImpl@61138aa8] after transaction
15:57:36.284 [Test worker] DEBUG o.s.o.jpa.EntityManagerFactoryUtils - Closing JPA EntityManager
15:57:36.284 [Test worker] DEBUG o.h.e.j.i.LogicalConnectionImpl - Releasing JDBC connection
15:57:36.284 [Test worker] DEBUG o.h.e.j.i.LogicalConnectionImpl - Released JDBC connection
15:57:36.285 [Test worker] DEBUG o.s.t.w.s.TestDispatcherServlet - DispatcherServlet with name '' processing POST request for [/completeRequest]
15:57:36.285 [Test worker] DEBUG o.s.w.s.m.m.a.RequestMappingHandlerMapping - Looking up handler method for path /completeRequest
15:57:36.285 [Test worker] DEBUG o.s.w.s.m.m.a.RequestMappingHandlerMapping - Returning handler method [public java.lang.String webAppProject.controller.RequestController.completeRequest(java.lang.String,java.lang.String)]
15:57:36.285 [Test worker] DEBUG o.s.b.f.s.DefaultListableBeanFactory - Returning cached instance of singleton bean 'requestController'
15:57:36.285 [Test worker] DEBUG o.s.o.j.s.OpenEntityManagerInViewInterceptor - Opening JPA EntityManager in OpenEntityManagerInViewInterceptor
15:57:36.286 [Test worker] DEBUG o.h.jpa.criteria.CriteriaQueryImpl - Rendered criteria query -> select generatedAlias0 from Request as generatedAlias0 where generatedAlias0.problem=:param0
15:57:36.286 [Test worker] DEBUG org.hibernate.SQL - select request0_.id as id1_0_, request0_.assessment as assessme2_0_, request0_.completion as completi3_0_, request0_.deadline as deadline4_0_, request0_.developer as develope5_0_, request0_.priority as priority6_0_, request0_.problem as problem7_0_, request0_.req_type as req_type8_0_, request0_.solution as solution9_0_, request0_.status as status10_0_, request0_.versionid as version11_0_ from requests request0_ where request0_.problem=?
15:57:36.286 [Test worker] DEBUG o.h.e.j.i.LogicalConnectionImpl - Obtaining JDBC connection
15:57:36.286 [Test worker] DEBUG o.s.j.d.DriverManagerDataSource - Creating new JDBC DriverManager Connection to [jdbc:mysql://mysql.mcscw3.le.ac.uk:3306/mic7]
15:57:36.295 [Test worker] DEBUG o.h.e.j.i.LogicalConnectionImpl - Obtained JDBC connection
15:57:36.296 [Test worker] DEBUG org.hibernate.loader.Loader - Result set row: 0
15:57:36.296 [Test worker] DEBUG org.hibernate.loader.Loader - Result row: EntityKey[webAppProject.domain.Request#6]
15:57:36.296 [Test worker] DEBUG o.h.engine.internal.TwoPhaseLoad - Resolving associations for [webAppProject.domain.Request#6]
15:57:36.296 [Test worker] DEBUG o.h.engine.internal.TwoPhaseLoad - Done materializing entity [webAppProject.domain.Request#6]
15:57:36.297 [Test worker] DEBUG o.s.orm.jpa.JpaTransactionManager - Found thread-bound EntityManager [org.hibernate.jpa.internal.EntityManagerImpl@289b95a9] for JPA transaction
15:57:36.297 [Test worker] DEBUG o.s.orm.jpa.JpaTransactionManager - Creating new transaction with name [org.springframework.data.jpa.repository.support.SimpleJpaRepository.save]: PROPAGATION_REQUIRED,ISOLATION_DEFAULT; ''
15:57:36.297 [Test worker] DEBUG o.h.e.t.spi.AbstractTransactionImpl - begin
15:57:36.297 [Test worker] DEBUG o.h.e.t.i.jdbc.JdbcTransaction - initial autocommit status: true
15:57:36.297 [Test worker] DEBUG o.h.e.t.i.jdbc.JdbcTransaction - disabling autocommit
15:57:36.298 [Test worker] DEBUG o.s.orm.jpa.JpaTransactionManager - Exposing JPA transaction as JDBC transaction [org.springframework.orm.jpa.vendor.HibernateJpaDialect$HibernateConnectionHandle@407c3a01]
15:57:36.298 [Test worker] DEBUG o.s.orm.jpa.JpaTransactionManager - Initiating transaction commit
15:57:36.298 [Test worker] DEBUG o.s.orm.jpa.JpaTransactionManager - Committing JPA transaction on EntityManager [org.hibernate.jpa.internal.EntityManagerImpl@289b95a9]
15:57:36.298 [Test worker] DEBUG o.h.e.t.spi.AbstractTransactionImpl - committing
15:57:36.298 [Test worker] DEBUG o.h.e.i.AbstractFlushingEventListener - Processing flush-time cascades
15:57:36.298 [Test worker] DEBUG o.h.e.i.AbstractFlushingEventListener - Dirty checking collections
15:57:36.298 [Test worker] DEBUG o.h.e.i.AbstractFlushingEventListener - Flushed: 0 insertions, 1 updates, 0 deletions to 1 objects
15:57:36.298 [Test worker] DEBUG o.h.e.i.AbstractFlushingEventListener - Flushed: 0 (re)creations, 0 updates, 0 removals to 0 collections
15:57:36.298 [Test worker] DEBUG o.h.internal.util.EntityPrinter - Listing entities:
15:57:36.298 [Test worker] DEBUG o.h.internal.util.EntityPrinter - webAppProject.domain.Request{assessment=null, completion=15-11-2015, problem=problem, solution=solution, reqType=Fault, developer=alice, id=6, deadline=null, priority=null, version=null, status=complete}
15:57:36.298 [Test worker] DEBUG org.hibernate.SQL - update requests set assessment=?, completion=?, deadline=?, developer=?, priority=?, problem=?, req_type=?, solution=?, status=?, versionid=? where id=?
15:57:36.302 [Test worker] DEBUG o.h.e.t.i.jdbc.JdbcTransaction - committed JDBC Connection
15:57:36.302 [Test worker] DEBUG o.h.e.t.i.jdbc.JdbcTransaction - re-enabling autocommit
15:57:36.302 [Test worker] DEBUG o.s.orm.jpa.JpaTransactionManager - Not closing pre-bound JPA EntityManager after transaction
15:57:36.303 [Test worker] DEBUG o.s.t.w.s.TestDispatcherServlet - Rendering view [org.springframework.web.servlet.view.JstlView: name '/success-login'; URL [/WEB-INF/views//success-login.jsp]] in DispatcherServlet with name ''
15:57:36.303 [Test worker] DEBUG o.s.b.f.s.DefaultListableBeanFactory - Returning cached instance of singleton bean 'requestDataValueProcessor'
15:57:36.303 [Test worker] DEBUG o.s.web.servlet.view.JstlView - Forwarding to resource [/WEB-INF/views//success-login.jsp] in InternalResourceView '/success-login'
15:57:36.303 [Test worker] DEBUG o.s.mock.web.MockRequestDispatcher - MockRequestDispatcher: forwarding to [/WEB-INF/views//success-login.jsp]
15:57:36.303 [Test worker] DEBUG o.s.o.j.s.OpenEntityManagerInViewInterceptor - Closing JPA EntityManager in OpenEntityManagerInViewInterceptor
15:57:36.303 [Test worker] DEBUG o.s.o.jpa.EntityManagerFactoryUtils - Closing JPA EntityManager
15:57:36.303 [Test worker] DEBUG o.h.e.j.internal.JdbcCoordinatorImpl - HHH000420: Closing un-released batch
15:57:36.303 [Test worker] DEBUG o.h.e.j.i.LogicalConnectionImpl - Releasing JDBC connection
15:57:36.303 [Test worker] DEBUG o.h.e.j.i.LogicalConnectionImpl - Released JDBC connection
15:57:36.303 [Test worker] DEBUG o.s.t.w.s.TestDispatcherServlet - Successfully completed request
15:57:36.304 [Test worker] DEBUG o.s.t.w.s.TestDispatcherServlet - DispatcherServlet with name '' processing GET request for [/complete-request]
15:57:36.304 [Test worker] DEBUG o.s.w.s.m.m.a.RequestMappingHandlerMapping - Looking up handler method for path /complete-request
15:57:36.304 [Test worker] DEBUG o.s.w.s.m.m.a.RequestMappingHandlerMapping - Returning handler method [public org.springframework.web.servlet.ModelAndView webAppProject.controller.IndexController.complete()]
15:57:36.304 [Test worker] DEBUG o.s.b.f.s.DefaultListableBeanFactory - Returning cached instance of singleton bean 'indexController'
15:57:36.304 [Test worker] DEBUG o.s.t.w.s.TestDispatcherServlet - Last-Modified value for [/complete-request] is: -1
15:57:36.304 [Test worker] DEBUG o.s.o.j.s.OpenEntityManagerInViewInterceptor - Opening JPA EntityManager in OpenEntityManagerInViewInterceptor
15:57:36.305 [Test worker] DEBUG o.s.b.f.s.DefaultListableBeanFactory - Invoking afterPropertiesSet() on bean with name 'complete-request'
15:57:36.305 [Test worker] DEBUG o.s.b.f.s.DefaultListableBeanFactory - Returning cached instance of singleton bean 'org.springframework.transaction.config.internalTransactionAdvisor'
15:57:36.305 [Test worker] DEBUG o.s.b.f.s.DefaultListableBeanFactory - Returning cached instance of singleton bean 'org.springframework.transaction.config.internalTransactionAdvisor'
15:57:36.305 [Test worker] DEBUG o.s.t.w.s.TestDispatcherServlet - Rendering view [org.springframework.web.servlet.view.JstlView: name 'complete-request'; URL [/WEB-INF/views/complete-request.jsp]] in DispatcherServlet with name ''
15:57:36.305 [Test worker] DEBUG o.s.web.servlet.view.JstlView - Added model object 'reqComp' of type [webAppProject.domain.Request] to request in view with name 'complete-request'
15:57:36.305 [Test worker] DEBUG o.s.web.servlet.view.JstlView - Added model object 'org.springframework.validation.BindingResult.reqComp' of type [org.springframework.validation.BeanPropertyBindingResult] to request in view with name 'complete-request'
15:57:36.305 [Test worker] DEBUG o.s.b.f.s.DefaultListableBeanFactory - Returning cached instance of singleton bean 'requestDataValueProcessor'
15:57:36.305 [Test worker] DEBUG o.s.web.servlet.view.JstlView - Forwarding to resource [/WEB-INF/views/complete-request.jsp] in InternalResourceView 'complete-request'
15:57:36.305 [Test worker] DEBUG o.s.mock.web.MockRequestDispatcher - MockRequestDispatcher: forwarding to [/WEB-INF/views/complete-request.jsp]
15:57:36.305 [Test worker] DEBUG o.s.o.j.s.OpenEntityManagerInViewInterceptor - Closing JPA EntityManager in OpenEntityManagerInViewInterceptor
15:57:36.305 [Test worker] DEBUG o.s.o.jpa.EntityManagerFactoryUtils - Closing JPA EntityManager
15:57:36.305 [Test worker] DEBUG o.s.t.w.s.TestDispatcherServlet - Successfully completed request
15:57:36.306 [Test worker] DEBUG o.s.orm.jpa.JpaTransactionManager - Creating new transaction with name [org.springframework.data.jpa.repository.support.SimpleJpaRepository.deleteAll]: PROPAGATION_REQUIRED,ISOLATION_DEFAULT; ''
15:57:36.306 [Test worker] DEBUG o.s.orm.jpa.JpaTransactionManager - Opened new EntityManager [org.hibernate.jpa.internal.EntityManagerImpl@4f23b3f6] for JPA transaction
15:57:36.306 [Test worker] DEBUG o.h.e.t.spi.AbstractTransactionImpl - begin
15:57:36.306 [Test worker] DEBUG o.h.e.j.i.LogicalConnectionImpl - Obtaining JDBC connection
15:57:36.306 [Test worker] DEBUG o.s.j.d.DriverManagerDataSource - Creating new JDBC DriverManager Connection to [jdbc:mysql://mysql.mcscw3.le.ac.uk:3306/mic7]
15:57:36.315 [Test worker] DEBUG o.h.e.j.i.LogicalConnectionImpl - Obtained JDBC connection
15:57:36.315 [Test worker] DEBUG o.h.e.t.i.jdbc.JdbcTransaction - initial autocommit status: true
15:57:36.315 [Test worker] DEBUG o.h.e.t.i.jdbc.JdbcTransaction - disabling autocommit
15:57:36.315 [Test worker] DEBUG o.s.orm.jpa.JpaTransactionManager - Exposing JPA transaction as JDBC transaction [org.springframework.orm.jpa.vendor.HibernateJpaDialect$HibernateConnectionHandle@558e09bc]
15:57:36.315 [Test worker] DEBUG o.h.jpa.criteria.CriteriaQueryImpl - Rendered criteria query -> select generatedAlias0 from Request as generatedAlias0
15:57:36.315 [Test worker] DEBUG org.hibernate.SQL - select request0_.id as id1_0_, request0_.assessment as assessme2_0_, request0_.completion as completi3_0_, request0_.deadline as deadline4_0_, request0_.developer as develope5_0_, request0_.priority as priority6_0_, request0_.problem as problem7_0_, request0_.req_type as req_type8_0_, request0_.solution as solution9_0_, request0_.status as status10_0_, request0_.versionid as version11_0_ from requests request0_
15:57:36.316 [Test worker] DEBUG org.hibernate.loader.Loader - Result set row: 0
15:57:36.316 [Test worker] DEBUG org.hibernate.loader.Loader - Result row: EntityKey[webAppProject.domain.Request#6]
15:57:36.316 [Test worker] DEBUG o.h.engine.internal.TwoPhaseLoad - Resolving associations for [webAppProject.domain.Request#6]
15:57:36.316 [Test worker] DEBUG o.h.engine.internal.TwoPhaseLoad - Done materializing entity [webAppProject.domain.Request#6]
15:57:36.317 [Test worker] DEBUG o.s.orm.jpa.JpaTransactionManager - Initiating transaction commit
15:57:36.317 [Test worker] DEBUG o.s.orm.jpa.JpaTransactionManager - Committing JPA transaction on EntityManager [org.hibernate.jpa.internal.EntityManagerImpl@4f23b3f6]
15:57:36.317 [Test worker] DEBUG o.h.e.t.spi.AbstractTransactionImpl - committing
15:57:36.317 [Test worker] DEBUG o.h.e.i.AbstractFlushingEventListener - Processing flush-time cascades
15:57:36.317 [Test worker] DEBUG o.h.e.i.AbstractFlushingEventListener - Dirty checking collections
15:57:36.317 [Test worker] DEBUG o.h.e.i.AbstractFlushingEventListener - Flushed: 0 insertions, 0 updates, 1 deletions to 1 objects
15:57:36.317 [Test worker] DEBUG o.h.e.i.AbstractFlushingEventListener - Flushed: 0 (re)creations, 0 updates, 0 removals to 0 collections
15:57:36.317 [Test worker] DEBUG o.h.internal.util.EntityPrinter - Listing entities:
15:57:36.317 [Test worker] DEBUG o.h.internal.util.EntityPrinter - webAppProject.domain.Request{assessment=null, completion=15-11-2015, problem=problem, solution=solution, reqType=Fault, developer=alice, id=6, deadline=null, priority=null, version=null, status=complete}
15:57:36.317 [Test worker] DEBUG org.hibernate.SQL - delete from requests where id=?
15:57:36.320 [Test worker] DEBUG o.h.e.t.i.jdbc.JdbcTransaction - committed JDBC Connection
15:57:36.320 [Test worker] DEBUG o.h.e.t.i.jdbc.JdbcTransaction - re-enabling autocommit
15:57:36.320 [Test worker] DEBUG o.s.orm.jpa.JpaTransactionManager - Closing JPA EntityManager [org.hibernate.jpa.internal.EntityManagerImpl@4f23b3f6] after transaction
15:57:36.320 [Test worker] DEBUG o.s.o.jpa.EntityManagerFactoryUtils - Closing JPA EntityManager
15:57:36.320 [Test worker] DEBUG o.h.e.j.internal.JdbcCoordinatorImpl - HHH000420: Closing un-released batch
15:57:36.320 [Test worker] DEBUG o.h.e.j.i.LogicalConnectionImpl - Releasing JDBC connection
15:57:36.320 [Test worker] DEBUG o.h.e.j.i.LogicalConnectionImpl - Released JDBC connection
15:57:36.320 [Test worker] DEBUG o.s.orm.jpa.JpaTransactionManager - Creating new transaction with name [org.springframework.data.jpa.repository.support.SimpleJpaRepository.deleteAll]: PROPAGATION_REQUIRED,ISOLATION_DEFAULT; ''
15:57:36.321 [Test worker] DEBUG o.s.orm.jpa.JpaTransactionManager - Opened new EntityManager [org.hibernate.jpa.internal.EntityManagerImpl@2339957d] for JPA transaction
15:57:36.321 [Test worker] DEBUG o.h.e.t.spi.AbstractTransactionImpl - begin
15:57:36.321 [Test worker] DEBUG o.h.e.j.i.LogicalConnectionImpl - Obtaining JDBC connection
15:57:36.321 [Test worker] DEBUG o.s.j.d.DriverManagerDataSource - Creating new JDBC DriverManager Connection to [jdbc:mysql://mysql.mcscw3.le.ac.uk:3306/mic7]
15:57:36.329 [Test worker] DEBUG o.h.e.j.i.LogicalConnectionImpl - Obtained JDBC connection
15:57:36.329 [Test worker] DEBUG o.h.e.t.i.jdbc.JdbcTransaction - initial autocommit status: true
15:57:36.329 [Test worker] DEBUG o.h.e.t.i.jdbc.JdbcTransaction - disabling autocommit
15:57:36.330 [Test worker] DEBUG o.s.orm.jpa.JpaTransactionManager - Exposing JPA transaction as JDBC transaction [org.springframework.orm.jpa.vendor.HibernateJpaDialect$HibernateConnectionHandle@3d4c92a0]
15:57:36.330 [Test worker] DEBUG o.h.jpa.criteria.CriteriaQueryImpl - Rendered criteria query -> select generatedAlias0 from User as generatedAlias0
15:57:36.330 [Test worker] DEBUG org.hibernate.SQL - select user0_.id as id1_4_, user0_.enabled as enabled2_4_, user0_.login as login3_4_, user0_.password as password4_4_, user0_1_.role_id as role_id1_3_ from users user0_ left outer join user_roles user0_1_ on user0_.id=user0_1_.user_id
15:57:36.331 [Test worker] DEBUG org.hibernate.loader.Loader - Result set row: 0
15:57:36.331 [Test worker] DEBUG org.hibernate.loader.Loader - Result row: EntityKey[webAppProject.domain.User#4]
15:57:36.331 [Test worker] DEBUG o.h.engine.internal.TwoPhaseLoad - Resolving associations for [webAppProject.domain.User#4]
15:57:36.331 [Test worker] DEBUG o.h.engine.internal.TwoPhaseLoad - Done materializing entity [webAppProject.domain.User#4]
15:57:36.332 [Test worker] DEBUG o.s.orm.jpa.JpaTransactionManager - Initiating transaction commit
15:57:36.332 [Test worker] DEBUG o.s.orm.jpa.JpaTransactionManager - Committing JPA transaction on EntityManager [org.hibernate.jpa.internal.EntityManagerImpl@2339957d]
15:57:36.332 [Test worker] DEBUG o.h.e.t.spi.AbstractTransactionImpl - committing
15:57:36.332 [Test worker] DEBUG o.h.e.i.AbstractFlushingEventListener - Processing flush-time cascades
15:57:36.332 [Test worker] DEBUG o.h.e.i.AbstractFlushingEventListener - Dirty checking collections
15:57:36.332 [Test worker] DEBUG o.h.e.i.AbstractFlushingEventListener - Flushed: 0 insertions, 0 updates, 1 deletions to 1 objects
15:57:36.332 [Test worker] DEBUG o.h.e.i.AbstractFlushingEventListener - Flushed: 0 (re)creations, 0 updates, 0 removals to 0 collections
15:57:36.332 [Test worker] DEBUG o.h.internal.util.EntityPrinter - Listing entities:
15:57:36.332 [Test worker] DEBUG o.h.internal.util.EntityPrinter - webAppProject.domain.User{password=null, role=null, id=4, login=alice, enabled=false}
15:57:36.332 [Test worker] DEBUG org.hibernate.SQL - delete from user_roles where user_id=?
15:57:36.333 [Test worker] DEBUG org.hibernate.SQL - delete from users where id=?
15:57:36.335 [Test worker] DEBUG o.h.e.t.i.jdbc.JdbcTransaction - committed JDBC Connection
15:57:36.335 [Test worker] DEBUG o.h.e.t.i.jdbc.JdbcTransaction - re-enabling autocommit
15:57:36.335 [Test worker] DEBUG o.s.orm.jpa.JpaTransactionManager - Closing JPA EntityManager [org.hibernate.jpa.internal.EntityManagerImpl@2339957d] after transaction
15:57:36.335 [Test worker] DEBUG o.s.o.jpa.EntityManagerFactoryUtils - Closing JPA EntityManager
15:57:36.335 [Test worker] DEBUG o.h.e.j.internal.JdbcCoordinatorImpl - HHH000420: Closing un-released batch
15:57:36.335 [Test worker] DEBUG o.h.e.j.i.LogicalConnectionImpl - Releasing JDBC connection
15:57:36.335 [Test worker] DEBUG o.h.e.j.i.LogicalConnectionImpl - Released JDBC connection
15:57:36.335 [Test worker] DEBUG o.s.orm.jpa.JpaTransactionManager - Creating new transaction with name [org.springframework.data.jpa.repository.support.SimpleJpaRepository.deleteAll]: PROPAGATION_REQUIRED,ISOLATION_DEFAULT; ''
15:57:36.336 [Test worker] DEBUG o.s.orm.jpa.JpaTransactionManager - Opened new EntityManager [org.hibernate.jpa.internal.EntityManagerImpl@56c92079] for JPA transaction
15:57:36.336 [Test worker] DEBUG o.h.e.t.spi.AbstractTransactionImpl - begin
15:57:36.336 [Test worker] DEBUG o.h.e.j.i.LogicalConnectionImpl - Obtaining JDBC connection
15:57:36.336 [Test worker] DEBUG o.s.j.d.DriverManagerDataSource - Creating new JDBC DriverManager Connection to [jdbc:mysql://mysql.mcscw3.le.ac.uk:3306/mic7]
15:57:36.344 [Test worker] DEBUG o.h.e.j.i.LogicalConnectionImpl - Obtained JDBC connection
15:57:36.345 [Test worker] DEBUG o.h.e.t.i.jdbc.JdbcTransaction - initial autocommit status: true
15:57:36.345 [Test worker] DEBUG o.h.e.t.i.jdbc.JdbcTransaction - disabling autocommit
15:57:36.345 [Test worker] DEBUG o.s.orm.jpa.JpaTransactionManager - Exposing JPA transaction as JDBC transaction [org.springframework.orm.jpa.vendor.HibernateJpaDialect$HibernateConnectionHandle@5c03f695]
15:57:36.345 [Test worker] DEBUG o.h.jpa.criteria.CriteriaQueryImpl - Rendered criteria query -> select generatedAlias0 from Request as generatedAlias0
15:57:36.345 [Test worker] DEBUG org.hibernate.SQL - select request0_.id as id1_0_, request0_.assessment as assessme2_0_, request0_.completion as completi3_0_, request0_.deadline as deadline4_0_, request0_.developer as develope5_0_, request0_.priority as priority6_0_, request0_.problem as problem7_0_, request0_.req_type as req_type8_0_, request0_.solution as solution9_0_, request0_.status as status10_0_, request0_.versionid as version11_0_ from requests request0_
15:57:36.347 [Test worker] DEBUG o.s.orm.jpa.JpaTransactionManager - Initiating transaction commit
15:57:36.347 [Test worker] DEBUG o.s.orm.jpa.JpaTransactionManager - Committing JPA transaction on EntityManager [org.hibernate.jpa.internal.EntityManagerImpl@56c92079]
15:57:36.347 [Test worker] DEBUG o.h.e.t.spi.AbstractTransactionImpl - committing
15:57:36.347 [Test worker] DEBUG o.h.e.t.i.jdbc.JdbcTransaction - committed JDBC Connection
15:57:36.347 [Test worker] DEBUG o.h.e.t.i.jdbc.JdbcTransaction - re-enabling autocommit
15:57:36.348 [Test worker] DEBUG o.s.orm.jpa.JpaTransactionManager - Closing JPA EntityManager [org.hibernate.jpa.internal.EntityManagerImpl@56c92079] after transaction
15:57:36.348 [Test worker] DEBUG o.s.o.jpa.EntityManagerFactoryUtils - Closing JPA EntityManager
15:57:36.348 [Test worker] DEBUG o.h.e.j.i.LogicalConnectionImpl - Releasing JDBC connection
15:57:36.348 [Test worker] DEBUG o.h.e.j.i.LogicalConnectionImpl - Released JDBC connection
15:57:36.349 [Test worker] DEBUG o.s.orm.jpa.JpaTransactionManager - Creating new transaction with name [org.springframework.data.jpa.repository.support.SimpleJpaRepository.deleteAll]: PROPAGATION_REQUIRED,ISOLATION_DEFAULT; ''
15:57:36.349 [Test worker] DEBUG o.s.orm.jpa.JpaTransactionManager - Opened new EntityManager [org.hibernate.jpa.internal.EntityManagerImpl@74e20bae] for JPA transaction
15:57:36.349 [Test worker] DEBUG o.h.e.t.spi.AbstractTransactionImpl - begin
15:57:36.349 [Test worker] DEBUG o.h.e.j.i.LogicalConnectionImpl - Obtaining JDBC connection
15:57:36.349 [Test worker] DEBUG o.s.j.d.DriverManagerDataSource - Creating new JDBC DriverManager Connection to [jdbc:mysql://mysql.mcscw3.le.ac.uk:3306/mic7]
15:57:36.357 [Test worker] DEBUG o.h.e.j.i.LogicalConnectionImpl - Obtained JDBC connection
15:57:36.358 [Test worker] DEBUG o.h.e.t.i.jdbc.JdbcTransaction - initial autocommit status: true
15:57:36.358 [Test worker] DEBUG o.h.e.t.i.jdbc.JdbcTransaction - disabling autocommit
15:57:36.358 [Test worker] DEBUG o.s.orm.jpa.JpaTransactionManager - Exposing JPA transaction as JDBC transaction [org.springframework.orm.jpa.vendor.HibernateJpaDialect$HibernateConnectionHandle@49221271]
15:57:36.358 [Test worker] DEBUG o.h.jpa.criteria.CriteriaQueryImpl - Rendered criteria query -> select generatedAlias0 from Request as generatedAlias0
15:57:36.358 [Test worker] DEBUG org.hibernate.SQL - select request0_.id as id1_0_, request0_.assessment as assessme2_0_, request0_.completion as completi3_0_, request0_.deadline as deadline4_0_, request0_.developer as develope5_0_, request0_.priority as priority6_0_, request0_.problem as problem7_0_, request0_.req_type as req_type8_0_, request0_.solution as solution9_0_, request0_.status as status10_0_, request0_.versionid as version11_0_ from requests request0_
15:57:36.359 [Test worker] DEBUG o.s.orm.jpa.JpaTransactionManager - Initiating transaction commit
15:57:36.359 [Test worker] DEBUG o.s.orm.jpa.JpaTransactionManager - Committing JPA transaction on EntityManager [org.hibernate.jpa.internal.EntityManagerImpl@74e20bae]
15:57:36.359 [Test worker] DEBUG o.h.e.t.spi.AbstractTransactionImpl - committing
15:57:36.360 [Test worker] DEBUG o.h.e.t.i.jdbc.JdbcTransaction - committed JDBC Connection
15:57:36.360 [Test worker] DEBUG o.h.e.t.i.jdbc.JdbcTransaction - re-enabling autocommit
15:57:36.360 [Test worker] DEBUG o.s.orm.jpa.JpaTransactionManager - Closing JPA EntityManager [org.hibernate.jpa.internal.EntityManagerImpl@74e20bae] after transaction
15:57:36.360 [Test worker] DEBUG o.s.o.jpa.EntityManagerFactoryUtils - Closing JPA EntityManager
15:57:36.360 [Test worker] DEBUG o.h.e.j.i.LogicalConnectionImpl - Releasing JDBC connection
15:57:36.360 [Test worker] DEBUG o.h.e.j.i.LogicalConnectionImpl - Released JDBC connection
15:57:36.361 [Test worker] DEBUG o.s.orm.jpa.JpaTransactionManager - Creating new transaction with name [org.springframework.data.jpa.repository.support.SimpleJpaRepository.deleteAll]: PROPAGATION_REQUIRED,ISOLATION_DEFAULT; ''
15:57:36.361 [Test worker] DEBUG o.s.orm.jpa.JpaTransactionManager - Opened new EntityManager [org.hibernate.jpa.internal.EntityManagerImpl@43ea089c] for JPA transaction
15:57:36.361 [Test worker] DEBUG o.h.e.t.spi.AbstractTransactionImpl - begin
15:57:36.361 [Test worker] DEBUG o.h.e.j.i.LogicalConnectionImpl - Obtaining JDBC connection
15:57:36.361 [Test worker] DEBUG o.s.j.d.DriverManagerDataSource - Creating new JDBC DriverManager Connection to [jdbc:mysql://mysql.mcscw3.le.ac.uk:3306/mic7]
15:57:36.374 [Test worker] DEBUG o.h.e.j.i.LogicalConnectionImpl - Obtained JDBC connection
15:57:36.375 [Test worker] DEBUG o.h.e.t.i.jdbc.JdbcTransaction - initial autocommit status: true
15:57:36.375 [Test worker] DEBUG o.h.e.t.i.jdbc.JdbcTransaction - disabling autocommit
15:57:36.375 [Test worker] DEBUG o.s.orm.jpa.JpaTransactionManager - Exposing JPA transaction as JDBC transaction [org.springframework.orm.jpa.vendor.HibernateJpaDialect$HibernateConnectionHandle@6939b6f3]
15:57:36.375 [Test worker] DEBUG o.h.jpa.criteria.CriteriaQueryImpl - Rendered criteria query -> select generatedAlias0 from User as generatedAlias0
15:57:36.376 [Test worker] DEBUG org.hibernate.SQL - select user0_.id as id1_4_, user0_.enabled as enabled2_4_, user0_.login as login3_4_, user0_.password as password4_4_, user0_1_.role_id as role_id1_3_ from users user0_ left outer join user_roles user0_1_ on user0_.id=user0_1_.user_id
15:57:36.377 [Test worker] DEBUG o.s.orm.jpa.JpaTransactionManager - Initiating transaction commit
15:57:36.377 [Test worker] DEBUG o.s.orm.jpa.JpaTransactionManager - Committing JPA transaction on EntityManager [org.hibernate.jpa.internal.EntityManagerImpl@43ea089c]
15:57:36.377 [Test worker] DEBUG o.h.e.t.spi.AbstractTransactionImpl - committing
15:57:36.378 [Test worker] DEBUG o.h.e.t.i.jdbc.JdbcTransaction - committed JDBC Connection
15:57:36.378 [Test worker] DEBUG o.h.e.t.i.jdbc.JdbcTransaction - re-enabling autocommit
15:57:36.378 [Test worker] DEBUG o.s.orm.jpa.JpaTransactionManager - Closing JPA EntityManager [org.hibernate.jpa.internal.EntityManagerImpl@43ea089c] after transaction
15:57:36.378 [Test worker] DEBUG o.s.o.jpa.EntityManagerFactoryUtils - Closing JPA EntityManager
15:57:36.378 [Test worker] DEBUG o.h.e.j.i.LogicalConnectionImpl - Releasing JDBC connection
15:57:36.378 [Test worker] DEBUG o.h.e.j.i.LogicalConnectionImpl - Released JDBC connection
15:57:36.379 [Test worker] DEBUG o.s.orm.jpa.JpaTransactionManager - Creating new transaction with name [org.springframework.data.jpa.repository.support.SimpleJpaRepository.deleteAll]: PROPAGATION_REQUIRED,ISOLATION_DEFAULT; ''
15:57:36.379 [Test worker] DEBUG o.s.orm.jpa.JpaTransactionManager - Opened new EntityManager [org.hibernate.jpa.internal.EntityManagerImpl@44b4bf89] for JPA transaction
15:57:36.379 [Test worker] DEBUG o.h.e.t.spi.AbstractTransactionImpl - begin
15:57:36.379 [Test worker] DEBUG o.h.e.j.i.LogicalConnectionImpl - Obtaining JDBC connection
15:57:36.379 [Test worker] DEBUG o.s.j.d.DriverManagerDataSource - Creating new JDBC DriverManager Connection to [jdbc:mysql://mysql.mcscw3.le.ac.uk:3306/mic7]
15:57:36.388 [Test worker] DEBUG o.h.e.j.i.LogicalConnectionImpl - Obtained JDBC connection
15:57:36.388 [Test worker] DEBUG o.h.e.t.i.jdbc.JdbcTransaction - initial autocommit status: true
15:57:36.388 [Test worker] DEBUG o.h.e.t.i.jdbc.JdbcTransaction - disabling autocommit
15:57:36.389 [Test worker] DEBUG o.s.orm.jpa.JpaTransactionManager - Exposing JPA transaction as JDBC transaction [org.springframework.orm.jpa.vendor.HibernateJpaDialect$HibernateConnectionHandle@5a6f098d]
15:57:36.389 [Test worker] DEBUG o.h.jpa.criteria.CriteriaQueryImpl - Rendered criteria query -> select generatedAlias0 from Request as generatedAlias0
15:57:36.389 [Test worker] DEBUG org.hibernate.SQL - select request0_.id as id1_0_, request0_.assessment as assessme2_0_, request0_.completion as completi3_0_, request0_.deadline as deadline4_0_, request0_.developer as develope5_0_, request0_.priority as priority6_0_, request0_.problem as problem7_0_, request0_.req_type as req_type8_0_, request0_.solution as solution9_0_, request0_.status as status10_0_, request0_.versionid as version11_0_ from requests request0_
15:57:36.390 [Test worker] DEBUG o.s.orm.jpa.JpaTransactionManager - Initiating transaction commit
15:57:36.390 [Test worker] DEBUG o.s.orm.jpa.JpaTransactionManager - Committing JPA transaction on EntityManager [org.hibernate.jpa.internal.EntityManagerImpl@44b4bf89]
15:57:36.390 [Test worker] DEBUG o.h.e.t.spi.AbstractTransactionImpl - committing
15:57:36.390 [Test worker] DEBUG o.h.e.t.i.jdbc.JdbcTransaction - committed JDBC Connection
15:57:36.390 [Test worker] DEBUG o.h.e.t.i.jdbc.JdbcTransaction - re-enabling autocommit
15:57:36.391 [Test worker] DEBUG o.s.orm.jpa.JpaTransactionManager - Closing JPA EntityManager [org.hibernate.jpa.internal.EntityManagerImpl@44b4bf89] after transaction
15:57:36.391 [Test worker] DEBUG o.s.o.jpa.EntityManagerFactoryUtils - Closing JPA EntityManager
15:57:36.391 [Test worker] DEBUG o.h.e.j.i.LogicalConnectionImpl - Releasing JDBC connection
15:57:36.391 [Test worker] DEBUG o.h.e.j.i.LogicalConnectionImpl - Released JDBC connection
15:57:36.391 [Test worker] DEBUG o.s.orm.jpa.JpaTransactionManager - Creating new transaction with name [org.springframework.data.jpa.repository.support.SimpleJpaRepository.deleteAll]: PROPAGATION_REQUIRED,ISOLATION_DEFAULT; ''
15:57:36.391 [Test worker] DEBUG o.s.orm.jpa.JpaTransactionManager - Opened new EntityManager [org.hibernate.jpa.internal.EntityManagerImpl@70960bf1] for JPA transaction
15:57:36.391 [Test worker] DEBUG o.h.e.t.spi.AbstractTransactionImpl - begin
15:57:36.391 [Test worker] DEBUG o.h.e.j.i.LogicalConnectionImpl - Obtaining JDBC connection
15:57:36.391 [Test worker] DEBUG o.s.j.d.DriverManagerDataSource - Creating new JDBC DriverManager Connection to [jdbc:mysql://mysql.mcscw3.le.ac.uk:3306/mic7]
15:57:36.399 [Test worker] DEBUG o.h.e.j.i.LogicalConnectionImpl - Obtained JDBC connection
15:57:36.399 [Test worker] DEBUG o.h.e.t.i.jdbc.JdbcTransaction - initial autocommit status: true
15:57:36.399 [Test worker] DEBUG o.h.e.t.i.jdbc.JdbcTransaction - disabling autocommit
15:57:36.400 [Test worker] DEBUG o.s.orm.jpa.JpaTransactionManager - Exposing JPA transaction as JDBC transaction [org.springframework.orm.jpa.vendor.HibernateJpaDialect$HibernateConnectionHandle@4df97bf7]
15:57:36.400 [Test worker] DEBUG o.h.jpa.criteria.CriteriaQueryImpl - Rendered criteria query -> select generatedAlias0 from User as generatedAlias0
15:57:36.400 [Test worker] DEBUG org.hibernate.SQL - select user0_.id as id1_4_, user0_.enabled as enabled2_4_, user0_.login as login3_4_, user0_.password as password4_4_, user0_1_.role_id as role_id1_3_ from users user0_ left outer join user_roles user0_1_ on user0_.id=user0_1_.user_id
15:57:36.401 [Test worker] DEBUG o.s.orm.jpa.JpaTransactionManager - Initiating transaction commit
15:57:36.401 [Test worker] DEBUG o.s.orm.jpa.JpaTransactionManager - Committing JPA transaction on EntityManager [org.hibernate.jpa.internal.EntityManagerImpl@70960bf1]
15:57:36.401 [Test worker] DEBUG o.h.e.t.spi.AbstractTransactionImpl - committing
15:57:36.401 [Test worker] DEBUG o.h.e.t.i.jdbc.JdbcTransaction - committed JDBC Connection
15:57:36.401 [Test worker] DEBUG o.h.e.t.i.jdbc.JdbcTransaction - re-enabling autocommit
15:57:36.402 [Test worker] DEBUG o.s.orm.jpa.JpaTransactionManager - Closing JPA EntityManager [org.hibernate.jpa.internal.EntityManagerImpl@70960bf1] after transaction
15:57:36.402 [Test worker] DEBUG o.s.o.jpa.EntityManagerFactoryUtils - Closing JPA EntityManager
15:57:36.402 [Test worker] DEBUG o.h.e.j.i.LogicalConnectionImpl - Releasing JDBC connection
15:57:36.402 [Test worker] DEBUG o.h.e.j.i.LogicalConnectionImpl - Released JDBC connection
15:57:36.402 [Test worker] DEBUG o.s.orm.jpa.JpaTransactionManager - Creating new transaction with name [org.springframework.data.jpa.repository.support.SimpleJpaRepository.deleteAll]: PROPAGATION_REQUIRED,ISOLATION_DEFAULT; ''
15:57:36.402 [Test worker] DEBUG o.s.orm.jpa.JpaTransactionManager - Opened new EntityManager [org.hibernate.jpa.internal.EntityManagerImpl@523e1e06] for JPA transaction
15:57:36.402 [Test worker] DEBUG o.h.e.t.spi.AbstractTransactionImpl - begin
15:57:36.402 [Test worker] DEBUG o.h.e.j.i.LogicalConnectionImpl - Obtaining JDBC connection
15:57:36.402 [Test worker] DEBUG o.s.j.d.DriverManagerDataSource - Creating new JDBC DriverManager Connection to [jdbc:mysql://mysql.mcscw3.le.ac.uk:3306/mic7]
15:57:36.411 [Test worker] DEBUG o.h.e.j.i.LogicalConnectionImpl - Obtained JDBC connection
15:57:36.411 [Test worker] DEBUG o.h.e.t.i.jdbc.JdbcTransaction - initial autocommit status: true
15:57:36.411 [Test worker] DEBUG o.h.e.t.i.jdbc.JdbcTransaction - disabling autocommit
15:57:36.411 [Test worker] DEBUG o.s.orm.jpa.JpaTransactionManager - Exposing JPA transaction as JDBC transaction [org.springframework.orm.jpa.vendor.HibernateJpaDialect$HibernateConnectionHandle@16721d71]
15:57:36.412 [Test worker] DEBUG o.h.jpa.criteria.CriteriaQueryImpl - Rendered criteria query -> select generatedAlias0 from Version as generatedAlias0
15:57:36.412 [Test worker] DEBUG org.hibernate.SQL - select version0_.id as id1_5_, version0_.description as descript2_5_, version0_.sciid as sciid4_5_, version0_.version as version3_5_ from version version0_
15:57:36.413 [Test worker] DEBUG o.s.orm.jpa.JpaTransactionManager - Initiating transaction commit
15:57:36.413 [Test worker] DEBUG o.s.orm.jpa.JpaTransactionManager - Committing JPA transaction on EntityManager [org.hibernate.jpa.internal.EntityManagerImpl@523e1e06]
15:57:36.413 [Test worker] DEBUG o.h.e.t.spi.AbstractTransactionImpl - committing
15:57:36.414 [Test worker] DEBUG o.h.e.t.i.jdbc.JdbcTransaction - committed JDBC Connection
15:57:36.414 [Test worker] DEBUG o.h.e.t.i.jdbc.JdbcTransaction - re-enabling autocommit
15:57:36.414 [Test worker] DEBUG o.s.orm.jpa.JpaTransactionManager - Closing JPA EntityManager [org.hibernate.jpa.internal.EntityManagerImpl@523e1e06] after transaction
15:57:36.414 [Test worker] DEBUG o.s.o.jpa.EntityManagerFactoryUtils - Closing JPA EntityManager
15:57:36.414 [Test worker] DEBUG o.h.e.j.i.LogicalConnectionImpl - Releasing JDBC connection
15:57:36.414 [Test worker] DEBUG o.h.e.j.i.LogicalConnectionImpl - Released JDBC connection
15:57:36.414 [Test worker] DEBUG o.s.orm.jpa.JpaTransactionManager - Creating new transaction with name [org.springframework.data.jpa.repository.support.SimpleJpaRepository.deleteAll]: PROPAGATION_REQUIRED,ISOLATION_DEFAULT; ''
15:57:36.414 [Test worker] DEBUG o.s.orm.jpa.JpaTransactionManager - Opened new EntityManager [org.hibernate.jpa.internal.EntityManagerImpl@2fdaff46] for JPA transaction
15:57:36.414 [Test worker] DEBUG o.h.e.t.spi.AbstractTransactionImpl - begin
15:57:36.414 [Test worker] DEBUG o.h.e.j.i.LogicalConnectionImpl - Obtaining JDBC connection
15:57:36.414 [Test worker] DEBUG o.s.j.d.DriverManagerDataSource - Creating new JDBC DriverManager Connection to [jdbc:mysql://mysql.mcscw3.le.ac.uk:3306/mic7]
15:57:36.423 [Test worker] DEBUG o.h.e.j.i.LogicalConnectionImpl - Obtained JDBC connection
15:57:36.424 [Test worker] DEBUG o.h.e.t.i.jdbc.JdbcTransaction - initial autocommit status: true
15:57:36.424 [Test worker] DEBUG o.h.e.t.i.jdbc.JdbcTransaction - disabling autocommit
15:57:36.424 [Test worker] DEBUG o.s.orm.jpa.JpaTransactionManager - Exposing JPA transaction as JDBC transaction [org.springframework.orm.jpa.vendor.HibernateJpaDialect$HibernateConnectionHandle@67d04617]
15:57:36.424 [Test worker] DEBUG o.h.jpa.criteria.CriteriaQueryImpl - Rendered criteria query -> select generatedAlias0 from SCI as generatedAlias0
15:57:36.425 [Test worker] DEBUG org.hibernate.SQL - select sci0_.id as id1_2_, sci0_.name as name2_2_ from sci sci0_
15:57:36.426 [Test worker] DEBUG o.s.orm.jpa.JpaTransactionManager - Initiating transaction commit
15:57:36.426 [Test worker] DEBUG o.s.orm.jpa.JpaTransactionManager - Committing JPA transaction on EntityManager [org.hibernate.jpa.internal.EntityManagerImpl@2fdaff46]
15:57:36.426 [Test worker] DEBUG o.h.e.t.spi.AbstractTransactionImpl - committing
15:57:36.426 [Test worker] DEBUG o.h.e.t.i.jdbc.JdbcTransaction - committed JDBC Connection
15:57:36.426 [Test worker] DEBUG o.h.e.t.i.jdbc.JdbcTransaction - re-enabling autocommit
15:57:36.427 [Test worker] DEBUG o.s.orm.jpa.JpaTransactionManager - Closing JPA EntityManager [org.hibernate.jpa.internal.EntityManagerImpl@2fdaff46] after transaction
15:57:36.427 [Test worker] DEBUG o.s.o.jpa.EntityManagerFactoryUtils - Closing JPA EntityManager
15:57:36.427 [Test worker] DEBUG o.h.e.j.i.LogicalConnectionImpl - Releasing JDBC connection
15:57:36.427 [Test worker] DEBUG o.h.e.j.i.LogicalConnectionImpl - Released JDBC connection
15:57:36.428 [Test worker] DEBUG o.s.t.c.s.DirtiesContextTestExecutionListener - After test class: context [DefaultTestContext@34d791b8 testClass = CompleteRequestSteps, testInstance = [null], testMethod = [null], testException = [null], mergedContextConfiguration = [WebMergedContextConfiguration@6514ba5f testClass = CompleteRequestSteps, locations = '{}', classes = '{class webAppProject.webAppProjectApplication, class webAppProject.SecurityConfig, class webAppProject.WebConfig}', contextInitializerClasses = '[]', activeProfiles = '{}', propertySourceLocations = '{}', propertySourceProperties = '{}', resourceBasePath = 'src/main/webapp', contextLoader = 'org.springframework.test.context.web.WebDelegatingSmartContextLoader', parent = [null]]], class annotated with @DirtiesContext [false] with mode [null].

  @controller
  Scenario: process a change request (controller)               ?[90m# CompleteChangeRequest.feature:14?[0m
    ?[32mGiven ?[0m?[32mI am logged in as "?[0m?[32m?[1malice?[0m?[32m"?[0m                             ?[90m# CompleteRequestSteps.i_am_logged_in_as(String)?[0m
    ?[32mAnd ?[0m?[32man approved change request "?[0m?[32m?[1mFault?[0m?[32m"?[0m                      ?[90m# CompleteRequestSteps.an_approved_change_request(String)?[0m
    ?[32mWhen ?[0m?[32mI complete the task with data "?[0m?[32m?[1m15-11-2015?[0m?[32m"?[0m             ?[90m# CompleteRequestSteps.i_complete_the_task_with_data(String)?[0m
    ?[32mThen ?[0m?[32mI should get the next approved request allocated to me?[0m ?[90m# CompleteRequestSteps.i_should_get_the_next_approved_request_allocated_to_me()?[0m
Feature: request change
  As a developer
  I want to create a change request
  So that issues or request new features can be reported
15:57:36.459 [Test worker] DEBUG o.s.d.r.c.s.TransactionalRepositoryProxyPostProcessor$CustomAnnotationTransactionAttributeSource - Adding transactional method 'save' with attribute: PROPAGATION_REQUIRED,ISOLATION_DEFAULT; ''
15:57:36.459 [Test worker] DEBUG o.s.orm.jpa.JpaTransactionManager - Creating new transaction with name [org.springframework.data.jpa.repository.support.SimpleJpaRepository.save]: PROPAGATION_REQUIRED,ISOLATION_DEFAULT; ''
15:57:36.459 [Test worker] DEBUG o.s.orm.jpa.JpaTransactionManager - Opened new EntityManager [org.hibernate.jpa.internal.EntityManagerImpl@7e7516a] for JPA transaction
15:57:36.459 [Test worker] DEBUG o.h.e.t.spi.AbstractTransactionImpl - begin
15:57:36.459 [Test worker] DEBUG o.h.e.j.i.LogicalConnectionImpl - Obtaining JDBC connection
15:57:36.459 [Test worker] DEBUG o.s.j.d.DriverManagerDataSource - Creating new JDBC DriverManager Connection to [jdbc:mysql://mysql.mcscw3.le.ac.uk:3306/mic7]
15:57:36.469 [Test worker] DEBUG o.h.e.j.i.LogicalConnectionImpl - Obtained JDBC connection
15:57:36.469 [Test worker] DEBUG o.h.e.t.i.jdbc.JdbcTransaction - initial autocommit status: true
15:57:36.469 [Test worker] DEBUG o.h.e.t.i.jdbc.JdbcTransaction - disabling autocommit
15:57:36.470 [Test worker] DEBUG o.s.orm.jpa.JpaTransactionManager - Exposing JPA transaction as JDBC transaction [org.springframework.orm.jpa.vendor.HibernateJpaDialect$HibernateConnectionHandle@41d4dae]
15:57:36.471 [Test worker] DEBUG org.hibernate.engine.spi.ActionQueue - Executing identity-insert immediately
15:57:36.471 [Test worker] DEBUG org.hibernate.SQL - insert into version (description, sciid, version) values (?, ?, ?)
15:57:36.471 [Test worker] DEBUG o.h.id.IdentifierGeneratorHelper - Natively generated identity: 2
15:57:36.472 [Test worker] DEBUG o.s.orm.jpa.JpaTransactionManager - Initiating transaction commit
15:57:36.472 [Test worker] DEBUG o.s.orm.jpa.JpaTransactionManager - Committing JPA transaction on EntityManager [org.hibernate.jpa.internal.EntityManagerImpl@7e7516a]
15:57:36.472 [Test worker] DEBUG o.h.e.t.spi.AbstractTransactionImpl - committing
15:57:36.472 [Test worker] DEBUG o.h.e.i.AbstractFlushingEventListener - Processing flush-time cascades
15:57:36.472 [Test worker] DEBUG o.h.e.i.AbstractFlushingEventListener - Dirty checking collections
15:57:36.472 [Test worker] DEBUG o.h.e.i.AbstractFlushingEventListener - Flushed: 0 insertions, 0 updates, 0 deletions to 1 objects
15:57:36.472 [Test worker] DEBUG o.h.e.i.AbstractFlushingEventListener - Flushed: 0 (re)creations, 0 updates, 0 removals to 0 collections
15:57:36.472 [Test worker] DEBUG o.h.internal.util.EntityPrinter - Listing entities:
15:57:36.472 [Test worker] DEBUG o.h.internal.util.EntityPrinter - webAppProject.domain.Version{sci=webAppProject.domain.SCI#1, description=null, id=2, version=version_2}
15:57:36.474 [Test worker] DEBUG o.h.e.t.i.jdbc.JdbcTransaction - committed JDBC Connection
15:57:36.474 [Test worker] DEBUG o.h.e.t.i.jdbc.JdbcTransaction - re-enabling autocommit
15:57:36.474 [Test worker] DEBUG o.s.orm.jpa.JpaTransactionManager - Closing JPA EntityManager [org.hibernate.jpa.internal.EntityManagerImpl@7e7516a] after transaction
15:57:36.474 [Test worker] DEBUG o.s.o.jpa.EntityManagerFactoryUtils - Closing JPA EntityManager
15:57:36.474 [Test worker] DEBUG o.h.e.j.i.LogicalConnectionImpl - Releasing JDBC connection
15:57:36.474 [Test worker] DEBUG o.h.e.j.i.LogicalConnectionImpl - Released JDBC connection

  Background:                      ?[90m# RequestChange.feature:6?[0m
    ?[32mGiven ?[0m?[32ma SCI "?[0m?[32m?[1mSCI_1?[0m?[32m"?[0m            ?[90m# RequestChangeSteps.a_SCI(String)?[0m
    ?[32mAnd ?[0m?[32ma head version "?[0m?[32m?[1mversion_2?[0m?[32m"?[0m ?[90m# RequestChangeSteps.a_head_version(String)?[0m
15:57:36.477 [Test worker] DEBUG o.s.t.w.s.TestDispatcherServlet - DispatcherServlet with name '' processing POST request for [/sendReq]
15:57:36.477 [Test worker] DEBUG o.s.w.s.m.m.a.RequestMappingHandlerMapping - Looking up handler method for path /sendReq
15:57:36.477 [Test worker] DEBUG o.s.w.s.m.m.a.RequestMappingHandlerMapping - Returning handler method [public org.springframework.web.servlet.ModelAndView webAppProject.controller.RequestController.addRequest(java.lang.String,java.lang.String,java.lang.String,java.lang.String)]
15:57:36.477 [Test worker] DEBUG o.s.b.f.s.DefaultListableBeanFactory - Returning cached instance of singleton bean 'requestController'
15:57:36.477 [Test worker] DEBUG o.s.o.j.s.OpenEntityManagerInViewInterceptor - Opening JPA EntityManager in OpenEntityManagerInViewInterceptor
15:57:36.478 [Test worker] DEBUG o.h.jpa.criteria.CriteriaQueryImpl - Rendered criteria query -> select generatedAlias0 from Version as generatedAlias0 where generatedAlias0.version=:param0
15:57:36.478 [Test worker] DEBUG o.h.h.i.ast.QueryTranslatorImpl - parse() - HQL: select generatedAlias0 from webAppProject.domain.Version as generatedAlias0 where generatedAlias0.version=:param0
15:57:36.479 [Test worker] DEBUG o.h.h.i.ast.QueryTranslatorImpl - --- HQL AST ---
 \-[QUERY] Node: 'query'
    +-[SELECT_FROM] Node: 'SELECT_FROM'
    |  +-[FROM] Node: 'from'
    |  |  \-[RANGE] Node: 'RANGE'
    |  |     +-[DOT] Node: '.'
    |  |     |  +-[DOT] Node: '.'
    |  |     |  |  +-[IDENT] Node: 'webAppProject'
    |  |     |  |  \-[IDENT] Node: 'domain'
    |  |     |  \-[IDENT] Node: 'Version'
    |  |     \-[ALIAS] Node: 'generatedAlias0'
    |  \-[SELECT] Node: 'select'
    |     \-[IDENT] Node: 'generatedAlias0'
    \-[WHERE] Node: 'where'
       \-[EQ] Node: '='
          +-[DOT] Node: '.'
          |  +-[IDENT] Node: 'generatedAlias0'
          |  \-[IDENT] Node: 'version'
          \-[COLON] Node: ':'
             \-[IDENT] Node: 'param0'

15:57:36.479 [Test worker] DEBUG o.h.hql.internal.ast.ErrorCounter - throwQueryException() : no errors
15:57:36.479 [Test worker] DEBUG o.h.h.i.antlr.HqlSqlBaseWalker - select << begin [level=1, statement=select]
15:57:36.479 [Test worker] DEBUG o.h.h.internal.ast.tree.FromElement - FromClause{level=1} : webAppProject.domain.Version (generatedAlias0) -> version0_
15:57:36.479 [Test worker] DEBUG o.h.h.i.ast.tree.FromReferenceNode - Resolved : generatedAlias0 -> version0_.id
15:57:36.479 [Test worker] DEBUG o.h.h.i.ast.tree.FromReferenceNode - Resolved : generatedAlias0 -> version0_.id
15:57:36.479 [Test worker] DEBUG o.h.hql.internal.ast.tree.DotNode - getDataType() : version -> org.hibernate.type.StringType@22374f13
15:57:36.479 [Test worker] DEBUG o.h.h.i.ast.tree.FromReferenceNode - Resolved : generatedAlias0.version -> version0_.version
15:57:36.479 [Test worker] DEBUG o.h.h.i.antlr.HqlSqlBaseWalker - select : finishing up [level=1, statement=select]
15:57:36.479 [Test worker] DEBUG o.h.hql.internal.ast.HqlSqlWalker - processQuery() :  ( SELECT ( {select clause} version0_.id ) ( FromClause{level=1} version version0_ ) ( where ( = ( version0_.version version0_.id version ) ? ) ) )
15:57:36.480 [Test worker] DEBUG o.h.h.i.ast.util.JoinProcessor - Using FROM fragment [version version0_]
15:57:36.480 [Test worker] DEBUG o.h.h.i.antlr.HqlSqlBaseWalker - select >> end [level=1, statement=select]
15:57:36.480 [Test worker] DEBUG o.h.h.i.ast.QueryTranslatorImpl - --- SQL AST ---
 \-[SELECT] QueryNode: 'SELECT'  querySpaces (version)
    +-[SELECT_CLAUSE] SelectClause: '{select clause}'
    |  +-[ALIAS_REF] IdentNode: 'version0_.id as id1_5_' {alias=generatedAlias0, className=webAppProject.domain.Version, tableAlias=version0_}
    |  \-[SQL_TOKEN] SqlFragment: 'version0_.description as descript2_5_, version0_.sciid as sciid4_5_, version0_.version as version3_5_'
    +-[FROM] FromClause: 'from' FromClause{level=1, fromElementCounter=1, fromElements=1, fromElementByClassAlias=[generatedAlias0], fromElementByTableAlias=[version0_], fromElementsByPath=[], collectionJoinFromElementsByPath=[], impliedElements=[]}
    |  \-[FROM_FRAGMENT] FromElement: 'version version0_' FromElement{explicit,not a collection join,not a fetch join,fetch non-lazy properties,classAlias=generatedAlias0,role=null,tableName=version,tableAlias=version0_,origin=null,columns={,className=webAppProject.domain.Version}}
    \-[WHERE] SqlNode: 'where'
       \-[EQ] BinaryLogicOperatorNode: '='
          +-[DOT] DotNode: 'version0_.version' {propertyName=version,dereferenceType=PRIMITIVE,getPropertyPath=version,path=generatedAlias0.version,tableAlias=version0_,className=webAppProject.domain.Version,classAlias=generatedAlias0}
          |  +-[ALIAS_REF] IdentNode: 'version0_.id' {alias=generatedAlias0, className=webAppProject.domain.Version, tableAlias=version0_}
          |  \-[IDENT] IdentNode: 'version' {originalText=version}
          \-[NAMED_PARAM] ParameterNode: '?' {name=param0, expectedType=org.hibernate.type.StringType@22374f13}

15:57:36.480 [Test worker] DEBUG o.h.hql.internal.ast.ErrorCounter - throwQueryException() : no errors
15:57:36.480 [Test worker] DEBUG o.h.h.i.ast.QueryTranslatorImpl - HQL: select generatedAlias0 from webAppProject.domain.Version as generatedAlias0 where generatedAlias0.version=:param0
15:57:36.480 [Test worker] DEBUG o.h.h.i.ast.QueryTranslatorImpl - SQL: select version0_.id as id1_5_, version0_.description as descript2_5_, version0_.sciid as sciid4_5_, version0_.version as version3_5_ from version version0_ where version0_.version=?
15:57:36.480 [Test worker] DEBUG o.h.hql.internal.ast.ErrorCounter - throwQueryException() : no errors
15:57:36.480 [Test worker] DEBUG org.hibernate.SQL - select version0_.id as id1_5_, version0_.description as descript2_5_, version0_.sciid as sciid4_5_, version0_.version as version3_5_ from version version0_ where version0_.version=?
15:57:36.480 [Test worker] DEBUG o.h.e.j.i.LogicalConnectionImpl - Obtaining JDBC connection
15:57:36.480 [Test worker] DEBUG o.s.j.d.DriverManagerDataSource - Creating new JDBC DriverManager Connection to [jdbc:mysql://mysql.mcscw3.le.ac.uk:3306/mic7]
15:57:36.489 [Test worker] DEBUG o.h.e.j.i.LogicalConnectionImpl - Obtained JDBC connection
15:57:36.490 [Test worker] DEBUG org.hibernate.loader.Loader - Result set row: 0
15:57:36.490 [Test worker] DEBUG org.hibernate.loader.Loader - Result row: EntityKey[webAppProject.domain.Version#2]
15:57:36.490 [Test worker] DEBUG o.h.engine.internal.TwoPhaseLoad - Resolving associations for [webAppProject.domain.Version#2]
15:57:36.490 [Test worker] DEBUG org.hibernate.SQL - select sci0_.id as id1_2_0_, sci0_.name as name2_2_0_ from sci sci0_ where sci0_.id=?
15:57:36.491 [Test worker] DEBUG o.h.l.p.e.p.i.ResultSetProcessorImpl - Starting ResultSet row #0
15:57:36.491 [Test worker] DEBUG o.h.l.p.e.p.i.EntityReferenceInitializerImpl - On call to EntityIdentifierReaderImpl#resolve, EntityKey was already known; should only happen on root returns with an optional identifier specified
15:57:36.491 [Test worker] DEBUG o.h.engine.internal.TwoPhaseLoad - Resolving associations for [webAppProject.domain.SCI#1]
15:57:36.491 [Test worker] DEBUG o.h.engine.internal.TwoPhaseLoad - Done materializing entity [webAppProject.domain.SCI#1]
15:57:36.491 [Test worker] DEBUG o.h.l.e.p.AbstractLoadPlanBasedEntityLoader - Done entity load : webAppProject.domain.SCI#1
15:57:36.491 [Test worker] DEBUG o.h.engine.internal.TwoPhaseLoad - Done materializing entity [webAppProject.domain.Version#2]
15:57:36.492 [Test worker] DEBUG o.s.orm.jpa.JpaTransactionManager - Found thread-bound EntityManager [org.hibernate.jpa.internal.EntityManagerImpl@1ae84a81] for JPA transaction
15:57:36.492 [Test worker] DEBUG o.s.orm.jpa.JpaTransactionManager - Creating new transaction with name [org.springframework.data.jpa.repository.support.SimpleJpaRepository.save]: PROPAGATION_REQUIRED,ISOLATION_DEFAULT; ''
15:57:36.492 [Test worker] DEBUG o.h.e.t.spi.AbstractTransactionImpl - begin
15:57:36.492 [Test worker] DEBUG o.h.e.t.i.jdbc.JdbcTransaction - initial autocommit status: true
15:57:36.492 [Test worker] DEBUG o.h.e.t.i.jdbc.JdbcTransaction - disabling autocommit
15:57:36.493 [Test worker] DEBUG o.s.orm.jpa.JpaTransactionManager - Exposing JPA transaction as JDBC transaction [org.springframework.orm.jpa.vendor.HibernateJpaDialect$HibernateConnectionHandle@6f669c96]
15:57:36.493 [Test worker] DEBUG org.hibernate.engine.spi.ActionQueue - Executing identity-insert immediately
15:57:36.493 [Test worker] DEBUG org.hibernate.SQL - insert into requests (assessment, completion, deadline, developer, priority, problem, req_type, solution, status, versionid) values (?, ?, ?, ?, ?, ?, ?, ?, ?, ?)
15:57:36.494 [Test worker] DEBUG o.h.id.IdentifierGeneratorHelper - Natively generated identity: 7
15:57:36.494 [Test worker] DEBUG o.s.orm.jpa.JpaTransactionManager - Initiating transaction commit
15:57:36.494 [Test worker] DEBUG o.s.orm.jpa.JpaTransactionManager - Committing JPA transaction on EntityManager [org.hibernate.jpa.internal.EntityManagerImpl@1ae84a81]
15:57:36.494 [Test worker] DEBUG o.h.e.t.spi.AbstractTransactionImpl - committing
15:57:36.495 [Test worker] DEBUG o.h.e.i.AbstractFlushingEventListener - Processing flush-time cascades
15:57:36.495 [Test worker] DEBUG o.h.e.i.AbstractFlushingEventListener - Dirty checking collections
15:57:36.495 [Test worker] DEBUG o.h.e.i.AbstractFlushingEventListener - Flushed: 0 insertions, 0 updates, 0 deletions to 3 objects
15:57:36.495 [Test worker] DEBUG o.h.e.i.AbstractFlushingEventListener - Flushed: 0 (re)creations, 0 updates, 0 removals to 0 collections
15:57:36.495 [Test worker] DEBUG o.h.internal.util.EntityPrinter - Listing entities:
15:57:36.495 [Test worker] DEBUG o.h.internal.util.EntityPrinter - webAppProject.domain.Request{assessment=null, completion=null, problem=Fault, solution=Missing dependency, reqType=fault, developer=null, id=7, deadline=null, priority=null, version=webAppProject.domain.Version#2, status=pending}
15:57:36.495 [Test worker] DEBUG o.h.internal.util.EntityPrinter - webAppProject.domain.SCI{name=SCI_1, id=1}
15:57:36.495 [Test worker] DEBUG o.h.internal.util.EntityPrinter - webAppProject.domain.Version{sci=webAppProject.domain.SCI#1, description=null, id=2, version=version_2}
15:57:36.496 [Test worker] DEBUG o.h.e.t.i.jdbc.JdbcTransaction - committed JDBC Connection
15:57:36.496 [Test worker] DEBUG o.h.e.t.i.jdbc.JdbcTransaction - re-enabling autocommit
15:57:36.497 [Test worker] DEBUG o.s.orm.jpa.JpaTransactionManager - Not closing pre-bound JPA EntityManager after transaction
15:57:36.497 [Test worker] DEBUG o.s.b.f.s.DefaultListableBeanFactory - Invoking afterPropertiesSet() on bean with name 'request-summary'
15:57:36.497 [Test worker] DEBUG o.s.b.f.s.DefaultListableBeanFactory - Returning cached instance of singleton bean 'org.springframework.transaction.config.internalTransactionAdvisor'
15:57:36.497 [Test worker] DEBUG o.s.b.f.s.DefaultListableBeanFactory - Returning cached instance of singleton bean 'org.springframework.transaction.config.internalTransactionAdvisor'
15:57:36.497 [Test worker] DEBUG o.s.t.w.s.TestDispatcherServlet - Rendering view [org.springframework.web.servlet.view.JstlView: name 'request-summary'; URL [/WEB-INF/views/request-summary.jsp]] in DispatcherServlet with name ''
15:57:36.497 [Test worker] DEBUG o.s.web.servlet.view.JstlView - Added model object 'request' of type [webAppProject.domain.Request] to request in view with name 'request-summary'
15:57:36.497 [Test worker] DEBUG o.s.web.servlet.view.JstlView - Added model object 'org.springframework.validation.BindingResult.request' of type [org.springframework.validation.BeanPropertyBindingResult] to request in view with name 'request-summary'
15:57:36.497 [Test worker] DEBUG o.s.b.f.s.DefaultListableBeanFactory - Returning cached instance of singleton bean 'requestDataValueProcessor'
15:57:36.497 [Test worker] DEBUG o.s.web.servlet.view.JstlView - Forwarding to resource [/WEB-INF/views/request-summary.jsp] in InternalResourceView 'request-summary'
15:57:36.497 [Test worker] DEBUG o.s.mock.web.MockRequestDispatcher - MockRequestDispatcher: forwarding to [/WEB-INF/views/request-summary.jsp]
15:57:36.497 [Test worker] DEBUG o.s.o.j.s.OpenEntityManagerInViewInterceptor - Closing JPA EntityManager in OpenEntityManagerInViewInterceptor
15:57:36.497 [Test worker] DEBUG o.s.o.jpa.EntityManagerFactoryUtils - Closing JPA EntityManager
15:57:36.497 [Test worker] DEBUG o.h.e.j.i.LogicalConnectionImpl - Releasing JDBC connection
15:57:36.497 [Test worker] DEBUG o.h.e.j.i.LogicalConnectionImpl - Released JDBC connection
15:57:36.498 [Test worker] DEBUG o.s.t.w.s.TestDispatcherServlet - Successfully completed request
15:57:36.498 [Test worker] DEBUG o.s.o.j.SharedEntityManagerCreator$SharedEntityManagerInvocationHandler - Creating new EntityManager for shared EntityManager invocation
15:57:36.499 [Test worker] DEBUG o.h.jpa.criteria.CriteriaQueryImpl - Rendered criteria query -> select generatedAlias0 from Request as generatedAlias0 where generatedAlias0.problem=:param0
15:57:36.499 [Test worker] DEBUG org.hibernate.SQL - select request0_.id as id1_0_, request0_.assessment as assessme2_0_, request0_.completion as completi3_0_, request0_.deadline as deadline4_0_, request0_.developer as develope5_0_, request0_.priority as priority6_0_, request0_.problem as problem7_0_, request0_.req_type as req_type8_0_, request0_.solution as solution9_0_, request0_.status as status10_0_, request0_.versionid as version11_0_ from requests request0_ where request0_.problem=?
15:57:36.499 [Test worker] DEBUG o.h.e.j.i.LogicalConnectionImpl - Obtaining JDBC connection
15:57:36.499 [Test worker] DEBUG o.s.j.d.DriverManagerDataSource - Creating new JDBC DriverManager Connection to [jdbc:mysql://mysql.mcscw3.le.ac.uk:3306/mic7]
15:57:36.507 [Test worker] DEBUG o.h.e.j.i.LogicalConnectionImpl - Obtained JDBC connection
15:57:36.508 [Test worker] DEBUG org.hibernate.loader.Loader - Result set row: 0
15:57:36.508 [Test worker] DEBUG org.hibernate.loader.Loader - Result row: EntityKey[webAppProject.domain.Request#7]
15:57:36.508 [Test worker] DEBUG o.h.engine.internal.TwoPhaseLoad - Resolving associations for [webAppProject.domain.Request#7]
15:57:36.508 [Test worker] DEBUG org.hibernate.SQL - select version0_.id as id1_5_0_, version0_.description as descript2_5_0_, version0_.sciid as sciid4_5_0_, version0_.version as version3_5_0_, sci1_.id as id1_2_1_, sci1_.name as name2_2_1_ from version version0_ left outer join sci sci1_ on version0_.sciid=sci1_.id where version0_.id=?
15:57:36.508 [Test worker] DEBUG o.h.l.p.e.p.i.ResultSetProcessorImpl - Starting ResultSet row #0
15:57:36.509 [Test worker] DEBUG o.h.l.p.e.p.i.EntityReferenceInitializerImpl - On call to EntityIdentifierReaderImpl#resolve, EntityKey was already known; should only happen on root returns with an optional identifier specified
15:57:36.509 [Test worker] DEBUG o.h.engine.internal.TwoPhaseLoad - Resolving associations for [webAppProject.domain.Version#2]
15:57:36.509 [Test worker] DEBUG o.h.engine.internal.TwoPhaseLoad - Done materializing entity [webAppProject.domain.Version#2]
15:57:36.509 [Test worker] DEBUG o.h.engine.internal.TwoPhaseLoad - Resolving associations for [webAppProject.domain.SCI#1]
15:57:36.509 [Test worker] DEBUG o.h.engine.internal.TwoPhaseLoad - Done materializing entity [webAppProject.domain.SCI#1]
15:57:36.509 [Test worker] DEBUG o.h.l.e.p.AbstractLoadPlanBasedEntityLoader - Done entity load : webAppProject.domain.Version#2
15:57:36.509 [Test worker] DEBUG o.h.engine.internal.TwoPhaseLoad - Done materializing entity [webAppProject.domain.Request#7]
15:57:36.510 [Test worker] DEBUG o.s.o.jpa.EntityManagerFactoryUtils - Closing JPA EntityManager
15:57:36.510 [Test worker] DEBUG o.h.e.j.i.LogicalConnectionImpl - Releasing JDBC connection
15:57:36.510 [Test worker] DEBUG o.h.e.j.i.LogicalConnectionImpl - Released JDBC connection
15:57:36.511 [Test worker] DEBUG o.s.orm.jpa.JpaTransactionManager - Creating new transaction with name [org.springframework.data.jpa.repository.support.SimpleJpaRepository.deleteAll]: PROPAGATION_REQUIRED,ISOLATION_DEFAULT; ''
15:57:36.511 [Test worker] DEBUG o.s.orm.jpa.JpaTransactionManager - Opened new EntityManager [org.hibernate.jpa.internal.EntityManagerImpl@e1c761c] for JPA transaction
15:57:36.511 [Test worker] DEBUG o.h.e.t.spi.AbstractTransactionImpl - begin
15:57:36.511 [Test worker] DEBUG o.h.e.j.i.LogicalConnectionImpl - Obtaining JDBC connection
15:57:36.511 [Test worker] DEBUG o.s.j.d.DriverManagerDataSource - Creating new JDBC DriverManager Connection to [jdbc:mysql://mysql.mcscw3.le.ac.uk:3306/mic7]
15:57:36.519 [Test worker] DEBUG o.h.e.j.i.LogicalConnectionImpl - Obtained JDBC connection
15:57:36.519 [Test worker] DEBUG o.h.e.t.i.jdbc.JdbcTransaction - initial autocommit status: true
15:57:36.519 [Test worker] DEBUG o.h.e.t.i.jdbc.JdbcTransaction - disabling autocommit
15:57:36.520 [Test worker] DEBUG o.s.orm.jpa.JpaTransactionManager - Exposing JPA transaction as JDBC transaction [org.springframework.orm.jpa.vendor.HibernateJpaDialect$HibernateConnectionHandle@4e9a5f37]
15:57:36.520 [Test worker] DEBUG o.h.jpa.criteria.CriteriaQueryImpl - Rendered criteria query -> select generatedAlias0 from Request as generatedAlias0
15:57:36.520 [Test worker] DEBUG org.hibernate.SQL - select request0_.id as id1_0_, request0_.assessment as assessme2_0_, request0_.completion as completi3_0_, request0_.deadline as deadline4_0_, request0_.developer as develope5_0_, request0_.priority as priority6_0_, request0_.problem as problem7_0_, request0_.req_type as req_type8_0_, request0_.solution as solution9_0_, request0_.status as status10_0_, request0_.versionid as version11_0_ from requests request0_
15:57:36.521 [Test worker] DEBUG org.hibernate.loader.Loader - Result set row: 0
15:57:36.521 [Test worker] DEBUG org.hibernate.loader.Loader - Result row: EntityKey[webAppProject.domain.Request#7]
15:57:36.521 [Test worker] DEBUG o.h.engine.internal.TwoPhaseLoad - Resolving associations for [webAppProject.domain.Request#7]
15:57:36.521 [Test worker] DEBUG org.hibernate.SQL - select version0_.id as id1_5_0_, version0_.description as descript2_5_0_, version0_.sciid as sciid4_5_0_, version0_.version as version3_5_0_, sci1_.id as id1_2_1_, sci1_.name as name2_2_1_ from version version0_ left outer join sci sci1_ on version0_.sciid=sci1_.id where version0_.id=?
15:57:36.522 [Test worker] DEBUG o.h.l.p.e.p.i.ResultSetProcessorImpl - Starting ResultSet row #0
15:57:36.522 [Test worker] DEBUG o.h.l.p.e.p.i.EntityReferenceInitializerImpl - On call to EntityIdentifierReaderImpl#resolve, EntityKey was already known; should only happen on root returns with an optional identifier specified
15:57:36.522 [Test worker] DEBUG o.h.engine.internal.TwoPhaseLoad - Resolving associations for [webAppProject.domain.Version#2]
15:57:36.522 [Test worker] DEBUG o.h.engine.internal.TwoPhaseLoad - Done materializing entity [webAppProject.domain.Version#2]
15:57:36.522 [Test worker] DEBUG o.h.engine.internal.TwoPhaseLoad - Resolving associations for [webAppProject.domain.SCI#1]
15:57:36.522 [Test worker] DEBUG o.h.engine.internal.TwoPhaseLoad - Done materializing entity [webAppProject.domain.SCI#1]
15:57:36.523 [Test worker] DEBUG o.h.l.e.p.AbstractLoadPlanBasedEntityLoader - Done entity load : webAppProject.domain.Version#2
15:57:36.523 [Test worker] DEBUG o.h.engine.internal.TwoPhaseLoad - Done materializing entity [webAppProject.domain.Request#7]
15:57:36.523 [Test worker] DEBUG o.s.orm.jpa.JpaTransactionManager - Initiating transaction commit
15:57:36.523 [Test worker] DEBUG o.s.orm.jpa.JpaTransactionManager - Committing JPA transaction on EntityManager [org.hibernate.jpa.internal.EntityManagerImpl@e1c761c]
15:57:36.523 [Test worker] DEBUG o.h.e.t.spi.AbstractTransactionImpl - committing
15:57:36.523 [Test worker] DEBUG o.h.e.i.AbstractFlushingEventListener - Processing flush-time cascades
15:57:36.523 [Test worker] DEBUG o.h.e.i.AbstractFlushingEventListener - Dirty checking collections
15:57:36.523 [Test worker] DEBUG o.h.e.i.AbstractFlushingEventListener - Flushed: 0 insertions, 0 updates, 1 deletions to 3 objects
15:57:36.523 [Test worker] DEBUG o.h.e.i.AbstractFlushingEventListener - Flushed: 0 (re)creations, 0 updates, 0 removals to 0 collections
15:57:36.524 [Test worker] DEBUG o.h.internal.util.EntityPrinter - Listing entities:
15:57:36.524 [Test worker] DEBUG o.h.internal.util.EntityPrinter - webAppProject.domain.Request{assessment=null, completion=null, problem=Fault, solution=Missing dependency, reqType=fault, developer=null, id=7, deadline=null, priority=null, version=webAppProject.domain.Version#2, status=pending}
15:57:36.524 [Test worker] DEBUG o.h.internal.util.EntityPrinter - webAppProject.domain.SCI{name=SCI_1, id=1}
15:57:36.524 [Test worker] DEBUG o.h.internal.util.EntityPrinter - webAppProject.domain.Version{sci=webAppProject.domain.SCI#1, description=null, id=2, version=version_2}
15:57:36.524 [Test worker] DEBUG org.hibernate.SQL - delete from requests where id=?
15:57:36.526 [Test worker] DEBUG o.h.e.t.i.jdbc.JdbcTransaction - committed JDBC Connection
15:57:36.526 [Test worker] DEBUG o.h.e.t.i.jdbc.JdbcTransaction - re-enabling autocommit
15:57:36.526 [Test worker] DEBUG o.s.orm.jpa.JpaTransactionManager - Closing JPA EntityManager [org.hibernate.jpa.internal.EntityManagerImpl@e1c761c] after transaction
15:57:36.526 [Test worker] DEBUG o.s.o.jpa.EntityManagerFactoryUtils - Closing JPA EntityManager
15:57:36.526 [Test worker] DEBUG o.h.e.j.internal.JdbcCoordinatorImpl - HHH000420: Closing un-released batch
15:57:36.526 [Test worker] DEBUG o.h.e.j.i.LogicalConnectionImpl - Releasing JDBC connection
15:57:36.526 [Test worker] DEBUG o.h.e.j.i.LogicalConnectionImpl - Released JDBC connection
15:57:36.527 [Test worker] DEBUG o.s.orm.jpa.JpaTransactionManager - Creating new transaction with name [org.springframework.data.jpa.repository.support.SimpleJpaRepository.deleteAll]: PROPAGATION_REQUIRED,ISOLATION_DEFAULT; ''
15:57:36.527 [Test worker] DEBUG o.s.orm.jpa.JpaTransactionManager - Opened new EntityManager [org.hibernate.jpa.internal.EntityManagerImpl@66d7bfb] for JPA transaction
15:57:36.527 [Test worker] DEBUG o.h.e.t.spi.AbstractTransactionImpl - begin
15:57:36.527 [Test worker] DEBUG o.h.e.j.i.LogicalConnectionImpl - Obtaining JDBC connection
15:57:36.527 [Test worker] DEBUG o.s.j.d.DriverManagerDataSource - Creating new JDBC DriverManager Connection to [jdbc:mysql://mysql.mcscw3.le.ac.uk:3306/mic7]
15:57:36.535 [Test worker] DEBUG o.h.e.j.i.LogicalConnectionImpl - Obtained JDBC connection
15:57:36.535 [Test worker] DEBUG o.h.e.t.i.jdbc.JdbcTransaction - initial autocommit status: true
15:57:36.535 [Test worker] DEBUG o.h.e.t.i.jdbc.JdbcTransaction - disabling autocommit
15:57:36.535 [Test worker] DEBUG o.s.orm.jpa.JpaTransactionManager - Exposing JPA transaction as JDBC transaction [org.springframework.orm.jpa.vendor.HibernateJpaDialect$HibernateConnectionHandle@71182231]
15:57:36.535 [Test worker] DEBUG o.h.jpa.criteria.CriteriaQueryImpl - Rendered criteria query -> select generatedAlias0 from User as generatedAlias0
15:57:36.535 [Test worker] DEBUG org.hibernate.SQL - select user0_.id as id1_4_, user0_.enabled as enabled2_4_, user0_.login as login3_4_, user0_.password as password4_4_, user0_1_.role_id as role_id1_3_ from users user0_ left outer join user_roles user0_1_ on user0_.id=user0_1_.user_id
15:57:36.536 [Test worker] DEBUG o.s.orm.jpa.JpaTransactionManager - Initiating transaction commit
15:57:36.536 [Test worker] DEBUG o.s.orm.jpa.JpaTransactionManager - Committing JPA transaction on EntityManager [org.hibernate.jpa.internal.EntityManagerImpl@66d7bfb]
15:57:36.536 [Test worker] DEBUG o.h.e.t.spi.AbstractTransactionImpl - committing
15:57:36.537 [Test worker] DEBUG o.h.e.t.i.jdbc.JdbcTransaction - committed JDBC Connection
15:57:36.537 [Test worker] DEBUG o.h.e.t.i.jdbc.JdbcTransaction - re-enabling autocommit
15:57:36.537 [Test worker] DEBUG o.s.orm.jpa.JpaTransactionManager - Closing JPA EntityManager [org.hibernate.jpa.internal.EntityManagerImpl@66d7bfb] after transaction
15:57:36.537 [Test worker] DEBUG o.s.o.jpa.EntityManagerFactoryUtils - Closing JPA EntityManager
15:57:36.537 [Test worker] DEBUG o.h.e.j.i.LogicalConnectionImpl - Releasing JDBC connection
15:57:36.537 [Test worker] DEBUG o.h.e.j.i.LogicalConnectionImpl - Released JDBC connection
15:57:36.537 [Test worker] DEBUG o.s.orm.jpa.JpaTransactionManager - Creating new transaction with name [org.springframework.data.jpa.repository.support.SimpleJpaRepository.deleteAll]: PROPAGATION_REQUIRED,ISOLATION_DEFAULT; ''
15:57:36.537 [Test worker] DEBUG o.s.orm.jpa.JpaTransactionManager - Opened new EntityManager [org.hibernate.jpa.internal.EntityManagerImpl@720eac73] for JPA transaction
15:57:36.537 [Test worker] DEBUG o.h.e.t.spi.AbstractTransactionImpl - begin
15:57:36.537 [Test worker] DEBUG o.h.e.j.i.LogicalConnectionImpl - Obtaining JDBC connection
15:57:36.537 [Test worker] DEBUG o.s.j.d.DriverManagerDataSource - Creating new JDBC DriverManager Connection to [jdbc:mysql://mysql.mcscw3.le.ac.uk:3306/mic7]
15:57:36.545 [Test worker] DEBUG o.h.e.j.i.LogicalConnectionImpl - Obtained JDBC connection
15:57:36.545 [Test worker] DEBUG o.h.e.t.i.jdbc.JdbcTransaction - initial autocommit status: true
15:57:36.545 [Test worker] DEBUG o.h.e.t.i.jdbc.JdbcTransaction - disabling autocommit
15:57:36.546 [Test worker] DEBUG o.s.orm.jpa.JpaTransactionManager - Exposing JPA transaction as JDBC transaction [org.springframework.orm.jpa.vendor.HibernateJpaDialect$HibernateConnectionHandle@12d3d1ae]
15:57:36.546 [Test worker] DEBUG o.h.jpa.criteria.CriteriaQueryImpl - Rendered criteria query -> select generatedAlias0 from Request as generatedAlias0
15:57:36.546 [Test worker] DEBUG org.hibernate.SQL - select request0_.id as id1_0_, request0_.assessment as assessme2_0_, request0_.completion as completi3_0_, request0_.deadline as deadline4_0_, request0_.developer as develope5_0_, request0_.priority as priority6_0_, request0_.problem as problem7_0_, request0_.req_type as req_type8_0_, request0_.solution as solution9_0_, request0_.status as status10_0_, request0_.versionid as version11_0_ from requests request0_
15:57:36.547 [Test worker] DEBUG o.s.orm.jpa.JpaTransactionManager - Initiating transaction commit
15:57:36.547 [Test worker] DEBUG o.s.orm.jpa.JpaTransactionManager - Committing JPA transaction on EntityManager [org.hibernate.jpa.internal.EntityManagerImpl@720eac73]
15:57:36.547 [Test worker] DEBUG o.h.e.t.spi.AbstractTransactionImpl - committing
15:57:36.547 [Test worker] DEBUG o.h.e.t.i.jdbc.JdbcTransaction - committed JDBC Connection
15:57:36.547 [Test worker] DEBUG o.h.e.t.i.jdbc.JdbcTransaction - re-enabling autocommit
15:57:36.548 [Test worker] DEBUG o.s.orm.jpa.JpaTransactionManager - Closing JPA EntityManager [org.hibernate.jpa.internal.EntityManagerImpl@720eac73] after transaction
15:57:36.548 [Test worker] DEBUG o.s.o.jpa.EntityManagerFactoryUtils - Closing JPA EntityManager
15:57:36.548 [Test worker] DEBUG o.h.e.j.i.LogicalConnectionImpl - Releasing JDBC connection
15:57:36.548 [Test worker] DEBUG o.h.e.j.i.LogicalConnectionImpl - Released JDBC connection
15:57:36.548 [Test worker] DEBUG o.s.orm.jpa.JpaTransactionManager - Creating new transaction with name [org.springframework.data.jpa.repository.support.SimpleJpaRepository.deleteAll]: PROPAGATION_REQUIRED,ISOLATION_DEFAULT; ''
15:57:36.548 [Test worker] DEBUG o.s.orm.jpa.JpaTransactionManager - Opened new EntityManager [org.hibernate.jpa.internal.EntityManagerImpl@11d217b9] for JPA transaction
15:57:36.548 [Test worker] DEBUG o.h.e.t.spi.AbstractTransactionImpl - begin
15:57:36.548 [Test worker] DEBUG o.h.e.j.i.LogicalConnectionImpl - Obtaining JDBC connection
15:57:36.548 [Test worker] DEBUG o.s.j.d.DriverManagerDataSource - Creating new JDBC DriverManager Connection to [jdbc:mysql://mysql.mcscw3.le.ac.uk:3306/mic7]
15:57:36.556 [Test worker] DEBUG o.h.e.j.i.LogicalConnectionImpl - Obtained JDBC connection
15:57:36.556 [Test worker] DEBUG o.h.e.t.i.jdbc.JdbcTransaction - initial autocommit status: true
15:57:36.556 [Test worker] DEBUG o.h.e.t.i.jdbc.JdbcTransaction - disabling autocommit
15:57:36.557 [Test worker] DEBUG o.s.orm.jpa.JpaTransactionManager - Exposing JPA transaction as JDBC transaction [org.springframework.orm.jpa.vendor.HibernateJpaDialect$HibernateConnectionHandle@2e0a964a]
15:57:36.557 [Test worker] DEBUG o.h.jpa.criteria.CriteriaQueryImpl - Rendered criteria query -> select generatedAlias0 from Request as generatedAlias0
15:57:36.557 [Test worker] DEBUG org.hibernate.SQL - select request0_.id as id1_0_, request0_.assessment as assessme2_0_, request0_.completion as completi3_0_, request0_.deadline as deadline4_0_, request0_.developer as develope5_0_, request0_.priority as priority6_0_, request0_.problem as problem7_0_, request0_.req_type as req_type8_0_, request0_.solution as solution9_0_, request0_.status as status10_0_, request0_.versionid as version11_0_ from requests request0_
15:57:36.558 [Test worker] DEBUG o.s.orm.jpa.JpaTransactionManager - Initiating transaction commit
15:57:36.558 [Test worker] DEBUG o.s.orm.jpa.JpaTransactionManager - Committing JPA transaction on EntityManager [org.hibernate.jpa.internal.EntityManagerImpl@11d217b9]
15:57:36.558 [Test worker] DEBUG o.h.e.t.spi.AbstractTransactionImpl - committing
15:57:36.558 [Test worker] DEBUG o.h.e.t.i.jdbc.JdbcTransaction - committed JDBC Connection
15:57:36.558 [Test worker] DEBUG o.h.e.t.i.jdbc.JdbcTransaction - re-enabling autocommit
15:57:36.559 [Test worker] DEBUG o.s.orm.jpa.JpaTransactionManager - Closing JPA EntityManager [org.hibernate.jpa.internal.EntityManagerImpl@11d217b9] after transaction
15:57:36.559 [Test worker] DEBUG o.s.o.jpa.EntityManagerFactoryUtils - Closing JPA EntityManager
15:57:36.559 [Test worker] DEBUG o.h.e.j.i.LogicalConnectionImpl - Releasing JDBC connection
15:57:36.559 [Test worker] DEBUG o.h.e.j.i.LogicalConnectionImpl - Released JDBC connection
15:57:36.559 [Test worker] DEBUG o.s.orm.jpa.JpaTransactionManager - Creating new transaction with name [org.springframework.data.jpa.repository.support.SimpleJpaRepository.deleteAll]: PROPAGATION_REQUIRED,ISOLATION_DEFAULT; ''
15:57:36.559 [Test worker] DEBUG o.s.orm.jpa.JpaTransactionManager - Opened new EntityManager [org.hibernate.jpa.internal.EntityManagerImpl@2c0b2935] for JPA transaction
15:57:36.559 [Test worker] DEBUG o.h.e.t.spi.AbstractTransactionImpl - begin
15:57:36.559 [Test worker] DEBUG o.h.e.j.i.LogicalConnectionImpl - Obtaining JDBC connection
15:57:36.559 [Test worker] DEBUG o.s.j.d.DriverManagerDataSource - Creating new JDBC DriverManager Connection to [jdbc:mysql://mysql.mcscw3.le.ac.uk:3306/mic7]
15:57:36.567 [Test worker] DEBUG o.h.e.j.i.LogicalConnectionImpl - Obtained JDBC connection
15:57:36.567 [Test worker] DEBUG o.h.e.t.i.jdbc.JdbcTransaction - initial autocommit status: true
15:57:36.567 [Test worker] DEBUG o.h.e.t.i.jdbc.JdbcTransaction - disabling autocommit
15:57:36.568 [Test worker] DEBUG o.s.orm.jpa.JpaTransactionManager - Exposing JPA transaction as JDBC transaction [org.springframework.orm.jpa.vendor.HibernateJpaDialect$HibernateConnectionHandle@30c72dc5]
15:57:36.568 [Test worker] DEBUG o.h.jpa.criteria.CriteriaQueryImpl - Rendered criteria query -> select generatedAlias0 from User as generatedAlias0
15:57:36.568 [Test worker] DEBUG org.hibernate.SQL - select user0_.id as id1_4_, user0_.enabled as enabled2_4_, user0_.login as login3_4_, user0_.password as password4_4_, user0_1_.role_id as role_id1_3_ from users user0_ left outer join user_roles user0_1_ on user0_.id=user0_1_.user_id
15:57:36.569 [Test worker] DEBUG o.s.orm.jpa.JpaTransactionManager - Initiating transaction commit
15:57:36.569 [Test worker] DEBUG o.s.orm.jpa.JpaTransactionManager - Committing JPA transaction on EntityManager [org.hibernate.jpa.internal.EntityManagerImpl@2c0b2935]
15:57:36.569 [Test worker] DEBUG o.h.e.t.spi.AbstractTransactionImpl - committing
15:57:36.569 [Test worker] DEBUG o.h.e.t.i.jdbc.JdbcTransaction - committed JDBC Connection
15:57:36.569 [Test worker] DEBUG o.h.e.t.i.jdbc.JdbcTransaction - re-enabling autocommit
15:57:36.570 [Test worker] DEBUG o.s.orm.jpa.JpaTransactionManager - Closing JPA EntityManager [org.hibernate.jpa.internal.EntityManagerImpl@2c0b2935] after transaction
15:57:36.570 [Test worker] DEBUG o.s.o.jpa.EntityManagerFactoryUtils - Closing JPA EntityManager
15:57:36.570 [Test worker] DEBUG o.h.e.j.i.LogicalConnectionImpl - Releasing JDBC connection
15:57:36.570 [Test worker] DEBUG o.h.e.j.i.LogicalConnectionImpl - Released JDBC connection
15:57:36.570 [Test worker] DEBUG o.s.orm.jpa.JpaTransactionManager - Creating new transaction with name [org.springframework.data.jpa.repository.support.SimpleJpaRepository.deleteAll]: PROPAGATION_REQUIRED,ISOLATION_DEFAULT; ''
15:57:36.570 [Test worker] DEBUG o.s.orm.jpa.JpaTransactionManager - Opened new EntityManager [org.hibernate.jpa.internal.EntityManagerImpl@62e45298] for JPA transaction
15:57:36.570 [Test worker] DEBUG o.h.e.t.spi.AbstractTransactionImpl - begin
15:57:36.570 [Test worker] DEBUG o.h.e.j.i.LogicalConnectionImpl - Obtaining JDBC connection
15:57:36.570 [Test worker] DEBUG o.s.j.d.DriverManagerDataSource - Creating new JDBC DriverManager Connection to [jdbc:mysql://mysql.mcscw3.le.ac.uk:3306/mic7]
15:57:36.578 [Test worker] DEBUG o.h.e.j.i.LogicalConnectionImpl - Obtained JDBC connection
15:57:36.578 [Test worker] DEBUG o.h.e.t.i.jdbc.JdbcTransaction - initial autocommit status: true
15:57:36.578 [Test worker] DEBUG o.h.e.t.i.jdbc.JdbcTransaction - disabling autocommit
15:57:36.579 [Test worker] DEBUG o.s.orm.jpa.JpaTransactionManager - Exposing JPA transaction as JDBC transaction [org.springframework.orm.jpa.vendor.HibernateJpaDialect$HibernateConnectionHandle@536026ef]
15:57:36.579 [Test worker] DEBUG o.h.jpa.criteria.CriteriaQueryImpl - Rendered criteria query -> select generatedAlias0 from Request as generatedAlias0
15:57:36.579 [Test worker] DEBUG org.hibernate.SQL - select request0_.id as id1_0_, request0_.assessment as assessme2_0_, request0_.completion as completi3_0_, request0_.deadline as deadline4_0_, request0_.developer as develope5_0_, request0_.priority as priority6_0_, request0_.problem as problem7_0_, request0_.req_type as req_type8_0_, request0_.solution as solution9_0_, request0_.status as status10_0_, request0_.versionid as version11_0_ from requests request0_
15:57:36.580 [Test worker] DEBUG o.s.orm.jpa.JpaTransactionManager - Initiating transaction commit
15:57:36.580 [Test worker] DEBUG o.s.orm.jpa.JpaTransactionManager - Committing JPA transaction on EntityManager [org.hibernate.jpa.internal.EntityManagerImpl@62e45298]
15:57:36.580 [Test worker] DEBUG o.h.e.t.spi.AbstractTransactionImpl - committing
15:57:36.581 [Test worker] DEBUG o.h.e.t.i.jdbc.JdbcTransaction - committed JDBC Connection
15:57:36.581 [Test worker] DEBUG o.h.e.t.i.jdbc.JdbcTransaction - re-enabling autocommit
15:57:36.581 [Test worker] DEBUG o.s.orm.jpa.JpaTransactionManager - Closing JPA EntityManager [org.hibernate.jpa.internal.EntityManagerImpl@62e45298] after transaction
15:57:36.581 [Test worker] DEBUG o.s.o.jpa.EntityManagerFactoryUtils - Closing JPA EntityManager
15:57:36.581 [Test worker] DEBUG o.h.e.j.i.LogicalConnectionImpl - Releasing JDBC connection
15:57:36.581 [Test worker] DEBUG o.h.e.j.i.LogicalConnectionImpl - Released JDBC connection
15:57:36.582 [Test worker] DEBUG o.s.orm.jpa.JpaTransactionManager - Creating new transaction with name [org.springframework.data.jpa.repository.support.SimpleJpaRepository.deleteAll]: PROPAGATION_REQUIRED,ISOLATION_DEFAULT; ''
15:57:36.582 [Test worker] DEBUG o.s.orm.jpa.JpaTransactionManager - Opened new EntityManager [org.hibernate.jpa.internal.EntityManagerImpl@3f826193] for JPA transaction
15:57:36.582 [Test worker] DEBUG o.h.e.t.spi.AbstractTransactionImpl - begin
15:57:36.582 [Test worker] DEBUG o.h.e.j.i.LogicalConnectionImpl - Obtaining JDBC connection
15:57:36.582 [Test worker] DEBUG o.s.j.d.DriverManagerDataSource - Creating new JDBC DriverManager Connection to [jdbc:mysql://mysql.mcscw3.le.ac.uk:3306/mic7]
15:57:36.591 [Test worker] DEBUG o.h.e.j.i.LogicalConnectionImpl - Obtained JDBC connection
15:57:36.591 [Test worker] DEBUG o.h.e.t.i.jdbc.JdbcTransaction - initial autocommit status: true
15:57:36.591 [Test worker] DEBUG o.h.e.t.i.jdbc.JdbcTransaction - disabling autocommit
15:57:36.591 [Test worker] DEBUG o.s.orm.jpa.JpaTransactionManager - Exposing JPA transaction as JDBC transaction [org.springframework.orm.jpa.vendor.HibernateJpaDialect$HibernateConnectionHandle@124fab1d]
15:57:36.591 [Test worker] DEBUG o.h.jpa.criteria.CriteriaQueryImpl - Rendered criteria query -> select generatedAlias0 from User as generatedAlias0
15:57:36.591 [Test worker] DEBUG org.hibernate.SQL - select user0_.id as id1_4_, user0_.enabled as enabled2_4_, user0_.login as login3_4_, user0_.password as password4_4_, user0_1_.role_id as role_id1_3_ from users user0_ left outer join user_roles user0_1_ on user0_.id=user0_1_.user_id
15:57:36.592 [Test worker] DEBUG o.s.orm.jpa.JpaTransactionManager - Initiating transaction commit
15:57:36.592 [Test worker] DEBUG o.s.orm.jpa.JpaTransactionManager - Committing JPA transaction on EntityManager [org.hibernate.jpa.internal.EntityManagerImpl@3f826193]
15:57:36.592 [Test worker] DEBUG o.h.e.t.spi.AbstractTransactionImpl - committing
15:57:36.593 [Test worker] DEBUG o.h.e.t.i.jdbc.JdbcTransaction - committed JDBC Connection
15:57:36.593 [Test worker] DEBUG o.h.e.t.i.jdbc.JdbcTransaction - re-enabling autocommit
15:57:36.593 [Test worker] DEBUG o.s.orm.jpa.JpaTransactionManager - Closing JPA EntityManager [org.hibernate.jpa.internal.EntityManagerImpl@3f826193] after transaction
15:57:36.593 [Test worker] DEBUG o.s.o.jpa.EntityManagerFactoryUtils - Closing JPA EntityManager
15:57:36.593 [Test worker] DEBUG o.h.e.j.i.LogicalConnectionImpl - Releasing JDBC connection
15:57:36.593 [Test worker] DEBUG o.h.e.j.i.LogicalConnectionImpl - Released JDBC connection
15:57:36.594 [Test worker] DEBUG o.s.orm.jpa.JpaTransactionManager - Creating new transaction with name [org.springframework.data.jpa.repository.support.SimpleJpaRepository.deleteAll]: PROPAGATION_REQUIRED,ISOLATION_DEFAULT; ''
15:57:36.594 [Test worker] DEBUG o.s.orm.jpa.JpaTransactionManager - Opened new EntityManager [org.hibernate.jpa.internal.EntityManagerImpl@48a05e4c] for JPA transaction
15:57:36.594 [Test worker] DEBUG o.h.e.t.spi.AbstractTransactionImpl - begin
15:57:36.594 [Test worker] DEBUG o.h.e.j.i.LogicalConnectionImpl - Obtaining JDBC connection
15:57:36.594 [Test worker] DEBUG o.s.j.d.DriverManagerDataSource - Creating new JDBC DriverManager Connection to [jdbc:mysql://mysql.mcscw3.le.ac.uk:3306/mic7]
15:57:36.603 [Test worker] DEBUG o.h.e.j.i.LogicalConnectionImpl - Obtained JDBC connection
15:57:36.603 [Test worker] DEBUG o.h.e.t.i.jdbc.JdbcTransaction - initial autocommit status: true
15:57:36.603 [Test worker] DEBUG o.h.e.t.i.jdbc.JdbcTransaction - disabling autocommit
15:57:36.603 [Test worker] DEBUG o.s.orm.jpa.JpaTransactionManager - Exposing JPA transaction as JDBC transaction [org.springframework.orm.jpa.vendor.HibernateJpaDialect$HibernateConnectionHandle@3ce61bb7]
15:57:36.604 [Test worker] DEBUG o.h.jpa.criteria.CriteriaQueryImpl - Rendered criteria query -> select generatedAlias0 from Version as generatedAlias0
15:57:36.604 [Test worker] DEBUG org.hibernate.SQL - select version0_.id as id1_5_, version0_.description as descript2_5_, version0_.sciid as sciid4_5_, version0_.version as version3_5_ from version version0_
15:57:36.604 [Test worker] DEBUG org.hibernate.loader.Loader - Result set row: 0
15:57:36.605 [Test worker] DEBUG org.hibernate.loader.Loader - Result row: EntityKey[webAppProject.domain.Version#2]
15:57:36.605 [Test worker] DEBUG o.h.engine.internal.TwoPhaseLoad - Resolving associations for [webAppProject.domain.Version#2]
15:57:36.605 [Test worker] DEBUG org.hibernate.SQL - select sci0_.id as id1_2_0_, sci0_.name as name2_2_0_ from sci sci0_ where sci0_.id=?
15:57:36.605 [Test worker] DEBUG o.h.l.p.e.p.i.ResultSetProcessorImpl - Starting ResultSet row #0
15:57:36.605 [Test worker] DEBUG o.h.l.p.e.p.i.EntityReferenceInitializerImpl - On call to EntityIdentifierReaderImpl#resolve, EntityKey was already known; should only happen on root returns with an optional identifier specified
15:57:36.606 [Test worker] DEBUG o.h.engine.internal.TwoPhaseLoad - Resolving associations for [webAppProject.domain.SCI#1]
15:57:36.606 [Test worker] DEBUG o.h.engine.internal.TwoPhaseLoad - Done materializing entity [webAppProject.domain.SCI#1]
15:57:36.606 [Test worker] DEBUG o.h.l.e.p.AbstractLoadPlanBasedEntityLoader - Done entity load : webAppProject.domain.SCI#1
15:57:36.606 [Test worker] DEBUG o.h.engine.internal.TwoPhaseLoad - Done materializing entity [webAppProject.domain.Version#2]
15:57:36.607 [Test worker] DEBUG o.s.orm.jpa.JpaTransactionManager - Initiating transaction commit
15:57:36.607 [Test worker] DEBUG o.s.orm.jpa.JpaTransactionManager - Committing JPA transaction on EntityManager [org.hibernate.jpa.internal.EntityManagerImpl@48a05e4c]
15:57:36.607 [Test worker] DEBUG o.h.e.t.spi.AbstractTransactionImpl - committing
15:57:36.607 [Test worker] DEBUG o.h.e.i.AbstractFlushingEventListener - Processing flush-time cascades
15:57:36.607 [Test worker] DEBUG o.h.e.i.AbstractFlushingEventListener - Dirty checking collections
15:57:36.608 [Test worker] DEBUG o.h.e.i.AbstractFlushingEventListener - Flushed: 0 insertions, 0 updates, 1 deletions to 2 objects
15:57:36.608 [Test worker] DEBUG o.h.e.i.AbstractFlushingEventListener - Flushed: 0 (re)creations, 0 updates, 0 removals to 0 collections
15:57:36.608 [Test worker] DEBUG o.h.internal.util.EntityPrinter - Listing entities:
15:57:36.608 [Test worker] DEBUG o.h.internal.util.EntityPrinter - webAppProject.domain.SCI{name=SCI_1, id=1}
15:57:36.608 [Test worker] DEBUG o.h.internal.util.EntityPrinter - webAppProject.domain.Version{sci=webAppProject.domain.SCI#1, description=null, id=2, version=version_2}
15:57:36.608 [Test worker] DEBUG org.hibernate.SQL - delete from version where id=?
15:57:36.612 [Test worker] DEBUG o.h.e.t.i.jdbc.JdbcTransaction - committed JDBC Connection
15:57:36.612 [Test worker] DEBUG o.h.e.t.i.jdbc.JdbcTransaction - re-enabling autocommit
15:57:36.613 [Test worker] DEBUG o.s.orm.jpa.JpaTransactionManager - Closing JPA EntityManager [org.hibernate.jpa.internal.EntityManagerImpl@48a05e4c] after transaction
15:57:36.613 [Test worker] DEBUG o.s.o.jpa.EntityManagerFactoryUtils - Closing JPA EntityManager
15:57:36.613 [Test worker] DEBUG o.h.e.j.internal.JdbcCoordinatorImpl - HHH000420: Closing un-released batch
15:57:36.613 [Test worker] DEBUG o.h.e.j.i.LogicalConnectionImpl - Releasing JDBC connection
15:57:36.613 [Test worker] DEBUG o.h.e.j.i.LogicalConnectionImpl - Released JDBC connection
15:57:36.613 [Test worker] DEBUG o.s.orm.jpa.JpaTransactionManager - Creating new transaction with name [org.springframework.data.jpa.repository.support.SimpleJpaRepository.deleteAll]: PROPAGATION_REQUIRED,ISOLATION_DEFAULT; ''
15:57:36.613 [Test worker] DEBUG o.s.orm.jpa.JpaTransactionManager - Opened new EntityManager [org.hibernate.jpa.internal.EntityManagerImpl@34884aa8] for JPA transaction
15:57:36.613 [Test worker] DEBUG o.h.e.t.spi.AbstractTransactionImpl - begin
15:57:36.613 [Test worker] DEBUG o.h.e.j.i.LogicalConnectionImpl - Obtaining JDBC connection
15:57:36.613 [Test worker] DEBUG o.s.j.d.DriverManagerDataSource - Creating new JDBC DriverManager Connection to [jdbc:mysql://mysql.mcscw3.le.ac.uk:3306/mic7]
15:57:36.623 [Test worker] DEBUG o.h.e.j.i.LogicalConnectionImpl - Obtained JDBC connection
15:57:36.623 [Test worker] DEBUG o.h.e.t.i.jdbc.JdbcTransaction - initial autocommit status: true
15:57:36.623 [Test worker] DEBUG o.h.e.t.i.jdbc.JdbcTransaction - disabling autocommit
15:57:36.624 [Test worker] DEBUG o.s.orm.jpa.JpaTransactionManager - Exposing JPA transaction as JDBC transaction [org.springframework.orm.jpa.vendor.HibernateJpaDialect$HibernateConnectionHandle@61ffb571]
15:57:36.624 [Test worker] DEBUG o.h.jpa.criteria.CriteriaQueryImpl - Rendered criteria query -> select generatedAlias0 from SCI as generatedAlias0
15:57:36.624 [Test worker] DEBUG org.hibernate.SQL - select sci0_.id as id1_2_, sci0_.name as name2_2_ from sci sci0_
15:57:36.625 [Test worker] DEBUG org.hibernate.loader.Loader - Result set row: 0
15:57:36.625 [Test worker] DEBUG org.hibernate.loader.Loader - Result row: EntityKey[webAppProject.domain.SCI#1]
15:57:36.625 [Test worker] DEBUG o.h.engine.internal.TwoPhaseLoad - Resolving associations for [webAppProject.domain.SCI#1]
15:57:36.625 [Test worker] DEBUG o.h.engine.internal.TwoPhaseLoad - Done materializing entity [webAppProject.domain.SCI#1]
15:57:36.625 [Test worker] DEBUG o.s.orm.jpa.JpaTransactionManager - Initiating transaction commit
15:57:36.625 [Test worker] DEBUG o.s.orm.jpa.JpaTransactionManager - Committing JPA transaction on EntityManager [org.hibernate.jpa.internal.EntityManagerImpl@34884aa8]
15:57:36.625 [Test worker] DEBUG o.h.e.t.spi.AbstractTransactionImpl - committing
15:57:36.625 [Test worker] DEBUG o.h.e.i.AbstractFlushingEventListener - Processing flush-time cascades
15:57:36.625 [Test worker] DEBUG o.h.e.i.AbstractFlushingEventListener - Dirty checking collections
15:57:36.626 [Test worker] DEBUG o.h.e.i.AbstractFlushingEventListener - Flushed: 0 insertions, 0 updates, 1 deletions to 1 objects
15:57:36.626 [Test worker] DEBUG o.h.e.i.AbstractFlushingEventListener - Flushed: 0 (re)creations, 0 updates, 0 removals to 0 collections
15:57:36.626 [Test worker] DEBUG o.h.internal.util.EntityPrinter - Listing entities:
15:57:36.626 [Test worker] DEBUG o.h.internal.util.EntityPrinter - webAppProject.domain.SCI{name=SCI_1, id=1}
15:57:36.626 [Test worker] DEBUG org.hibernate.SQL - delete from sci where id=?
15:57:36.629 [Test worker] DEBUG o.h.e.t.i.jdbc.JdbcTransaction - committed JDBC Connection
15:57:36.629 [Test worker] DEBUG o.h.e.t.i.jdbc.JdbcTransaction - re-enabling autocommit
15:57:36.630 [Test worker] DEBUG o.s.orm.jpa.JpaTransactionManager - Closing JPA EntityManager [org.hibernate.jpa.internal.EntityManagerImpl@34884aa8] after transaction
15:57:36.630 [Test worker] DEBUG o.s.o.jpa.EntityManagerFactoryUtils - Closing JPA EntityManager
15:57:36.630 [Test worker] DEBUG o.h.e.j.internal.JdbcCoordinatorImpl - HHH000420: Closing un-released batch
15:57:36.630 [Test worker] DEBUG o.h.e.j.i.LogicalConnectionImpl - Releasing JDBC connection
15:57:36.630 [Test worker] DEBUG o.h.e.j.i.LogicalConnectionImpl - Released JDBC connection
15:57:36.630 [Test worker] DEBUG o.s.t.c.s.DirtiesContextTestExecutionListener - After test class: context [DefaultTestContext@76b2b8b4 testClass = CompleteRequestSteps, testInstance = [null], testMethod = [null], testException = [null], mergedContextConfiguration = [WebMergedContextConfiguration@6647657b testClass = CompleteRequestSteps, locations = '{}', classes = '{class webAppProject.webAppProjectApplication, class webAppProject.SecurityConfig, class webAppProject.WebConfig}', contextInitializerClasses = '[]', activeProfiles = '{}', propertySourceLocations = '{}', propertySourceProperties = '{}', resourceBasePath = 'src/main/webapp', contextLoader = 'org.springframework.test.context.web.WebDelegatingSmartContextLoader', parent = [null]]], class annotated with @DirtiesContext [false] with mode [null].
15:57:36.659 [Test worker] DEBUG o.s.orm.jpa.JpaTransactionManager - Creating new transaction with name [org.springframework.data.jpa.repository.support.SimpleJpaRepository.save]: PROPAGATION_REQUIRED,ISOLATION_DEFAULT; ''
15:57:36.659 [Test worker] DEBUG o.s.orm.jpa.JpaTransactionManager - Opened new EntityManager [org.hibernate.jpa.internal.EntityManagerImpl@45b02fdf] for JPA transaction
15:57:36.659 [Test worker] DEBUG o.h.e.t.spi.AbstractTransactionImpl - begin
15:57:36.659 [Test worker] DEBUG o.h.e.j.i.LogicalConnectionImpl - Obtaining JDBC connection
15:57:36.659 [Test worker] DEBUG o.s.j.d.DriverManagerDataSource - Creating new JDBC DriverManager Connection to [jdbc:mysql://mysql.mcscw3.le.ac.uk:3306/mic7]
15:57:36.669 [Test worker] DEBUG o.h.e.j.i.LogicalConnectionImpl - Obtained JDBC connection
15:57:36.669 [Test worker] DEBUG o.h.e.t.i.jdbc.JdbcTransaction - initial autocommit status: true
15:57:36.669 [Test worker] DEBUG o.h.e.t.i.jdbc.JdbcTransaction - disabling autocommit
15:57:36.669 [Test worker] DEBUG o.s.orm.jpa.JpaTransactionManager - Exposing JPA transaction as JDBC transaction [org.springframework.orm.jpa.vendor.HibernateJpaDialect$HibernateConnectionHandle@5ee40372]
15:57:36.670 [Test worker] DEBUG org.hibernate.engine.spi.ActionQueue - Executing identity-insert immediately
15:57:36.670 [Test worker] DEBUG org.hibernate.SQL - insert into version (description, sciid, version) values (?, ?, ?)
15:57:36.671 [Test worker] DEBUG o.h.id.IdentifierGeneratorHelper - Natively generated identity: 3
15:57:36.671 [Test worker] DEBUG o.s.orm.jpa.JpaTransactionManager - Initiating transaction commit
15:57:36.671 [Test worker] DEBUG o.s.orm.jpa.JpaTransactionManager - Committing JPA transaction on EntityManager [org.hibernate.jpa.internal.EntityManagerImpl@45b02fdf]
15:57:36.671 [Test worker] DEBUG o.h.e.t.spi.AbstractTransactionImpl - committing
15:57:36.671 [Test worker] DEBUG o.h.e.i.AbstractFlushingEventListener - Processing flush-time cascades
15:57:36.671 [Test worker] DEBUG o.h.e.i.AbstractFlushingEventListener - Dirty checking collections
15:57:36.671 [Test worker] DEBUG o.h.e.i.AbstractFlushingEventListener - Flushed: 0 insertions, 0 updates, 0 deletions to 1 objects
15:57:36.671 [Test worker] DEBUG o.h.e.i.AbstractFlushingEventListener - Flushed: 0 (re)creations, 0 updates, 0 removals to 0 collections
15:57:36.671 [Test worker] DEBUG o.h.internal.util.EntityPrinter - Listing entities:
15:57:36.671 [Test worker] DEBUG o.h.internal.util.EntityPrinter - webAppProject.domain.Version{sci=webAppProject.domain.SCI#2, description=null, id=3, version=version_2}
15:57:36.674 [Test worker] DEBUG o.h.e.t.i.jdbc.JdbcTransaction - committed JDBC Connection
15:57:36.674 [Test worker] DEBUG o.h.e.t.i.jdbc.JdbcTransaction - re-enabling autocommit
15:57:36.675 [Test worker] DEBUG o.s.orm.jpa.JpaTransactionManager - Closing JPA EntityManager [org.hibernate.jpa.internal.EntityManagerImpl@45b02fdf] after transaction
15:57:36.675 [Test worker] DEBUG o.s.o.jpa.EntityManagerFactoryUtils - Closing JPA EntityManager
15:57:36.675 [Test worker] DEBUG o.h.e.j.i.LogicalConnectionImpl - Releasing JDBC connection
15:57:36.675 [Test worker] DEBUG o.h.e.j.i.LogicalConnectionImpl - Released JDBC connection

  Background:                      ?[90m# RequestChange.feature:6?[0m
    ?[32mGiven ?[0m?[32ma SCI "?[0m?[32m?[1mSCI_1?[0m?[32m"?[0m            ?[90m# RequestChangeSteps.a_SCI(String)?[0m
    ?[32mAnd ?[0m?[32ma head version "?[0m?[32m?[1mversion_2?[0m?[32m"?[0m ?[90m# RequestChangeSteps.a_head_version(String)?[0m
15:57:36.677 [Test worker] DEBUG o.s.t.w.s.TestDispatcherServlet - DispatcherServlet with name '' processing POST request for [/sendReq]
15:57:36.677 [Test worker] DEBUG o.s.w.s.m.m.a.RequestMappingHandlerMapping - Looking up handler method for path /sendReq
15:57:36.677 [Test worker] DEBUG o.s.w.s.m.m.a.RequestMappingHandlerMapping - Returning handler method [public org.springframework.web.servlet.ModelAndView webAppProject.controller.RequestController.addRequest(java.lang.String,java.lang.String,java.lang.String,java.lang.String)]
15:57:36.677 [Test worker] DEBUG o.s.b.f.s.DefaultListableBeanFactory - Returning cached instance of singleton bean 'requestController'
15:57:36.677 [Test worker] DEBUG o.s.o.j.s.OpenEntityManagerInViewInterceptor - Opening JPA EntityManager in OpenEntityManagerInViewInterceptor
15:57:36.678 [Test worker] DEBUG o.h.jpa.criteria.CriteriaQueryImpl - Rendered criteria query -> select generatedAlias0 from Version as generatedAlias0 where generatedAlias0.version=:param0
15:57:36.678 [Test worker] DEBUG org.hibernate.SQL - select version0_.id as id1_5_, version0_.description as descript2_5_, version0_.sciid as sciid4_5_, version0_.version as version3_5_ from version version0_ where version0_.version=?
15:57:36.678 [Test worker] DEBUG o.h.e.j.i.LogicalConnectionImpl - Obtaining JDBC connection
15:57:36.678 [Test worker] DEBUG o.s.j.d.DriverManagerDataSource - Creating new JDBC DriverManager Connection to [jdbc:mysql://mysql.mcscw3.le.ac.uk:3306/mic7]
15:57:36.688 [Test worker] DEBUG o.h.e.j.i.LogicalConnectionImpl - Obtained JDBC connection
15:57:36.689 [Test worker] DEBUG org.hibernate.loader.Loader - Result set row: 0
15:57:36.689 [Test worker] DEBUG org.hibernate.loader.Loader - Result row: EntityKey[webAppProject.domain.Version#3]
15:57:36.689 [Test worker] DEBUG o.h.engine.internal.TwoPhaseLoad - Resolving associations for [webAppProject.domain.Version#3]
15:57:36.689 [Test worker] DEBUG org.hibernate.SQL - select sci0_.id as id1_2_0_, sci0_.name as name2_2_0_ from sci sci0_ where sci0_.id=?
15:57:36.690 [Test worker] DEBUG o.h.l.p.e.p.i.ResultSetProcessorImpl - Starting ResultSet row #0
15:57:36.690 [Test worker] DEBUG o.h.l.p.e.p.i.EntityReferenceInitializerImpl - On call to EntityIdentifierReaderImpl#resolve, EntityKey was already known; should only happen on root returns with an optional identifier specified
15:57:36.690 [Test worker] DEBUG o.h.engine.internal.TwoPhaseLoad - Resolving associations for [webAppProject.domain.SCI#2]
15:57:36.690 [Test worker] DEBUG o.h.engine.internal.TwoPhaseLoad - Done materializing entity [webAppProject.domain.SCI#2]
15:57:36.691 [Test worker] DEBUG o.h.l.e.p.AbstractLoadPlanBasedEntityLoader - Done entity load : webAppProject.domain.SCI#2
15:57:36.691 [Test worker] DEBUG o.h.engine.internal.TwoPhaseLoad - Done materializing entity [webAppProject.domain.Version#3]
15:57:36.692 [Test worker] DEBUG o.s.orm.jpa.JpaTransactionManager - Found thread-bound EntityManager [org.hibernate.jpa.internal.EntityManagerImpl@51648414] for JPA transaction
15:57:36.692 [Test worker] DEBUG o.s.orm.jpa.JpaTransactionManager - Creating new transaction with name [org.springframework.data.jpa.repository.support.SimpleJpaRepository.save]: PROPAGATION_REQUIRED,ISOLATION_DEFAULT; ''
15:57:36.692 [Test worker] DEBUG o.h.e.t.spi.AbstractTransactionImpl - begin
15:57:36.692 [Test worker] DEBUG o.h.e.t.i.jdbc.JdbcTransaction - initial autocommit status: true
15:57:36.692 [Test worker] DEBUG o.h.e.t.i.jdbc.JdbcTransaction - disabling autocommit
15:57:36.693 [Test worker] DEBUG o.s.orm.jpa.JpaTransactionManager - Exposing JPA transaction as JDBC transaction [org.springframework.orm.jpa.vendor.HibernateJpaDialect$HibernateConnectionHandle@47db1643]
15:57:36.693 [Test worker] DEBUG org.hibernate.engine.spi.ActionQueue - Executing identity-insert immediately
15:57:36.693 [Test worker] DEBUG org.hibernate.SQL - insert into requests (assessment, completion, deadline, developer, priority, problem, req_type, solution, status, versionid) values (?, ?, ?, ?, ?, ?, ?, ?, ?, ?)
15:57:36.694 [Test worker] DEBUG o.h.id.IdentifierGeneratorHelper - Natively generated identity: 8
15:57:36.695 [Test worker] DEBUG o.s.orm.jpa.JpaTransactionManager - Initiating transaction commit
15:57:36.695 [Test worker] DEBUG o.s.orm.jpa.JpaTransactionManager - Committing JPA transaction on EntityManager [org.hibernate.jpa.internal.EntityManagerImpl@51648414]
15:57:36.695 [Test worker] DEBUG o.h.e.t.spi.AbstractTransactionImpl - committing
15:57:36.695 [Test worker] DEBUG o.h.e.i.AbstractFlushingEventListener - Processing flush-time cascades
15:57:36.695 [Test worker] DEBUG o.h.e.i.AbstractFlushingEventListener - Dirty checking collections
15:57:36.695 [Test worker] DEBUG o.h.e.i.AbstractFlushingEventListener - Flushed: 0 insertions, 0 updates, 0 deletions to 3 objects
15:57:36.695 [Test worker] DEBUG o.h.e.i.AbstractFlushingEventListener - Flushed: 0 (re)creations, 0 updates, 0 removals to 0 collections
15:57:36.695 [Test worker] DEBUG o.h.internal.util.EntityPrinter - Listing entities:
15:57:36.695 [Test worker] DEBUG o.h.internal.util.EntityPrinter - webAppProject.domain.Version{sci=webAppProject.domain.SCI#2, description=null, id=3, version=version_2}
15:57:36.695 [Test worker] DEBUG o.h.internal.util.EntityPrinter - webAppProject.domain.Request{assessment=null, completion=null, problem=Fault, solution=Missing dependency, reqType=fault, developer=null, id=8, deadline=null, priority=null, version=webAppProject.domain.Version#3, status=pending}
15:57:36.696 [Test worker] DEBUG o.h.internal.util.EntityPrinter - webAppProject.domain.SCI{name=SCI_1, id=2}
15:57:36.698 [Test worker] DEBUG o.h.e.t.i.jdbc.JdbcTransaction - committed JDBC Connection
15:57:36.698 [Test worker] DEBUG o.h.e.t.i.jdbc.JdbcTransaction - re-enabling autocommit
15:57:36.698 [Test worker] DEBUG o.s.orm.jpa.JpaTransactionManager - Not closing pre-bound JPA EntityManager after transaction
15:57:36.699 [Test worker] DEBUG o.s.t.w.s.TestDispatcherServlet - Rendering view [org.springframework.web.servlet.view.JstlView: name 'request-summary'; URL [/WEB-INF/views/request-summary.jsp]] in DispatcherServlet with name ''
15:57:36.699 [Test worker] DEBUG o.s.web.servlet.view.JstlView - Added model object 'request' of type [webAppProject.domain.Request] to request in view with name 'request-summary'
15:57:36.699 [Test worker] DEBUG o.s.web.servlet.view.JstlView - Added model object 'org.springframework.validation.BindingResult.request' of type [org.springframework.validation.BeanPropertyBindingResult] to request in view with name 'request-summary'
15:57:36.699 [Test worker] DEBUG o.s.b.f.s.DefaultListableBeanFactory - Returning cached instance of singleton bean 'requestDataValueProcessor'
15:57:36.699 [Test worker] DEBUG o.s.web.servlet.view.JstlView - Forwarding to resource [/WEB-INF/views/request-summary.jsp] in InternalResourceView 'request-summary'
15:57:36.699 [Test worker] DEBUG o.s.mock.web.MockRequestDispatcher - MockRequestDispatcher: forwarding to [/WEB-INF/views/request-summary.jsp]
15:57:36.699 [Test worker] DEBUG o.s.o.j.s.OpenEntityManagerInViewInterceptor - Closing JPA EntityManager in OpenEntityManagerInViewInterceptor
15:57:36.699 [Test worker] DEBUG o.s.o.jpa.EntityManagerFactoryUtils - Closing JPA EntityManager
15:57:36.699 [Test worker] DEBUG o.h.e.j.i.LogicalConnectionImpl - Releasing JDBC connection
15:57:36.699 [Test worker] DEBUG o.h.e.j.i.LogicalConnectionImpl - Released JDBC connection
15:57:36.699 [Test worker] DEBUG o.s.t.w.s.TestDispatcherServlet - Successfully completed request
15:57:36.700 [Test worker] DEBUG o.s.orm.jpa.JpaTransactionManager - Creating new transaction with name [org.springframework.data.jpa.repository.support.SimpleJpaRepository.deleteAll]: PROPAGATION_REQUIRED,ISOLATION_DEFAULT; ''
15:57:36.700 [Test worker] DEBUG o.s.orm.jpa.JpaTransactionManager - Opened new EntityManager [org.hibernate.jpa.internal.EntityManagerImpl@5e2b3db7] for JPA transaction
15:57:36.700 [Test worker] DEBUG o.h.e.t.spi.AbstractTransactionImpl - begin
15:57:36.700 [Test worker] DEBUG o.h.e.j.i.LogicalConnectionImpl - Obtaining JDBC connection
15:57:36.700 [Test worker] DEBUG o.s.j.d.DriverManagerDataSource - Creating new JDBC DriverManager Connection to [jdbc:mysql://mysql.mcscw3.le.ac.uk:3306/mic7]
15:57:36.710 [Test worker] DEBUG o.h.e.j.i.LogicalConnectionImpl - Obtained JDBC connection
15:57:36.710 [Test worker] DEBUG o.h.e.t.i.jdbc.JdbcTransaction - initial autocommit status: true
15:57:36.710 [Test worker] DEBUG o.h.e.t.i.jdbc.JdbcTransaction - disabling autocommit
15:57:36.711 [Test worker] DEBUG o.s.orm.jpa.JpaTransactionManager - Exposing JPA transaction as JDBC transaction [org.springframework.orm.jpa.vendor.HibernateJpaDialect$HibernateConnectionHandle@3ebe4d00]
15:57:36.711 [Test worker] DEBUG o.h.jpa.criteria.CriteriaQueryImpl - Rendered criteria query -> select generatedAlias0 from Request as generatedAlias0
15:57:36.711 [Test worker] DEBUG org.hibernate.SQL - select request0_.id as id1_0_, request0_.assessment as assessme2_0_, request0_.completion as completi3_0_, request0_.deadline as deadline4_0_, request0_.developer as develope5_0_, request0_.priority as priority6_0_, request0_.problem as problem7_0_, request0_.req_type as req_type8_0_, request0_.solution as solution9_0_, request0_.status as status10_0_, request0_.versionid as version11_0_ from requests request0_
15:57:36.712 [Test worker] DEBUG org.hibernate.loader.Loader - Result set row: 0
15:57:36.712 [Test worker] DEBUG org.hibernate.loader.Loader - Result row: EntityKey[webAppProject.domain.Request#8]
15:57:36.712 [Test worker] DEBUG o.h.engine.internal.TwoPhaseLoad - Resolving associations for [webAppProject.domain.Request#8]
15:57:36.712 [Test worker] DEBUG org.hibernate.SQL - select version0_.id as id1_5_0_, version0_.description as descript2_5_0_, version0_.sciid as sciid4_5_0_, version0_.version as version3_5_0_, sci1_.id as id1_2_1_, sci1_.name as name2_2_1_ from version version0_ left outer join sci sci1_ on version0_.sciid=sci1_.id where version0_.id=?
15:57:36.713 [Test worker] DEBUG o.h.l.p.e.p.i.ResultSetProcessorImpl - Starting ResultSet row #0
15:57:36.713 [Test worker] DEBUG o.h.l.p.e.p.i.EntityReferenceInitializerImpl - On call to EntityIdentifierReaderImpl#resolve, EntityKey was already known; should only happen on root returns with an optional identifier specified
15:57:36.714 [Test worker] DEBUG o.h.engine.internal.TwoPhaseLoad - Resolving associations for [webAppProject.domain.Version#3]
15:57:36.714 [Test worker] DEBUG o.h.engine.internal.TwoPhaseLoad - Done materializing entity [webAppProject.domain.Version#3]
15:57:36.714 [Test worker] DEBUG o.h.engine.internal.TwoPhaseLoad - Resolving associations for [webAppProject.domain.SCI#2]
15:57:36.714 [Test worker] DEBUG o.h.engine.internal.TwoPhaseLoad - Done materializing entity [webAppProject.domain.SCI#2]
15:57:36.714 [Test worker] DEBUG o.h.l.e.p.AbstractLoadPlanBasedEntityLoader - Done entity load : webAppProject.domain.Version#3
15:57:36.715 [Test worker] DEBUG o.h.engine.internal.TwoPhaseLoad - Done materializing entity [webAppProject.domain.Request#8]
15:57:36.715 [Test worker] DEBUG o.s.orm.jpa.JpaTransactionManager - Initiating transaction commit
15:57:36.715 [Test worker] DEBUG o.s.orm.jpa.JpaTransactionManager - Committing JPA transaction on EntityManager [org.hibernate.jpa.internal.EntityManagerImpl@5e2b3db7]
15:57:36.715 [Test worker] DEBUG o.h.e.t.spi.AbstractTransactionImpl - committing
15:57:36.715 [Test worker] DEBUG o.h.e.i.AbstractFlushingEventListener - Processing flush-time cascades
15:57:36.715 [Test worker] DEBUG o.h.e.i.AbstractFlushingEventListener - Dirty checking collections
15:57:36.715 [Test worker] DEBUG o.h.e.i.AbstractFlushingEventListener - Flushed: 0 insertions, 0 updates, 1 deletions to 3 objects
15:57:36.715 [Test worker] DEBUG o.h.e.i.AbstractFlushingEventListener - Flushed: 0 (re)creations, 0 updates, 0 removals to 0 collections
15:57:36.715 [Test worker] DEBUG o.h.internal.util.EntityPrinter - Listing entities:
15:57:36.715 [Test worker] DEBUG o.h.internal.util.EntityPrinter - webAppProject.domain.Version{sci=webAppProject.domain.SCI#2, description=null, id=3, version=version_2}
15:57:36.716 [Test worker] DEBUG o.h.internal.util.EntityPrinter - webAppProject.domain.Request{assessment=null, completion=null, problem=Fault, solution=Missing dependency, reqType=fault, developer=null, id=8, deadline=null, priority=null, version=webAppProject.domain.Version#3, status=pending}
15:57:36.716 [Test worker] DEBUG o.h.internal.util.EntityPrinter - webAppProject.domain.SCI{name=SCI_1, id=2}
15:57:36.716 [Test worker] DEBUG org.hibernate.SQL - delete from requests where id=?
15:57:36.719 [Test worker] DEBUG o.h.e.t.i.jdbc.JdbcTransaction - committed JDBC Connection
15:57:36.719 [Test worker] DEBUG o.h.e.t.i.jdbc.JdbcTransaction - re-enabling autocommit
15:57:36.720 [Test worker] DEBUG o.s.orm.jpa.JpaTransactionManager - Closing JPA EntityManager [org.hibernate.jpa.internal.EntityManagerImpl@5e2b3db7] after transaction
15:57:36.720 [Test worker] DEBUG o.s.o.jpa.EntityManagerFactoryUtils - Closing JPA EntityManager
15:57:36.720 [Test worker] DEBUG o.h.e.j.internal.JdbcCoordinatorImpl - HHH000420: Closing un-released batch
15:57:36.720 [Test worker] DEBUG o.h.e.j.i.LogicalConnectionImpl - Releasing JDBC connection
15:57:36.720 [Test worker] DEBUG o.h.e.j.i.LogicalConnectionImpl - Released JDBC connection
15:57:36.720 [Test worker] DEBUG o.s.orm.jpa.JpaTransactionManager - Creating new transaction with name [org.springframework.data.jpa.repository.support.SimpleJpaRepository.deleteAll]: PROPAGATION_REQUIRED,ISOLATION_DEFAULT; ''
15:57:36.720 [Test worker] DEBUG o.s.orm.jpa.JpaTransactionManager - Opened new EntityManager [org.hibernate.jpa.internal.EntityManagerImpl@256dbe04] for JPA transaction
15:57:36.720 [Test worker] DEBUG o.h.e.t.spi.AbstractTransactionImpl - begin
15:57:36.720 [Test worker] DEBUG o.h.e.j.i.LogicalConnectionImpl - Obtaining JDBC connection
15:57:36.720 [Test worker] DEBUG o.s.j.d.DriverManagerDataSource - Creating new JDBC DriverManager Connection to [jdbc:mysql://mysql.mcscw3.le.ac.uk:3306/mic7]
15:57:36.730 [Test worker] DEBUG o.h.e.j.i.LogicalConnectionImpl - Obtained JDBC connection
15:57:36.730 [Test worker] DEBUG o.h.e.t.i.jdbc.JdbcTransaction - initial autocommit status: true
15:57:36.730 [Test worker] DEBUG o.h.e.t.i.jdbc.JdbcTransaction - disabling autocommit
15:57:36.731 [Test worker] DEBUG o.s.orm.jpa.JpaTransactionManager - Exposing JPA transaction as JDBC transaction [org.springframework.orm.jpa.vendor.HibernateJpaDialect$HibernateConnectionHandle@63e038c4]
15:57:36.731 [Test worker] DEBUG o.h.jpa.criteria.CriteriaQueryImpl - Rendered criteria query -> select generatedAlias0 from User as generatedAlias0
15:57:36.731 [Test worker] DEBUG org.hibernate.SQL - select user0_.id as id1_4_, user0_.enabled as enabled2_4_, user0_.login as login3_4_, user0_.password as password4_4_, user0_1_.role_id as role_id1_3_ from users user0_ left outer join user_roles user0_1_ on user0_.id=user0_1_.user_id
15:57:36.732 [Test worker] DEBUG o.s.orm.jpa.JpaTransactionManager - Initiating transaction commit
15:57:36.732 [Test worker] DEBUG o.s.orm.jpa.JpaTransactionManager - Committing JPA transaction on EntityManager [org.hibernate.jpa.internal.EntityManagerImpl@256dbe04]
15:57:36.732 [Test worker] DEBUG o.h.e.t.spi.AbstractTransactionImpl - committing
15:57:36.733 [Test worker] DEBUG o.h.e.t.i.jdbc.JdbcTransaction - committed JDBC Connection
15:57:36.733 [Test worker] DEBUG o.h.e.t.i.jdbc.JdbcTransaction - re-enabling autocommit
15:57:36.733 [Test worker] DEBUG o.s.orm.jpa.JpaTransactionManager - Closing JPA EntityManager [org.hibernate.jpa.internal.EntityManagerImpl@256dbe04] after transaction
15:57:36.733 [Test worker] DEBUG o.s.o.jpa.EntityManagerFactoryUtils - Closing JPA EntityManager
15:57:36.733 [Test worker] DEBUG o.h.e.j.i.LogicalConnectionImpl - Releasing JDBC connection
15:57:36.733 [Test worker] DEBUG o.h.e.j.i.LogicalConnectionImpl - Released JDBC connection
15:57:36.733 [Test worker] DEBUG o.s.orm.jpa.JpaTransactionManager - Creating new transaction with name [org.springframework.data.jpa.repository.support.SimpleJpaRepository.deleteAll]: PROPAGATION_REQUIRED,ISOLATION_DEFAULT; ''
15:57:36.733 [Test worker] DEBUG o.s.orm.jpa.JpaTransactionManager - Opened new EntityManager [org.hibernate.jpa.internal.EntityManagerImpl@ea97c50] for JPA transaction
15:57:36.733 [Test worker] DEBUG o.h.e.t.spi.AbstractTransactionImpl - begin
15:57:36.733 [Test worker] DEBUG o.h.e.j.i.LogicalConnectionImpl - Obtaining JDBC connection
15:57:36.733 [Test worker] DEBUG o.s.j.d.DriverManagerDataSource - Creating new JDBC DriverManager Connection to [jdbc:mysql://mysql.mcscw3.le.ac.uk:3306/mic7]
15:57:36.743 [Test worker] DEBUG o.h.e.j.i.LogicalConnectionImpl - Obtained JDBC connection
15:57:36.743 [Test worker] DEBUG o.h.e.t.i.jdbc.JdbcTransaction - initial autocommit status: true
15:57:36.743 [Test worker] DEBUG o.h.e.t.i.jdbc.JdbcTransaction - disabling autocommit
15:57:36.744 [Test worker] DEBUG o.s.orm.jpa.JpaTransactionManager - Exposing JPA transaction as JDBC transaction [org.springframework.orm.jpa.vendor.HibernateJpaDialect$HibernateConnectionHandle@2cfe4ddb]
15:57:36.744 [Test worker] DEBUG o.h.jpa.criteria.CriteriaQueryImpl - Rendered criteria query -> select generatedAlias0 from Request as generatedAlias0
15:57:36.744 [Test worker] DEBUG org.hibernate.SQL - select request0_.id as id1_0_, request0_.assessment as assessme2_0_, request0_.completion as completi3_0_, request0_.deadline as deadline4_0_, request0_.developer as develope5_0_, request0_.priority as priority6_0_, request0_.problem as problem7_0_, request0_.req_type as req_type8_0_, request0_.solution as solution9_0_, request0_.status as status10_0_, request0_.versionid as version11_0_ from requests request0_
15:57:36.745 [Test worker] DEBUG o.s.orm.jpa.JpaTransactionManager - Initiating transaction commit
15:57:36.746 [Test worker] DEBUG o.s.orm.jpa.JpaTransactionManager - Committing JPA transaction on EntityManager [org.hibernate.jpa.internal.EntityManagerImpl@ea97c50]
15:57:36.746 [Test worker] DEBUG o.h.e.t.spi.AbstractTransactionImpl - committing
15:57:36.746 [Test worker] DEBUG o.h.e.t.i.jdbc.JdbcTransaction - committed JDBC Connection
15:57:36.746 [Test worker] DEBUG o.h.e.t.i.jdbc.JdbcTransaction - re-enabling autocommit
15:57:36.747 [Test worker] DEBUG o.s.orm.jpa.JpaTransactionManager - Closing JPA EntityManager [org.hibernate.jpa.internal.EntityManagerImpl@ea97c50] after transaction
15:57:36.747 [Test worker] DEBUG o.s.o.jpa.EntityManagerFactoryUtils - Closing JPA EntityManager
15:57:36.747 [Test worker] DEBUG o.h.e.j.i.LogicalConnectionImpl - Releasing JDBC connection
15:57:36.747 [Test worker] DEBUG o.h.e.j.i.LogicalConnectionImpl - Released JDBC connection
15:57:36.747 [Test worker] DEBUG o.s.orm.jpa.JpaTransactionManager - Creating new transaction with name [org.springframework.data.jpa.repository.support.SimpleJpaRepository.deleteAll]: PROPAGATION_REQUIRED,ISOLATION_DEFAULT; ''
15:57:36.747 [Test worker] DEBUG o.s.orm.jpa.JpaTransactionManager - Opened new EntityManager [org.hibernate.jpa.internal.EntityManagerImpl@61d40228] for JPA transaction
15:57:36.747 [Test worker] DEBUG o.h.e.t.spi.AbstractTransactionImpl - begin
15:57:36.747 [Test worker] DEBUG o.h.e.j.i.LogicalConnectionImpl - Obtaining JDBC connection
15:57:36.747 [Test worker] DEBUG o.s.j.d.DriverManagerDataSource - Creating new JDBC DriverManager Connection to [jdbc:mysql://mysql.mcscw3.le.ac.uk:3306/mic7]
15:57:36.757 [Test worker] DEBUG o.h.e.j.i.LogicalConnectionImpl - Obtained JDBC connection
15:57:36.757 [Test worker] DEBUG o.h.e.t.i.jdbc.JdbcTransaction - initial autocommit status: true
15:57:36.757 [Test worker] DEBUG o.h.e.t.i.jdbc.JdbcTransaction - disabling autocommit
15:57:36.757 [Test worker] DEBUG o.s.orm.jpa.JpaTransactionManager - Exposing JPA transaction as JDBC transaction [org.springframework.orm.jpa.vendor.HibernateJpaDialect$HibernateConnectionHandle@7afa9e9]
15:57:36.757 [Test worker] DEBUG o.h.jpa.criteria.CriteriaQueryImpl - Rendered criteria query -> select generatedAlias0 from Request as generatedAlias0
15:57:36.757 [Test worker] DEBUG org.hibernate.SQL - select request0_.id as id1_0_, request0_.assessment as assessme2_0_, request0_.completion as completi3_0_, request0_.deadline as deadline4_0_, request0_.developer as develope5_0_, request0_.priority as priority6_0_, request0_.problem as problem7_0_, request0_.req_type as req_type8_0_, request0_.solution as solution9_0_, request0_.status as status10_0_, request0_.versionid as version11_0_ from requests request0_
15:57:36.759 [Test worker] DEBUG o.s.orm.jpa.JpaTransactionManager - Initiating transaction commit
15:57:36.759 [Test worker] DEBUG o.s.orm.jpa.JpaTransactionManager - Committing JPA transaction on EntityManager [org.hibernate.jpa.internal.EntityManagerImpl@61d40228]
15:57:36.759 [Test worker] DEBUG o.h.e.t.spi.AbstractTransactionImpl - committing
15:57:36.759 [Test worker] DEBUG o.h.e.t.i.jdbc.JdbcTransaction - committed JDBC Connection
15:57:36.759 [Test worker] DEBUG o.h.e.t.i.jdbc.JdbcTransaction - re-enabling autocommit
15:57:36.759 [Test worker] DEBUG o.s.orm.jpa.JpaTransactionManager - Closing JPA EntityManager [org.hibernate.jpa.internal.EntityManagerImpl@61d40228] after transaction
15:57:36.759 [Test worker] DEBUG o.s.o.jpa.EntityManagerFactoryUtils - Closing JPA EntityManager
15:57:36.759 [Test worker] DEBUG o.h.e.j.i.LogicalConnectionImpl - Releasing JDBC connection
15:57:36.759 [Test worker] DEBUG o.h.e.j.i.LogicalConnectionImpl - Released JDBC connection
15:57:36.760 [Test worker] DEBUG o.s.orm.jpa.JpaTransactionManager - Creating new transaction with name [org.springframework.data.jpa.repository.support.SimpleJpaRepository.deleteAll]: PROPAGATION_REQUIRED,ISOLATION_DEFAULT; ''
15:57:36.760 [Test worker] DEBUG o.s.orm.jpa.JpaTransactionManager - Opened new EntityManager [org.hibernate.jpa.internal.EntityManagerImpl@5c064f46] for JPA transaction
15:57:36.760 [Test worker] DEBUG o.h.e.t.spi.AbstractTransactionImpl - begin
15:57:36.760 [Test worker] DEBUG o.h.e.j.i.LogicalConnectionImpl - Obtaining JDBC connection
15:57:36.760 [Test worker] DEBUG o.s.j.d.DriverManagerDataSource - Creating new JDBC DriverManager Connection to [jdbc:mysql://mysql.mcscw3.le.ac.uk:3306/mic7]
15:57:36.768 [Test worker] DEBUG o.h.e.j.i.LogicalConnectionImpl - Obtained JDBC connection
15:57:36.768 [Test worker] DEBUG o.h.e.t.i.jdbc.JdbcTransaction - initial autocommit status: true
15:57:36.768 [Test worker] DEBUG o.h.e.t.i.jdbc.JdbcTransaction - disabling autocommit
15:57:36.768 [Test worker] DEBUG o.s.orm.jpa.JpaTransactionManager - Exposing JPA transaction as JDBC transaction [org.springframework.orm.jpa.vendor.HibernateJpaDialect$HibernateConnectionHandle@41a93118]
15:57:36.769 [Test worker] DEBUG o.h.jpa.criteria.CriteriaQueryImpl - Rendered criteria query -> select generatedAlias0 from User as generatedAlias0
15:57:36.769 [Test worker] DEBUG org.hibernate.SQL - select user0_.id as id1_4_, user0_.enabled as enabled2_4_, user0_.login as login3_4_, user0_.password as password4_4_, user0_1_.role_id as role_id1_3_ from users user0_ left outer join user_roles user0_1_ on user0_.id=user0_1_.user_id
15:57:36.770 [Test worker] DEBUG o.s.orm.jpa.JpaTransactionManager - Initiating transaction commit
15:57:36.770 [Test worker] DEBUG o.s.orm.jpa.JpaTransactionManager - Committing JPA transaction on EntityManager [org.hibernate.jpa.internal.EntityManagerImpl@5c064f46]
15:57:36.770 [Test worker] DEBUG o.h.e.t.spi.AbstractTransactionImpl - committing
15:57:36.770 [Test worker] DEBUG o.h.e.t.i.jdbc.JdbcTransaction - committed JDBC Connection
15:57:36.770 [Test worker] DEBUG o.h.e.t.i.jdbc.JdbcTransaction - re-enabling autocommit
15:57:36.771 [Test worker] DEBUG o.s.orm.jpa.JpaTransactionManager - Closing JPA EntityManager [org.hibernate.jpa.internal.EntityManagerImpl@5c064f46] after transaction
15:57:36.771 [Test worker] DEBUG o.s.o.jpa.EntityManagerFactoryUtils - Closing JPA EntityManager
15:57:36.771 [Test worker] DEBUG o.h.e.j.i.LogicalConnectionImpl - Releasing JDBC connection
15:57:36.771 [Test worker] DEBUG o.h.e.j.i.LogicalConnectionImpl - Released JDBC connection
15:57:36.771 [Test worker] DEBUG o.s.orm.jpa.JpaTransactionManager - Creating new transaction with name [org.springframework.data.jpa.repository.support.SimpleJpaRepository.deleteAll]: PROPAGATION_REQUIRED,ISOLATION_DEFAULT; ''
15:57:36.771 [Test worker] DEBUG o.s.orm.jpa.JpaTransactionManager - Opened new EntityManager [org.hibernate.jpa.internal.EntityManagerImpl@5d87645e] for JPA transaction
15:57:36.772 [Test worker] DEBUG o.h.e.t.spi.AbstractTransactionImpl - begin
15:57:36.772 [Test worker] DEBUG o.h.e.j.i.LogicalConnectionImpl - Obtaining JDBC connection
15:57:36.772 [Test worker] DEBUG o.s.j.d.DriverManagerDataSource - Creating new JDBC DriverManager Connection to [jdbc:mysql://mysql.mcscw3.le.ac.uk:3306/mic7]
15:57:36.780 [Test worker] DEBUG o.h.e.j.i.LogicalConnectionImpl - Obtained JDBC connection
15:57:36.780 [Test worker] DEBUG o.h.e.t.i.jdbc.JdbcTransaction - initial autocommit status: true
15:57:36.780 [Test worker] DEBUG o.h.e.t.i.jdbc.JdbcTransaction - disabling autocommit
15:57:36.781 [Test worker] DEBUG o.s.orm.jpa.JpaTransactionManager - Exposing JPA transaction as JDBC transaction [org.springframework.orm.jpa.vendor.HibernateJpaDialect$HibernateConnectionHandle@4208bf4f]
15:57:36.781 [Test worker] DEBUG o.h.jpa.criteria.CriteriaQueryImpl - Rendered criteria query -> select generatedAlias0 from Request as generatedAlias0
15:57:36.781 [Test worker] DEBUG org.hibernate.SQL - select request0_.id as id1_0_, request0_.assessment as assessme2_0_, request0_.completion as completi3_0_, request0_.deadline as deadline4_0_, request0_.developer as develope5_0_, request0_.priority as priority6_0_, request0_.problem as problem7_0_, request0_.req_type as req_type8_0_, request0_.solution as solution9_0_, request0_.status as status10_0_, request0_.versionid as version11_0_ from requests request0_
15:57:36.782 [Test worker] DEBUG o.s.orm.jpa.JpaTransactionManager - Initiating transaction commit
15:57:36.782 [Test worker] DEBUG o.s.orm.jpa.JpaTransactionManager - Committing JPA transaction on EntityManager [org.hibernate.jpa.internal.EntityManagerImpl@5d87645e]
15:57:36.782 [Test worker] DEBUG o.h.e.t.spi.AbstractTransactionImpl - committing
15:57:36.783 [Test worker] DEBUG o.h.e.t.i.jdbc.JdbcTransaction - committed JDBC Connection
15:57:36.783 [Test worker] DEBUG o.h.e.t.i.jdbc.JdbcTransaction - re-enabling autocommit
15:57:36.783 [Test worker] DEBUG o.s.orm.jpa.JpaTransactionManager - Closing JPA EntityManager [org.hibernate.jpa.internal.EntityManagerImpl@5d87645e] after transaction
15:57:36.783 [Test worker] DEBUG o.s.o.jpa.EntityManagerFactoryUtils - Closing JPA EntityManager
15:57:36.783 [Test worker] DEBUG o.h.e.j.i.LogicalConnectionImpl - Releasing JDBC connection
15:57:36.783 [Test worker] DEBUG o.h.e.j.i.LogicalConnectionImpl - Released JDBC connection
15:57:36.783 [Test worker] DEBUG o.s.orm.jpa.JpaTransactionManager - Creating new transaction with name [org.springframework.data.jpa.repository.support.SimpleJpaRepository.deleteAll]: PROPAGATION_REQUIRED,ISOLATION_DEFAULT; ''
15:57:36.783 [Test worker] DEBUG o.s.orm.jpa.JpaTransactionManager - Opened new EntityManager [org.hibernate.jpa.internal.EntityManagerImpl@35d9354f] for JPA transaction
15:57:36.783 [Test worker] DEBUG o.h.e.t.spi.AbstractTransactionImpl - begin
15:57:36.783 [Test worker] DEBUG o.h.e.j.i.LogicalConnectionImpl - Obtaining JDBC connection
15:57:36.783 [Test worker] DEBUG o.s.j.d.DriverManagerDataSource - Creating new JDBC DriverManager Connection to [jdbc:mysql://mysql.mcscw3.le.ac.uk:3306/mic7]
15:57:36.792 [Test worker] DEBUG o.h.e.j.i.LogicalConnectionImpl - Obtained JDBC connection
15:57:36.792 [Test worker] DEBUG o.h.e.t.i.jdbc.JdbcTransaction - initial autocommit status: true
15:57:36.792 [Test worker] DEBUG o.h.e.t.i.jdbc.JdbcTransaction - disabling autocommit
15:57:36.793 [Test worker] DEBUG o.s.orm.jpa.JpaTransactionManager - Exposing JPA transaction as JDBC transaction [org.springframework.orm.jpa.vendor.HibernateJpaDialect$HibernateConnectionHandle@344e2821]
15:57:36.793 [Test worker] DEBUG o.h.jpa.criteria.CriteriaQueryImpl - Rendered criteria query -> select generatedAlias0 from User as generatedAlias0
15:57:36.793 [Test worker] DEBUG org.hibernate.SQL - select user0_.id as id1_4_, user0_.enabled as enabled2_4_, user0_.login as login3_4_, user0_.password as password4_4_, user0_1_.role_id as role_id1_3_ from users user0_ left outer join user_roles user0_1_ on user0_.id=user0_1_.user_id
15:57:36.794 [Test worker] DEBUG o.s.orm.jpa.JpaTransactionManager - Initiating transaction commit
15:57:36.794 [Test worker] DEBUG o.s.orm.jpa.JpaTransactionManager - Committing JPA transaction on EntityManager [org.hibernate.jpa.internal.EntityManagerImpl@35d9354f]
15:57:36.794 [Test worker] DEBUG o.h.e.t.spi.AbstractTransactionImpl - committing
15:57:36.795 [Test worker] DEBUG o.h.e.t.i.jdbc.JdbcTransaction - committed JDBC Connection
15:57:36.795 [Test worker] DEBUG o.h.e.t.i.jdbc.JdbcTransaction - re-enabling autocommit
15:57:36.795 [Test worker] DEBUG o.s.orm.jpa.JpaTransactionManager - Closing JPA EntityManager [org.hibernate.jpa.internal.EntityManagerImpl@35d9354f] after transaction
15:57:36.795 [Test worker] DEBUG o.s.o.jpa.EntityManagerFactoryUtils - Closing JPA EntityManager
15:57:36.795 [Test worker] DEBUG o.h.e.j.i.LogicalConnectionImpl - Releasing JDBC connection
15:57:36.795 [Test worker] DEBUG o.h.e.j.i.LogicalConnectionImpl - Released JDBC connection
15:57:36.795 [Test worker] DEBUG o.s.orm.jpa.JpaTransactionManager - Creating new transaction with name [org.springframework.data.jpa.repository.support.SimpleJpaRepository.deleteAll]: PROPAGATION_REQUIRED,ISOLATION_DEFAULT; ''
15:57:36.796 [Test worker] DEBUG o.s.orm.jpa.JpaTransactionManager - Opened new EntityManager [org.hibernate.jpa.internal.EntityManagerImpl@2fccfb56] for JPA transaction
15:57:36.796 [Test worker] DEBUG o.h.e.t.spi.AbstractTransactionImpl - begin
15:57:36.796 [Test worker] DEBUG o.h.e.j.i.LogicalConnectionImpl - Obtaining JDBC connection
15:57:36.796 [Test worker] DEBUG o.s.j.d.DriverManagerDataSource - Creating new JDBC DriverManager Connection to [jdbc:mysql://mysql.mcscw3.le.ac.uk:3306/mic7]
15:57:36.805 [Test worker] DEBUG o.h.e.j.i.LogicalConnectionImpl - Obtained JDBC connection
15:57:36.805 [Test worker] DEBUG o.h.e.t.i.jdbc.JdbcTransaction - initial autocommit status: true
15:57:36.805 [Test worker] DEBUG o.h.e.t.i.jdbc.JdbcTransaction - disabling autocommit
15:57:36.806 [Test worker] DEBUG o.s.orm.jpa.JpaTransactionManager - Exposing JPA transaction as JDBC transaction [org.springframework.orm.jpa.vendor.HibernateJpaDialect$HibernateConnectionHandle@44e1d49a]
15:57:36.806 [Test worker] DEBUG o.h.jpa.criteria.CriteriaQueryImpl - Rendered criteria query -> select generatedAlias0 from Version as generatedAlias0
15:57:36.806 [Test worker] DEBUG org.hibernate.SQL - select version0_.id as id1_5_, version0_.description as descript2_5_, version0_.sciid as sciid4_5_, version0_.version as version3_5_ from version version0_
15:57:36.807 [Test worker] DEBUG org.hibernate.loader.Loader - Result set row: 0
15:57:36.807 [Test worker] DEBUG org.hibernate.loader.Loader - Result row: EntityKey[webAppProject.domain.Version#3]
15:57:36.807 [Test worker] DEBUG o.h.engine.internal.TwoPhaseLoad - Resolving associations for [webAppProject.domain.Version#3]
15:57:36.807 [Test worker] DEBUG org.hibernate.SQL - select sci0_.id as id1_2_0_, sci0_.name as name2_2_0_ from sci sci0_ where sci0_.id=?
15:57:36.808 [Test worker] DEBUG o.h.l.p.e.p.i.ResultSetProcessorImpl - Starting ResultSet row #0
15:57:36.808 [Test worker] DEBUG o.h.l.p.e.p.i.EntityReferenceInitializerImpl - On call to EntityIdentifierReaderImpl#resolve, EntityKey was already known; should only happen on root returns with an optional identifier specified
15:57:36.808 [Test worker] DEBUG o.h.engine.internal.TwoPhaseLoad - Resolving associations for [webAppProject.domain.SCI#2]
15:57:36.808 [Test worker] DEBUG o.h.engine.internal.TwoPhaseLoad - Done materializing entity [webAppProject.domain.SCI#2]
15:57:36.808 [Test worker] DEBUG o.h.l.e.p.AbstractLoadPlanBasedEntityLoader - Done entity load : webAppProject.domain.SCI#2
15:57:36.809 [Test worker] DEBUG o.h.engine.internal.TwoPhaseLoad - Done materializing entity [webAppProject.domain.Version#3]
15:57:36.809 [Test worker] DEBUG o.s.orm.jpa.JpaTransactionManager - Initiating transaction commit
15:57:36.809 [Test worker] DEBUG o.s.orm.jpa.JpaTransactionManager - Committing JPA transaction on EntityManager [org.hibernate.jpa.internal.EntityManagerImpl@2fccfb56]
15:57:36.809 [Test worker] DEBUG o.h.e.t.spi.AbstractTransactionImpl - committing
15:57:36.809 [Test worker] DEBUG o.h.e.i.AbstractFlushingEventListener - Processing flush-time cascades
15:57:36.809 [Test worker] DEBUG o.h.e.i.AbstractFlushingEventListener - Dirty checking collections
15:57:36.810 [Test worker] DEBUG o.h.e.i.AbstractFlushingEventListener - Flushed: 0 insertions, 0 updates, 1 deletions to 2 objects
15:57:36.810 [Test worker] DEBUG o.h.e.i.AbstractFlushingEventListener - Flushed: 0 (re)creations, 0 updates, 0 removals to 0 collections
15:57:36.810 [Test worker] DEBUG o.h.internal.util.EntityPrinter - Listing entities:
15:57:36.810 [Test worker] DEBUG o.h.internal.util.EntityPrinter - webAppProject.domain.Version{sci=webAppProject.domain.SCI#2, description=null, id=3, version=version_2}
15:57:36.810 [Test worker] DEBUG o.h.internal.util.EntityPrinter - webAppProject.domain.SCI{name=SCI_1, id=2}
15:57:36.810 [Test worker] DEBUG org.hibernate.SQL - delete from version where id=?
15:57:36.813 [Test worker] DEBUG o.h.e.t.i.jdbc.JdbcTransaction - committed JDBC Connection
15:57:36.814 [Test worker] DEBUG o.h.e.t.i.jdbc.JdbcTransaction - re-enabling autocommit
15:57:36.814 [Test worker] DEBUG o.s.orm.jpa.JpaTransactionManager - Closing JPA EntityManager [org.hibernate.jpa.internal.EntityManagerImpl@2fccfb56] after transaction
15:57:36.814 [Test worker] DEBUG o.s.o.jpa.EntityManagerFactoryUtils - Closing JPA EntityManager
15:57:36.814 [Test worker] DEBUG o.h.e.j.internal.JdbcCoordinatorImpl - HHH000420: Closing un-released batch
15:57:36.814 [Test worker] DEBUG o.h.e.j.i.LogicalConnectionImpl - Releasing JDBC connection
15:57:36.814 [Test worker] DEBUG o.h.e.j.i.LogicalConnectionImpl - Released JDBC connection
15:57:36.814 [Test worker] DEBUG o.s.orm.jpa.JpaTransactionManager - Creating new transaction with name [org.springframework.data.jpa.repository.support.SimpleJpaRepository.deleteAll]: PROPAGATION_REQUIRED,ISOLATION_DEFAULT; ''
15:57:36.814 [Test worker] DEBUG o.s.orm.jpa.JpaTransactionManager - Opened new EntityManager [org.hibernate.jpa.internal.EntityManagerImpl@2a8bed66] for JPA transaction
15:57:36.814 [Test worker] DEBUG o.h.e.t.spi.AbstractTransactionImpl - begin
15:57:36.814 [Test worker] DEBUG o.h.e.j.i.LogicalConnectionImpl - Obtaining JDBC connection
15:57:36.814 [Test worker] DEBUG o.s.j.d.DriverManagerDataSource - Creating new JDBC DriverManager Connection to [jdbc:mysql://mysql.mcscw3.le.ac.uk:3306/mic7]
15:57:36.824 [Test worker] DEBUG o.h.e.j.i.LogicalConnectionImpl - Obtained JDBC connection
15:57:36.824 [Test worker] DEBUG o.h.e.t.i.jdbc.JdbcTransaction - initial autocommit status: true
15:57:36.824 [Test worker] DEBUG o.h.e.t.i.jdbc.JdbcTransaction - disabling autocommit
15:57:36.824 [Test worker] DEBUG o.s.orm.jpa.JpaTransactionManager - Exposing JPA transaction as JDBC transaction [org.springframework.orm.jpa.vendor.HibernateJpaDialect$HibernateConnectionHandle@2ed8afbe]
15:57:36.824 [Test worker] DEBUG o.h.jpa.criteria.CriteriaQueryImpl - Rendered criteria query -> select generatedAlias0 from SCI as generatedAlias0
15:57:36.824 [Test worker] DEBUG org.hibernate.SQL - select sci0_.id as id1_2_, sci0_.name as name2_2_ from sci sci0_
15:57:36.825 [Test worker] DEBUG org.hibernate.loader.Loader - Result set row: 0
15:57:36.825 [Test worker] DEBUG org.hibernate.loader.Loader - Result row: EntityKey[webAppProject.domain.SCI#2]
15:57:36.825 [Test worker] DEBUG o.h.engine.internal.TwoPhaseLoad - Resolving associations for [webAppProject.domain.SCI#2]
15:57:36.825 [Test worker] DEBUG o.h.engine.internal.TwoPhaseLoad - Done materializing entity [webAppProject.domain.SCI#2]
15:57:36.826 [Test worker] DEBUG o.s.orm.jpa.JpaTransactionManager - Initiating transaction commit
15:57:36.826 [Test worker] DEBUG o.s.orm.jpa.JpaTransactionManager - Committing JPA transaction on EntityManager [org.hibernate.jpa.internal.EntityManagerImpl@2a8bed66]
15:57:36.826 [Test worker] DEBUG o.h.e.t.spi.AbstractTransactionImpl - committing
15:57:36.826 [Test worker] DEBUG o.h.e.i.AbstractFlushingEventListener - Processing flush-time cascades
15:57:36.826 [Test worker] DEBUG o.h.e.i.AbstractFlushingEventListener - Dirty checking collections
15:57:36.826 [Test worker] DEBUG o.h.e.i.AbstractFlushingEventListener - Flushed: 0 insertions, 0 updates, 1 deletions to 1 objects
15:57:36.826 [Test worker] DEBUG o.h.e.i.AbstractFlushingEventListener - Flushed: 0 (re)creations, 0 updates, 0 removals to 0 collections
15:57:36.826 [Test worker] DEBUG o.h.internal.util.EntityPrinter - Listing entities:
15:57:36.826 [Test worker] DEBUG o.h.internal.util.EntityPrinter - webAppProject.domain.SCI{name=SCI_1, id=2}
15:57:36.826 [Test worker] DEBUG org.hibernate.SQL - delete from sci where id=?
15:57:36.830 [Test worker] DEBUG o.h.e.t.i.jdbc.JdbcTransaction - committed JDBC Connection
15:57:36.830 [Test worker] DEBUG o.h.e.t.i.jdbc.JdbcTransaction - re-enabling autocommit
15:57:36.831 [Test worker] DEBUG o.s.orm.jpa.JpaTransactionManager - Closing JPA EntityManager [org.hibernate.jpa.internal.EntityManagerImpl@2a8bed66] after transaction
15:57:36.831 [Test worker] DEBUG o.s.o.jpa.EntityManagerFactoryUtils - Closing JPA EntityManager
15:57:36.831 [Test worker] DEBUG o.h.e.j.internal.JdbcCoordinatorImpl - HHH000420: Closing un-released batch
15:57:36.831 [Test worker] DEBUG o.h.e.j.i.LogicalConnectionImpl - Releasing JDBC connection
15:57:36.831 [Test worker] DEBUG o.h.e.j.i.LogicalConnectionImpl - Released JDBC connection
15:57:36.831 [Test worker] DEBUG o.s.t.c.s.DirtiesContextTestExecutionListener - After test class: context [DefaultTestContext@30d0cad5 testClass = CompleteRequestSteps, testInstance = [null], testMethod = [null], testException = [null], mergedContextConfiguration = [WebMergedContextConfiguration@1304139f testClass = CompleteRequestSteps, locations = '{}', classes = '{class webAppProject.webAppProjectApplication, class webAppProject.SecurityConfig, class webAppProject.WebConfig}', contextInitializerClasses = '[]', activeProfiles = '{}', propertySourceLocations = '{}', propertySourceProperties = '{}', resourceBasePath = 'src/main/webapp', contextLoader = 'org.springframework.test.context.web.WebDelegatingSmartContextLoader', parent = [null]]], class annotated with @DirtiesContext [false] with mode [null].
15:57:36.856 [Test worker] DEBUG o.s.orm.jpa.JpaTransactionManager - Creating new transaction with name [org.springframework.data.jpa.repository.support.SimpleJpaRepository.save]: PROPAGATION_REQUIRED,ISOLATION_DEFAULT; ''
15:57:36.856 [Test worker] DEBUG o.s.orm.jpa.JpaTransactionManager - Opened new EntityManager [org.hibernate.jpa.internal.EntityManagerImpl@6e62896e] for JPA transaction
15:57:36.856 [Test worker] DEBUG o.h.e.t.spi.AbstractTransactionImpl - begin
15:57:36.856 [Test worker] DEBUG o.h.e.j.i.LogicalConnectionImpl - Obtaining JDBC connection
15:57:36.856 [Test worker] DEBUG o.s.j.d.DriverManagerDataSource - Creating new JDBC DriverManager Connection to [jdbc:mysql://mysql.mcscw3.le.ac.uk:3306/mic7]
15:57:36.866 [Test worker] DEBUG o.h.e.j.i.LogicalConnectionImpl - Obtained JDBC connection
15:57:36.866 [Test worker] DEBUG o.h.e.t.i.jdbc.JdbcTransaction - initial autocommit status: true
15:57:36.866 [Test worker] DEBUG o.h.e.t.i.jdbc.JdbcTransaction - disabling autocommit
15:57:36.866 [Test worker] DEBUG o.s.orm.jpa.JpaTransactionManager - Exposing JPA transaction as JDBC transaction [org.springframework.orm.jpa.vendor.HibernateJpaDialect$HibernateConnectionHandle@168dba0a]
15:57:36.866 [Test worker] DEBUG org.hibernate.engine.spi.ActionQueue - Executing identity-insert immediately
15:57:36.867 [Test worker] DEBUG org.hibernate.SQL - insert into version (description, sciid, version) values (?, ?, ?)
15:57:36.867 [Test worker] DEBUG o.h.id.IdentifierGeneratorHelper - Natively generated identity: 4
15:57:36.868 [Test worker] DEBUG o.s.orm.jpa.JpaTransactionManager - Initiating transaction commit
15:57:36.868 [Test worker] DEBUG o.s.orm.jpa.JpaTransactionManager - Committing JPA transaction on EntityManager [org.hibernate.jpa.internal.EntityManagerImpl@6e62896e]
15:57:36.868 [Test worker] DEBUG o.h.e.t.spi.AbstractTransactionImpl - committing
15:57:36.868 [Test worker] DEBUG o.h.e.i.AbstractFlushingEventListener - Processing flush-time cascades
15:57:36.868 [Test worker] DEBUG o.h.e.i.AbstractFlushingEventListener - Dirty checking collections
15:57:36.868 [Test worker] DEBUG o.h.e.i.AbstractFlushingEventListener - Flushed: 0 insertions, 0 updates, 0 deletions to 1 objects
15:57:36.868 [Test worker] DEBUG o.h.e.i.AbstractFlushingEventListener - Flushed: 0 (re)creations, 0 updates, 0 removals to 0 collections
15:57:36.868 [Test worker] DEBUG o.h.internal.util.EntityPrinter - Listing entities:
15:57:36.868 [Test worker] DEBUG o.h.internal.util.EntityPrinter - webAppProject.domain.Version{sci=webAppProject.domain.SCI#3, description=null, id=4, version=version_2}
15:57:36.870 [Test worker] DEBUG o.h.e.t.i.jdbc.JdbcTransaction - committed JDBC Connection
15:57:36.870 [Test worker] DEBUG o.h.e.t.i.jdbc.JdbcTransaction - re-enabling autocommit
15:57:36.871 [Test worker] DEBUG o.s.orm.jpa.JpaTransactionManager - Closing JPA EntityManager [org.hibernate.jpa.internal.EntityManagerImpl@6e62896e] after transaction
15:57:36.871 [Test worker] DEBUG o.s.o.jpa.EntityManagerFactoryUtils - Closing JPA EntityManager
15:57:36.871 [Test worker] DEBUG o.h.e.j.i.LogicalConnectionImpl - Releasing JDBC connection
15:57:36.871 [Test worker] DEBUG o.h.e.j.i.LogicalConnectionImpl - Released JDBC connection

  Background:                      ?[90m# RequestChange.feature:6?[0m
    ?[32mGiven ?[0m?[32ma SCI "?[0m?[32m?[1mSCI_1?[0m?[32m"?[0m            ?[90m# RequestChangeSteps.a_SCI(String)?[0m
    ?[32mAnd ?[0m?[32ma head version "?[0m?[32m?[1mversion_2?[0m?[32m"?[0m ?[90m# RequestChangeSteps.a_head_version(String)?[0m
15:57:36.874 [Test worker] DEBUG o.s.t.w.s.TestDispatcherServlet - DispatcherServlet with name '' processing POST request for [/sendReq]
15:57:36.874 [Test worker] DEBUG o.s.w.s.m.m.a.RequestMappingHandlerMapping - Looking up handler method for path /sendReq
15:57:36.874 [Test worker] DEBUG o.s.w.s.m.m.a.RequestMappingHandlerMapping - Returning handler method [public org.springframework.web.servlet.ModelAndView webAppProject.controller.RequestController.addRequest(java.lang.String,java.lang.String,java.lang.String,java.lang.String)]
15:57:36.874 [Test worker] DEBUG o.s.b.f.s.DefaultListableBeanFactory - Returning cached instance of singleton bean 'requestController'
15:57:36.874 [Test worker] DEBUG o.s.o.j.s.OpenEntityManagerInViewInterceptor - Opening JPA EntityManager in OpenEntityManagerInViewInterceptor
15:57:36.875 [Test worker] DEBUG o.h.jpa.criteria.CriteriaQueryImpl - Rendered criteria query -> select generatedAlias0 from Version as generatedAlias0 where generatedAlias0.version=:param0
15:57:36.875 [Test worker] DEBUG org.hibernate.SQL - select version0_.id as id1_5_, version0_.description as descript2_5_, version0_.sciid as sciid4_5_, version0_.version as version3_5_ from version version0_ where version0_.version=?
15:57:36.875 [Test worker] DEBUG o.h.e.j.i.LogicalConnectionImpl - Obtaining JDBC connection
15:57:36.875 [Test worker] DEBUG o.s.j.d.DriverManagerDataSource - Creating new JDBC DriverManager Connection to [jdbc:mysql://mysql.mcscw3.le.ac.uk:3306/mic7]
15:57:36.888 [Test worker] DEBUG o.h.e.j.i.LogicalConnectionImpl - Obtained JDBC connection
15:57:36.889 [Test worker] DEBUG org.hibernate.loader.Loader - Result set row: 0
15:57:36.889 [Test worker] DEBUG org.hibernate.loader.Loader - Result row: EntityKey[webAppProject.domain.Version#4]
15:57:36.889 [Test worker] DEBUG o.h.engine.internal.TwoPhaseLoad - Resolving associations for [webAppProject.domain.Version#4]
15:57:36.889 [Test worker] DEBUG org.hibernate.SQL - select sci0_.id as id1_2_0_, sci0_.name as name2_2_0_ from sci sci0_ where sci0_.id=?
15:57:36.890 [Test worker] DEBUG o.h.l.p.e.p.i.ResultSetProcessorImpl - Starting ResultSet row #0
15:57:36.890 [Test worker] DEBUG o.h.l.p.e.p.i.EntityReferenceInitializerImpl - On call to EntityIdentifierReaderImpl#resolve, EntityKey was already known; should only happen on root returns with an optional identifier specified
15:57:36.890 [Test worker] DEBUG o.h.engine.internal.TwoPhaseLoad - Resolving associations for [webAppProject.domain.SCI#3]
15:57:36.890 [Test worker] DEBUG o.h.engine.internal.TwoPhaseLoad - Done materializing entity [webAppProject.domain.SCI#3]
15:57:36.891 [Test worker] DEBUG o.h.l.e.p.AbstractLoadPlanBasedEntityLoader - Done entity load : webAppProject.domain.SCI#3
15:57:36.891 [Test worker] DEBUG o.h.engine.internal.TwoPhaseLoad - Done materializing entity [webAppProject.domain.Version#4]
15:57:36.891 [Test worker] DEBUG o.s.orm.jpa.JpaTransactionManager - Found thread-bound EntityManager [org.hibernate.jpa.internal.EntityManagerImpl@62633823] for JPA transaction
15:57:36.891 [Test worker] DEBUG o.s.orm.jpa.JpaTransactionManager - Creating new transaction with name [org.springframework.data.jpa.repository.support.SimpleJpaRepository.save]: PROPAGATION_REQUIRED,ISOLATION_DEFAULT; ''
15:57:36.891 [Test worker] DEBUG o.h.e.t.spi.AbstractTransactionImpl - begin
15:57:36.891 [Test worker] DEBUG o.h.e.t.i.jdbc.JdbcTransaction - initial autocommit status: true
15:57:36.891 [Test worker] DEBUG o.h.e.t.i.jdbc.JdbcTransaction - disabling autocommit
15:57:36.892 [Test worker] DEBUG o.s.orm.jpa.JpaTransactionManager - Exposing JPA transaction as JDBC transaction [org.springframework.orm.jpa.vendor.HibernateJpaDialect$HibernateConnectionHandle@36157e32]
15:57:36.892 [Test worker] DEBUG org.hibernate.engine.spi.ActionQueue - Executing identity-insert immediately
15:57:36.892 [Test worker] DEBUG org.hibernate.SQL - insert into requests (assessment, completion, deadline, developer, priority, problem, req_type, solution, status, versionid) values (?, ?, ?, ?, ?, ?, ?, ?, ?, ?)
15:57:36.893 [Test worker] DEBUG o.h.id.IdentifierGeneratorHelper - Natively generated identity: 9
15:57:36.894 [Test worker] DEBUG o.s.orm.jpa.JpaTransactionManager - Initiating transaction commit
15:57:36.894 [Test worker] DEBUG o.s.orm.jpa.JpaTransactionManager - Committing JPA transaction on EntityManager [org.hibernate.jpa.internal.EntityManagerImpl@62633823]
15:57:36.894 [Test worker] DEBUG o.h.e.t.spi.AbstractTransactionImpl - committing
15:57:36.894 [Test worker] DEBUG o.h.e.i.AbstractFlushingEventListener - Processing flush-time cascades
15:57:36.894 [Test worker] DEBUG o.h.e.i.AbstractFlushingEventListener - Dirty checking collections
15:57:36.894 [Test worker] DEBUG o.h.e.i.AbstractFlushingEventListener - Flushed: 0 insertions, 0 updates, 0 deletions to 3 objects
15:57:36.894 [Test worker] DEBUG o.h.e.i.AbstractFlushingEventListener - Flushed: 0 (re)creations, 0 updates, 0 removals to 0 collections
15:57:36.894 [Test worker] DEBUG o.h.internal.util.EntityPrinter - Listing entities:
15:57:36.894 [Test worker] DEBUG o.h.internal.util.EntityPrinter - webAppProject.domain.SCI{name=SCI_1, id=3}
15:57:36.894 [Test worker] DEBUG o.h.internal.util.EntityPrinter - webAppProject.domain.Version{sci=webAppProject.domain.SCI#3, description=null, id=4, version=version_2}
15:57:36.894 [Test worker] DEBUG o.h.internal.util.EntityPrinter - webAppProject.domain.Request{assessment=null, completion=null, problem=New Feature, solution=Extension of Module A, reqType=fault, developer=null, id=9, deadline=null, priority=null, version=webAppProject.domain.Version#4, status=pending}
15:57:36.896 [Test worker] DEBUG o.h.e.t.i.jdbc.JdbcTransaction - committed JDBC Connection
15:57:36.896 [Test worker] DEBUG o.h.e.t.i.jdbc.JdbcTransaction - re-enabling autocommit
15:57:36.897 [Test worker] DEBUG o.s.orm.jpa.JpaTransactionManager - Not closing pre-bound JPA EntityManager after transaction
15:57:36.897 [Test worker] DEBUG o.s.t.w.s.TestDispatcherServlet - Rendering view [org.springframework.web.servlet.view.JstlView: name 'request-summary'; URL [/WEB-INF/views/request-summary.jsp]] in DispatcherServlet with name ''
15:57:36.897 [Test worker] DEBUG o.s.web.servlet.view.JstlView - Added model object 'request' of type [webAppProject.domain.Request] to request in view with name 'request-summary'
15:57:36.897 [Test worker] DEBUG o.s.web.servlet.view.JstlView - Added model object 'org.springframework.validation.BindingResult.request' of type [org.springframework.validation.BeanPropertyBindingResult] to request in view with name 'request-summary'
15:57:36.897 [Test worker] DEBUG o.s.b.f.s.DefaultListableBeanFactory - Returning cached instance of singleton bean 'requestDataValueProcessor'
15:57:36.897 [Test worker] DEBUG o.s.web.servlet.view.JstlView - Forwarding to resource [/WEB-INF/views/request-summary.jsp] in InternalResourceView 'request-summary'
15:57:36.897 [Test worker] DEBUG o.s.mock.web.MockRequestDispatcher - MockRequestDispatcher: forwarding to [/WEB-INF/views/request-summary.jsp]
15:57:36.897 [Test worker] DEBUG o.s.o.j.s.OpenEntityManagerInViewInterceptor - Closing JPA EntityManager in OpenEntityManagerInViewInterceptor
15:57:36.897 [Test worker] DEBUG o.s.o.jpa.EntityManagerFactoryUtils - Closing JPA EntityManager
15:57:36.897 [Test worker] DEBUG o.h.e.j.i.LogicalConnectionImpl - Releasing JDBC connection
15:57:36.897 [Test worker] DEBUG o.h.e.j.i.LogicalConnectionImpl - Released JDBC connection
15:57:36.897 [Test worker] DEBUG o.s.t.w.s.TestDispatcherServlet - Successfully completed request
15:57:36.898 [Test worker] DEBUG o.s.o.j.SharedEntityManagerCreator$SharedEntityManagerInvocationHandler - Creating new EntityManager for shared EntityManager invocation
15:57:36.898 [Test worker] DEBUG o.h.jpa.criteria.CriteriaQueryImpl - Rendered criteria query -> select generatedAlias0 from Request as generatedAlias0 where generatedAlias0.problem=:param0
15:57:36.898 [Test worker] DEBUG org.hibernate.SQL - select request0_.id as id1_0_, request0_.assessment as assessme2_0_, request0_.completion as completi3_0_, request0_.deadline as deadline4_0_, request0_.developer as develope5_0_, request0_.priority as priority6_0_, request0_.problem as problem7_0_, request0_.req_type as req_type8_0_, request0_.solution as solution9_0_, request0_.status as status10_0_, request0_.versionid as version11_0_ from requests request0_ where request0_.problem=?
15:57:36.898 [Test worker] DEBUG o.h.e.j.i.LogicalConnectionImpl - Obtaining JDBC connection
15:57:36.898 [Test worker] DEBUG o.s.j.d.DriverManagerDataSource - Creating new JDBC DriverManager Connection to [jdbc:mysql://mysql.mcscw3.le.ac.uk:3306/mic7]
15:57:36.907 [Test worker] DEBUG o.h.e.j.i.LogicalConnectionImpl - Obtained JDBC connection
15:57:36.908 [Test worker] DEBUG org.hibernate.loader.Loader - Result set row: 0
15:57:36.908 [Test worker] DEBUG org.hibernate.loader.Loader - Result row: EntityKey[webAppProject.domain.Request#9]
15:57:36.909 [Test worker] DEBUG o.h.engine.internal.TwoPhaseLoad - Resolving associations for [webAppProject.domain.Request#9]
15:57:36.909 [Test worker] DEBUG org.hibernate.SQL - select version0_.id as id1_5_0_, version0_.description as descript2_5_0_, version0_.sciid as sciid4_5_0_, version0_.version as version3_5_0_, sci1_.id as id1_2_1_, sci1_.name as name2_2_1_ from version version0_ left outer join sci sci1_ on version0_.sciid=sci1_.id where version0_.id=?
15:57:36.909 [Test worker] DEBUG o.h.l.p.e.p.i.ResultSetProcessorImpl - Starting ResultSet row #0
15:57:36.910 [Test worker] DEBUG o.h.l.p.e.p.i.EntityReferenceInitializerImpl - On call to EntityIdentifierReaderImpl#resolve, EntityKey was already known; should only happen on root returns with an optional identifier specified
15:57:36.910 [Test worker] DEBUG o.h.engine.internal.TwoPhaseLoad - Resolving associations for [webAppProject.domain.Version#4]
15:57:36.910 [Test worker] DEBUG o.h.engine.internal.TwoPhaseLoad - Done materializing entity [webAppProject.domain.Version#4]
15:57:36.910 [Test worker] DEBUG o.h.engine.internal.TwoPhaseLoad - Resolving associations for [webAppProject.domain.SCI#3]
15:57:36.910 [Test worker] DEBUG o.h.engine.internal.TwoPhaseLoad - Done materializing entity [webAppProject.domain.SCI#3]
15:57:36.910 [Test worker] DEBUG o.h.l.e.p.AbstractLoadPlanBasedEntityLoader - Done entity load : webAppProject.domain.Version#4
15:57:36.910 [Test worker] DEBUG o.h.engine.internal.TwoPhaseLoad - Done materializing entity [webAppProject.domain.Request#9]
15:57:36.911 [Test worker] DEBUG o.s.o.jpa.EntityManagerFactoryUtils - Closing JPA EntityManager
15:57:36.911 [Test worker] DEBUG o.h.e.j.i.LogicalConnectionImpl - Releasing JDBC connection
15:57:36.911 [Test worker] DEBUG o.h.e.j.i.LogicalConnectionImpl - Released JDBC connection
15:57:36.911 [Test worker] DEBUG o.s.orm.jpa.JpaTransactionManager - Creating new transaction with name [org.springframework.data.jpa.repository.support.SimpleJpaRepository.deleteAll]: PROPAGATION_REQUIRED,ISOLATION_DEFAULT; ''
15:57:36.911 [Test worker] DEBUG o.s.orm.jpa.JpaTransactionManager - Opened new EntityManager [org.hibernate.jpa.internal.EntityManagerImpl@e7a0ae9] for JPA transaction
15:57:36.911 [Test worker] DEBUG o.h.e.t.spi.AbstractTransactionImpl - begin
15:57:36.911 [Test worker] DEBUG o.h.e.j.i.LogicalConnectionImpl - Obtaining JDBC connection
15:57:36.911 [Test worker] DEBUG o.s.j.d.DriverManagerDataSource - Creating new JDBC DriverManager Connection to [jdbc:mysql://mysql.mcscw3.le.ac.uk:3306/mic7]
15:57:36.921 [Test worker] DEBUG o.h.e.j.i.LogicalConnectionImpl - Obtained JDBC connection
15:57:36.921 [Test worker] DEBUG o.h.e.t.i.jdbc.JdbcTransaction - initial autocommit status: true
15:57:36.921 [Test worker] DEBUG o.h.e.t.i.jdbc.JdbcTransaction - disabling autocommit
15:57:36.921 [Test worker] DEBUG o.s.orm.jpa.JpaTransactionManager - Exposing JPA transaction as JDBC transaction [org.springframework.orm.jpa.vendor.HibernateJpaDialect$HibernateConnectionHandle@21fc8d33]
15:57:36.921 [Test worker] DEBUG o.h.jpa.criteria.CriteriaQueryImpl - Rendered criteria query -> select generatedAlias0 from Request as generatedAlias0
15:57:36.922 [Test worker] DEBUG org.hibernate.SQL - select request0_.id as id1_0_, request0_.assessment as assessme2_0_, request0_.completion as completi3_0_, request0_.deadline as deadline4_0_, request0_.developer as develope5_0_, request0_.priority as priority6_0_, request0_.problem as problem7_0_, request0_.req_type as req_type8_0_, request0_.solution as solution9_0_, request0_.status as status10_0_, request0_.versionid as version11_0_ from requests request0_
15:57:36.922 [Test worker] DEBUG org.hibernate.loader.Loader - Result set row: 0
15:57:36.923 [Test worker] DEBUG org.hibernate.loader.Loader - Result row: EntityKey[webAppProject.domain.Request#9]
15:57:36.923 [Test worker] DEBUG o.h.engine.internal.TwoPhaseLoad - Resolving associations for [webAppProject.domain.Request#9]
15:57:36.923 [Test worker] DEBUG org.hibernate.SQL - select version0_.id as id1_5_0_, version0_.description as descript2_5_0_, version0_.sciid as sciid4_5_0_, version0_.version as version3_5_0_, sci1_.id as id1_2_1_, sci1_.name as name2_2_1_ from version version0_ left outer join sci sci1_ on version0_.sciid=sci1_.id where version0_.id=?
15:57:36.924 [Test worker] DEBUG o.h.l.p.e.p.i.ResultSetProcessorImpl - Starting ResultSet row #0
15:57:36.924 [Test worker] DEBUG o.h.l.p.e.p.i.EntityReferenceInitializerImpl - On call to EntityIdentifierReaderImpl#resolve, EntityKey was already known; should only happen on root returns with an optional identifier specified
15:57:36.924 [Test worker] DEBUG o.h.engine.internal.TwoPhaseLoad - Resolving associations for [webAppProject.domain.Version#4]
15:57:36.924 [Test worker] DEBUG o.h.engine.internal.TwoPhaseLoad - Done materializing entity [webAppProject.domain.Version#4]
15:57:36.924 [Test worker] DEBUG o.h.engine.internal.TwoPhaseLoad - Resolving associations for [webAppProject.domain.SCI#3]
15:57:36.924 [Test worker] DEBUG o.h.engine.internal.TwoPhaseLoad - Done materializing entity [webAppProject.domain.SCI#3]
15:57:36.925 [Test worker] DEBUG o.h.l.e.p.AbstractLoadPlanBasedEntityLoader - Done entity load : webAppProject.domain.Version#4
15:57:36.925 [Test worker] DEBUG o.h.engine.internal.TwoPhaseLoad - Done materializing entity [webAppProject.domain.Request#9]
15:57:36.925 [Test worker] DEBUG o.s.orm.jpa.JpaTransactionManager - Initiating transaction commit
15:57:36.925 [Test worker] DEBUG o.s.orm.jpa.JpaTransactionManager - Committing JPA transaction on EntityManager [org.hibernate.jpa.internal.EntityManagerImpl@e7a0ae9]
15:57:36.925 [Test worker] DEBUG o.h.e.t.spi.AbstractTransactionImpl - committing
15:57:36.925 [Test worker] DEBUG o.h.e.i.AbstractFlushingEventListener - Processing flush-time cascades
15:57:36.926 [Test worker] DEBUG o.h.e.i.AbstractFlushingEventListener - Dirty checking collections
15:57:36.926 [Test worker] DEBUG o.h.e.i.AbstractFlushingEventListener - Flushed: 0 insertions, 0 updates, 1 deletions to 3 objects
15:57:36.926 [Test worker] DEBUG o.h.e.i.AbstractFlushingEventListener - Flushed: 0 (re)creations, 0 updates, 0 removals to 0 collections
15:57:36.926 [Test worker] DEBUG o.h.internal.util.EntityPrinter - Listing entities:
15:57:36.926 [Test worker] DEBUG o.h.internal.util.EntityPrinter - webAppProject.domain.SCI{name=SCI_1, id=3}
15:57:36.926 [Test worker] DEBUG o.h.internal.util.EntityPrinter - webAppProject.domain.Version{sci=webAppProject.domain.SCI#3, description=null, id=4, version=version_2}
15:57:36.926 [Test worker] DEBUG o.h.internal.util.EntityPrinter - webAppProject.domain.Request{assessment=null, completion=null, problem=New Feature, solution=Extension of Module A, reqType=fault, developer=null, id=9, deadline=null, priority=null, version=webAppProject.domain.Version#4, status=pending}
15:57:36.926 [Test worker] DEBUG org.hibernate.SQL - delete from requests where id=?
15:57:36.930 [Test worker] DEBUG o.h.e.t.i.jdbc.JdbcTransaction - committed JDBC Connection
15:57:36.930 [Test worker] DEBUG o.h.e.t.i.jdbc.JdbcTransaction - re-enabling autocommit
15:57:36.931 [Test worker] DEBUG o.s.orm.jpa.JpaTransactionManager - Closing JPA EntityManager [org.hibernate.jpa.internal.EntityManagerImpl@e7a0ae9] after transaction
15:57:36.931 [Test worker] DEBUG o.s.o.jpa.EntityManagerFactoryUtils - Closing JPA EntityManager
15:57:36.931 [Test worker] DEBUG o.h.e.j.internal.JdbcCoordinatorImpl - HHH000420: Closing un-released batch
15:57:36.931 [Test worker] DEBUG o.h.e.j.i.LogicalConnectionImpl - Releasing JDBC connection
15:57:36.931 [Test worker] DEBUG o.h.e.j.i.LogicalConnectionImpl - Released JDBC connection
15:57:36.931 [Test worker] DEBUG o.s.orm.jpa.JpaTransactionManager - Creating new transaction with name [org.springframework.data.jpa.repository.support.SimpleJpaRepository.deleteAll]: PROPAGATION_REQUIRED,ISOLATION_DEFAULT; ''
15:57:36.931 [Test worker] DEBUG o.s.orm.jpa.JpaTransactionManager - Opened new EntityManager [org.hibernate.jpa.internal.EntityManagerImpl@5c995b70] for JPA transaction
15:57:36.931 [Test worker] DEBUG o.h.e.t.spi.AbstractTransactionImpl - begin
15:57:36.931 [Test worker] DEBUG o.h.e.j.i.LogicalConnectionImpl - Obtaining JDBC connection
15:57:36.931 [Test worker] DEBUG o.s.j.d.DriverManagerDataSource - Creating new JDBC DriverManager Connection to [jdbc:mysql://mysql.mcscw3.le.ac.uk:3306/mic7]
15:57:36.940 [Test worker] DEBUG o.h.e.j.i.LogicalConnectionImpl - Obtained JDBC connection
15:57:36.940 [Test worker] DEBUG o.h.e.t.i.jdbc.JdbcTransaction - initial autocommit status: true
15:57:36.940 [Test worker] DEBUG o.h.e.t.i.jdbc.JdbcTransaction - disabling autocommit
15:57:36.940 [Test worker] DEBUG o.s.orm.jpa.JpaTransactionManager - Exposing JPA transaction as JDBC transaction [org.springframework.orm.jpa.vendor.HibernateJpaDialect$HibernateConnectionHandle@386b24c]
15:57:36.940 [Test worker] DEBUG o.h.jpa.criteria.CriteriaQueryImpl - Rendered criteria query -> select generatedAlias0 from User as generatedAlias0
15:57:36.941 [Test worker] DEBUG org.hibernate.SQL - select user0_.id as id1_4_, user0_.enabled as enabled2_4_, user0_.login as login3_4_, user0_.password as password4_4_, user0_1_.role_id as role_id1_3_ from users user0_ left outer join user_roles user0_1_ on user0_.id=user0_1_.user_id
15:57:36.942 [Test worker] DEBUG o.s.orm.jpa.JpaTransactionManager - Initiating transaction commit
15:57:36.942 [Test worker] DEBUG o.s.orm.jpa.JpaTransactionManager - Committing JPA transaction on EntityManager [org.hibernate.jpa.internal.EntityManagerImpl@5c995b70]
15:57:36.942 [Test worker] DEBUG o.h.e.t.spi.AbstractTransactionImpl - committing
15:57:36.942 [Test worker] DEBUG o.h.e.t.i.jdbc.JdbcTransaction - committed JDBC Connection
15:57:36.942 [Test worker] DEBUG o.h.e.t.i.jdbc.JdbcTransaction - re-enabling autocommit
15:57:36.943 [Test worker] DEBUG o.s.orm.jpa.JpaTransactionManager - Closing JPA EntityManager [org.hibernate.jpa.internal.EntityManagerImpl@5c995b70] after transaction
15:57:36.943 [Test worker] DEBUG o.s.o.jpa.EntityManagerFactoryUtils - Closing JPA EntityManager
15:57:36.943 [Test worker] DEBUG o.h.e.j.i.LogicalConnectionImpl - Releasing JDBC connection
15:57:36.943 [Test worker] DEBUG o.h.e.j.i.LogicalConnectionImpl - Released JDBC connection
15:57:36.943 [Test worker] DEBUG o.s.orm.jpa.JpaTransactionManager - Creating new transaction with name [org.springframework.data.jpa.repository.support.SimpleJpaRepository.deleteAll]: PROPAGATION_REQUIRED,ISOLATION_DEFAULT; ''
15:57:36.943 [Test worker] DEBUG o.s.orm.jpa.JpaTransactionManager - Opened new EntityManager [org.hibernate.jpa.internal.EntityManagerImpl@76899361] for JPA transaction
15:57:36.943 [Test worker] DEBUG o.h.e.t.spi.AbstractTransactionImpl - begin
15:57:36.943 [Test worker] DEBUG o.h.e.j.i.LogicalConnectionImpl - Obtaining JDBC connection
15:57:36.943 [Test worker] DEBUG o.s.j.d.DriverManagerDataSource - Creating new JDBC DriverManager Connection to [jdbc:mysql://mysql.mcscw3.le.ac.uk:3306/mic7]
15:57:36.952 [Test worker] DEBUG o.h.e.j.i.LogicalConnectionImpl - Obtained JDBC connection
15:57:36.952 [Test worker] DEBUG o.h.e.t.i.jdbc.JdbcTransaction - initial autocommit status: true
15:57:36.952 [Test worker] DEBUG o.h.e.t.i.jdbc.JdbcTransaction - disabling autocommit
15:57:36.953 [Test worker] DEBUG o.s.orm.jpa.JpaTransactionManager - Exposing JPA transaction as JDBC transaction [org.springframework.orm.jpa.vendor.HibernateJpaDialect$HibernateConnectionHandle@3eb6456b]
15:57:36.953 [Test worker] DEBUG o.h.jpa.criteria.CriteriaQueryImpl - Rendered criteria query -> select generatedAlias0 from Request as generatedAlias0
15:57:36.953 [Test worker] DEBUG org.hibernate.SQL - select request0_.id as id1_0_, request0_.assessment as assessme2_0_, request0_.completion as completi3_0_, request0_.deadline as deadline4_0_, request0_.developer as develope5_0_, request0_.priority as priority6_0_, request0_.problem as problem7_0_, request0_.req_type as req_type8_0_, request0_.solution as solution9_0_, request0_.status as status10_0_, request0_.versionid as version11_0_ from requests request0_
15:57:36.954 [Test worker] DEBUG o.s.orm.jpa.JpaTransactionManager - Initiating transaction commit
15:57:36.954 [Test worker] DEBUG o.s.orm.jpa.JpaTransactionManager - Committing JPA transaction on EntityManager [org.hibernate.jpa.internal.EntityManagerImpl@76899361]
15:57:36.954 [Test worker] DEBUG o.h.e.t.spi.AbstractTransactionImpl - committing
15:57:36.955 [Test worker] DEBUG o.h.e.t.i.jdbc.JdbcTransaction - committed JDBC Connection
15:57:36.955 [Test worker] DEBUG o.h.e.t.i.jdbc.JdbcTransaction - re-enabling autocommit
15:57:36.955 [Test worker] DEBUG o.s.orm.jpa.JpaTransactionManager - Closing JPA EntityManager [org.hibernate.jpa.internal.EntityManagerImpl@76899361] after transaction
15:57:36.955 [Test worker] DEBUG o.s.o.jpa.EntityManagerFactoryUtils - Closing JPA EntityManager
15:57:36.955 [Test worker] DEBUG o.h.e.j.i.LogicalConnectionImpl - Releasing JDBC connection
15:57:36.955 [Test worker] DEBUG o.h.e.j.i.LogicalConnectionImpl - Released JDBC connection
15:57:36.955 [Test worker] DEBUG o.s.orm.jpa.JpaTransactionManager - Creating new transaction with name [org.springframework.data.jpa.repository.support.SimpleJpaRepository.deleteAll]: PROPAGATION_REQUIRED,ISOLATION_DEFAULT; ''
15:57:36.956 [Test worker] DEBUG o.s.orm.jpa.JpaTransactionManager - Opened new EntityManager [org.hibernate.jpa.internal.EntityManagerImpl@3187361f] for JPA transaction
15:57:36.956 [Test worker] DEBUG o.h.e.t.spi.AbstractTransactionImpl - begin
15:57:36.956 [Test worker] DEBUG o.h.e.j.i.LogicalConnectionImpl - Obtaining JDBC connection
15:57:36.956 [Test worker] DEBUG o.s.j.d.DriverManagerDataSource - Creating new JDBC DriverManager Connection to [jdbc:mysql://mysql.mcscw3.le.ac.uk:3306/mic7]
15:57:36.965 [Test worker] DEBUG o.h.e.j.i.LogicalConnectionImpl - Obtained JDBC connection
15:57:36.965 [Test worker] DEBUG o.h.e.t.i.jdbc.JdbcTransaction - initial autocommit status: true
15:57:36.965 [Test worker] DEBUG o.h.e.t.i.jdbc.JdbcTransaction - disabling autocommit
15:57:36.965 [Test worker] DEBUG o.s.orm.jpa.JpaTransactionManager - Exposing JPA transaction as JDBC transaction [org.springframework.orm.jpa.vendor.HibernateJpaDialect$HibernateConnectionHandle@64870eb4]
15:57:36.965 [Test worker] DEBUG o.h.jpa.criteria.CriteriaQueryImpl - Rendered criteria query -> select generatedAlias0 from Request as generatedAlias0
15:57:36.965 [Test worker] DEBUG org.hibernate.SQL - select request0_.id as id1_0_, request0_.assessment as assessme2_0_, request0_.completion as completi3_0_, request0_.deadline as deadline4_0_, request0_.developer as develope5_0_, request0_.priority as priority6_0_, request0_.problem as problem7_0_, request0_.req_type as req_type8_0_, request0_.solution as solution9_0_, request0_.status as status10_0_, request0_.versionid as version11_0_ from requests request0_
15:57:36.967 [Test worker] DEBUG o.s.orm.jpa.JpaTransactionManager - Initiating transaction commit
15:57:36.967 [Test worker] DEBUG o.s.orm.jpa.JpaTransactionManager - Committing JPA transaction on EntityManager [org.hibernate.jpa.internal.EntityManagerImpl@3187361f]
15:57:36.967 [Test worker] DEBUG o.h.e.t.spi.AbstractTransactionImpl - committing
15:57:36.967 [Test worker] DEBUG o.h.e.t.i.jdbc.JdbcTransaction - committed JDBC Connection
15:57:36.967 [Test worker] DEBUG o.h.e.t.i.jdbc.JdbcTransaction - re-enabling autocommit
15:57:36.967 [Test worker] DEBUG o.s.orm.jpa.JpaTransactionManager - Closing JPA EntityManager [org.hibernate.jpa.internal.EntityManagerImpl@3187361f] after transaction
15:57:36.967 [Test worker] DEBUG o.s.o.jpa.EntityManagerFactoryUtils - Closing JPA EntityManager
15:57:36.967 [Test worker] DEBUG o.h.e.j.i.LogicalConnectionImpl - Releasing JDBC connection
15:57:36.968 [Test worker] DEBUG o.h.e.j.i.LogicalConnectionImpl - Released JDBC connection
15:57:36.968 [Test worker] DEBUG o.s.orm.jpa.JpaTransactionManager - Creating new transaction with name [org.springframework.data.jpa.repository.support.SimpleJpaRepository.deleteAll]: PROPAGATION_REQUIRED,ISOLATION_DEFAULT; ''
15:57:36.968 [Test worker] DEBUG o.s.orm.jpa.JpaTransactionManager - Opened new EntityManager [org.hibernate.jpa.internal.EntityManagerImpl@2d96f2c6] for JPA transaction
15:57:36.968 [Test worker] DEBUG o.h.e.t.spi.AbstractTransactionImpl - begin
15:57:36.968 [Test worker] DEBUG o.h.e.j.i.LogicalConnectionImpl - Obtaining JDBC connection
15:57:36.968 [Test worker] DEBUG o.s.j.d.DriverManagerDataSource - Creating new JDBC DriverManager Connection to [jdbc:mysql://mysql.mcscw3.le.ac.uk:3306/mic7]
15:57:36.976 [Test worker] DEBUG o.h.e.j.i.LogicalConnectionImpl - Obtained JDBC connection
15:57:36.976 [Test worker] DEBUG o.h.e.t.i.jdbc.JdbcTransaction - initial autocommit status: true
15:57:36.976 [Test worker] DEBUG o.h.e.t.i.jdbc.JdbcTransaction - disabling autocommit
15:57:36.977 [Test worker] DEBUG o.s.orm.jpa.JpaTransactionManager - Exposing JPA transaction as JDBC transaction [org.springframework.orm.jpa.vendor.HibernateJpaDialect$HibernateConnectionHandle@27cd4f36]
15:57:36.977 [Test worker] DEBUG o.h.jpa.criteria.CriteriaQueryImpl - Rendered criteria query -> select generatedAlias0 from User as generatedAlias0
15:57:36.977 [Test worker] DEBUG org.hibernate.SQL - select user0_.id as id1_4_, user0_.enabled as enabled2_4_, user0_.login as login3_4_, user0_.password as password4_4_, user0_1_.role_id as role_id1_3_ from users user0_ left outer join user_roles user0_1_ on user0_.id=user0_1_.user_id
15:57:36.978 [Test worker] DEBUG o.s.orm.jpa.JpaTransactionManager - Initiating transaction commit
15:57:36.978 [Test worker] DEBUG o.s.orm.jpa.JpaTransactionManager - Committing JPA transaction on EntityManager [org.hibernate.jpa.internal.EntityManagerImpl@2d96f2c6]
15:57:36.978 [Test worker] DEBUG o.h.e.t.spi.AbstractTransactionImpl - committing
15:57:36.979 [Test worker] DEBUG o.h.e.t.i.jdbc.JdbcTransaction - committed JDBC Connection
15:57:36.979 [Test worker] DEBUG o.h.e.t.i.jdbc.JdbcTransaction - re-enabling autocommit
15:57:36.979 [Test worker] DEBUG o.s.orm.jpa.JpaTransactionManager - Closing JPA EntityManager [org.hibernate.jpa.internal.EntityManagerImpl@2d96f2c6] after transaction
15:57:36.979 [Test worker] DEBUG o.s.o.jpa.EntityManagerFactoryUtils - Closing JPA EntityManager
15:57:36.979 [Test worker] DEBUG o.h.e.j.i.LogicalConnectionImpl - Releasing JDBC connection
15:57:36.979 [Test worker] DEBUG o.h.e.j.i.LogicalConnectionImpl - Released JDBC connection
15:57:36.979 [Test worker] DEBUG o.s.orm.jpa.JpaTransactionManager - Creating new transaction with name [org.springframework.data.jpa.repository.support.SimpleJpaRepository.deleteAll]: PROPAGATION_REQUIRED,ISOLATION_DEFAULT; ''
15:57:36.980 [Test worker] DEBUG o.s.orm.jpa.JpaTransactionManager - Opened new EntityManager [org.hibernate.jpa.internal.EntityManagerImpl@56a2ab1c] for JPA transaction
15:57:36.980 [Test worker] DEBUG o.h.e.t.spi.AbstractTransactionImpl - begin
15:57:36.980 [Test worker] DEBUG o.h.e.j.i.LogicalConnectionImpl - Obtaining JDBC connection
15:57:36.980 [Test worker] DEBUG o.s.j.d.DriverManagerDataSource - Creating new JDBC DriverManager Connection to [jdbc:mysql://mysql.mcscw3.le.ac.uk:3306/mic7]
15:57:36.988 [Test worker] DEBUG o.h.e.j.i.LogicalConnectionImpl - Obtained JDBC connection
15:57:36.988 [Test worker] DEBUG o.h.e.t.i.jdbc.JdbcTransaction - initial autocommit status: true
15:57:36.988 [Test worker] DEBUG o.h.e.t.i.jdbc.JdbcTransaction - disabling autocommit
15:57:36.989 [Test worker] DEBUG o.s.orm.jpa.JpaTransactionManager - Exposing JPA transaction as JDBC transaction [org.springframework.orm.jpa.vendor.HibernateJpaDialect$HibernateConnectionHandle@248a950]
15:57:36.989 [Test worker] DEBUG o.h.jpa.criteria.CriteriaQueryImpl - Rendered criteria query -> select generatedAlias0 from Request as generatedAlias0
15:57:36.989 [Test worker] DEBUG org.hibernate.SQL - select request0_.id as id1_0_, request0_.assessment as assessme2_0_, request0_.completion as completi3_0_, request0_.deadline as deadline4_0_, request0_.developer as develope5_0_, request0_.priority as priority6_0_, request0_.problem as problem7_0_, request0_.req_type as req_type8_0_, request0_.solution as solution9_0_, request0_.status as status10_0_, request0_.versionid as version11_0_ from requests request0_
15:57:36.990 [Test worker] DEBUG o.s.orm.jpa.JpaTransactionManager - Initiating transaction commit
15:57:36.990 [Test worker] DEBUG o.s.orm.jpa.JpaTransactionManager - Committing JPA transaction on EntityManager [org.hibernate.jpa.internal.EntityManagerImpl@56a2ab1c]
15:57:36.990 [Test worker] DEBUG o.h.e.t.spi.AbstractTransactionImpl - committing
15:57:36.990 [Test worker] DEBUG o.h.e.t.i.jdbc.JdbcTransaction - committed JDBC Connection
15:57:36.990 [Test worker] DEBUG o.h.e.t.i.jdbc.JdbcTransaction - re-enabling autocommit
15:57:36.991 [Test worker] DEBUG o.s.orm.jpa.JpaTransactionManager - Closing JPA EntityManager [org.hibernate.jpa.internal.EntityManagerImpl@56a2ab1c] after transaction
15:57:36.991 [Test worker] DEBUG o.s.o.jpa.EntityManagerFactoryUtils - Closing JPA EntityManager
15:57:36.991 [Test worker] DEBUG o.h.e.j.i.LogicalConnectionImpl - Releasing JDBC connection
15:57:36.991 [Test worker] DEBUG o.h.e.j.i.LogicalConnectionImpl - Released JDBC connection
15:57:36.991 [Test worker] DEBUG o.s.orm.jpa.JpaTransactionManager - Creating new transaction with name [org.springframework.data.jpa.repository.support.SimpleJpaRepository.deleteAll]: PROPAGATION_REQUIRED,ISOLATION_DEFAULT; ''
15:57:36.991 [Test worker] DEBUG o.s.orm.jpa.JpaTransactionManager - Opened new EntityManager [org.hibernate.jpa.internal.EntityManagerImpl@2fb2bbcf] for JPA transaction
15:57:36.991 [Test worker] DEBUG o.h.e.t.spi.AbstractTransactionImpl - begin
15:57:36.991 [Test worker] DEBUG o.h.e.j.i.LogicalConnectionImpl - Obtaining JDBC connection
15:57:36.991 [Test worker] DEBUG o.s.j.d.DriverManagerDataSource - Creating new JDBC DriverManager Connection to [jdbc:mysql://mysql.mcscw3.le.ac.uk:3306/mic7]
15:57:37.000 [Test worker] DEBUG o.h.e.j.i.LogicalConnectionImpl - Obtained JDBC connection
15:57:37.000 [Test worker] DEBUG o.h.e.t.i.jdbc.JdbcTransaction - initial autocommit status: true
15:57:37.000 [Test worker] DEBUG o.h.e.t.i.jdbc.JdbcTransaction - disabling autocommit
15:57:37.001 [Test worker] DEBUG o.s.orm.jpa.JpaTransactionManager - Exposing JPA transaction as JDBC transaction [org.springframework.orm.jpa.vendor.HibernateJpaDialect$HibernateConnectionHandle@29eb7e44]
15:57:37.001 [Test worker] DEBUG o.h.jpa.criteria.CriteriaQueryImpl - Rendered criteria query -> select generatedAlias0 from User as generatedAlias0
15:57:37.001 [Test worker] DEBUG org.hibernate.SQL - select user0_.id as id1_4_, user0_.enabled as enabled2_4_, user0_.login as login3_4_, user0_.password as password4_4_, user0_1_.role_id as role_id1_3_ from users user0_ left outer join user_roles user0_1_ on user0_.id=user0_1_.user_id
15:57:37.003 [Test worker] DEBUG o.s.orm.jpa.JpaTransactionManager - Initiating transaction commit
15:57:37.003 [Test worker] DEBUG o.s.orm.jpa.JpaTransactionManager - Committing JPA transaction on EntityManager [org.hibernate.jpa.internal.EntityManagerImpl@2fb2bbcf]
15:57:37.003 [Test worker] DEBUG o.h.e.t.spi.AbstractTransactionImpl - committing
15:57:37.003 [Test worker] DEBUG o.h.e.t.i.jdbc.JdbcTransaction - committed JDBC Connection
15:57:37.003 [Test worker] DEBUG o.h.e.t.i.jdbc.JdbcTransaction - re-enabling autocommit
15:57:37.003 [Test worker] DEBUG o.s.orm.jpa.JpaTransactionManager - Closing JPA EntityManager [org.hibernate.jpa.internal.EntityManagerImpl@2fb2bbcf] after transaction
15:57:37.003 [Test worker] DEBUG o.s.o.jpa.EntityManagerFactoryUtils - Closing JPA EntityManager
15:57:37.004 [Test worker] DEBUG o.h.e.j.i.LogicalConnectionImpl - Releasing JDBC connection
15:57:37.004 [Test worker] DEBUG o.h.e.j.i.LogicalConnectionImpl - Released JDBC connection
15:57:37.004 [Test worker] DEBUG o.s.orm.jpa.JpaTransactionManager - Creating new transaction with name [org.springframework.data.jpa.repository.support.SimpleJpaRepository.deleteAll]: PROPAGATION_REQUIRED,ISOLATION_DEFAULT; ''
15:57:37.004 [Test worker] DEBUG o.s.orm.jpa.JpaTransactionManager - Opened new EntityManager [org.hibernate.jpa.internal.EntityManagerImpl@5ded958f] for JPA transaction
15:57:37.004 [Test worker] DEBUG o.h.e.t.spi.AbstractTransactionImpl - begin
15:57:37.004 [Test worker] DEBUG o.h.e.j.i.LogicalConnectionImpl - Obtaining JDBC connection
15:57:37.004 [Test worker] DEBUG o.s.j.d.DriverManagerDataSource - Creating new JDBC DriverManager Connection to [jdbc:mysql://mysql.mcscw3.le.ac.uk:3306/mic7]
15:57:37.013 [Test worker] DEBUG o.h.e.j.i.LogicalConnectionImpl - Obtained JDBC connection
15:57:37.013 [Test worker] DEBUG o.h.e.t.i.jdbc.JdbcTransaction - initial autocommit status: true
15:57:37.013 [Test worker] DEBUG o.h.e.t.i.jdbc.JdbcTransaction - disabling autocommit
15:57:37.013 [Test worker] DEBUG o.s.orm.jpa.JpaTransactionManager - Exposing JPA transaction as JDBC transaction [org.springframework.orm.jpa.vendor.HibernateJpaDialect$HibernateConnectionHandle@3c3fcd95]
15:57:37.013 [Test worker] DEBUG o.h.jpa.criteria.CriteriaQueryImpl - Rendered criteria query -> select generatedAlias0 from Version as generatedAlias0
15:57:37.013 [Test worker] DEBUG org.hibernate.SQL - select version0_.id as id1_5_, version0_.description as descript2_5_, version0_.sciid as sciid4_5_, version0_.version as version3_5_ from version version0_
15:57:37.014 [Test worker] DEBUG org.hibernate.loader.Loader - Result set row: 0
15:57:37.014 [Test worker] DEBUG org.hibernate.loader.Loader - Result row: EntityKey[webAppProject.domain.Version#4]
15:57:37.014 [Test worker] DEBUG o.h.engine.internal.TwoPhaseLoad - Resolving associations for [webAppProject.domain.Version#4]
15:57:37.015 [Test worker] DEBUG org.hibernate.SQL - select sci0_.id as id1_2_0_, sci0_.name as name2_2_0_ from sci sci0_ where sci0_.id=?
15:57:37.015 [Test worker] DEBUG o.h.l.p.e.p.i.ResultSetProcessorImpl - Starting ResultSet row #0
15:57:37.015 [Test worker] DEBUG o.h.l.p.e.p.i.EntityReferenceInitializerImpl - On call to EntityIdentifierReaderImpl#resolve, EntityKey was already known; should only happen on root returns with an optional identifier specified
15:57:37.015 [Test worker] DEBUG o.h.engine.internal.TwoPhaseLoad - Resolving associations for [webAppProject.domain.SCI#3]
15:57:37.015 [Test worker] DEBUG o.h.engine.internal.TwoPhaseLoad - Done materializing entity [webAppProject.domain.SCI#3]
15:57:37.016 [Test worker] DEBUG o.h.l.e.p.AbstractLoadPlanBasedEntityLoader - Done entity load : webAppProject.domain.SCI#3
15:57:37.016 [Test worker] DEBUG o.h.engine.internal.TwoPhaseLoad - Done materializing entity [webAppProject.domain.Version#4]
15:57:37.016 [Test worker] DEBUG o.s.orm.jpa.JpaTransactionManager - Initiating transaction commit
15:57:37.016 [Test worker] DEBUG o.s.orm.jpa.JpaTransactionManager - Committing JPA transaction on EntityManager [org.hibernate.jpa.internal.EntityManagerImpl@5ded958f]
15:57:37.016 [Test worker] DEBUG o.h.e.t.spi.AbstractTransactionImpl - committing
15:57:37.016 [Test worker] DEBUG o.h.e.i.AbstractFlushingEventListener - Processing flush-time cascades
15:57:37.016 [Test worker] DEBUG o.h.e.i.AbstractFlushingEventListener - Dirty checking collections
15:57:37.016 [Test worker] DEBUG o.h.e.i.AbstractFlushingEventListener - Flushed: 0 insertions, 0 updates, 1 deletions to 2 objects
15:57:37.016 [Test worker] DEBUG o.h.e.i.AbstractFlushingEventListener - Flushed: 0 (re)creations, 0 updates, 0 removals to 0 collections
15:57:37.016 [Test worker] DEBUG o.h.internal.util.EntityPrinter - Listing entities:
15:57:37.016 [Test worker] DEBUG o.h.internal.util.EntityPrinter - webAppProject.domain.SCI{name=SCI_1, id=3}
15:57:37.016 [Test worker] DEBUG o.h.internal.util.EntityPrinter - webAppProject.domain.Version{sci=webAppProject.domain.SCI#3, description=null, id=4, version=version_2}
15:57:37.016 [Test worker] DEBUG org.hibernate.SQL - delete from version where id=?
15:57:37.020 [Test worker] DEBUG o.h.e.t.i.jdbc.JdbcTransaction - committed JDBC Connection
15:57:37.020 [Test worker] DEBUG o.h.e.t.i.jdbc.JdbcTransaction - re-enabling autocommit
15:57:37.020 [Test worker] DEBUG o.s.orm.jpa.JpaTransactionManager - Closing JPA EntityManager [org.hibernate.jpa.internal.EntityManagerImpl@5ded958f] after transaction
15:57:37.020 [Test worker] DEBUG o.s.o.jpa.EntityManagerFactoryUtils - Closing JPA EntityManager
15:57:37.020 [Test worker] DEBUG o.h.e.j.internal.JdbcCoordinatorImpl - HHH000420: Closing un-released batch
15:57:37.020 [Test worker] DEBUG o.h.e.j.i.LogicalConnectionImpl - Releasing JDBC connection
15:57:37.020 [Test worker] DEBUG o.h.e.j.i.LogicalConnectionImpl - Released JDBC connection
15:57:37.020 [Test worker] DEBUG o.s.orm.jpa.JpaTransactionManager - Creating new transaction with name [org.springframework.data.jpa.repository.support.SimpleJpaRepository.deleteAll]: PROPAGATION_REQUIRED,ISOLATION_DEFAULT; ''
15:57:37.021 [Test worker] DEBUG o.s.orm.jpa.JpaTransactionManager - Opened new EntityManager [org.hibernate.jpa.internal.EntityManagerImpl@4d5fdba3] for JPA transaction
15:57:37.021 [Test worker] DEBUG o.h.e.t.spi.AbstractTransactionImpl - begin
15:57:37.021 [Test worker] DEBUG o.h.e.j.i.LogicalConnectionImpl - Obtaining JDBC connection
15:57:37.021 [Test worker] DEBUG o.s.j.d.DriverManagerDataSource - Creating new JDBC DriverManager Connection to [jdbc:mysql://mysql.mcscw3.le.ac.uk:3306/mic7]
15:57:37.030 [Test worker] DEBUG o.h.e.j.i.LogicalConnectionImpl - Obtained JDBC connection
15:57:37.030 [Test worker] DEBUG o.h.e.t.i.jdbc.JdbcTransaction - initial autocommit status: true
15:57:37.030 [Test worker] DEBUG o.h.e.t.i.jdbc.JdbcTransaction - disabling autocommit
15:57:37.031 [Test worker] DEBUG o.s.orm.jpa.JpaTransactionManager - Exposing JPA transaction as JDBC transaction [org.springframework.orm.jpa.vendor.HibernateJpaDialect$HibernateConnectionHandle@3e3e4576]
15:57:37.031 [Test worker] DEBUG o.h.jpa.criteria.CriteriaQueryImpl - Rendered criteria query -> select generatedAlias0 from SCI as generatedAlias0
15:57:37.031 [Test worker] DEBUG org.hibernate.SQL - select sci0_.id as id1_2_, sci0_.name as name2_2_ from sci sci0_
15:57:37.032 [Test worker] DEBUG org.hibernate.loader.Loader - Result set row: 0
15:57:37.032 [Test worker] DEBUG org.hibernate.loader.Loader - Result row: EntityKey[webAppProject.domain.SCI#3]
15:57:37.032 [Test worker] DEBUG o.h.engine.internal.TwoPhaseLoad - Resolving associations for [webAppProject.domain.SCI#3]
15:57:37.032 [Test worker] DEBUG o.h.engine.internal.TwoPhaseLoad - Done materializing entity [webAppProject.domain.SCI#3]
15:57:37.033 [Test worker] DEBUG o.s.orm.jpa.JpaTransactionManager - Initiating transaction commit
15:57:37.033 [Test worker] DEBUG o.s.orm.jpa.JpaTransactionManager - Committing JPA transaction on EntityManager [org.hibernate.jpa.internal.EntityManagerImpl@4d5fdba3]
15:57:37.033 [Test worker] DEBUG o.h.e.t.spi.AbstractTransactionImpl - committing
15:57:37.033 [Test worker] DEBUG o.h.e.i.AbstractFlushingEventListener - Processing flush-time cascades
15:57:37.033 [Test worker] DEBUG o.h.e.i.AbstractFlushingEventListener - Dirty checking collections
15:57:37.033 [Test worker] DEBUG o.h.e.i.AbstractFlushingEventListener - Flushed: 0 insertions, 0 updates, 1 deletions to 1 objects
15:57:37.033 [Test worker] DEBUG o.h.e.i.AbstractFlushingEventListener - Flushed: 0 (re)creations, 0 updates, 0 removals to 0 collections
15:57:37.033 [Test worker] DEBUG o.h.internal.util.EntityPrinter - Listing entities:
15:57:37.033 [Test worker] DEBUG o.h.internal.util.EntityPrinter - webAppProject.domain.SCI{name=SCI_1, id=3}
15:57:37.033 [Test worker] DEBUG org.hibernate.SQL - delete from sci where id=?
15:57:37.036 [Test worker] DEBUG o.h.e.t.i.jdbc.JdbcTransaction - committed JDBC Connection
15:57:37.036 [Test worker] DEBUG o.h.e.t.i.jdbc.JdbcTransaction - re-enabling autocommit
15:57:37.037 [Test worker] DEBUG o.s.orm.jpa.JpaTransactionManager - Closing JPA EntityManager [org.hibernate.jpa.internal.EntityManagerImpl@4d5fdba3] after transaction
15:57:37.037 [Test worker] DEBUG o.s.o.jpa.EntityManagerFactoryUtils - Closing JPA EntityManager
15:57:37.037 [Test worker] DEBUG o.h.e.j.internal.JdbcCoordinatorImpl - HHH000420: Closing un-released batch
15:57:37.037 [Test worker] DEBUG o.h.e.j.i.LogicalConnectionImpl - Releasing JDBC connection
15:57:37.037 [Test worker] DEBUG o.h.e.j.i.LogicalConnectionImpl - Released JDBC connection
15:57:37.037 [Test worker] DEBUG o.s.t.c.s.DirtiesContextTestExecutionListener - After test class: context [DefaultTestContext@5e8b5bbd testClass = CompleteRequestSteps, testInstance = [null], testMethod = [null], testException = [null], mergedContextConfiguration = [WebMergedContextConfiguration@21212e22 testClass = CompleteRequestSteps, locations = '{}', classes = '{class webAppProject.webAppProjectApplication, class webAppProject.SecurityConfig, class webAppProject.WebConfig}', contextInitializerClasses = '[]', activeProfiles = '{}', propertySourceLocations = '{}', propertySourceProperties = '{}', resourceBasePath = 'src/main/webapp', contextLoader = 'org.springframework.test.context.web.WebDelegatingSmartContextLoader', parent = [null]]], class annotated with @DirtiesContext [false] with mode [null].
15:57:37.064 [Test worker] DEBUG o.s.orm.jpa.JpaTransactionManager - Creating new transaction with name [org.springframework.data.jpa.repository.support.SimpleJpaRepository.save]: PROPAGATION_REQUIRED,ISOLATION_DEFAULT; ''
15:57:37.064 [Test worker] DEBUG o.s.orm.jpa.JpaTransactionManager - Opened new EntityManager [org.hibernate.jpa.internal.EntityManagerImpl@4e8d8daa] for JPA transaction
15:57:37.064 [Test worker] DEBUG o.h.e.t.spi.AbstractTransactionImpl - begin
15:57:37.064 [Test worker] DEBUG o.h.e.j.i.LogicalConnectionImpl - Obtaining JDBC connection
15:57:37.064 [Test worker] DEBUG o.s.j.d.DriverManagerDataSource - Creating new JDBC DriverManager Connection to [jdbc:mysql://mysql.mcscw3.le.ac.uk:3306/mic7]
15:57:37.073 [Test worker] DEBUG o.h.e.j.i.LogicalConnectionImpl - Obtained JDBC connection
15:57:37.073 [Test worker] DEBUG o.h.e.t.i.jdbc.JdbcTransaction - initial autocommit status: true
15:57:37.073 [Test worker] DEBUG o.h.e.t.i.jdbc.JdbcTransaction - disabling autocommit
15:57:37.074 [Test worker] DEBUG o.s.orm.jpa.JpaTransactionManager - Exposing JPA transaction as JDBC transaction [org.springframework.orm.jpa.vendor.HibernateJpaDialect$HibernateConnectionHandle@4939d5d0]
15:57:37.074 [Test worker] DEBUG org.hibernate.engine.spi.ActionQueue - Executing identity-insert immediately
15:57:37.074 [Test worker] DEBUG org.hibernate.SQL - insert into version (description, sciid, version) values (?, ?, ?)
15:57:37.075 [Test worker] DEBUG o.h.id.IdentifierGeneratorHelper - Natively generated identity: 5
15:57:37.076 [Test worker] DEBUG o.s.orm.jpa.JpaTransactionManager - Initiating transaction commit
15:57:37.076 [Test worker] DEBUG o.s.orm.jpa.JpaTransactionManager - Committing JPA transaction on EntityManager [org.hibernate.jpa.internal.EntityManagerImpl@4e8d8daa]
15:57:37.076 [Test worker] DEBUG o.h.e.t.spi.AbstractTransactionImpl - committing
15:57:37.076 [Test worker] DEBUG o.h.e.i.AbstractFlushingEventListener - Processing flush-time cascades
15:57:37.076 [Test worker] DEBUG o.h.e.i.AbstractFlushingEventListener - Dirty checking collections
15:57:37.076 [Test worker] DEBUG o.h.e.i.AbstractFlushingEventListener - Flushed: 0 insertions, 0 updates, 0 deletions to 1 objects
15:57:37.076 [Test worker] DEBUG o.h.e.i.AbstractFlushingEventListener - Flushed: 0 (re)creations, 0 updates, 0 removals to 0 collections
15:57:37.076 [Test worker] DEBUG o.h.internal.util.EntityPrinter - Listing entities:
15:57:37.076 [Test worker] DEBUG o.h.internal.util.EntityPrinter - webAppProject.domain.Version{sci=webAppProject.domain.SCI#4, description=null, id=5, version=version_2}
15:57:37.078 [Test worker] DEBUG o.h.e.t.i.jdbc.JdbcTransaction - committed JDBC Connection
15:57:37.078 [Test worker] DEBUG o.h.e.t.i.jdbc.JdbcTransaction - re-enabling autocommit
15:57:37.078 [Test worker] DEBUG o.s.orm.jpa.JpaTransactionManager - Closing JPA EntityManager [org.hibernate.jpa.internal.EntityManagerImpl@4e8d8daa] after transaction
15:57:37.078 [Test worker] DEBUG o.s.o.jpa.EntityManagerFactoryUtils - Closing JPA EntityManager
15:57:37.078 [Test worker] DEBUG o.h.e.j.i.LogicalConnectionImpl - Releasing JDBC connection
15:57:37.079 [Test worker] DEBUG o.h.e.j.i.LogicalConnectionImpl - Released JDBC connection

  Background:                      ?[90m# RequestChange.feature:6?[0m
    ?[32mGiven ?[0m?[32ma SCI "?[0m?[32m?[1mSCI_1?[0m?[32m"?[0m            ?[90m# RequestChangeSteps.a_SCI(String)?[0m
    ?[32mAnd ?[0m?[32ma head version "?[0m?[32m?[1mversion_2?[0m?[32m"?[0m ?[90m# RequestChangeSteps.a_head_version(String)?[0m
15:57:37.082 [Test worker] DEBUG o.s.t.w.s.TestDispatcherServlet - DispatcherServlet with name '' processing POST request for [/sendReq]
15:57:37.082 [Test worker] DEBUG o.s.w.s.m.m.a.RequestMappingHandlerMapping - Looking up handler method for path /sendReq
15:57:37.082 [Test worker] DEBUG o.s.w.s.m.m.a.RequestMappingHandlerMapping - Returning handler method [public org.springframework.web.servlet.ModelAndView webAppProject.controller.RequestController.addRequest(java.lang.String,java.lang.String,java.lang.String,java.lang.String)]
15:57:37.082 [Test worker] DEBUG o.s.b.f.s.DefaultListableBeanFactory - Returning cached instance of singleton bean 'requestController'
15:57:37.082 [Test worker] DEBUG o.s.o.j.s.OpenEntityManagerInViewInterceptor - Opening JPA EntityManager in OpenEntityManagerInViewInterceptor
15:57:37.083 [Test worker] DEBUG o.h.jpa.criteria.CriteriaQueryImpl - Rendered criteria query -> select generatedAlias0 from Version as generatedAlias0 where generatedAlias0.version=:param0
15:57:37.083 [Test worker] DEBUG org.hibernate.SQL - select version0_.id as id1_5_, version0_.description as descript2_5_, version0_.sciid as sciid4_5_, version0_.version as version3_5_ from version version0_ where version0_.version=?
15:57:37.083 [Test worker] DEBUG o.h.e.j.i.LogicalConnectionImpl - Obtaining JDBC connection
15:57:37.083 [Test worker] DEBUG o.s.j.d.DriverManagerDataSource - Creating new JDBC DriverManager Connection to [jdbc:mysql://mysql.mcscw3.le.ac.uk:3306/mic7]
15:57:37.092 [Test worker] DEBUG o.h.e.j.i.LogicalConnectionImpl - Obtained JDBC connection
15:57:37.093 [Test worker] DEBUG org.hibernate.loader.Loader - Result set row: 0
15:57:37.093 [Test worker] DEBUG org.hibernate.loader.Loader - Result row: EntityKey[webAppProject.domain.Version#5]
15:57:37.093 [Test worker] DEBUG o.h.engine.internal.TwoPhaseLoad - Resolving associations for [webAppProject.domain.Version#5]
15:57:37.093 [Test worker] DEBUG org.hibernate.SQL - select sci0_.id as id1_2_0_, sci0_.name as name2_2_0_ from sci sci0_ where sci0_.id=?
15:57:37.094 [Test worker] DEBUG o.h.l.p.e.p.i.ResultSetProcessorImpl - Starting ResultSet row #0
15:57:37.094 [Test worker] DEBUG o.h.l.p.e.p.i.EntityReferenceInitializerImpl - On call to EntityIdentifierReaderImpl#resolve, EntityKey was already known; should only happen on root returns with an optional identifier specified
15:57:37.094 [Test worker] DEBUG o.h.engine.internal.TwoPhaseLoad - Resolving associations for [webAppProject.domain.SCI#4]
15:57:37.094 [Test worker] DEBUG o.h.engine.internal.TwoPhaseLoad - Done materializing entity [webAppProject.domain.SCI#4]
15:57:37.095 [Test worker] DEBUG o.h.l.e.p.AbstractLoadPlanBasedEntityLoader - Done entity load : webAppProject.domain.SCI#4
15:57:37.095 [Test worker] DEBUG o.h.engine.internal.TwoPhaseLoad - Done materializing entity [webAppProject.domain.Version#5]
15:57:37.096 [Test worker] DEBUG o.s.orm.jpa.JpaTransactionManager - Found thread-bound EntityManager [org.hibernate.jpa.internal.EntityManagerImpl@3f423780] for JPA transaction
15:57:37.096 [Test worker] DEBUG o.s.orm.jpa.JpaTransactionManager - Creating new transaction with name [org.springframework.data.jpa.repository.support.SimpleJpaRepository.save]: PROPAGATION_REQUIRED,ISOLATION_DEFAULT; ''
15:57:37.096 [Test worker] DEBUG o.h.e.t.spi.AbstractTransactionImpl - begin
15:57:37.096 [Test worker] DEBUG o.h.e.t.i.jdbc.JdbcTransaction - initial autocommit status: true
15:57:37.096 [Test worker] DEBUG o.h.e.t.i.jdbc.JdbcTransaction - disabling autocommit
15:57:37.096 [Test worker] DEBUG o.s.orm.jpa.JpaTransactionManager - Exposing JPA transaction as JDBC transaction [org.springframework.orm.jpa.vendor.HibernateJpaDialect$HibernateConnectionHandle@53834126]
15:57:37.097 [Test worker] DEBUG org.hibernate.engine.spi.ActionQueue - Executing identity-insert immediately
15:57:37.097 [Test worker] DEBUG org.hibernate.SQL - insert into requests (assessment, completion, deadline, developer, priority, problem, req_type, solution, status, versionid) values (?, ?, ?, ?, ?, ?, ?, ?, ?, ?)
15:57:37.098 [Test worker] DEBUG o.h.id.IdentifierGeneratorHelper - Natively generated identity: 10
15:57:37.099 [Test worker] DEBUG o.s.orm.jpa.JpaTransactionManager - Initiating transaction commit
15:57:37.099 [Test worker] DEBUG o.s.orm.jpa.JpaTransactionManager - Committing JPA transaction on EntityManager [org.hibernate.jpa.internal.EntityManagerImpl@3f423780]
15:57:37.099 [Test worker] DEBUG o.h.e.t.spi.AbstractTransactionImpl - committing
15:57:37.099 [Test worker] DEBUG o.h.e.i.AbstractFlushingEventListener - Processing flush-time cascades
15:57:37.099 [Test worker] DEBUG o.h.e.i.AbstractFlushingEventListener - Dirty checking collections
15:57:37.099 [Test worker] DEBUG o.h.e.i.AbstractFlushingEventListener - Flushed: 0 insertions, 0 updates, 0 deletions to 3 objects
15:57:37.099 [Test worker] DEBUG o.h.e.i.AbstractFlushingEventListener - Flushed: 0 (re)creations, 0 updates, 0 removals to 0 collections
15:57:37.099 [Test worker] DEBUG o.h.internal.util.EntityPrinter - Listing entities:
15:57:37.099 [Test worker] DEBUG o.h.internal.util.EntityPrinter - webAppProject.domain.SCI{name=SCI_1, id=4}
15:57:37.099 [Test worker] DEBUG o.h.internal.util.EntityPrinter - webAppProject.domain.Version{sci=webAppProject.domain.SCI#4, description=null, id=5, version=version_2}
15:57:37.099 [Test worker] DEBUG o.h.internal.util.EntityPrinter - webAppProject.domain.Request{assessment=null, completion=null, problem=New Feature, solution=Extension of Module A, reqType=fault, developer=null, id=10, deadline=null, priority=null, version=webAppProject.domain.Version#5, status=pending}
15:57:37.102 [Test worker] DEBUG o.h.e.t.i.jdbc.JdbcTransaction - committed JDBC Connection
15:57:37.102 [Test worker] DEBUG o.h.e.t.i.jdbc.JdbcTransaction - re-enabling autocommit
15:57:37.102 [Test worker] DEBUG o.s.orm.jpa.JpaTransactionManager - Not closing pre-bound JPA EntityManager after transaction
15:57:37.103 [Test worker] DEBUG o.s.t.w.s.TestDispatcherServlet - Rendering view [org.springframework.web.servlet.view.JstlView: name 'request-summary'; URL [/WEB-INF/views/request-summary.jsp]] in DispatcherServlet with name ''
15:57:37.103 [Test worker] DEBUG o.s.web.servlet.view.JstlView - Added model object 'request' of type [webAppProject.domain.Request] to request in view with name 'request-summary'
15:57:37.103 [Test worker] DEBUG o.s.web.servlet.view.JstlView - Added model object 'org.springframework.validation.BindingResult.request' of type [org.springframework.validation.BeanPropertyBindingResult] to request in view with name 'request-summary'
15:57:37.103 [Test worker] DEBUG o.s.b.f.s.DefaultListableBeanFactory - Returning cached instance of singleton bean 'requestDataValueProcessor'
15:57:37.103 [Test worker] DEBUG o.s.web.servlet.view.JstlView - Forwarding to resource [/WEB-INF/views/request-summary.jsp] in InternalResourceView 'request-summary'
15:57:37.103 [Test worker] DEBUG o.s.mock.web.MockRequestDispatcher - MockRequestDispatcher: forwarding to [/WEB-INF/views/request-summary.jsp]
15:57:37.103 [Test worker] DEBUG o.s.o.j.s.OpenEntityManagerInViewInterceptor - Closing JPA EntityManager in OpenEntityManagerInViewInterceptor
15:57:37.103 [Test worker] DEBUG o.s.o.jpa.EntityManagerFactoryUtils - Closing JPA EntityManager
15:57:37.103 [Test worker] DEBUG o.h.e.j.i.LogicalConnectionImpl - Releasing JDBC connection
15:57:37.103 [Test worker] DEBUG o.h.e.j.i.LogicalConnectionImpl - Released JDBC connection
15:57:37.103 [Test worker] DEBUG o.s.t.w.s.TestDispatcherServlet - Successfully completed request
15:57:37.104 [Test worker] DEBUG o.s.orm.jpa.JpaTransactionManager - Creating new transaction with name [org.springframework.data.jpa.repository.support.SimpleJpaRepository.deleteAll]: PROPAGATION_REQUIRED,ISOLATION_DEFAULT; ''
15:57:37.104 [Test worker] DEBUG o.s.orm.jpa.JpaTransactionManager - Opened new EntityManager [org.hibernate.jpa.internal.EntityManagerImpl@7bb461ec] for JPA transaction
15:57:37.104 [Test worker] DEBUG o.h.e.t.spi.AbstractTransactionImpl - begin
15:57:37.104 [Test worker] DEBUG o.h.e.j.i.LogicalConnectionImpl - Obtaining JDBC connection
15:57:37.104 [Test worker] DEBUG o.s.j.d.DriverManagerDataSource - Creating new JDBC DriverManager Connection to [jdbc:mysql://mysql.mcscw3.le.ac.uk:3306/mic7]
15:57:37.114 [Test worker] DEBUG o.h.e.j.i.LogicalConnectionImpl - Obtained JDBC connection
15:57:37.114 [Test worker] DEBUG o.h.e.t.i.jdbc.JdbcTransaction - initial autocommit status: true
15:57:37.114 [Test worker] DEBUG o.h.e.t.i.jdbc.JdbcTransaction - disabling autocommit
15:57:37.114 [Test worker] DEBUG o.s.orm.jpa.JpaTransactionManager - Exposing JPA transaction as JDBC transaction [org.springframework.orm.jpa.vendor.HibernateJpaDialect$HibernateConnectionHandle@45c68128]
15:57:37.114 [Test worker] DEBUG o.h.jpa.criteria.CriteriaQueryImpl - Rendered criteria query -> select generatedAlias0 from Request as generatedAlias0
15:57:37.115 [Test worker] DEBUG org.hibernate.SQL - select request0_.id as id1_0_, request0_.assessment as assessme2_0_, request0_.completion as completi3_0_, request0_.deadline as deadline4_0_, request0_.developer as develope5_0_, request0_.priority as priority6_0_, request0_.problem as problem7_0_, request0_.req_type as req_type8_0_, request0_.solution as solution9_0_, request0_.status as status10_0_, request0_.versionid as version11_0_ from requests request0_
15:57:37.115 [Test worker] DEBUG org.hibernate.loader.Loader - Result set row: 0
15:57:37.116 [Test worker] DEBUG org.hibernate.loader.Loader - Result row: EntityKey[webAppProject.domain.Request#10]
15:57:37.116 [Test worker] DEBUG o.h.engine.internal.TwoPhaseLoad - Resolving associations for [webAppProject.domain.Request#10]
15:57:37.116 [Test worker] DEBUG org.hibernate.SQL - select version0_.id as id1_5_0_, version0_.description as descript2_5_0_, version0_.sciid as sciid4_5_0_, version0_.version as version3_5_0_, sci1_.id as id1_2_1_, sci1_.name as name2_2_1_ from version version0_ left outer join sci sci1_ on version0_.sciid=sci1_.id where version0_.id=?
15:57:37.117 [Test worker] DEBUG o.h.l.p.e.p.i.ResultSetProcessorImpl - Starting ResultSet row #0
15:57:37.117 [Test worker] DEBUG o.h.l.p.e.p.i.EntityReferenceInitializerImpl - On call to EntityIdentifierReaderImpl#resolve, EntityKey was already known; should only happen on root returns with an optional identifier specified
15:57:37.117 [Test worker] DEBUG o.h.engine.internal.TwoPhaseLoad - Resolving associations for [webAppProject.domain.Version#5]
15:57:37.117 [Test worker] DEBUG o.h.engine.internal.TwoPhaseLoad - Done materializing entity [webAppProject.domain.Version#5]
15:57:37.117 [Test worker] DEBUG o.h.engine.internal.TwoPhaseLoad - Resolving associations for [webAppProject.domain.SCI#4]
15:57:37.117 [Test worker] DEBUG o.h.engine.internal.TwoPhaseLoad - Done materializing entity [webAppProject.domain.SCI#4]
15:57:37.118 [Test worker] DEBUG o.h.l.e.p.AbstractLoadPlanBasedEntityLoader - Done entity load : webAppProject.domain.Version#5
15:57:37.118 [Test worker] DEBUG o.h.engine.internal.TwoPhaseLoad - Done materializing entity [webAppProject.domain.Request#10]
15:57:37.118 [Test worker] DEBUG o.s.orm.jpa.JpaTransactionManager - Initiating transaction commit
15:57:37.118 [Test worker] DEBUG o.s.orm.jpa.JpaTransactionManager - Committing JPA transaction on EntityManager [org.hibernate.jpa.internal.EntityManagerImpl@7bb461ec]
15:57:37.118 [Test worker] DEBUG o.h.e.t.spi.AbstractTransactionImpl - committing
15:57:37.118 [Test worker] DEBUG o.h.e.i.AbstractFlushingEventListener - Processing flush-time cascades
15:57:37.119 [Test worker] DEBUG o.h.e.i.AbstractFlushingEventListener - Dirty checking collections
15:57:37.119 [Test worker] DEBUG o.h.e.i.AbstractFlushingEventListener - Flushed: 0 insertions, 0 updates, 1 deletions to 3 objects
15:57:37.119 [Test worker] DEBUG o.h.e.i.AbstractFlushingEventListener - Flushed: 0 (re)creations, 0 updates, 0 removals to 0 collections
15:57:37.119 [Test worker] DEBUG o.h.internal.util.EntityPrinter - Listing entities:
15:57:37.119 [Test worker] DEBUG o.h.internal.util.EntityPrinter - webAppProject.domain.SCI{name=SCI_1, id=4}
15:57:37.119 [Test worker] DEBUG o.h.internal.util.EntityPrinter - webAppProject.domain.Version{sci=webAppProject.domain.SCI#4, description=null, id=5, version=version_2}
15:57:37.119 [Test worker] DEBUG o.h.internal.util.EntityPrinter - webAppProject.domain.Request{assessment=null, completion=null, problem=New Feature, solution=Extension of Module A, reqType=fault, developer=null, id=10, deadline=null, priority=null, version=webAppProject.domain.Version#5, status=pending}
15:57:37.119 [Test worker] DEBUG org.hibernate.SQL - delete from requests where id=?
15:57:37.122 [Test worker] DEBUG o.h.e.t.i.jdbc.JdbcTransaction - committed JDBC Connection
15:57:37.122 [Test worker] DEBUG o.h.e.t.i.jdbc.JdbcTransaction - re-enabling autocommit
15:57:37.123 [Test worker] DEBUG o.s.orm.jpa.JpaTransactionManager - Closing JPA EntityManager [org.hibernate.jpa.internal.EntityManagerImpl@7bb461ec] after transaction
15:57:37.123 [Test worker] DEBUG o.s.o.jpa.EntityManagerFactoryUtils - Closing JPA EntityManager
15:57:37.123 [Test worker] DEBUG o.h.e.j.internal.JdbcCoordinatorImpl - HHH000420: Closing un-released batch
15:57:37.123 [Test worker] DEBUG o.h.e.j.i.LogicalConnectionImpl - Releasing JDBC connection
15:57:37.123 [Test worker] DEBUG o.h.e.j.i.LogicalConnectionImpl - Released JDBC connection
15:57:37.123 [Test worker] DEBUG o.s.orm.jpa.JpaTransactionManager - Creating new transaction with name [org.springframework.data.jpa.repository.support.SimpleJpaRepository.deleteAll]: PROPAGATION_REQUIRED,ISOLATION_DEFAULT; ''
15:57:37.123 [Test worker] DEBUG o.s.orm.jpa.JpaTransactionManager - Opened new EntityManager [org.hibernate.jpa.internal.EntityManagerImpl@5df5e1bf] for JPA transaction
15:57:37.123 [Test worker] DEBUG o.h.e.t.spi.AbstractTransactionImpl - begin
15:57:37.123 [Test worker] DEBUG o.h.e.j.i.LogicalConnectionImpl - Obtaining JDBC connection
15:57:37.123 [Test worker] DEBUG o.s.j.d.DriverManagerDataSource - Creating new JDBC DriverManager Connection to [jdbc:mysql://mysql.mcscw3.le.ac.uk:3306/mic7]
15:57:37.132 [Test worker] DEBUG o.h.e.j.i.LogicalConnectionImpl - Obtained JDBC connection
15:57:37.132 [Test worker] DEBUG o.h.e.t.i.jdbc.JdbcTransaction - initial autocommit status: true
15:57:37.132 [Test worker] DEBUG o.h.e.t.i.jdbc.JdbcTransaction - disabling autocommit
15:57:37.133 [Test worker] DEBUG o.s.orm.jpa.JpaTransactionManager - Exposing JPA transaction as JDBC transaction [org.springframework.orm.jpa.vendor.HibernateJpaDialect$HibernateConnectionHandle@3ddfca40]
15:57:37.133 [Test worker] DEBUG o.h.jpa.criteria.CriteriaQueryImpl - Rendered criteria query -> select generatedAlias0 from User as generatedAlias0
15:57:37.133 [Test worker] DEBUG org.hibernate.SQL - select user0_.id as id1_4_, user0_.enabled as enabled2_4_, user0_.login as login3_4_, user0_.password as password4_4_, user0_1_.role_id as role_id1_3_ from users user0_ left outer join user_roles user0_1_ on user0_.id=user0_1_.user_id
15:57:37.134 [Test worker] DEBUG o.s.orm.jpa.JpaTransactionManager - Initiating transaction commit
15:57:37.135 [Test worker] DEBUG o.s.orm.jpa.JpaTransactionManager - Committing JPA transaction on EntityManager [org.hibernate.jpa.internal.EntityManagerImpl@5df5e1bf]
15:57:37.135 [Test worker] DEBUG o.h.e.t.spi.AbstractTransactionImpl - committing
15:57:37.135 [Test worker] DEBUG o.h.e.t.i.jdbc.JdbcTransaction - committed JDBC Connection
15:57:37.135 [Test worker] DEBUG o.h.e.t.i.jdbc.JdbcTransaction - re-enabling autocommit
15:57:37.135 [Test worker] DEBUG o.s.orm.jpa.JpaTransactionManager - Closing JPA EntityManager [org.hibernate.jpa.internal.EntityManagerImpl@5df5e1bf] after transaction
15:57:37.135 [Test worker] DEBUG o.s.o.jpa.EntityManagerFactoryUtils - Closing JPA EntityManager
15:57:37.135 [Test worker] DEBUG o.h.e.j.i.LogicalConnectionImpl - Releasing JDBC connection
15:57:37.136 [Test worker] DEBUG o.h.e.j.i.LogicalConnectionImpl - Released JDBC connection
15:57:37.136 [Test worker] DEBUG o.s.orm.jpa.JpaTransactionManager - Creating new transaction with name [org.springframework.data.jpa.repository.support.SimpleJpaRepository.deleteAll]: PROPAGATION_REQUIRED,ISOLATION_DEFAULT; ''
15:57:37.136 [Test worker] DEBUG o.s.orm.jpa.JpaTransactionManager - Opened new EntityManager [org.hibernate.jpa.internal.EntityManagerImpl@51cbd5ee] for JPA transaction
15:57:37.136 [Test worker] DEBUG o.h.e.t.spi.AbstractTransactionImpl - begin
15:57:37.136 [Test worker] DEBUG o.h.e.j.i.LogicalConnectionImpl - Obtaining JDBC connection
15:57:37.136 [Test worker] DEBUG o.s.j.d.DriverManagerDataSource - Creating new JDBC DriverManager Connection to [jdbc:mysql://mysql.mcscw3.le.ac.uk:3306/mic7]
15:57:37.146 [Test worker] DEBUG o.h.e.j.i.LogicalConnectionImpl - Obtained JDBC connection
15:57:37.146 [Test worker] DEBUG o.h.e.t.i.jdbc.JdbcTransaction - initial autocommit status: true
15:57:37.146 [Test worker] DEBUG o.h.e.t.i.jdbc.JdbcTransaction - disabling autocommit
15:57:37.146 [Test worker] DEBUG o.s.orm.jpa.JpaTransactionManager - Exposing JPA transaction as JDBC transaction [org.springframework.orm.jpa.vendor.HibernateJpaDialect$HibernateConnectionHandle@11423733]
15:57:37.146 [Test worker] DEBUG o.h.jpa.criteria.CriteriaQueryImpl - Rendered criteria query -> select generatedAlias0 from Request as generatedAlias0
15:57:37.147 [Test worker] DEBUG org.hibernate.SQL - select request0_.id as id1_0_, request0_.assessment as assessme2_0_, request0_.completion as completi3_0_, request0_.deadline as deadline4_0_, request0_.developer as develope5_0_, request0_.priority as priority6_0_, request0_.problem as problem7_0_, request0_.req_type as req_type8_0_, request0_.solution as solution9_0_, request0_.status as status10_0_, request0_.versionid as version11_0_ from requests request0_
15:57:37.148 [Test worker] DEBUG o.s.orm.jpa.JpaTransactionManager - Initiating transaction commit
15:57:37.148 [Test worker] DEBUG o.s.orm.jpa.JpaTransactionManager - Committing JPA transaction on EntityManager [org.hibernate.jpa.internal.EntityManagerImpl@51cbd5ee]
15:57:37.148 [Test worker] DEBUG o.h.e.t.spi.AbstractTransactionImpl - committing
15:57:37.148 [Test worker] DEBUG o.h.e.t.i.jdbc.JdbcTransaction - committed JDBC Connection
15:57:37.148 [Test worker] DEBUG o.h.e.t.i.jdbc.JdbcTransaction - re-enabling autocommit
15:57:37.149 [Test worker] DEBUG o.s.orm.jpa.JpaTransactionManager - Closing JPA EntityManager [org.hibernate.jpa.internal.EntityManagerImpl@51cbd5ee] after transaction
15:57:37.149 [Test worker] DEBUG o.s.o.jpa.EntityManagerFactoryUtils - Closing JPA EntityManager
15:57:37.149 [Test worker] DEBUG o.h.e.j.i.LogicalConnectionImpl - Releasing JDBC connection
15:57:37.149 [Test worker] DEBUG o.h.e.j.i.LogicalConnectionImpl - Released JDBC connection
15:57:37.149 [Test worker] DEBUG o.s.orm.jpa.JpaTransactionManager - Creating new transaction with name [org.springframework.data.jpa.repository.support.SimpleJpaRepository.deleteAll]: PROPAGATION_REQUIRED,ISOLATION_DEFAULT; ''
15:57:37.149 [Test worker] DEBUG o.s.orm.jpa.JpaTransactionManager - Opened new EntityManager [org.hibernate.jpa.internal.EntityManagerImpl@bc558b] for JPA transaction
15:57:37.149 [Test worker] DEBUG o.h.e.t.spi.AbstractTransactionImpl - begin
15:57:37.150 [Test worker] DEBUG o.h.e.j.i.LogicalConnectionImpl - Obtaining JDBC connection
15:57:37.150 [Test worker] DEBUG o.s.j.d.DriverManagerDataSource - Creating new JDBC DriverManager Connection to [jdbc:mysql://mysql.mcscw3.le.ac.uk:3306/mic7]
15:57:37.159 [Test worker] DEBUG o.h.e.j.i.LogicalConnectionImpl - Obtained JDBC connection
15:57:37.159 [Test worker] DEBUG o.h.e.t.i.jdbc.JdbcTransaction - initial autocommit status: true
15:57:37.159 [Test worker] DEBUG o.h.e.t.i.jdbc.JdbcTransaction - disabling autocommit
15:57:37.160 [Test worker] DEBUG o.s.orm.jpa.JpaTransactionManager - Exposing JPA transaction as JDBC transaction [org.springframework.orm.jpa.vendor.HibernateJpaDialect$HibernateConnectionHandle@368d3340]
15:57:37.160 [Test worker] DEBUG o.h.jpa.criteria.CriteriaQueryImpl - Rendered criteria query -> select generatedAlias0 from Request as generatedAlias0
15:57:37.160 [Test worker] DEBUG org.hibernate.SQL - select request0_.id as id1_0_, request0_.assessment as assessme2_0_, request0_.completion as completi3_0_, request0_.deadline as deadline4_0_, request0_.developer as develope5_0_, request0_.priority as priority6_0_, request0_.problem as problem7_0_, request0_.req_type as req_type8_0_, request0_.solution as solution9_0_, request0_.status as status10_0_, request0_.versionid as version11_0_ from requests request0_
15:57:37.161 [Test worker] DEBUG o.s.orm.jpa.JpaTransactionManager - Initiating transaction commit
15:57:37.161 [Test worker] DEBUG o.s.orm.jpa.JpaTransactionManager - Committing JPA transaction on EntityManager [org.hibernate.jpa.internal.EntityManagerImpl@bc558b]
15:57:37.161 [Test worker] DEBUG o.h.e.t.spi.AbstractTransactionImpl - committing
15:57:37.162 [Test worker] DEBUG o.h.e.t.i.jdbc.JdbcTransaction - committed JDBC Connection
15:57:37.162 [Test worker] DEBUG o.h.e.t.i.jdbc.JdbcTransaction - re-enabling autocommit
15:57:37.162 [Test worker] DEBUG o.s.orm.jpa.JpaTransactionManager - Closing JPA EntityManager [org.hibernate.jpa.internal.EntityManagerImpl@bc558b] after transaction
15:57:37.162 [Test worker] DEBUG o.s.o.jpa.EntityManagerFactoryUtils - Closing JPA EntityManager
15:57:37.162 [Test worker] DEBUG o.h.e.j.i.LogicalConnectionImpl - Releasing JDBC connection
15:57:37.162 [Test worker] DEBUG o.h.e.j.i.LogicalConnectionImpl - Released JDBC connection
15:57:37.163 [Test worker] DEBUG o.s.orm.jpa.JpaTransactionManager - Creating new transaction with name [org.springframework.data.jpa.repository.support.SimpleJpaRepository.deleteAll]: PROPAGATION_REQUIRED,ISOLATION_DEFAULT; ''
15:57:37.163 [Test worker] DEBUG o.s.orm.jpa.JpaTransactionManager - Opened new EntityManager [org.hibernate.jpa.internal.EntityManagerImpl@2095fe2] for JPA transaction
15:57:37.163 [Test worker] DEBUG o.h.e.t.spi.AbstractTransactionImpl - begin
15:57:37.163 [Test worker] DEBUG o.h.e.j.i.LogicalConnectionImpl - Obtaining JDBC connection
15:57:37.163 [Test worker] DEBUG o.s.j.d.DriverManagerDataSource - Creating new JDBC DriverManager Connection to [jdbc:mysql://mysql.mcscw3.le.ac.uk:3306/mic7]
15:57:37.172 [Test worker] DEBUG o.h.e.j.i.LogicalConnectionImpl - Obtained JDBC connection
15:57:37.172 [Test worker] DEBUG o.h.e.t.i.jdbc.JdbcTransaction - initial autocommit status: true
15:57:37.172 [Test worker] DEBUG o.h.e.t.i.jdbc.JdbcTransaction - disabling autocommit
15:57:37.172 [Test worker] DEBUG o.s.orm.jpa.JpaTransactionManager - Exposing JPA transaction as JDBC transaction [org.springframework.orm.jpa.vendor.HibernateJpaDialect$HibernateConnectionHandle@fcd1959]
15:57:37.172 [Test worker] DEBUG o.h.jpa.criteria.CriteriaQueryImpl - Rendered criteria query -> select generatedAlias0 from User as generatedAlias0
15:57:37.173 [Test worker] DEBUG org.hibernate.SQL - select user0_.id as id1_4_, user0_.enabled as enabled2_4_, user0_.login as login3_4_, user0_.password as password4_4_, user0_1_.role_id as role_id1_3_ from users user0_ left outer join user_roles user0_1_ on user0_.id=user0_1_.user_id
15:57:37.174 [Test worker] DEBUG o.s.orm.jpa.JpaTransactionManager - Initiating transaction commit
15:57:37.174 [Test worker] DEBUG o.s.orm.jpa.JpaTransactionManager - Committing JPA transaction on EntityManager [org.hibernate.jpa.internal.EntityManagerImpl@2095fe2]
15:57:37.174 [Test worker] DEBUG o.h.e.t.spi.AbstractTransactionImpl - committing
15:57:37.174 [Test worker] DEBUG o.h.e.t.i.jdbc.JdbcTransaction - committed JDBC Connection
15:57:37.174 [Test worker] DEBUG o.h.e.t.i.jdbc.JdbcTransaction - re-enabling autocommit
15:57:37.175 [Test worker] DEBUG o.s.orm.jpa.JpaTransactionManager - Closing JPA EntityManager [org.hibernate.jpa.internal.EntityManagerImpl@2095fe2] after transaction
15:57:37.175 [Test worker] DEBUG o.s.o.jpa.EntityManagerFactoryUtils - Closing JPA EntityManager
15:57:37.175 [Test worker] DEBUG o.h.e.j.i.LogicalConnectionImpl - Releasing JDBC connection
15:57:37.175 [Test worker] DEBUG o.h.e.j.i.LogicalConnectionImpl - Released JDBC connection
15:57:37.175 [Test worker] DEBUG o.s.orm.jpa.JpaTransactionManager - Creating new transaction with name [org.springframework.data.jpa.repository.support.SimpleJpaRepository.deleteAll]: PROPAGATION_REQUIRED,ISOLATION_DEFAULT; ''
15:57:37.175 [Test worker] DEBUG o.s.orm.jpa.JpaTransactionManager - Opened new EntityManager [org.hibernate.jpa.internal.EntityManagerImpl@1a5d52fd] for JPA transaction
15:57:37.175 [Test worker] DEBUG o.h.e.t.spi.AbstractTransactionImpl - begin
15:57:37.175 [Test worker] DEBUG o.h.e.j.i.LogicalConnectionImpl - Obtaining JDBC connection
15:57:37.175 [Test worker] DEBUG o.s.j.d.DriverManagerDataSource - Creating new JDBC DriverManager Connection to [jdbc:mysql://mysql.mcscw3.le.ac.uk:3306/mic7]
15:57:37.185 [Test worker] DEBUG o.h.e.j.i.LogicalConnectionImpl - Obtained JDBC connection
15:57:37.185 [Test worker] DEBUG o.h.e.t.i.jdbc.JdbcTransaction - initial autocommit status: true
15:57:37.185 [Test worker] DEBUG o.h.e.t.i.jdbc.JdbcTransaction - disabling autocommit
15:57:37.186 [Test worker] DEBUG o.s.orm.jpa.JpaTransactionManager - Exposing JPA transaction as JDBC transaction [org.springframework.orm.jpa.vendor.HibernateJpaDialect$HibernateConnectionHandle@322eb1e3]
15:57:37.186 [Test worker] DEBUG o.h.jpa.criteria.CriteriaQueryImpl - Rendered criteria query -> select generatedAlias0 from Request as generatedAlias0
15:57:37.186 [Test worker] DEBUG org.hibernate.SQL - select request0_.id as id1_0_, request0_.assessment as assessme2_0_, request0_.completion as completi3_0_, request0_.deadline as deadline4_0_, request0_.developer as develope5_0_, request0_.priority as priority6_0_, request0_.problem as problem7_0_, request0_.req_type as req_type8_0_, request0_.solution as solution9_0_, request0_.status as status10_0_, request0_.versionid as version11_0_ from requests request0_
15:57:37.187 [Test worker] DEBUG o.s.orm.jpa.JpaTransactionManager - Initiating transaction commit
15:57:37.187 [Test worker] DEBUG o.s.orm.jpa.JpaTransactionManager - Committing JPA transaction on EntityManager [org.hibernate.jpa.internal.EntityManagerImpl@1a5d52fd]
15:57:37.187 [Test worker] DEBUG o.h.e.t.spi.AbstractTransactionImpl - committing
15:57:37.188 [Test worker] DEBUG o.h.e.t.i.jdbc.JdbcTransaction - committed JDBC Connection
15:57:37.188 [Test worker] DEBUG o.h.e.t.i.jdbc.JdbcTransaction - re-enabling autocommit
15:57:37.188 [Test worker] DEBUG o.s.orm.jpa.JpaTransactionManager - Closing JPA EntityManager [org.hibernate.jpa.internal.EntityManagerImpl@1a5d52fd] after transaction
15:57:37.188 [Test worker] DEBUG o.s.o.jpa.EntityManagerFactoryUtils - Closing JPA EntityManager
15:57:37.188 [Test worker] DEBUG o.h.e.j.i.LogicalConnectionImpl - Releasing JDBC connection
15:57:37.188 [Test worker] DEBUG o.h.e.j.i.LogicalConnectionImpl - Released JDBC connection
15:57:37.189 [Test worker] DEBUG o.s.orm.jpa.JpaTransactionManager - Creating new transaction with name [org.springframework.data.jpa.repository.support.SimpleJpaRepository.deleteAll]: PROPAGATION_REQUIRED,ISOLATION_DEFAULT; ''
15:57:37.189 [Test worker] DEBUG o.s.orm.jpa.JpaTransactionManager - Opened new EntityManager [org.hibernate.jpa.internal.EntityManagerImpl@3c97faf9] for JPA transaction
15:57:37.189 [Test worker] DEBUG o.h.e.t.spi.AbstractTransactionImpl - begin
15:57:37.189 [Test worker] DEBUG o.h.e.j.i.LogicalConnectionImpl - Obtaining JDBC connection
15:57:37.189 [Test worker] DEBUG o.s.j.d.DriverManagerDataSource - Creating new JDBC DriverManager Connection to [jdbc:mysql://mysql.mcscw3.le.ac.uk:3306/mic7]
15:57:37.199 [Test worker] DEBUG o.h.e.j.i.LogicalConnectionImpl - Obtained JDBC connection
15:57:37.199 [Test worker] DEBUG o.h.e.t.i.jdbc.JdbcTransaction - initial autocommit status: true
15:57:37.199 [Test worker] DEBUG o.h.e.t.i.jdbc.JdbcTransaction - disabling autocommit
15:57:37.199 [Test worker] DEBUG o.s.orm.jpa.JpaTransactionManager - Exposing JPA transaction as JDBC transaction [org.springframework.orm.jpa.vendor.HibernateJpaDialect$HibernateConnectionHandle@58ee9798]
15:57:37.199 [Test worker] DEBUG o.h.jpa.criteria.CriteriaQueryImpl - Rendered criteria query -> select generatedAlias0 from User as generatedAlias0
15:57:37.199 [Test worker] DEBUG org.hibernate.SQL - select user0_.id as id1_4_, user0_.enabled as enabled2_4_, user0_.login as login3_4_, user0_.password as password4_4_, user0_1_.role_id as role_id1_3_ from users user0_ left outer join user_roles user0_1_ on user0_.id=user0_1_.user_id
15:57:37.201 [Test worker] DEBUG o.s.orm.jpa.JpaTransactionManager - Initiating transaction commit
15:57:37.201 [Test worker] DEBUG o.s.orm.jpa.JpaTransactionManager - Committing JPA transaction on EntityManager [org.hibernate.jpa.internal.EntityManagerImpl@3c97faf9]
15:57:37.201 [Test worker] DEBUG o.h.e.t.spi.AbstractTransactionImpl - committing
15:57:37.201 [Test worker] DEBUG o.h.e.t.i.jdbc.JdbcTransaction - committed JDBC Connection
15:57:37.201 [Test worker] DEBUG o.h.e.t.i.jdbc.JdbcTransaction - re-enabling autocommit
15:57:37.202 [Test worker] DEBUG o.s.orm.jpa.JpaTransactionManager - Closing JPA EntityManager [org.hibernate.jpa.internal.EntityManagerImpl@3c97faf9] after transaction
15:57:37.202 [Test worker] DEBUG o.s.o.jpa.EntityManagerFactoryUtils - Closing JPA EntityManager
15:57:37.202 [Test worker] DEBUG o.h.e.j.i.LogicalConnectionImpl - Releasing JDBC connection
15:57:37.202 [Test worker] DEBUG o.h.e.j.i.LogicalConnectionImpl - Released JDBC connection
15:57:37.202 [Test worker] DEBUG o.s.orm.jpa.JpaTransactionManager - Creating new transaction with name [org.springframework.data.jpa.repository.support.SimpleJpaRepository.deleteAll]: PROPAGATION_REQUIRED,ISOLATION_DEFAULT; ''
15:57:37.202 [Test worker] DEBUG o.s.orm.jpa.JpaTransactionManager - Opened new EntityManager [org.hibernate.jpa.internal.EntityManagerImpl@14f839c5] for JPA transaction
15:57:37.202 [Test worker] DEBUG o.h.e.t.spi.AbstractTransactionImpl - begin
15:57:37.202 [Test worker] DEBUG o.h.e.j.i.LogicalConnectionImpl - Obtaining JDBC connection
15:57:37.202 [Test worker] DEBUG o.s.j.d.DriverManagerDataSource - Creating new JDBC DriverManager Connection to [jdbc:mysql://mysql.mcscw3.le.ac.uk:3306/mic7]
15:57:37.211 [Test worker] DEBUG o.h.e.j.i.LogicalConnectionImpl - Obtained JDBC connection
15:57:37.212 [Test worker] DEBUG o.h.e.t.i.jdbc.JdbcTransaction - initial autocommit status: true
15:57:37.212 [Test worker] DEBUG o.h.e.t.i.jdbc.JdbcTransaction - disabling autocommit
15:57:37.212 [Test worker] DEBUG o.s.orm.jpa.JpaTransactionManager - Exposing JPA transaction as JDBC transaction [org.springframework.orm.jpa.vendor.HibernateJpaDialect$HibernateConnectionHandle@22295067]
15:57:37.212 [Test worker] DEBUG o.h.jpa.criteria.CriteriaQueryImpl - Rendered criteria query -> select generatedAlias0 from Version as generatedAlias0
15:57:37.212 [Test worker] DEBUG org.hibernate.SQL - select version0_.id as id1_5_, version0_.description as descript2_5_, version0_.sciid as sciid4_5_, version0_.version as version3_5_ from version version0_
15:57:37.213 [Test worker] DEBUG org.hibernate.loader.Loader - Result set row: 0
15:57:37.213 [Test worker] DEBUG org.hibernate.loader.Loader - Result row: EntityKey[webAppProject.domain.Version#5]
15:57:37.213 [Test worker] DEBUG o.h.engine.internal.TwoPhaseLoad - Resolving associations for [webAppProject.domain.Version#5]
15:57:37.214 [Test worker] DEBUG org.hibernate.SQL - select sci0_.id as id1_2_0_, sci0_.name as name2_2_0_ from sci sci0_ where sci0_.id=?
15:57:37.214 [Test worker] DEBUG o.h.l.p.e.p.i.ResultSetProcessorImpl - Starting ResultSet row #0
15:57:37.214 [Test worker] DEBUG o.h.l.p.e.p.i.EntityReferenceInitializerImpl - On call to EntityIdentifierReaderImpl#resolve, EntityKey was already known; should only happen on root returns with an optional identifier specified
15:57:37.214 [Test worker] DEBUG o.h.engine.internal.TwoPhaseLoad - Resolving associations for [webAppProject.domain.SCI#4]
15:57:37.214 [Test worker] DEBUG o.h.engine.internal.TwoPhaseLoad - Done materializing entity [webAppProject.domain.SCI#4]
15:57:37.215 [Test worker] DEBUG o.h.l.e.p.AbstractLoadPlanBasedEntityLoader - Done entity load : webAppProject.domain.SCI#4
15:57:37.215 [Test worker] DEBUG o.h.engine.internal.TwoPhaseLoad - Done materializing entity [webAppProject.domain.Version#5]
15:57:37.215 [Test worker] DEBUG o.s.orm.jpa.JpaTransactionManager - Initiating transaction commit
15:57:37.215 [Test worker] DEBUG o.s.orm.jpa.JpaTransactionManager - Committing JPA transaction on EntityManager [org.hibernate.jpa.internal.EntityManagerImpl@14f839c5]
15:57:37.215 [Test worker] DEBUG o.h.e.t.spi.AbstractTransactionImpl - committing
15:57:37.215 [Test worker] DEBUG o.h.e.i.AbstractFlushingEventListener - Processing flush-time cascades
15:57:37.215 [Test worker] DEBUG o.h.e.i.AbstractFlushingEventListener - Dirty checking collections
15:57:37.215 [Test worker] DEBUG o.h.e.i.AbstractFlushingEventListener - Flushed: 0 insertions, 0 updates, 1 deletions to 2 objects
15:57:37.215 [Test worker] DEBUG o.h.e.i.AbstractFlushingEventListener - Flushed: 0 (re)creations, 0 updates, 0 removals to 0 collections
15:57:37.215 [Test worker] DEBUG o.h.internal.util.EntityPrinter - Listing entities:
15:57:37.216 [Test worker] DEBUG o.h.internal.util.EntityPrinter - webAppProject.domain.SCI{name=SCI_1, id=4}
15:57:37.216 [Test worker] DEBUG o.h.internal.util.EntityPrinter - webAppProject.domain.Version{sci=webAppProject.domain.SCI#4, description=null, id=5, version=version_2}
15:57:37.216 [Test worker] DEBUG org.hibernate.SQL - delete from version where id=?
15:57:37.219 [Test worker] DEBUG o.h.e.t.i.jdbc.JdbcTransaction - committed JDBC Connection
15:57:37.219 [Test worker] DEBUG o.h.e.t.i.jdbc.JdbcTransaction - re-enabling autocommit
15:57:37.219 [Test worker] DEBUG o.s.orm.jpa.JpaTransactionManager - Closing JPA EntityManager [org.hibernate.jpa.internal.EntityManagerImpl@14f839c5] after transaction
15:57:37.219 [Test worker] DEBUG o.s.o.jpa.EntityManagerFactoryUtils - Closing JPA EntityManager
15:57:37.219 [Test worker] DEBUG o.h.e.j.internal.JdbcCoordinatorImpl - HHH000420: Closing un-released batch
15:57:37.219 [Test worker] DEBUG o.h.e.j.i.LogicalConnectionImpl - Releasing JDBC connection
15:57:37.219 [Test worker] DEBUG o.h.e.j.i.LogicalConnectionImpl - Released JDBC connection
15:57:37.220 [Test worker] DEBUG o.s.orm.jpa.JpaTransactionManager - Creating new transaction with name [org.springframework.data.jpa.repository.support.SimpleJpaRepository.deleteAll]: PROPAGATION_REQUIRED,ISOLATION_DEFAULT; ''
15:57:37.220 [Test worker] DEBUG o.s.orm.jpa.JpaTransactionManager - Opened new EntityManager [org.hibernate.jpa.internal.EntityManagerImpl@66107510] for JPA transaction
15:57:37.220 [Test worker] DEBUG o.h.e.t.spi.AbstractTransactionImpl - begin
15:57:37.220 [Test worker] DEBUG o.h.e.j.i.LogicalConnectionImpl - Obtaining JDBC connection
15:57:37.220 [Test worker] DEBUG o.s.j.d.DriverManagerDataSource - Creating new JDBC DriverManager Connection to [jdbc:mysql://mysql.mcscw3.le.ac.uk:3306/mic7]
15:57:37.229 [Test worker] DEBUG o.h.e.j.i.LogicalConnectionImpl - Obtained JDBC connection
15:57:37.229 [Test worker] DEBUG o.h.e.t.i.jdbc.JdbcTransaction - initial autocommit status: true
15:57:37.229 [Test worker] DEBUG o.h.e.t.i.jdbc.JdbcTransaction - disabling autocommit
15:57:37.229 [Test worker] DEBUG o.s.orm.jpa.JpaTransactionManager - Exposing JPA transaction as JDBC transaction [org.springframework.orm.jpa.vendor.HibernateJpaDialect$HibernateConnectionHandle@1300ea79]
15:57:37.229 [Test worker] DEBUG o.h.jpa.criteria.CriteriaQueryImpl - Rendered criteria query -> select generatedAlias0 from SCI as generatedAlias0
15:57:37.230 [Test worker] DEBUG org.hibernate.SQL - select sci0_.id as id1_2_, sci0_.name as name2_2_ from sci sci0_
15:57:37.230 [Test worker] DEBUG org.hibernate.loader.Loader - Result set row: 0
15:57:37.230 [Test worker] DEBUG org.hibernate.loader.Loader - Result row: EntityKey[webAppProject.domain.SCI#4]
15:57:37.230 [Test worker] DEBUG o.h.engine.internal.TwoPhaseLoad - Resolving associations for [webAppProject.domain.SCI#4]
15:57:37.230 [Test worker] DEBUG o.h.engine.internal.TwoPhaseLoad - Done materializing entity [webAppProject.domain.SCI#4]
15:57:37.231 [Test worker] DEBUG o.s.orm.jpa.JpaTransactionManager - Initiating transaction commit
15:57:37.231 [Test worker] DEBUG o.s.orm.jpa.JpaTransactionManager - Committing JPA transaction on EntityManager [org.hibernate.jpa.internal.EntityManagerImpl@66107510]
15:57:37.231 [Test worker] DEBUG o.h.e.t.spi.AbstractTransactionImpl - committing
15:57:37.231 [Test worker] DEBUG o.h.e.i.AbstractFlushingEventListener - Processing flush-time cascades
15:57:37.231 [Test worker] DEBUG o.h.e.i.AbstractFlushingEventListener - Dirty checking collections
15:57:37.231 [Test worker] DEBUG o.h.e.i.AbstractFlushingEventListener - Flushed: 0 insertions, 0 updates, 1 deletions to 1 objects
15:57:37.231 [Test worker] DEBUG o.h.e.i.AbstractFlushingEventListener - Flushed: 0 (re)creations, 0 updates, 0 removals to 0 collections
15:57:37.231 [Test worker] DEBUG o.h.internal.util.EntityPrinter - Listing entities:
15:57:37.231 [Test worker] DEBUG o.h.internal.util.EntityPrinter - webAppProject.domain.SCI{name=SCI_1, id=4}
15:57:37.231 [Test worker] DEBUG org.hibernate.SQL - delete from sci where id=?
15:57:37.235 [Test worker] DEBUG o.h.e.t.i.jdbc.JdbcTransaction - committed JDBC Connection
15:57:37.235 [Test worker] DEBUG o.h.e.t.i.jdbc.JdbcTransaction - re-enabling autocommit
15:57:37.235 [Test worker] DEBUG o.s.orm.jpa.JpaTransactionManager - Closing JPA EntityManager [org.hibernate.jpa.internal.EntityManagerImpl@66107510] after transaction
15:57:37.235 [Test worker] DEBUG o.s.o.jpa.EntityManagerFactoryUtils - Closing JPA EntityManager
15:57:37.235 [Test worker] DEBUG o.h.e.j.internal.JdbcCoordinatorImpl - HHH000420: Closing un-released batch
15:57:37.235 [Test worker] DEBUG o.h.e.j.i.LogicalConnectionImpl - Releasing JDBC connection
15:57:37.235 [Test worker] DEBUG o.h.e.j.i.LogicalConnectionImpl - Released JDBC connection
15:57:37.235 [Test worker] DEBUG o.s.t.c.s.DirtiesContextTestExecutionListener - After test class: context [DefaultTestContext@12ca9b16 testClass = CompleteRequestSteps, testInstance = [null], testMethod = [null], testException = [null], mergedContextConfiguration = [WebMergedContextConfiguration@479449b6 testClass = CompleteRequestSteps, locations = '{}', classes = '{class webAppProject.webAppProjectApplication, class webAppProject.SecurityConfig, class webAppProject.WebConfig}', contextInitializerClasses = '[]', activeProfiles = '{}', propertySourceLocations = '{}', propertySourceProperties = '{}', resourceBasePath = 'src/main/webapp', contextLoader = 'org.springframework.test.context.web.WebDelegatingSmartContextLoader', parent = [null]]], class annotated with @DirtiesContext [false] with mode [null].

  @controller
  Scenario: request a new feature (controller)            ?[90m# RequestChange.feature:33?[0m
    ?[32mGiven ?[0m?[32ma problem description "?[0m?[32m?[1mNew Feature?[0m?[32m"?[0m             ?[90m# RequestChangeSteps.a_problem_description(String)?[0m
    ?[32mAnd ?[0m?[32ma proposed solution "?[0m?[32m?[1mExtension of Module A?[0m?[32m"?[0m       ?[90m# RequestChangeSteps.a_proposed_solution(String)?[0m
    ?[32mWhen ?[0m?[32mI request a new feature?[0m                          ?[90m# RequestChangeSteps.i_request_a_new_feature()?[0m
    ?[32mThen ?[0m?[32mThe system shows a summary of the change request?[0m ?[90m# RequestChangeSteps.the_system_shows_a_summary_of_the_change_request()?[0m

11 Scenarios (?[32m11 passed?[0m)
49 Steps (?[32m49 passed?[0m)
0m2.712s

]]></system-out>
  <system-err><![CDATA[]]></system-err>
</testsuite>
