<?xml version="1.0" encoding="UTF-8"?>
<testsuite name="Scenario: reject a change request" tests="5" skipped="0" failures="0" errors="0" timestamp="2016-04-28T14:57:35" hostname="spc43" time="0.207">
  <properties/>
  <testcase name="Given the pending change request &quot;New Feature&quot; in a list of pending requests" classname="Scenario: reject a change request" time="0.0"/>
  <testcase name="When I reject it with explanation &quot;feature already considered in the new release candidate&quot;" classname="Scenario: reject a change request" time="0.0"/>
  <testcase name="Then the change request &quot;New Feature&quot; is rejected" classname="Scenario: reject a change request" time="0.0"/>
  <testcase name="And removed from the list of pending requests" classname="Scenario: reject a change request" time="0.0"/>
  <testcase name="classMethod" classname="Scenario: reject a change request" time="0.271"/>
  <system-out><![CDATA[15:57:35.319 [Test worker] DEBUG o.s.test.context.BootstrapUtils - Instantiating CacheAwareContextLoaderDelegate from class [org.springframework.test.context.cache.DefaultCacheAwareContextLoaderDelegate]
15:57:35.319 [Test worker] DEBUG o.s.test.context.BootstrapUtils - Instantiating BootstrapContext using constructor [public org.springframework.test.context.support.DefaultBootstrapContext(java.lang.Class,org.springframework.test.context.CacheAwareContextLoaderDelegate)]
15:57:35.319 [Test worker] DEBUG o.s.test.context.BootstrapUtils - Instantiating TestContextBootstrapper for test class [webAppProject.CompleteRequestSteps] from class [org.springframework.test.context.web.WebTestContextBootstrapper]
15:57:35.320 [Test worker] DEBUG o.s.t.c.s.AbstractDelegatingSmartContextLoader - Delegating to AnnotationConfigWebContextLoader to process context configuration [ContextConfigurationAttributes@9eab8f2 declaringClass = 'webAppProject.CompleteRequestSteps', classes = '{class webAppProject.webAppProjectApplication, class webAppProject.SecurityConfig, class webAppProject.WebConfig}', locations = '{}', inheritLocations = true, initializers = '{}', inheritInitializers = true, name = [null], contextLoaderClass = 'org.springframework.test.context.ContextLoader'].
15:57:35.320 [Test worker] DEBUG o.s.t.c.support.ActiveProfilesUtils - Could not find an 'annotation declaring class' for annotation type [org.springframework.test.context.ActiveProfiles] and class [webAppProject.CompleteRequestSteps]
15:57:35.320 [Test worker] DEBUG o.s.t.c.w.WebTestContextBootstrapper - @TestExecutionListeners is not present for class [webAppProject.CompleteRequestSteps]: using defaults.
15:57:35.321 [Test worker] INFO  o.s.t.c.w.WebTestContextBootstrapper - Loaded default TestExecutionListener class names from location [META-INF/spring.factories]: [org.springframework.security.test.context.support.WithSecurityContextTestExecutionListener, org.springframework.test.context.web.ServletTestExecutionListener, org.springframework.test.context.support.DependencyInjectionTestExecutionListener, org.springframework.test.context.support.DirtiesContextTestExecutionListener, org.springframework.test.context.transaction.TransactionalTestExecutionListener, org.springframework.test.context.jdbc.SqlScriptsTestExecutionListener]
15:57:35.321 [Test worker] INFO  o.s.t.c.w.WebTestContextBootstrapper - Using TestExecutionListeners: [org.springframework.test.context.web.ServletTestExecutionListener@1fb47c40, org.springframework.test.context.support.DependencyInjectionTestExecutionListener@72a34b4d, org.springframework.test.context.support.DirtiesContextTestExecutionListener@4ea2f404, org.springframework.test.context.transaction.TransactionalTestExecutionListener@6d61cd75, org.springframework.test.context.jdbc.SqlScriptsTestExecutionListener@510bfae5, org.springframework.security.test.context.support.WithSecurityContextTestExecutionListener@399a3aaa]
15:57:35.321 [Test worker] DEBUG o.s.t.c.c.DefaultCacheAwareContextLoaderDelegate - Retrieved ApplicationContext from cache with key [[WebMergedContextConfiguration@60c1fb49 testClass = CompleteRequestSteps, locations = '{}', classes = '{class webAppProject.webAppProjectApplication, class webAppProject.SecurityConfig, class webAppProject.WebConfig}', contextInitializerClasses = '[]', activeProfiles = '{}', propertySourceLocations = '{}', propertySourceProperties = '{}', resourceBasePath = 'src/main/webapp', contextLoader = 'org.springframework.test.context.web.WebDelegatingSmartContextLoader', parent = [null]]]
15:57:35.321 [Test worker] DEBUG o.springframework.test.context.cache - Spring test ApplicationContext cache statistics: [DefaultContextCache@cd0ded3 size = 1, parentContextCount = 0, hitCount = 4, missCount = 1]
15:57:35.321 [Test worker] INFO  o.s.b.f.s.DefaultListableBeanFactory - Replacing scope 'cucumber-glue' from [cucumber.runtime.java.spring.GlueCodeScope@194f0059] to [cucumber.runtime.java.spring.GlueCodeScope@3288841]
15:57:35.322 [Test worker] DEBUG o.s.t.c.s.DirtiesContextTestExecutionListener - Before test class: context [DefaultTestContext@d7a8613 testClass = CompleteRequestSteps, testInstance = [null], testMethod = [null], testException = [null], mergedContextConfiguration = [WebMergedContextConfiguration@60c1fb49 testClass = CompleteRequestSteps, locations = '{}', classes = '{class webAppProject.webAppProjectApplication, class webAppProject.SecurityConfig, class webAppProject.WebConfig}', contextInitializerClasses = '[]', activeProfiles = '{}', propertySourceLocations = '{}', propertySourceProperties = '{}', resourceBasePath = 'src/main/webapp', contextLoader = 'org.springframework.test.context.web.WebDelegatingSmartContextLoader', parent = [null]]], class annotated with @DirtiesContext [false] with mode [null].
15:57:35.322 [Test worker] DEBUG o.s.t.c.c.DefaultCacheAwareContextLoaderDelegate - Retrieved ApplicationContext from cache with key [[WebMergedContextConfiguration@60c1fb49 testClass = CompleteRequestSteps, locations = '{}', classes = '{class webAppProject.webAppProjectApplication, class webAppProject.SecurityConfig, class webAppProject.WebConfig}', contextInitializerClasses = '[]', activeProfiles = '{}', propertySourceLocations = '{}', propertySourceProperties = '{}', resourceBasePath = 'src/main/webapp', contextLoader = 'org.springframework.test.context.web.WebDelegatingSmartContextLoader', parent = [null]]]
15:57:35.322 [Test worker] DEBUG o.springframework.test.context.cache - Spring test ApplicationContext cache statistics: [DefaultContextCache@cd0ded3 size = 1, parentContextCount = 0, hitCount = 5, missCount = 1]
15:57:35.322 [Test worker] DEBUG o.s.b.f.s.DefaultListableBeanFactory - Creating instance of bean 'webAppProject.CompleteRequestSteps'
15:57:35.322 [Test worker] DEBUG o.s.b.f.annotation.InjectionMetadata - Processing injected element of bean 'webAppProject.CompleteRequestSteps': AutowiredFieldElement for private org.springframework.web.context.WebApplicationContext webAppProject.CompleteRequestSteps.wac
15:57:35.322 [Test worker] DEBUG o.s.b.f.annotation.InjectionMetadata - Processing injected element of bean 'webAppProject.CompleteRequestSteps': AutowiredFieldElement for private webAppProject.persistence.repository.UserRepository webAppProject.CompleteRequestSteps.userRepo
15:57:35.322 [Test worker] DEBUG o.s.b.f.s.DefaultListableBeanFactory - Returning cached instance of singleton bean 'userRepository'
15:57:35.322 [Test worker] DEBUG o.s.b.f.annotation.InjectionMetadata - Processing injected element of bean 'webAppProject.CompleteRequestSteps': AutowiredFieldElement for private webAppProject.persistence.repository.RequestRepository webAppProject.CompleteRequestSteps.reqRepo
15:57:35.322 [Test worker] DEBUG o.s.b.f.s.DefaultListableBeanFactory - Returning cached instance of singleton bean 'requestRepository'
15:57:35.322 [Test worker] DEBUG o.s.b.f.annotation.InjectionMetadata - Processing injected element of bean 'webAppProject.CompleteRequestSteps': AutowiredFieldElement for private javax.servlet.Filter webAppProject.CompleteRequestSteps.springSecurityFilterChain
15:57:35.322 [Test worker] DEBUG o.s.b.f.s.DefaultListableBeanFactory - Returning cached instance of singleton bean 'springSecurityFilterChain'
15:57:35.323 [Test worker] DEBUG o.s.b.f.s.DefaultListableBeanFactory - Finished creating instance of bean 'webAppProject.CompleteRequestSteps'
15:57:35.323 [Test worker] DEBUG o.s.t.w.s.TestDispatcherServlet - Initializing servlet ''
15:57:35.323 [Test worker] DEBUG o.s.w.c.s.StandardServletEnvironment - Adding [servletConfigInitParams] PropertySource with lowest search precedence
15:57:35.323 [Test worker] DEBUG o.s.w.c.s.StandardServletEnvironment - Adding [servletContextInitParams] PropertySource with lowest search precedence
15:57:35.323 [Test worker] DEBUG o.s.w.c.s.StandardServletEnvironment - Adding [systemProperties] PropertySource with lowest search precedence
15:57:35.323 [Test worker] DEBUG o.s.w.c.s.StandardServletEnvironment - Adding [systemEnvironment] PropertySource with lowest search precedence
15:57:35.323 [Test worker] DEBUG o.s.w.c.s.StandardServletEnvironment - Initialized StandardServletEnvironment with PropertySources [servletConfigInitParams,servletContextInitParams,systemProperties,systemEnvironment]
15:57:35.323 [Test worker] INFO  o.s.mock.web.MockServletContext - Initializing Spring FrameworkServlet ''
15:57:35.323 [Test worker] INFO  o.s.t.w.s.TestDispatcherServlet - FrameworkServlet '': initialization started
15:57:35.323 [Test worker] DEBUG o.s.b.f.s.DefaultListableBeanFactory - Returning cached instance of singleton bean 'multipartResolver'
15:57:35.323 [Test worker] DEBUG o.s.t.w.s.TestDispatcherServlet - Using MultipartResolver [org.springframework.web.multipart.support.StandardServletMultipartResolver@661f922d]
15:57:35.323 [Test worker] DEBUG o.s.b.f.s.DefaultListableBeanFactory - Creating instance of bean 'org.springframework.web.servlet.i18n.AcceptHeaderLocaleResolver'
15:57:35.323 [Test worker] DEBUG o.s.b.f.s.DefaultListableBeanFactory - Finished creating instance of bean 'org.springframework.web.servlet.i18n.AcceptHeaderLocaleResolver'
15:57:35.323 [Test worker] DEBUG o.s.t.w.s.TestDispatcherServlet - Unable to locate LocaleResolver with name 'localeResolver': using default [org.springframework.web.servlet.i18n.AcceptHeaderLocaleResolver@655db27c]
15:57:35.323 [Test worker] DEBUG o.s.b.f.s.DefaultListableBeanFactory - Creating instance of bean 'org.springframework.web.servlet.theme.FixedThemeResolver'
15:57:35.324 [Test worker] DEBUG o.s.b.f.s.DefaultListableBeanFactory - Finished creating instance of bean 'org.springframework.web.servlet.theme.FixedThemeResolver'
15:57:35.324 [Test worker] DEBUG o.s.t.w.s.TestDispatcherServlet - Unable to locate ThemeResolver with name 'themeResolver': using default [org.springframework.web.servlet.theme.FixedThemeResolver@aa9062d]
15:57:35.324 [Test worker] DEBUG o.s.b.f.s.DefaultListableBeanFactory - Returning cached instance of singleton bean 'requestMappingHandlerMapping'
15:57:35.324 [Test worker] DEBUG o.s.b.f.s.DefaultListableBeanFactory - Returning cached instance of singleton bean 'viewControllerHandlerMapping'
15:57:35.324 [Test worker] DEBUG o.s.b.f.s.DefaultListableBeanFactory - Returning cached instance of singleton bean 'beanNameHandlerMapping'
15:57:35.324 [Test worker] DEBUG o.s.b.f.s.DefaultListableBeanFactory - Returning cached instance of singleton bean 'resourceHandlerMapping'
15:57:35.324 [Test worker] DEBUG o.s.b.f.s.DefaultListableBeanFactory - Returning cached instance of singleton bean 'defaultServletHandlerMapping'
15:57:35.324 [Test worker] DEBUG o.s.b.f.s.DefaultListableBeanFactory - Returning cached instance of singleton bean 'faviconHandlerMapping'
15:57:35.324 [Test worker] DEBUG o.s.b.f.s.DefaultListableBeanFactory - Returning cached instance of singleton bean 'requestMappingHandlerAdapter'
15:57:35.324 [Test worker] DEBUG o.s.b.f.s.DefaultListableBeanFactory - Returning cached instance of singleton bean 'httpRequestHandlerAdapter'
15:57:35.324 [Test worker] DEBUG o.s.b.f.s.DefaultListableBeanFactory - Returning cached instance of singleton bean 'simpleControllerHandlerAdapter'
15:57:35.325 [Test worker] DEBUG o.s.b.f.s.DefaultListableBeanFactory - Returning cached instance of singleton bean 'errorAttributes'
15:57:35.325 [Test worker] DEBUG o.s.b.f.s.DefaultListableBeanFactory - Returning cached instance of singleton bean 'handlerExceptionResolver'
15:57:35.325 [Test worker] DEBUG o.s.b.f.s.DefaultListableBeanFactory - Creating instance of bean 'org.springframework.web.servlet.view.DefaultRequestToViewNameTranslator'
15:57:35.325 [Test worker] DEBUG o.s.b.f.s.DefaultListableBeanFactory - Finished creating instance of bean 'org.springframework.web.servlet.view.DefaultRequestToViewNameTranslator'
15:57:35.325 [Test worker] DEBUG o.s.t.w.s.TestDispatcherServlet - Unable to locate RequestToViewNameTranslator with name 'viewNameTranslator': using default [org.springframework.web.servlet.view.DefaultRequestToViewNameTranslator@4d84edb9]
15:57:35.325 [Test worker] DEBUG o.s.b.f.s.DefaultListableBeanFactory - Returning cached instance of singleton bean 'viewResolver'
15:57:35.325 [Test worker] DEBUG o.s.b.f.s.DefaultListableBeanFactory - Returning cached instance of singleton bean 'beanNameViewResolver'
15:57:35.325 [Test worker] DEBUG o.s.b.f.s.DefaultListableBeanFactory - Returning cached instance of singleton bean 'mvcViewResolver'
15:57:35.326 [Test worker] DEBUG o.s.b.f.s.DefaultListableBeanFactory - Creating instance of bean 'org.springframework.web.servlet.support.SessionFlashMapManager'
15:57:35.326 [Test worker] DEBUG o.s.b.f.s.DefaultListableBeanFactory - Finished creating instance of bean 'org.springframework.web.servlet.support.SessionFlashMapManager'
15:57:35.326 [Test worker] DEBUG o.s.t.w.s.TestDispatcherServlet - Unable to locate FlashMapManager with name 'flashMapManager': using default [org.springframework.web.servlet.support.SessionFlashMapManager@1497b004]
15:57:35.326 [Test worker] DEBUG o.s.t.w.s.TestDispatcherServlet - Published WebApplicationContext of servlet '' as ServletContext attribute with name [org.springframework.web.servlet.FrameworkServlet.CONTEXT.]
15:57:35.326 [Test worker] INFO  o.s.t.w.s.TestDispatcherServlet - FrameworkServlet '': initialization completed in 3 ms
15:57:35.326 [Test worker] DEBUG o.s.t.w.s.TestDispatcherServlet - Servlet '' configured successfully
15:57:35.326 [Test worker] DEBUG o.s.b.f.s.DefaultListableBeanFactory - Creating instance of bean 'webAppProject.AssessChangeRequestSteps'
15:57:35.326 [Test worker] DEBUG o.s.b.f.annotation.InjectionMetadata - Processing injected element of bean 'webAppProject.AssessChangeRequestSteps': AutowiredFieldElement for private org.springframework.web.context.WebApplicationContext webAppProject.AssessChangeRequestSteps.wac
15:57:35.326 [Test worker] DEBUG o.s.b.f.annotation.InjectionMetadata - Processing injected element of bean 'webAppProject.AssessChangeRequestSteps': AutowiredFieldElement for private webAppProject.persistence.repository.UserRepository webAppProject.AssessChangeRequestSteps.userRepo
15:57:35.326 [Test worker] DEBUG o.s.b.f.s.DefaultListableBeanFactory - Returning cached instance of singleton bean 'userRepository'
15:57:35.326 [Test worker] DEBUG o.s.b.f.annotation.InjectionMetadata - Processing injected element of bean 'webAppProject.AssessChangeRequestSteps': AutowiredFieldElement for private webAppProject.persistence.repository.RequestRepository webAppProject.AssessChangeRequestSteps.reqRepo
15:57:35.326 [Test worker] DEBUG o.s.b.f.s.DefaultListableBeanFactory - Returning cached instance of singleton bean 'requestRepository'
15:57:35.326 [Test worker] DEBUG o.s.b.f.annotation.InjectionMetadata - Processing injected element of bean 'webAppProject.AssessChangeRequestSteps': AutowiredFieldElement for private javax.servlet.Filter webAppProject.AssessChangeRequestSteps.springSecurityFilterChain
15:57:35.326 [Test worker] DEBUG o.s.b.f.s.DefaultListableBeanFactory - Returning cached instance of singleton bean 'springSecurityFilterChain'
15:57:35.327 [Test worker] DEBUG o.s.b.f.s.DefaultListableBeanFactory - Finished creating instance of bean 'webAppProject.AssessChangeRequestSteps'
15:57:35.327 [Test worker] DEBUG o.s.t.w.s.TestDispatcherServlet - Initializing servlet ''
15:57:35.327 [Test worker] DEBUG o.s.w.c.s.StandardServletEnvironment - Adding [servletConfigInitParams] PropertySource with lowest search precedence
15:57:35.327 [Test worker] DEBUG o.s.w.c.s.StandardServletEnvironment - Adding [servletContextInitParams] PropertySource with lowest search precedence
15:57:35.327 [Test worker] DEBUG o.s.w.c.s.StandardServletEnvironment - Adding [systemProperties] PropertySource with lowest search precedence
15:57:35.327 [Test worker] DEBUG o.s.w.c.s.StandardServletEnvironment - Adding [systemEnvironment] PropertySource with lowest search precedence
15:57:35.327 [Test worker] DEBUG o.s.w.c.s.StandardServletEnvironment - Initialized StandardServletEnvironment with PropertySources [servletConfigInitParams,servletContextInitParams,systemProperties,systemEnvironment]
15:57:35.327 [Test worker] INFO  o.s.mock.web.MockServletContext - Initializing Spring FrameworkServlet ''
15:57:35.327 [Test worker] INFO  o.s.t.w.s.TestDispatcherServlet - FrameworkServlet '': initialization started
15:57:35.327 [Test worker] DEBUG o.s.b.f.s.DefaultListableBeanFactory - Returning cached instance of singleton bean 'multipartResolver'
15:57:35.327 [Test worker] DEBUG o.s.t.w.s.TestDispatcherServlet - Using MultipartResolver [org.springframework.web.multipart.support.StandardServletMultipartResolver@661f922d]
15:57:35.327 [Test worker] DEBUG o.s.b.f.s.DefaultListableBeanFactory - Creating instance of bean 'org.springframework.web.servlet.i18n.AcceptHeaderLocaleResolver'
15:57:35.327 [Test worker] DEBUG o.s.b.f.s.DefaultListableBeanFactory - Finished creating instance of bean 'org.springframework.web.servlet.i18n.AcceptHeaderLocaleResolver'
15:57:35.327 [Test worker] DEBUG o.s.t.w.s.TestDispatcherServlet - Unable to locate LocaleResolver with name 'localeResolver': using default [org.springframework.web.servlet.i18n.AcceptHeaderLocaleResolver@1c512eb8]
15:57:35.328 [Test worker] DEBUG o.s.b.f.s.DefaultListableBeanFactory - Creating instance of bean 'org.springframework.web.servlet.theme.FixedThemeResolver'
15:57:35.328 [Test worker] DEBUG o.s.b.f.s.DefaultListableBeanFactory - Finished creating instance of bean 'org.springframework.web.servlet.theme.FixedThemeResolver'
15:57:35.328 [Test worker] DEBUG o.s.t.w.s.TestDispatcherServlet - Unable to locate ThemeResolver with name 'themeResolver': using default [org.springframework.web.servlet.theme.FixedThemeResolver@5e8bdb71]
15:57:35.328 [Test worker] DEBUG o.s.b.f.s.DefaultListableBeanFactory - Returning cached instance of singleton bean 'requestMappingHandlerMapping'
15:57:35.328 [Test worker] DEBUG o.s.b.f.s.DefaultListableBeanFactory - Returning cached instance of singleton bean 'viewControllerHandlerMapping'
15:57:35.328 [Test worker] DEBUG o.s.b.f.s.DefaultListableBeanFactory - Returning cached instance of singleton bean 'beanNameHandlerMapping'
15:57:35.328 [Test worker] DEBUG o.s.b.f.s.DefaultListableBeanFactory - Returning cached instance of singleton bean 'resourceHandlerMapping'
15:57:35.328 [Test worker] DEBUG o.s.b.f.s.DefaultListableBeanFactory - Returning cached instance of singleton bean 'defaultServletHandlerMapping'
15:57:35.328 [Test worker] DEBUG o.s.b.f.s.DefaultListableBeanFactory - Returning cached instance of singleton bean 'faviconHandlerMapping'
15:57:35.329 [Test worker] DEBUG o.s.b.f.s.DefaultListableBeanFactory - Returning cached instance of singleton bean 'requestMappingHandlerAdapter'
15:57:35.329 [Test worker] DEBUG o.s.b.f.s.DefaultListableBeanFactory - Returning cached instance of singleton bean 'httpRequestHandlerAdapter'
15:57:35.329 [Test worker] DEBUG o.s.b.f.s.DefaultListableBeanFactory - Returning cached instance of singleton bean 'simpleControllerHandlerAdapter'
15:57:35.329 [Test worker] DEBUG o.s.b.f.s.DefaultListableBeanFactory - Returning cached instance of singleton bean 'errorAttributes'
15:57:35.329 [Test worker] DEBUG o.s.b.f.s.DefaultListableBeanFactory - Returning cached instance of singleton bean 'handlerExceptionResolver'
15:57:35.329 [Test worker] DEBUG o.s.b.f.s.DefaultListableBeanFactory - Creating instance of bean 'org.springframework.web.servlet.view.DefaultRequestToViewNameTranslator'
15:57:35.330 [Test worker] DEBUG o.s.b.f.s.DefaultListableBeanFactory - Finished creating instance of bean 'org.springframework.web.servlet.view.DefaultRequestToViewNameTranslator'
15:57:35.330 [Test worker] DEBUG o.s.t.w.s.TestDispatcherServlet - Unable to locate RequestToViewNameTranslator with name 'viewNameTranslator': using default [org.springframework.web.servlet.view.DefaultRequestToViewNameTranslator@34081c3c]
15:57:35.330 [Test worker] DEBUG o.s.b.f.s.DefaultListableBeanFactory - Returning cached instance of singleton bean 'viewResolver'
15:57:35.330 [Test worker] DEBUG o.s.b.f.s.DefaultListableBeanFactory - Returning cached instance of singleton bean 'beanNameViewResolver'
15:57:35.330 [Test worker] DEBUG o.s.b.f.s.DefaultListableBeanFactory - Returning cached instance of singleton bean 'mvcViewResolver'
15:57:35.330 [Test worker] DEBUG o.s.b.f.s.DefaultListableBeanFactory - Creating instance of bean 'org.springframework.web.servlet.support.SessionFlashMapManager'
15:57:35.330 [Test worker] DEBUG o.s.b.f.s.DefaultListableBeanFactory - Finished creating instance of bean 'org.springframework.web.servlet.support.SessionFlashMapManager'
15:57:35.330 [Test worker] DEBUG o.s.t.w.s.TestDispatcherServlet - Unable to locate FlashMapManager with name 'flashMapManager': using default [org.springframework.web.servlet.support.SessionFlashMapManager@1db69d29]
15:57:35.330 [Test worker] DEBUG o.s.t.w.s.TestDispatcherServlet - Published WebApplicationContext of servlet '' as ServletContext attribute with name [org.springframework.web.servlet.FrameworkServlet.CONTEXT.]
15:57:35.331 [Test worker] INFO  o.s.t.w.s.TestDispatcherServlet - FrameworkServlet '': initialization completed in 3 ms
15:57:35.331 [Test worker] DEBUG o.s.t.w.s.TestDispatcherServlet - Servlet '' configured successfully
15:57:35.331 [Test worker] DEBUG o.s.b.f.s.DefaultListableBeanFactory - Creating instance of bean 'webAppProject.RequestChangeSteps'
15:57:35.331 [Test worker] DEBUG o.s.b.f.annotation.InjectionMetadata - Processing injected element of bean 'webAppProject.RequestChangeSteps': AutowiredFieldElement for private org.springframework.web.context.WebApplicationContext webAppProject.RequestChangeSteps.wac
15:57:35.331 [Test worker] DEBUG o.s.b.f.annotation.InjectionMetadata - Processing injected element of bean 'webAppProject.RequestChangeSteps': AutowiredFieldElement for private webAppProject.persistence.repository.UserRepository webAppProject.RequestChangeSteps.userRepo
15:57:35.331 [Test worker] DEBUG o.s.b.f.s.DefaultListableBeanFactory - Returning cached instance of singleton bean 'userRepository'
15:57:35.331 [Test worker] DEBUG o.s.b.f.annotation.InjectionMetadata - Processing injected element of bean 'webAppProject.RequestChangeSteps': AutowiredFieldElement for private webAppProject.persistence.repository.RequestRepository webAppProject.RequestChangeSteps.reqRepo
15:57:35.331 [Test worker] DEBUG o.s.b.f.s.DefaultListableBeanFactory - Returning cached instance of singleton bean 'requestRepository'
15:57:35.331 [Test worker] DEBUG o.s.b.f.annotation.InjectionMetadata - Processing injected element of bean 'webAppProject.RequestChangeSteps': AutowiredFieldElement for private webAppProject.persistence.repository.VersionRepository webAppProject.RequestChangeSteps.versRepo
15:57:35.331 [Test worker] DEBUG o.s.b.f.s.DefaultListableBeanFactory - Returning cached instance of singleton bean 'versionRepository'
15:57:35.331 [Test worker] DEBUG o.s.b.f.annotation.InjectionMetadata - Processing injected element of bean 'webAppProject.RequestChangeSteps': AutowiredFieldElement for private webAppProject.persistence.repository.SCIRepository webAppProject.RequestChangeSteps.sciRepo
15:57:35.331 [Test worker] DEBUG o.s.b.f.s.DefaultListableBeanFactory - Returning cached instance of singleton bean 'SCIRepository'
15:57:35.331 [Test worker] DEBUG o.s.b.f.annotation.InjectionMetadata - Processing injected element of bean 'webAppProject.RequestChangeSteps': AutowiredFieldElement for private javax.servlet.Filter webAppProject.RequestChangeSteps.springSecurityFilterChain
15:57:35.332 [Test worker] DEBUG o.s.b.f.s.DefaultListableBeanFactory - Returning cached instance of singleton bean 'springSecurityFilterChain'
15:57:35.332 [Test worker] DEBUG o.s.b.f.s.DefaultListableBeanFactory - Finished creating instance of bean 'webAppProject.RequestChangeSteps'
15:57:35.332 [Test worker] DEBUG o.s.t.w.s.TestDispatcherServlet - Initializing servlet ''
15:57:35.332 [Test worker] DEBUG o.s.w.c.s.StandardServletEnvironment - Adding [servletConfigInitParams] PropertySource with lowest search precedence
15:57:35.332 [Test worker] DEBUG o.s.w.c.s.StandardServletEnvironment - Adding [servletContextInitParams] PropertySource with lowest search precedence
15:57:35.332 [Test worker] DEBUG o.s.w.c.s.StandardServletEnvironment - Adding [systemProperties] PropertySource with lowest search precedence
15:57:35.332 [Test worker] DEBUG o.s.w.c.s.StandardServletEnvironment - Adding [systemEnvironment] PropertySource with lowest search precedence
15:57:35.332 [Test worker] DEBUG o.s.w.c.s.StandardServletEnvironment - Initialized StandardServletEnvironment with PropertySources [servletConfigInitParams,servletContextInitParams,systemProperties,systemEnvironment]
15:57:35.332 [Test worker] INFO  o.s.mock.web.MockServletContext - Initializing Spring FrameworkServlet ''
15:57:35.332 [Test worker] INFO  o.s.t.w.s.TestDispatcherServlet - FrameworkServlet '': initialization started
15:57:35.332 [Test worker] DEBUG o.s.b.f.s.DefaultListableBeanFactory - Returning cached instance of singleton bean 'multipartResolver'
15:57:35.332 [Test worker] DEBUG o.s.t.w.s.TestDispatcherServlet - Using MultipartResolver [org.springframework.web.multipart.support.StandardServletMultipartResolver@661f922d]
15:57:35.332 [Test worker] DEBUG o.s.b.f.s.DefaultListableBeanFactory - Creating instance of bean 'org.springframework.web.servlet.i18n.AcceptHeaderLocaleResolver'
15:57:35.333 [Test worker] DEBUG o.s.b.f.s.DefaultListableBeanFactory - Finished creating instance of bean 'org.springframework.web.servlet.i18n.AcceptHeaderLocaleResolver'
15:57:35.333 [Test worker] DEBUG o.s.t.w.s.TestDispatcherServlet - Unable to locate LocaleResolver with name 'localeResolver': using default [org.springframework.web.servlet.i18n.AcceptHeaderLocaleResolver@85746eb]
15:57:35.333 [Test worker] DEBUG o.s.b.f.s.DefaultListableBeanFactory - Creating instance of bean 'org.springframework.web.servlet.theme.FixedThemeResolver'
15:57:35.333 [Test worker] DEBUG o.s.b.f.s.DefaultListableBeanFactory - Finished creating instance of bean 'org.springframework.web.servlet.theme.FixedThemeResolver'
15:57:35.333 [Test worker] DEBUG o.s.t.w.s.TestDispatcherServlet - Unable to locate ThemeResolver with name 'themeResolver': using default [org.springframework.web.servlet.theme.FixedThemeResolver@7cca5221]
15:57:35.333 [Test worker] DEBUG o.s.b.f.s.DefaultListableBeanFactory - Returning cached instance of singleton bean 'requestMappingHandlerMapping'
15:57:35.333 [Test worker] DEBUG o.s.b.f.s.DefaultListableBeanFactory - Returning cached instance of singleton bean 'viewControllerHandlerMapping'
15:57:35.333 [Test worker] DEBUG o.s.b.f.s.DefaultListableBeanFactory - Returning cached instance of singleton bean 'beanNameHandlerMapping'
15:57:35.333 [Test worker] DEBUG o.s.b.f.s.DefaultListableBeanFactory - Returning cached instance of singleton bean 'resourceHandlerMapping'
15:57:35.333 [Test worker] DEBUG o.s.b.f.s.DefaultListableBeanFactory - Returning cached instance of singleton bean 'defaultServletHandlerMapping'
15:57:35.333 [Test worker] DEBUG o.s.b.f.s.DefaultListableBeanFactory - Returning cached instance of singleton bean 'faviconHandlerMapping'
15:57:35.334 [Test worker] DEBUG o.s.b.f.s.DefaultListableBeanFactory - Returning cached instance of singleton bean 'requestMappingHandlerAdapter'
15:57:35.334 [Test worker] DEBUG o.s.b.f.s.DefaultListableBeanFactory - Returning cached instance of singleton bean 'httpRequestHandlerAdapter'
15:57:35.334 [Test worker] DEBUG o.s.b.f.s.DefaultListableBeanFactory - Returning cached instance of singleton bean 'simpleControllerHandlerAdapter'
15:57:35.334 [Test worker] DEBUG o.s.b.f.s.DefaultListableBeanFactory - Returning cached instance of singleton bean 'errorAttributes'
15:57:35.334 [Test worker] DEBUG o.s.b.f.s.DefaultListableBeanFactory - Returning cached instance of singleton bean 'handlerExceptionResolver'
15:57:35.334 [Test worker] DEBUG o.s.b.f.s.DefaultListableBeanFactory - Creating instance of bean 'org.springframework.web.servlet.view.DefaultRequestToViewNameTranslator'
15:57:35.334 [Test worker] DEBUG o.s.b.f.s.DefaultListableBeanFactory - Finished creating instance of bean 'org.springframework.web.servlet.view.DefaultRequestToViewNameTranslator'
15:57:35.334 [Test worker] DEBUG o.s.t.w.s.TestDispatcherServlet - Unable to locate RequestToViewNameTranslator with name 'viewNameTranslator': using default [org.springframework.web.servlet.view.DefaultRequestToViewNameTranslator@55bcd744]
15:57:35.335 [Test worker] DEBUG o.s.b.f.s.DefaultListableBeanFactory - Returning cached instance of singleton bean 'viewResolver'
15:57:35.335 [Test worker] DEBUG o.s.b.f.s.DefaultListableBeanFactory - Returning cached instance of singleton bean 'beanNameViewResolver'
15:57:35.335 [Test worker] DEBUG o.s.b.f.s.DefaultListableBeanFactory - Returning cached instance of singleton bean 'mvcViewResolver'
15:57:35.335 [Test worker] DEBUG o.s.b.f.s.DefaultListableBeanFactory - Creating instance of bean 'org.springframework.web.servlet.support.SessionFlashMapManager'
15:57:35.335 [Test worker] DEBUG o.s.b.f.s.DefaultListableBeanFactory - Finished creating instance of bean 'org.springframework.web.servlet.support.SessionFlashMapManager'
15:57:35.335 [Test worker] DEBUG o.s.t.w.s.TestDispatcherServlet - Unable to locate FlashMapManager with name 'flashMapManager': using default [org.springframework.web.servlet.support.SessionFlashMapManager@67aff036]
15:57:35.335 [Test worker] DEBUG o.s.t.w.s.TestDispatcherServlet - Published WebApplicationContext of servlet '' as ServletContext attribute with name [org.springframework.web.servlet.FrameworkServlet.CONTEXT.]
15:57:35.335 [Test worker] INFO  o.s.t.w.s.TestDispatcherServlet - FrameworkServlet '': initialization completed in 3 ms
15:57:35.335 [Test worker] DEBUG o.s.t.w.s.TestDispatcherServlet - Servlet '' configured successfully

  @controller
  Scenario: accept a change request (controller)                                       ?[90m# AssessChangeRequest.feature:14?[0m
    ?[32mGiven ?[0m?[32mthe pending change request "?[0m?[32m?[1mFault?[0m?[32m" in a list of pending requests?[0m             ?[90m# AssessChangeRequestSteps.the_pending_change_request_in_a_list_of_pending_requests(String)?[0m
    ?[32mWhen ?[0m?[32mI accept it with priority "?[0m?[32m?[1mhigh?[0m?[32m" for developer "?[0m?[32m?[1mA?[0m?[32m" with deadline "?[0m?[32m?[1m17-11-2015?[0m?[32m"?[0m ?[90m# AssessChangeRequestSteps.i_accept_it_with_priority_for_developer_with_deadline(String,String,String)?[0m
    ?[32mThen ?[0m?[32mI should see the next pending request (if any)?[0m                                ?[90m# AssessChangeRequestSteps.i_should_see_the_next_pending_request_if_any()?[0m
15:57:35.337 [Test worker] DEBUG o.s.o.j.SharedEntityManagerCreator$SharedEntityManagerInvocationHandler - Creating new EntityManager for shared EntityManager invocation
15:57:35.337 [Test worker] DEBUG o.h.jpa.criteria.CriteriaQueryImpl - Rendered criteria query -> select generatedAlias0 from Request as generatedAlias0 where generatedAlias0.status=:param0
15:57:35.337 [Test worker] DEBUG org.hibernate.SQL - select request0_.id as id1_0_, request0_.assessment as assessme2_0_, request0_.completion as completi3_0_, request0_.deadline as deadline4_0_, request0_.developer as develope5_0_, request0_.priority as priority6_0_, request0_.problem as problem7_0_, request0_.req_type as req_type8_0_, request0_.solution as solution9_0_, request0_.status as status10_0_, request0_.versionid as version11_0_ from requests request0_ where request0_.status=?
15:57:35.337 [Test worker] DEBUG o.h.e.j.i.LogicalConnectionImpl - Obtaining JDBC connection
15:57:35.338 [Test worker] DEBUG o.s.j.d.DriverManagerDataSource - Creating new JDBC DriverManager Connection to [jdbc:mysql://mysql.mcscw3.le.ac.uk:3306/mic7]
15:57:35.349 [Test worker] DEBUG o.h.e.j.i.LogicalConnectionImpl - Obtained JDBC connection
15:57:35.351 [Test worker] DEBUG o.s.o.jpa.EntityManagerFactoryUtils - Closing JPA EntityManager
15:57:35.351 [Test worker] DEBUG o.h.e.j.i.LogicalConnectionImpl - Releasing JDBC connection
15:57:35.351 [Test worker] DEBUG o.h.e.j.i.LogicalConnectionImpl - Released JDBC connection
15:57:35.351 [Test worker] DEBUG o.s.orm.jpa.JpaTransactionManager - Creating new transaction with name [org.springframework.data.jpa.repository.support.SimpleJpaRepository.save]: PROPAGATION_REQUIRED,ISOLATION_DEFAULT; ''
15:57:35.351 [Test worker] DEBUG o.s.orm.jpa.JpaTransactionManager - Opened new EntityManager [org.hibernate.jpa.internal.EntityManagerImpl@719b5e00] for JPA transaction
15:57:35.351 [Test worker] DEBUG o.h.e.t.spi.AbstractTransactionImpl - begin
15:57:35.351 [Test worker] DEBUG o.h.e.j.i.LogicalConnectionImpl - Obtaining JDBC connection
15:57:35.351 [Test worker] DEBUG o.s.j.d.DriverManagerDataSource - Creating new JDBC DriverManager Connection to [jdbc:mysql://mysql.mcscw3.le.ac.uk:3306/mic7]
15:57:35.362 [Test worker] DEBUG o.h.e.j.i.LogicalConnectionImpl - Obtained JDBC connection
15:57:35.362 [Test worker] DEBUG o.h.e.t.i.jdbc.JdbcTransaction - initial autocommit status: true
15:57:35.362 [Test worker] DEBUG o.h.e.t.i.jdbc.JdbcTransaction - disabling autocommit
15:57:35.362 [Test worker] DEBUG o.s.orm.jpa.JpaTransactionManager - Exposing JPA transaction as JDBC transaction [org.springframework.orm.jpa.vendor.HibernateJpaDialect$HibernateConnectionHandle@1854ca37]
15:57:35.363 [Test worker] DEBUG org.hibernate.engine.spi.ActionQueue - Executing identity-insert immediately
15:57:35.363 [Test worker] DEBUG org.hibernate.SQL - insert into requests (assessment, completion, deadline, developer, priority, problem, req_type, solution, status, versionid) values (?, ?, ?, ?, ?, ?, ?, ?, ?, ?)
15:57:35.364 [Test worker] DEBUG o.h.id.IdentifierGeneratorHelper - Natively generated identity: 3
15:57:35.365 [Test worker] DEBUG o.s.orm.jpa.JpaTransactionManager - Initiating transaction commit
15:57:35.365 [Test worker] DEBUG o.s.orm.jpa.JpaTransactionManager - Committing JPA transaction on EntityManager [org.hibernate.jpa.internal.EntityManagerImpl@719b5e00]
15:57:35.365 [Test worker] DEBUG o.h.e.t.spi.AbstractTransactionImpl - committing
15:57:35.365 [Test worker] DEBUG o.h.e.i.AbstractFlushingEventListener - Processing flush-time cascades
15:57:35.365 [Test worker] DEBUG o.h.e.i.AbstractFlushingEventListener - Dirty checking collections
15:57:35.365 [Test worker] DEBUG o.h.e.i.AbstractFlushingEventListener - Flushed: 0 insertions, 0 updates, 0 deletions to 1 objects
15:57:35.365 [Test worker] DEBUG o.h.e.i.AbstractFlushingEventListener - Flushed: 0 (re)creations, 0 updates, 0 removals to 0 collections
15:57:35.365 [Test worker] DEBUG o.h.internal.util.EntityPrinter - Listing entities:
15:57:35.365 [Test worker] DEBUG o.h.internal.util.EntityPrinter - webAppProject.domain.Request{assessment=null, completion=null, problem=New Feature, solution=solution, reqType=New Feature, developer=null, id=3, deadline=null, priority=null, version=null, status=pending}
15:57:35.368 [Test worker] DEBUG o.h.e.t.i.jdbc.JdbcTransaction - committed JDBC Connection
15:57:35.368 [Test worker] DEBUG o.h.e.t.i.jdbc.JdbcTransaction - re-enabling autocommit
15:57:35.369 [Test worker] DEBUG o.s.orm.jpa.JpaTransactionManager - Closing JPA EntityManager [org.hibernate.jpa.internal.EntityManagerImpl@719b5e00] after transaction
15:57:35.369 [Test worker] DEBUG o.s.o.jpa.EntityManagerFactoryUtils - Closing JPA EntityManager
15:57:35.369 [Test worker] DEBUG o.h.e.j.i.LogicalConnectionImpl - Releasing JDBC connection
15:57:35.369 [Test worker] DEBUG o.h.e.j.i.LogicalConnectionImpl - Released JDBC connection
15:57:35.369 [Test worker] DEBUG o.s.o.j.SharedEntityManagerCreator$SharedEntityManagerInvocationHandler - Creating new EntityManager for shared EntityManager invocation
15:57:35.369 [Test worker] DEBUG o.h.jpa.criteria.CriteriaQueryImpl - Rendered criteria query -> select generatedAlias0 from Request as generatedAlias0 where generatedAlias0.status=:param0
15:57:35.370 [Test worker] DEBUG org.hibernate.SQL - select request0_.id as id1_0_, request0_.assessment as assessme2_0_, request0_.completion as completi3_0_, request0_.deadline as deadline4_0_, request0_.developer as develope5_0_, request0_.priority as priority6_0_, request0_.problem as problem7_0_, request0_.req_type as req_type8_0_, request0_.solution as solution9_0_, request0_.status as status10_0_, request0_.versionid as version11_0_ from requests request0_ where request0_.status=?
15:57:35.370 [Test worker] DEBUG o.h.e.j.i.LogicalConnectionImpl - Obtaining JDBC connection
15:57:35.370 [Test worker] DEBUG o.s.j.d.DriverManagerDataSource - Creating new JDBC DriverManager Connection to [jdbc:mysql://mysql.mcscw3.le.ac.uk:3306/mic7]
15:57:35.380 [Test worker] DEBUG o.h.e.j.i.LogicalConnectionImpl - Obtained JDBC connection
15:57:35.381 [Test worker] DEBUG org.hibernate.loader.Loader - Result set row: 0
15:57:35.382 [Test worker] DEBUG org.hibernate.loader.Loader - Result row: EntityKey[webAppProject.domain.Request#3]
15:57:35.382 [Test worker] DEBUG o.h.engine.internal.TwoPhaseLoad - Resolving associations for [webAppProject.domain.Request#3]
15:57:35.382 [Test worker] DEBUG o.h.engine.internal.TwoPhaseLoad - Done materializing entity [webAppProject.domain.Request#3]
15:57:35.383 [Test worker] DEBUG o.s.o.jpa.EntityManagerFactoryUtils - Closing JPA EntityManager
15:57:35.383 [Test worker] DEBUG o.h.e.j.i.LogicalConnectionImpl - Releasing JDBC connection
15:57:35.383 [Test worker] DEBUG o.h.e.j.i.LogicalConnectionImpl - Released JDBC connection
]]></system-out>
  <system-err><![CDATA[]]></system-err>
</testsuite>
